Result_102_0_0: 
6.414062e+00 9.343750e+00 -4.265625e+00 -1.906250e+00 1.322266e+00 2.578125e-01 -5.000000e+00 -1.406250e+00 9.156250e+00 3.658203e+00  .. (size = 8192, ends with -7.878906e+00);
Result_102_0_0: 
6.414062e+00 9.343750e+00 -4.265625e+00 -1.906250e+00 1.322266e+00 2.578125e-01 -5.000000e+00 -1.406250e+00 9.156250e+00 3.658203e+00  .. (size = 8192, ends with -7.878906e+00);
Result_102_0_0: 
6.414062e+00 9.343750e+00 -4.265625e+00 -1.906250e+00 1.322266e+00 2.578125e-01 -5.000000e+00 -1.406250e+00 9.156250e+00 3.658203e+00  .. (size = 8192, ends with -7.878906e+00);
Result_102_0_0: 
6.414062e+00 9.343750e+00 -4.265625e+00 -1.906250e+00 1.322266e+00 2.578125e-01 -5.000000e+00 -1.406250e+00 9.156250e+00 3.658203e+00  .. (size = 8192, ends with -7.878906e+00);
Result_102_0_0: 
6.414062e+00 9.343750e+00 -4.265625e+00 -1.906250e+00 1.322266e+00 2.578125e-01 -5.000000e+00 -1.406250e+00 9.156250e+00 3.658203e+00  .. (size = 8192, ends with -7.878906e+00);
Iteration time 1.887872 ms
Iteration time 1.869824 ms
Iteration time 1.885184 ms
Iteration time 1.878016 ms
Iteration time 1.888256 ms
Iteration time 1.873920 ms
Iteration time 1.878016 ms
Iteration time 1.876992 ms
Iteration time 1.870848 ms
Iteration time 1.876992 ms
Summary: [min, max, mean] = [1.869824, 1.888256, 1.878592] ms
