{<Node, ladder_matmul>: {'block': [8, 2, 16, 16], 'warp': [4, 1, 16, 16], 'wmma': [16, 16, 32], 'use_cutlass': False, 'rstep': [64, 1], 'block_order': <NoRasterization>, 'use_tc': '80', 'strides': {2: <Stride, 2, 16>}}}
0.2758656144142151
{<Node, ladder_matmul>: {'block': [8, 4, 16, 16], 'warp': [4, 2, 16, 16], 'wmma': [16, 16, 32], 'use_cutlass': False, 'rstep': [64, 1], 'block_order': <NoRasterization>, 'use_tc': '80', 'strides': {2: <Stride, 2, 16>}}}
0.21688321232795715
{<Node, ladder_matmul>: {'block': [4, 2, 16, 16], 'warp': [2, 1, 16, 16], 'wmma': [16, 16, 32], 'use_cutlass': False, 'rstep': [64, 1], 'block_order': <NoRasterization>, 'use_tc': '80', 'strides': {2: <Stride, 2, 16>}}}
0.3389440178871155
{<Node, ladder_matmul>: {'block': [8, 1, 16, 16], 'warp': [2, 1, 16, 16], 'wmma': [16, 16, 32], 'use_cutlass': False, 'rstep': [64, 1], 'block_order': <NoRasterization>, 'use_tc': '80', 'strides': {2: <Stride, 2, 16>}}}
0.470630407333374
{<Node, ladder_matmul>: {'block': [4, 4, 16, 16], 'warp': [2, 2, 16, 16], 'wmma': [16, 16, 32], 'use_cutlass': False, 'rstep': [64, 1], 'block_order': <NoRasterization>, 'use_tc': '80', 'strides': {2: <Stride, 2, 16>}}}
0.2544640004634857
{<Node, ladder_matmul>: {'block': [16, 4, 16, 16], 'warp': [8, 2, 16, 16], 'wmma': [16, 16, 32], 'use_cutlass': False, 'rstep': [64, 1], 'block_order': <NoRasterization>, 'use_tc': '80', 'strides': {2: <Stride, 2, 16>}}}
100000000.0
{<Node, ladder_matmul>: {'block': [4, 8, 16, 16], 'warp': [2, 4, 16, 16], 'wmma': [16, 16, 32], 'use_cutlass': False, 'rstep': [64, 1], 'block_order': <NoRasterization>, 'use_tc': '80', 'strides': {2: <Stride, 2, 16>}}}
0.2754560112953186
{<Node, ladder_matmul>: {'block': [16, 2, 16, 16], 'warp': [8, 1, 16, 16], 'wmma': [16, 16, 32], 'use_cutlass': False, 'rstep': [64, 1], 'block_order': <NoRasterization>, 'use_tc': '80', 'strides': {2: <Stride, 2, 16>}}}
100000000.0
{<Node, ladder_matmul>: {'block': [4, 1, 16, 16], 'warp': [1, 1, 16, 16], 'wmma': [16, 16, 32], 'use_cutlass': False, 'rstep': [64, 1], 'block_order': <NoRasterization>, 'use_tc': '80', 'strides': {2: <Stride, 2, 16>}}}
0.477476567029953
{<Node, ladder_matmul>: {'block': [8, 8, 16, 16], 'warp': [4, 4, 16, 16], 'wmma': [16, 16, 32], 'use_cutlass': False, 'rstep': [64, 1], 'block_order': <NoRasterization>, 'use_tc': '80', 'strides': {2: <Stride, 2, 16>}}}
100000000.0
{<Node, ladder_matmul>: {'block': [2, 4, 16, 16], 'warp': [1, 2, 16, 16], 'wmma': [16, 16, 32], 'use_cutlass': False, 'rstep': [64, 1], 'block_order': <NoRasterization>, 'use_tc': '80', 'strides': {2: <Stride, 2, 16>}}}
0.37662720680236816
{<Node, ladder_matmul>: {'block': [16, 8, 16, 16], 'warp': [8, 4, 16, 16], 'wmma': [16, 16, 32], 'use_cutlass': False, 'rstep': [64, 1], 'block_order': <NoRasterization>, 'use_tc': '80', 'strides': {2: <Stride, 2, 16>}}}
100000000.0
{<Node, ladder_matmul>: {'block': [2, 2, 16, 16], 'warp': [1, 1, 16, 16], 'wmma': [16, 16, 32], 'use_cutlass': False, 'rstep': [64, 1], 'block_order': <NoRasterization>, 'use_tc': '80', 'strides': {2: <Stride, 2, 16>}}}
0.4986879825592041
{<Node, ladder_matmul>: {'block': [16, 1, 16, 16], 'warp': [4, 1, 16, 16], 'wmma': [16, 16, 32], 'use_cutlass': False, 'rstep': [64, 1], 'block_order': <NoRasterization>, 'use_tc': '80', 'strides': {2: <Stride, 2, 16>}}}
0.5007359981536865
{<Node, ladder_matmul>: {'block': [2, 8, 16, 16], 'warp': [1, 4, 16, 16], 'wmma': [16, 16, 32], 'use_cutlass': False, 'rstep': [64, 1], 'block_order': <NoRasterization>, 'use_tc': '80', 'strides': {2: <Stride, 2, 16>}}}
0.3868671953678131
{<Node, ladder_matmul>: {'block': [2, 1, 16, 16], 'warp': [1, 1, 16, 16], 'wmma': [16, 16, 32], 'use_cutlass': False, 'rstep': [64, 1], 'block_order': <NoRasterization>, 'use_tc': '80', 'strides': {2: <Stride, 2, 16>}}}
0.5484544038772583
{<Node, ladder_matmul>: {'block': [4, 16, 16, 16], 'warp': [2, 8, 16, 16], 'wmma': [16, 16, 32], 'use_cutlass': False, 'rstep': [64, 1], 'block_order': <NoRasterization>, 'use_tc': '80', 'strides': {2: <Stride, 2, 16>}}}
100000000.0
{<Node, ladder_matmul>: {'block': [8, 16, 16, 16], 'warp': [4, 8, 16, 16], 'wmma': [16, 16, 32], 'use_cutlass': False, 'rstep': [64, 1], 'block_order': <NoRasterization>, 'use_tc': '80', 'strides': {2: <Stride, 2, 16>}}}
100000000.0
{<Node, ladder_matmul>: {'block': [1, 8, 16, 16], 'warp': [1, 2, 16, 16], 'wmma': [16, 16, 32], 'use_cutlass': False, 'rstep': [64, 1], 'block_order': <NoRasterization>, 'use_tc': '80', 'strides': {2: <Stride, 2, 16>}}}
0.6046720147132874
{<Node, ladder_matmul>: {'block': [1, 4, 16, 16], 'warp': [1, 1, 16, 16], 'wmma': [16, 16, 32], 'use_cutlass': False, 'rstep': [64, 1], 'block_order': <NoRasterization>, 'use_tc': '80', 'strides': {2: <Stride, 2, 16>}}}
0.6430720090866089
top1: 0.2758656144142151 	top10: 0.21688321232795715
--------------------------------------------------------------------------------
best config: {<Node, ladder_matmul>: {'block': [8, 4, 16, 16], 'warp': [4, 2, 16, 16], 'wmma': [16, 16, 32], 'use_cutlass': False, 'rstep': [64, 1], 'block_order': <NoRasterization>, 'use_tc': '80', 'strides': {2: <Stride, 2, 16>}}}
best latency: 0.21688321232795715
{<Node, ladder_matmul>: {'block': [8, 4, 16, 16], 'warp': [4, 2, 16, 16], 'wmma': [16, 16, 32], 'use_cutlass': False, 'rstep': [64, 1], 'block_order': <NoRasterization>, 'use_tc': '80', 'strides': {2: <Stride, 2, 16>}}}
1.418239951133728
{<Node, ladder_matmul>: {'block': [8, 2, 16, 16], 'warp': [4, 1, 16, 16], 'wmma': [16, 16, 32], 'use_cutlass': False, 'rstep': [64, 1], 'block_order': <NoRasterization>, 'use_tc': '80', 'strides': {2: <Stride, 2, 16>}}}
1.9763200283050537
{<Node, ladder_matmul>: {'block': [16, 4, 16, 16], 'warp': [8, 2, 16, 16], 'wmma': [16, 16, 32], 'use_cutlass': False, 'rstep': [64, 1], 'block_order': <NoRasterization>, 'use_tc': '80', 'strides': {2: <Stride, 2, 16>}}}
100000000.0
{<Node, ladder_matmul>: {'block': [4, 8, 16, 16], 'warp': [2, 4, 16, 16], 'wmma': [16, 16, 32], 'use_cutlass': False, 'rstep': [64, 1], 'block_order': <NoRasterization>, 'use_tc': '80', 'strides': {2: <Stride, 2, 16>}}}
1.8360319137573242
{<Node, ladder_matmul>: {'block': [4, 4, 16, 16], 'warp': [2, 2, 16, 16], 'wmma': [16, 16, 32], 'use_cutlass': False, 'rstep': [64, 1], 'block_order': <NoRasterization>, 'use_tc': '80', 'strides': {2: <Stride, 2, 16>}}}
1.7594879865646362
{<Node, ladder_matmul>: {'block': [8, 8, 16, 16], 'warp': [4, 4, 16, 16], 'wmma': [16, 16, 32], 'use_cutlass': False, 'rstep': [64, 1], 'block_order': <NoRasterization>, 'use_tc': '80', 'strides': {2: <Stride, 2, 16>}}}
100000000.0
{<Node, ladder_matmul>: {'block': [4, 2, 16, 16], 'warp': [2, 1, 16, 16], 'wmma': [16, 16, 32], 'use_cutlass': False, 'rstep': [64, 1], 'block_order': <NoRasterization>, 'use_tc': '80', 'strides': {2: <Stride, 2, 16>}}}
2.571878433227539
{<Node, ladder_matmul>: {'block': [8, 1, 16, 16], 'warp': [2, 1, 16, 16], 'wmma': [16, 16, 32], 'use_cutlass': False, 'rstep': [64, 1], 'block_order': <NoRasterization>, 'use_tc': '80', 'strides': {2: <Stride, 2, 16>}}}
3.4242560863494873
{<Node, ladder_matmul>: {'block': [16, 2, 16, 16], 'warp': [8, 1, 16, 16], 'wmma': [16, 16, 32], 'use_cutlass': False, 'rstep': [64, 1], 'block_order': <NoRasterization>, 'use_tc': '80', 'strides': {2: <Stride, 2, 16>}}}
100000000.0
{<Node, ladder_matmul>: {'block': [16, 8, 16, 16], 'warp': [8, 4, 16, 16], 'wmma': [16, 16, 32], 'use_cutlass': False, 'rstep': [64, 1], 'block_order': <NoRasterization>, 'use_tc': '80', 'strides': {2: <Stride, 2, 16>}}}
100000000.0
{<Node, ladder_matmul>: {'block': [4, 1, 16, 16], 'warp': [1, 1, 16, 16], 'wmma': [16, 16, 32], 'use_cutlass': False, 'rstep': [64, 1], 'block_order': <NoRasterization>, 'use_tc': '80', 'strides': {2: <Stride, 2, 16>}}}
3.6812801361083984
{<Node, ladder_matmul>: {'block': [2, 8, 16, 16], 'warp': [1, 4, 16, 16], 'wmma': [16, 16, 32], 'use_cutlass': False, 'rstep': [64, 1], 'block_order': <NoRasterization>, 'use_tc': '80', 'strides': {2: <Stride, 2, 16>}}}
2.7443199157714844
{<Node, ladder_matmul>: {'block': [4, 16, 16, 16], 'warp': [2, 8, 16, 16], 'wmma': [16, 16, 32], 'use_cutlass': False, 'rstep': [64, 1], 'block_order': <NoRasterization>, 'use_tc': '80', 'strides': {2: <Stride, 2, 16>}}}
100000000.0
{<Node, ladder_matmul>: {'block': [2, 4, 16, 16], 'warp': [1, 2, 16, 16], 'wmma': [16, 16, 32], 'use_cutlass': False, 'rstep': [64, 1], 'block_order': <NoRasterization>, 'use_tc': '80', 'strides': {2: <Stride, 2, 16>}}}
2.8633086681365967
{<Node, ladder_matmul>: {'block': [8, 16, 16, 16], 'warp': [4, 8, 16, 16], 'wmma': [16, 16, 32], 'use_cutlass': False, 'rstep': [64, 1], 'block_order': <NoRasterization>, 'use_tc': '80', 'strides': {2: <Stride, 2, 16>}}}
100000000.0
{<Node, ladder_matmul>: {'block': [2, 2, 16, 16], 'warp': [1, 1, 16, 16], 'wmma': [16, 16, 32], 'use_cutlass': False, 'rstep': [64, 1], 'block_order': <NoRasterization>, 'use_tc': '80', 'strides': {2: <Stride, 2, 16>}}}
3.8688766956329346
{<Node, ladder_matmul>: {'block': [16, 1, 16, 16], 'warp': [4, 1, 16, 16], 'wmma': [16, 16, 32], 'use_cutlass': False, 'rstep': [64, 1], 'block_order': <NoRasterization>, 'use_tc': '80', 'strides': {2: <Stride, 2, 16>}}}
3.536639928817749
{<Node, ladder_matmul>: {'block': [2, 1, 16, 16], 'warp': [1, 1, 16, 16], 'wmma': [16, 16, 32], 'use_cutlass': False, 'rstep': [64, 1], 'block_order': <NoRasterization>, 'use_tc': '80', 'strides': {2: <Stride, 2, 16>}}}
4.24294376373291
{<Node, ladder_matmul>: {'block': [1, 8, 16, 16], 'warp': [1, 2, 16, 16], 'wmma': [16, 16, 32], 'use_cutlass': False, 'rstep': [64, 1], 'block_order': <NoRasterization>, 'use_tc': '80', 'strides': {2: <Stride, 2, 16>}}}
4.629504203796387
{<Node, ladder_matmul>: {'block': [2, 16, 16, 16], 'warp': [1, 8, 16, 16], 'wmma': [16, 16, 32], 'use_cutlass': False, 'rstep': [64, 1], 'block_order': <NoRasterization>, 'use_tc': '80', 'strides': {2: <Stride, 2, 16>}}}
2.9943807125091553
top1: 1.418239951133728 	top10: 1.418239951133728
--------------------------------------------------------------------------------
best config: {<Node, ladder_matmul>: {'block': [8, 4, 16, 16], 'warp': [4, 2, 16, 16], 'wmma': [16, 16, 32], 'use_cutlass': False, 'rstep': [64, 1], 'block_order': <NoRasterization>, 'use_tc': '80', 'strides': {2: <Stride, 2, 16>}}}
best latency: 1.418239951133728
{<Node, ladder_matmul>: {'block': [8, 4, 16, 16], 'warp': [4, 2, 16, 16], 'wmma': [16, 16, 32], 'use_cutlass': False, 'rstep': [64, 1], 'block_order': <NoRasterization>, 'use_tc': '80', 'strides': {2: <Stride, 2, 16>}}}
4.89922571182251
{<Node, ladder_matmul>: {'block': [8, 2, 16, 16], 'warp': [4, 1, 16, 16], 'wmma': [16, 16, 32], 'use_cutlass': False, 'rstep': [64, 1], 'block_order': <NoRasterization>, 'use_tc': '80', 'strides': {2: <Stride, 2, 16>}}}
6.817587375640869
{<Node, ladder_matmul>: {'block': [16, 4, 16, 16], 'warp': [8, 2, 16, 16], 'wmma': [16, 16, 32], 'use_cutlass': False, 'rstep': [64, 1], 'block_order': <NoRasterization>, 'use_tc': '80', 'strides': {2: <Stride, 2, 16>}}}
100000000.0
{<Node, ladder_matmul>: {'block': [4, 7, 16, 16], 'warp': [1, 7, 16, 16], 'wmma': [16, 16, 32], 'use_cutlass': False, 'rstep': [64, 1], 'block_order': <NoRasterization>, 'use_tc': '80', 'strides': {2: <Stride, 2, 16>}}}
6.932070255279541
{<Node, ladder_matmul>: {'block': [4, 8, 16, 16], 'warp': [2, 4, 16, 16], 'wmma': [16, 16, 32], 'use_cutlass': False, 'rstep': [64, 1], 'block_order': <NoRasterization>, 'use_tc': '80', 'strides': {2: <Stride, 2, 16>}}}
6.258073329925537
{<Node, ladder_matmul>: {'block': [4, 4, 16, 16], 'warp': [2, 2, 16, 16], 'wmma': [16, 16, 32], 'use_cutlass': False, 'rstep': [64, 1], 'block_order': <NoRasterization>, 'use_tc': '80', 'strides': {2: <Stride, 2, 16>}}}
6.168576240539551
{<Node, ladder_matmul>: {'block': [8, 8, 16, 16], 'warp': [4, 4, 16, 16], 'wmma': [16, 16, 32], 'use_cutlass': False, 'rstep': [64, 1], 'block_order': <NoRasterization>, 'use_tc': '80', 'strides': {2: <Stride, 2, 16>}}}
100000000.0
{<Node, ladder_matmul>: {'block': [8, 7, 16, 16], 'warp': [2, 7, 16, 16], 'wmma': [16, 16, 32], 'use_cutlass': False, 'rstep': [64, 1], 'block_order': <NoRasterization>, 'use_tc': '80', 'strides': {2: <Stride, 2, 16>}}}
5.073920249938965
{<Node, ladder_matmul>: {'block': [4, 2, 16, 16], 'warp': [2, 1, 16, 16], 'wmma': [16, 16, 32], 'use_cutlass': False, 'rstep': [64, 1], 'block_order': <NoRasterization>, 'use_tc': '80', 'strides': {2: <Stride, 2, 16>}}}
8.931327819824219
{<Node, ladder_matmul>: {'block': [8, 1, 16, 16], 'warp': [2, 1, 16, 16], 'wmma': [16, 16, 32], 'use_cutlass': False, 'rstep': [64, 1], 'block_order': <NoRasterization>, 'use_tc': '80', 'strides': {2: <Stride, 2, 16>}}}
11.849472045898438
{<Node, ladder_matmul>: {'block': [16, 2, 16, 16], 'warp': [8, 1, 16, 16], 'wmma': [16, 16, 32], 'use_cutlass': False, 'rstep': [64, 1], 'block_order': <NoRasterization>, 'use_tc': '80', 'strides': {2: <Stride, 2, 16>}}}
100000000.0
{<Node, ladder_matmul>: {'block': [16, 8, 16, 16], 'warp': [8, 4, 16, 16], 'wmma': [16, 16, 32], 'use_cutlass': False, 'rstep': [64, 1], 'block_order': <NoRasterization>, 'use_tc': '80', 'strides': {2: <Stride, 2, 16>}}}
100000000.0
{<Node, ladder_matmul>: {'block': [16, 7, 16, 16], 'warp': [4, 7, 16, 16], 'wmma': [16, 16, 32], 'use_cutlass': False, 'rstep': [64, 1], 'block_order': <NoRasterization>, 'use_tc': '80', 'strides': {2: <Stride, 2, 16>}}}
100000000.0
{<Node, ladder_matmul>: {'block': [4, 1, 16, 16], 'warp': [1, 1, 16, 16], 'wmma': [16, 16, 32], 'use_cutlass': False, 'rstep': [64, 1], 'block_order': <NoRasterization>, 'use_tc': '80', 'strides': {2: <Stride, 2, 16>}}}
12.813311576843262
{<Node, ladder_matmul>: {'block': [2, 8, 16, 16], 'warp': [1, 4, 16, 16], 'wmma': [16, 16, 32], 'use_cutlass': False, 'rstep': [64, 1], 'block_order': <NoRasterization>, 'use_tc': '80', 'strides': {2: <Stride, 2, 16>}}}
9.439231872558594
{<Node, ladder_matmul>: {'block': [2, 7, 16, 16], 'warp': [2, 1, 16, 16], 'wmma': [16, 16, 32], 'use_cutlass': False, 'rstep': [64, 1], 'block_order': <NoRasterization>, 'use_tc': '80', 'strides': {2: <Stride, 2, 16>}}}
12.660940170288086
{<Node, ladder_matmul>: {'block': [4, 14, 16, 16], 'warp': [2, 7, 16, 16], 'wmma': [16, 16, 32], 'use_cutlass': False, 'rstep': [64, 1], 'block_order': <NoRasterization>, 'use_tc': '80', 'strides': {2: <Stride, 2, 16>}}}
100000000.0
{<Node, ladder_matmul>: {'block': [4, 16, 16, 16], 'warp': [2, 8, 16, 16], 'wmma': [16, 16, 32], 'use_cutlass': False, 'rstep': [64, 1], 'block_order': <NoRasterization>, 'use_tc': '80', 'strides': {2: <Stride, 2, 16>}}}
100000000.0
{<Node, ladder_matmul>: {'block': [2, 4, 16, 16], 'warp': [1, 2, 16, 16], 'wmma': [16, 16, 32], 'use_cutlass': False, 'rstep': [64, 1], 'block_order': <NoRasterization>, 'use_tc': '80', 'strides': {2: <Stride, 2, 16>}}}
9.84985637664795
{<Node, ladder_matmul>: {'block': [8, 14, 16, 16], 'warp': [4, 7, 16, 16], 'wmma': [16, 16, 32], 'use_cutlass': False, 'rstep': [64, 1], 'block_order': <NoRasterization>, 'use_tc': '80', 'strides': {2: <Stride, 2, 16>}}}
100000000.0
top1: 4.89922571182251 	top10: 4.89922571182251
--------------------------------------------------------------------------------
best config: {<Node, ladder_matmul>: {'block': [8, 4, 16, 16], 'warp': [4, 2, 16, 16], 'wmma': [16, 16, 32], 'use_cutlass': False, 'rstep': [64, 1], 'block_order': <NoRasterization>, 'use_tc': '80', 'strides': {2: <Stride, 2, 16>}}}
best latency: 4.89922571182251
{<Node, ladder_matmul>: {'block': [8, 4, 16, 16], 'warp': [4, 2, 16, 16], 'wmma': [16, 16, 32], 'use_cutlass': False, 'rstep': [64, 1], 'block_order': <NoRasterization>, 'use_tc': '80', 'strides': {2: <Stride, 2, 16>}}}
4.845772743225098
{<Node, ladder_matmul>: {'block': [8, 2, 16, 16], 'warp': [4, 1, 16, 16], 'wmma': [16, 16, 32], 'use_cutlass': False, 'rstep': [64, 1], 'block_order': <NoRasterization>, 'use_tc': '80', 'strides': {2: <Stride, 2, 16>}}}
6.74508810043335
{<Node, ladder_matmul>: {'block': [16, 4, 16, 16], 'warp': [8, 2, 16, 16], 'wmma': [16, 16, 32], 'use_cutlass': False, 'rstep': [64, 1], 'block_order': <NoRasterization>, 'use_tc': '80', 'strides': {2: <Stride, 2, 16>}}}
100000000.0
{<Node, ladder_matmul>: {'block': [4, 8, 16, 16], 'warp': [2, 4, 16, 16], 'wmma': [16, 16, 32], 'use_cutlass': False, 'rstep': [64, 1], 'block_order': <NoRasterization>, 'use_tc': '80', 'strides': {2: <Stride, 2, 16>}}}
6.2531585693359375
{<Node, ladder_matmul>: {'block': [4, 4, 16, 16], 'warp': [2, 2, 16, 16], 'wmma': [16, 16, 32], 'use_cutlass': False, 'rstep': [64, 1], 'block_order': <NoRasterization>, 'use_tc': '80', 'strides': {2: <Stride, 2, 16>}}}
5.992857933044434
{<Node, ladder_matmul>: {'block': [8, 8, 16, 16], 'warp': [4, 4, 16, 16], 'wmma': [16, 16, 32], 'use_cutlass': False, 'rstep': [64, 1], 'block_order': <NoRasterization>, 'use_tc': '80', 'strides': {2: <Stride, 2, 16>}}}
100000000.0
{<Node, ladder_matmul>: {'block': [4, 2, 16, 16], 'warp': [2, 1, 16, 16], 'wmma': [16, 16, 32], 'use_cutlass': False, 'rstep': [64, 1], 'block_order': <NoRasterization>, 'use_tc': '80', 'strides': {2: <Stride, 2, 16>}}}
8.845312118530273
{<Node, ladder_matmul>: {'block': [8, 1, 16, 16], 'warp': [2, 1, 16, 16], 'wmma': [16, 16, 32], 'use_cutlass': False, 'rstep': [64, 1], 'block_order': <NoRasterization>, 'use_tc': '80', 'strides': {2: <Stride, 2, 16>}}}
12.227583885192871
{<Node, ladder_matmul>: {'block': [16, 2, 16, 16], 'warp': [8, 1, 16, 16], 'wmma': [16, 16, 32], 'use_cutlass': False, 'rstep': [64, 1], 'block_order': <NoRasterization>, 'use_tc': '80', 'strides': {2: <Stride, 2, 16>}}}
100000000.0
{<Node, ladder_matmul>: {'block': [16, 8, 16, 16], 'warp': [8, 4, 16, 16], 'wmma': [16, 16, 32], 'use_cutlass': False, 'rstep': [64, 1], 'block_order': <NoRasterization>, 'use_tc': '80', 'strides': {2: <Stride, 2, 16>}}}
100000000.0
{<Node, ladder_matmul>: {'block': [4, 1, 16, 16], 'warp': [1, 1, 16, 16], 'wmma': [16, 16, 32], 'use_cutlass': False, 'rstep': [64, 1], 'block_order': <NoRasterization>, 'use_tc': '80', 'strides': {2: <Stride, 2, 16>}}}
12.72755241394043
{<Node, ladder_matmul>: {'block': [2, 8, 16, 16], 'warp': [1, 4, 16, 16], 'wmma': [16, 16, 32], 'use_cutlass': False, 'rstep': [64, 1], 'block_order': <NoRasterization>, 'use_tc': '80', 'strides': {2: <Stride, 2, 16>}}}
9.460326194763184
{<Node, ladder_matmul>: {'block': [4, 16, 16, 16], 'warp': [2, 8, 16, 16], 'wmma': [16, 16, 32], 'use_cutlass': False, 'rstep': [64, 1], 'block_order': <NoRasterization>, 'use_tc': '80', 'strides': {2: <Stride, 2, 16>}}}
100000000.0
{<Node, ladder_matmul>: {'block': [2, 4, 16, 16], 'warp': [1, 2, 16, 16], 'wmma': [16, 16, 32], 'use_cutlass': False, 'rstep': [64, 1], 'block_order': <NoRasterization>, 'use_tc': '80', 'strides': {2: <Stride, 2, 16>}}}
9.760767936706543
{<Node, ladder_matmul>: {'block': [8, 16, 16, 16], 'warp': [4, 8, 16, 16], 'wmma': [16, 16, 32], 'use_cutlass': False, 'rstep': [64, 1], 'block_order': <NoRasterization>, 'use_tc': '80', 'strides': {2: <Stride, 2, 16>}}}
100000000.0
{<Node, ladder_matmul>: {'block': [2, 2, 16, 16], 'warp': [1, 1, 16, 16], 'wmma': [16, 16, 32], 'use_cutlass': False, 'rstep': [64, 1], 'block_order': <NoRasterization>, 'use_tc': '80', 'strides': {2: <Stride, 2, 16>}}}
13.38081169128418
{<Node, ladder_matmul>: {'block': [16, 1, 16, 16], 'warp': [4, 1, 16, 16], 'wmma': [16, 16, 32], 'use_cutlass': False, 'rstep': [64, 1], 'block_order': <NoRasterization>, 'use_tc': '80', 'strides': {2: <Stride, 2, 16>}}}
14.566400527954102
{<Node, ladder_matmul>: {'block': [2, 1, 16, 16], 'warp': [1, 1, 16, 16], 'wmma': [16, 16, 32], 'use_cutlass': False, 'rstep': [64, 1], 'block_order': <NoRasterization>, 'use_tc': '80', 'strides': {2: <Stride, 2, 16>}}}
14.705049514770508
{<Node, ladder_matmul>: {'block': [1, 8, 16, 16], 'warp': [1, 2, 16, 16], 'wmma': [16, 16, 32], 'use_cutlass': False, 'rstep': [64, 1], 'block_order': <NoRasterization>, 'use_tc': '80', 'strides': {2: <Stride, 2, 16>}}}
15.95781135559082
{<Node, ladder_matmul>: {'block': [2, 16, 16, 16], 'warp': [1, 8, 16, 16], 'wmma': [16, 16, 32], 'use_cutlass': False, 'rstep': [64, 1], 'block_order': <NoRasterization>, 'use_tc': '80', 'strides': {2: <Stride, 2, 16>}}}
10.388480186462402
top1: 4.845772743225098 	top10: 4.845772743225098
--------------------------------------------------------------------------------
best config: {<Node, ladder_matmul>: {'block': [8, 4, 16, 16], 'warp': [4, 2, 16, 16], 'wmma': [16, 16, 32], 'use_cutlass': False, 'rstep': [64, 1], 'block_order': <NoRasterization>, 'use_tc': '80', 'strides': {2: <Stride, 2, 16>}}}
best latency: 4.845772743225098
4096_1024_8192	0.21688321232795715
4096_8192_8192	1.418239951133728
4096_28672_8192	4.89922571182251
4096_8192_28672	4.845772743225098
