{<Node, ladder_matmul>: {'block': [8, 8, 16, 16], 'warp': [4, 4, 16, 16], 'wmma': [16, 16, 16], 'use_cutlass': False, 'rstep': [32, 1], 'block_order': <NoRasterization>, 'use_tc': '80', 'strides': {2: <Stride, 2, 16>}}}
0.33300480246543884
{<Node, ladder_matmul>: {'block': [4, 4, 16, 16], 'warp': [2, 2, 16, 16], 'wmma': [16, 16, 16], 'use_cutlass': False, 'rstep': [32, 1], 'block_order': <NoRasterization>, 'use_tc': '80', 'strides': {2: <Stride, 2, 16>}}}
0.543129563331604
{<Node, ladder_matmul>: {'block': [4, 8, 16, 16], 'warp': [2, 4, 16, 16], 'wmma': [16, 16, 16], 'use_cutlass': False, 'rstep': [32, 1], 'block_order': <NoRasterization>, 'use_tc': '80', 'strides': {2: <Stride, 2, 16>}}}
0.3402239978313446
{<Node, ladder_matmul>: {'block': [8, 4, 16, 16], 'warp': [4, 2, 16, 16], 'wmma': [16, 16, 16], 'use_cutlass': False, 'rstep': [32, 1], 'block_order': <NoRasterization>, 'use_tc': '80', 'strides': {2: <Stride, 2, 16>}}}
0.3404799997806549
{<Node, ladder_matmul>: {'block': [8, 16, 16, 16], 'warp': [4, 8, 16, 16], 'wmma': [16, 16, 16], 'use_cutlass': False, 'rstep': [32, 1], 'block_order': <NoRasterization>, 'use_tc': '80', 'strides': {2: <Stride, 2, 16>}}}
0.46366721391677856
{<Node, ladder_matmul>: {'block': [16, 8, 16, 16], 'warp': [8, 4, 16, 16], 'wmma': [16, 16, 16], 'use_cutlass': False, 'rstep': [32, 1], 'block_order': <NoRasterization>, 'use_tc': '80', 'strides': {2: <Stride, 2, 16>}}}
0.4532224237918854
{<Node, ladder_matmul>: {'block': [2, 4, 16, 16], 'warp': [1, 2, 16, 16], 'wmma': [16, 16, 16], 'use_cutlass': False, 'rstep': [32, 1], 'block_order': <NoRasterization>, 'use_tc': '80', 'strides': {2: <Stride, 2, 16>}}}
0.6621866822242737
{<Node, ladder_matmul>: {'block': [4, 2, 16, 16], 'warp': [2, 1, 16, 16], 'wmma': [16, 16, 16], 'use_cutlass': False, 'rstep': [32, 1], 'block_order': <NoRasterization>, 'use_tc': '80', 'strides': {2: <Stride, 2, 16>}}}
0.6603093147277832
{<Node, ladder_matmul>: {'block': [2, 8, 16, 16], 'warp': [1, 4, 16, 16], 'wmma': [16, 16, 16], 'use_cutlass': False, 'rstep': [32, 1], 'block_order': <NoRasterization>, 'use_tc': '80', 'strides': {2: <Stride, 2, 16>}}}
0.6107136011123657
{<Node, ladder_matmul>: {'block': [8, 2, 16, 16], 'warp': [4, 1, 16, 16], 'wmma': [16, 16, 16], 'use_cutlass': False, 'rstep': [32, 1], 'block_order': <NoRasterization>, 'use_tc': '80', 'strides': {2: <Stride, 2, 16>}}}
0.6053887605667114
{<Node, ladder_matmul>: {'block': [2, 2, 16, 16], 'warp': [1, 1, 16, 16], 'wmma': [16, 16, 16], 'use_cutlass': False, 'rstep': [32, 1], 'block_order': <NoRasterization>, 'use_tc': '80', 'strides': {2: <Stride, 2, 16>}}}
0.8674986362457275
{<Node, ladder_matmul>: {'block': [4, 16, 16, 16], 'warp': [2, 8, 16, 16], 'wmma': [16, 16, 16], 'use_cutlass': False, 'rstep': [32, 1], 'block_order': <NoRasterization>, 'use_tc': '80', 'strides': {2: <Stride, 2, 16>}}}
0.35594239830970764
{<Node, ladder_matmul>: {'block': [16, 4, 16, 16], 'warp': [8, 2, 16, 16], 'wmma': [16, 16, 16], 'use_cutlass': False, 'rstep': [32, 1], 'block_order': <NoRasterization>, 'use_tc': '80', 'strides': {2: <Stride, 2, 16>}}}
0.35061758756637573
{<Node, ladder_matmul>: {'block': [1, 8, 16, 16], 'warp': [1, 2, 16, 16], 'wmma': [16, 16, 16], 'use_cutlass': False, 'rstep': [32, 1], 'block_order': <NoRasterization>, 'use_tc': '80', 'strides': {2: <Stride, 2, 16>}}}
0.9994239807128906
{<Node, ladder_matmul>: {'block': [8, 1, 16, 16], 'warp': [2, 1, 16, 16], 'wmma': [16, 16, 16], 'use_cutlass': False, 'rstep': [32, 1], 'block_order': <NoRasterization>, 'use_tc': '80', 'strides': {2: <Stride, 2, 16>}}}
1.0045440196990967
{<Node, ladder_matmul>: {'block': [1, 4, 16, 16], 'warp': [1, 1, 16, 16], 'wmma': [16, 16, 16], 'use_cutlass': False, 'rstep': [32, 1], 'block_order': <NoRasterization>, 'use_tc': '80', 'strides': {2: <Stride, 2, 16>}}}
1.0463999509811401
{<Node, ladder_matmul>: {'block': [4, 1, 16, 16], 'warp': [1, 1, 16, 16], 'wmma': [16, 16, 16], 'use_cutlass': False, 'rstep': [32, 1], 'block_order': <NoRasterization>, 'use_tc': '80', 'strides': {2: <Stride, 2, 16>}}}
1.0467840433120728
{<Node, ladder_matmul>: {'block': [2, 16, 16, 16], 'warp': [1, 8, 16, 16], 'wmma': [16, 16, 16], 'use_cutlass': False, 'rstep': [32, 1], 'block_order': <NoRasterization>, 'use_tc': '80', 'strides': {2: <Stride, 2, 16>}}}
0.6210560202598572
{<Node, ladder_matmul>: {'block': [16, 2, 16, 16], 'warp': [8, 1, 16, 16], 'wmma': [16, 16, 16], 'use_cutlass': False, 'rstep': [32, 1], 'block_order': <NoRasterization>, 'use_tc': '80', 'strides': {2: <Stride, 2, 16>}}}
0.6269440054893494
{<Node, ladder_matmul>: {'block': [1, 2, 16, 16], 'warp': [1, 1, 16, 16], 'wmma': [16, 16, 16], 'use_cutlass': False, 'rstep': [32, 1], 'block_order': <NoRasterization>, 'use_tc': '80', 'strides': {2: <Stride, 2, 16>}}}
1.2770986557006836
top1: 0.33300480246543884 	top10: 0.33300480246543884
--------------------------------------------------------------------------------
best config: {<Node, ladder_matmul>: {'block': [8, 8, 16, 16], 'warp': [4, 4, 16, 16], 'wmma': [16, 16, 16], 'use_cutlass': False, 'rstep': [32, 1], 'block_order': <NoRasterization>, 'use_tc': '80', 'strides': {2: <Stride, 2, 16>}}}
best latency: 0.33300480246543884
{<Node, ladder_matmul>: {'block': [8, 8, 16, 16], 'warp': [4, 4, 16, 16], 'wmma': [16, 16, 16], 'use_cutlass': False, 'rstep': [32, 1], 'block_order': <NoRasterization>, 'use_tc': '80', 'strides': {2: <Stride, 2, 16>}}}
2.0125696659088135
{<Node, ladder_matmul>: {'block': [4, 8, 16, 16], 'warp': [2, 4, 16, 16], 'wmma': [16, 16, 16], 'use_cutlass': False, 'rstep': [32, 1], 'block_order': <NoRasterization>, 'use_tc': '80', 'strides': {2: <Stride, 2, 16>}}}
2.5861120223999023
{<Node, ladder_matmul>: {'block': [8, 4, 16, 16], 'warp': [4, 2, 16, 16], 'wmma': [16, 16, 16], 'use_cutlass': False, 'rstep': [32, 1], 'block_order': <NoRasterization>, 'use_tc': '80', 'strides': {2: <Stride, 2, 16>}}}
2.579456090927124
{<Node, ladder_matmul>: {'block': [8, 16, 16, 16], 'warp': [4, 8, 16, 16], 'wmma': [16, 16, 16], 'use_cutlass': False, 'rstep': [32, 1], 'block_order': <NoRasterization>, 'use_tc': '80', 'strides': {2: <Stride, 2, 16>}}}
2.261606454849243
{<Node, ladder_matmul>: {'block': [16, 8, 16, 16], 'warp': [8, 4, 16, 16], 'wmma': [16, 16, 16], 'use_cutlass': False, 'rstep': [32, 1], 'block_order': <NoRasterization>, 'use_tc': '80', 'strides': {2: <Stride, 2, 16>}}}
2.147737741470337
{<Node, ladder_matmul>: {'block': [4, 4, 16, 16], 'warp': [2, 2, 16, 16], 'wmma': [16, 16, 16], 'use_cutlass': False, 'rstep': [32, 1], 'block_order': <NoRasterization>, 'use_tc': '80', 'strides': {2: <Stride, 2, 16>}}}
3.3566720485687256
{<Node, ladder_matmul>: {'block': [2, 8, 16, 16], 'warp': [1, 4, 16, 16], 'wmma': [16, 16, 16], 'use_cutlass': False, 'rstep': [32, 1], 'block_order': <NoRasterization>, 'use_tc': '80', 'strides': {2: <Stride, 2, 16>}}}
4.2045440673828125
{<Node, ladder_matmul>: {'block': [8, 2, 16, 16], 'warp': [4, 1, 16, 16], 'wmma': [16, 16, 16], 'use_cutlass': False, 'rstep': [32, 1], 'block_order': <NoRasterization>, 'use_tc': '80', 'strides': {2: <Stride, 2, 16>}}}
4.147456169128418
{<Node, ladder_matmul>: {'block': [4, 16, 16, 16], 'warp': [2, 8, 16, 16], 'wmma': [16, 16, 16], 'use_cutlass': False, 'rstep': [32, 1], 'block_order': <NoRasterization>, 'use_tc': '80', 'strides': {2: <Stride, 2, 16>}}}
2.298060894012451
{<Node, ladder_matmul>: {'block': [16, 4, 16, 16], 'warp': [8, 2, 16, 16], 'wmma': [16, 16, 16], 'use_cutlass': False, 'rstep': [32, 1], 'block_order': <NoRasterization>, 'use_tc': '80', 'strides': {2: <Stride, 2, 16>}}}
2.244607925415039
{<Node, ladder_matmul>: {'block': [2, 4, 16, 16], 'warp': [1, 2, 16, 16], 'wmma': [16, 16, 16], 'use_cutlass': False, 'rstep': [32, 1], 'block_order': <NoRasterization>, 'use_tc': '80', 'strides': {2: <Stride, 2, 16>}}}
5.0483198165893555
{<Node, ladder_matmul>: {'block': [4, 2, 16, 16], 'warp': [2, 1, 16, 16], 'wmma': [16, 16, 16], 'use_cutlass': False, 'rstep': [32, 1], 'block_order': <NoRasterization>, 'use_tc': '80', 'strides': {2: <Stride, 2, 16>}}}
5.043404579162598
{<Node, ladder_matmul>: {'block': [2, 2, 16, 16], 'warp': [1, 1, 16, 16], 'wmma': [16, 16, 16], 'use_cutlass': False, 'rstep': [32, 1], 'block_order': <NoRasterization>, 'use_tc': '80', 'strides': {2: <Stride, 2, 16>}}}
6.779494285583496
{<Node, ladder_matmul>: {'block': [1, 8, 16, 16], 'warp': [1, 2, 16, 16], 'wmma': [16, 16, 16], 'use_cutlass': False, 'rstep': [32, 1], 'block_order': <NoRasterization>, 'use_tc': '80', 'strides': {2: <Stride, 2, 16>}}}
7.4573822021484375
{<Node, ladder_matmul>: {'block': [8, 1, 16, 16], 'warp': [2, 1, 16, 16], 'wmma': [16, 16, 16], 'use_cutlass': False, 'rstep': [32, 1], 'block_order': <NoRasterization>, 'use_tc': '80', 'strides': {2: <Stride, 2, 16>}}}
7.366451263427734
{<Node, ladder_matmul>: {'block': [2, 16, 16, 16], 'warp': [1, 8, 16, 16], 'wmma': [16, 16, 16], 'use_cutlass': False, 'rstep': [32, 1], 'block_order': <NoRasterization>, 'use_tc': '80', 'strides': {2: <Stride, 2, 16>}}}
3.857664108276367
{<Node, ladder_matmul>: {'block': [16, 2, 16, 16], 'warp': [8, 1, 16, 16], 'wmma': [16, 16, 16], 'use_cutlass': False, 'rstep': [32, 1], 'block_order': <NoRasterization>, 'use_tc': '80', 'strides': {2: <Stride, 2, 16>}}}
3.817471981048584
{<Node, ladder_matmul>: {'block': [1, 4, 16, 16], 'warp': [1, 1, 16, 16], 'wmma': [16, 16, 16], 'use_cutlass': False, 'rstep': [32, 1], 'block_order': <NoRasterization>, 'use_tc': '80', 'strides': {2: <Stride, 2, 16>}}}
8.334745407104492
{<Node, ladder_matmul>: {'block': [4, 1, 16, 16], 'warp': [1, 1, 16, 16], 'wmma': [16, 16, 16], 'use_cutlass': False, 'rstep': [32, 1], 'block_order': <NoRasterization>, 'use_tc': '80', 'strides': {2: <Stride, 2, 16>}}}
8.273510932922363
{<Node, ladder_matmul>: {'block': [1, 2, 16, 16], 'warp': [1, 1, 16, 16], 'wmma': [16, 16, 16], 'use_cutlass': False, 'rstep': [32, 1], 'block_order': <NoRasterization>, 'use_tc': '80', 'strides': {2: <Stride, 2, 16>}}}
9.792256355285645
top1: 2.0125696659088135 	top10: 2.0125696659088135
--------------------------------------------------------------------------------
best config: {<Node, ladder_matmul>: {'block': [8, 8, 16, 16], 'warp': [4, 4, 16, 16], 'wmma': [16, 16, 16], 'use_cutlass': False, 'rstep': [32, 1], 'block_order': <NoRasterization>, 'use_tc': '80', 'strides': {2: <Stride, 2, 16>}}}
best latency: 2.0125696659088135
{<Node, ladder_matmul>: {'block': [8, 8, 16, 16], 'warp': [4, 4, 16, 16], 'wmma': [16, 16, 16], 'use_cutlass': False, 'rstep': [32, 1], 'block_order': <NoRasterization>, 'use_tc': '80', 'strides': {2: <Stride, 2, 16>}}}
7.294156551361084
{<Node, ladder_matmul>: {'block': [8, 7, 16, 16], 'warp': [2, 7, 16, 16], 'wmma': [16, 16, 16], 'use_cutlass': False, 'rstep': [32, 1], 'block_order': <NoRasterization>, 'use_tc': '80', 'strides': {2: <Stride, 2, 16>}}}
7.564902305603027
{<Node, ladder_matmul>: {'block': [8, 4, 16, 16], 'warp': [4, 2, 16, 16], 'wmma': [16, 16, 16], 'use_cutlass': False, 'rstep': [32, 1], 'block_order': <NoRasterization>, 'use_tc': '80', 'strides': {2: <Stride, 2, 16>}}}
9.810534477233887
{<Node, ladder_matmul>: {'block': [4, 8, 16, 16], 'warp': [2, 4, 16, 16], 'wmma': [16, 16, 16], 'use_cutlass': False, 'rstep': [32, 1], 'block_order': <NoRasterization>, 'use_tc': '80', 'strides': {2: <Stride, 2, 16>}}}
9.60348129272461
{<Node, ladder_matmul>: {'block': [16, 8, 16, 16], 'warp': [8, 4, 16, 16], 'wmma': [16, 16, 16], 'use_cutlass': False, 'rstep': [32, 1], 'block_order': <NoRasterization>, 'use_tc': '80', 'strides': {2: <Stride, 2, 16>}}}
7.360716819763184
{<Node, ladder_matmul>: {'block': [8, 16, 16, 16], 'warp': [4, 8, 16, 16], 'wmma': [16, 16, 16], 'use_cutlass': False, 'rstep': [32, 1], 'block_order': <NoRasterization>, 'use_tc': '80', 'strides': {2: <Stride, 2, 16>}}}
7.741030216217041
{<Node, ladder_matmul>: {'block': [4, 7, 16, 16], 'warp': [1, 7, 16, 16], 'wmma': [16, 16, 16], 'use_cutlass': False, 'rstep': [32, 1], 'block_order': <NoRasterization>, 'use_tc': '80', 'strides': {2: <Stride, 2, 16>}}}
10.489446640014648
{<Node, ladder_matmul>: {'block': [8, 14, 16, 16], 'warp': [4, 7, 16, 16], 'wmma': [16, 16, 16], 'use_cutlass': False, 'rstep': [32, 1], 'block_order': <NoRasterization>, 'use_tc': '80', 'strides': {2: <Stride, 2, 16>}}}
7.473971366882324
{<Node, ladder_matmul>: {'block': [16, 7, 16, 16], 'warp': [4, 7, 16, 16], 'wmma': [16, 16, 16], 'use_cutlass': False, 'rstep': [32, 1], 'block_order': <NoRasterization>, 'use_tc': '80', 'strides': {2: <Stride, 2, 16>}}}
7.5778045654296875
{<Node, ladder_matmul>: {'block': [4, 4, 16, 16], 'warp': [2, 2, 16, 16], 'wmma': [16, 16, 16], 'use_cutlass': False, 'rstep': [32, 1], 'block_order': <NoRasterization>, 'use_tc': '80', 'strides': {2: <Stride, 2, 16>}}}
12.521882057189941
{<Node, ladder_matmul>: {'block': [2, 8, 16, 16], 'warp': [1, 4, 16, 16], 'wmma': [16, 16, 16], 'use_cutlass': False, 'rstep': [32, 1], 'block_order': <NoRasterization>, 'use_tc': '80', 'strides': {2: <Stride, 2, 16>}}}
15.465472221374512
{<Node, ladder_matmul>: {'block': [8, 2, 16, 16], 'warp': [4, 1, 16, 16], 'wmma': [16, 16, 16], 'use_cutlass': False, 'rstep': [32, 1], 'block_order': <NoRasterization>, 'use_tc': '80', 'strides': {2: <Stride, 2, 16>}}}
15.517695426940918
{<Node, ladder_matmul>: {'block': [16, 4, 16, 16], 'warp': [8, 2, 16, 16], 'wmma': [16, 16, 16], 'use_cutlass': False, 'rstep': [32, 1], 'block_order': <NoRasterization>, 'use_tc': '80', 'strides': {2: <Stride, 2, 16>}}}
8.35706901550293
{<Node, ladder_matmul>: {'block': [4, 16, 16, 16], 'warp': [2, 8, 16, 16], 'wmma': [16, 16, 16], 'use_cutlass': False, 'rstep': [32, 1], 'block_order': <NoRasterization>, 'use_tc': '80', 'strides': {2: <Stride, 2, 16>}}}
8.471756935119629
{<Node, ladder_matmul>: {'block': [2, 7, 16, 16], 'warp': [2, 1, 16, 16], 'wmma': [16, 16, 16], 'use_cutlass': False, 'rstep': [32, 1], 'block_order': <NoRasterization>, 'use_tc': '80', 'strides': {2: <Stride, 2, 16>}}}
16.723712921142578
{<Node, ladder_matmul>: {'block': [4, 14, 16, 16], 'warp': [2, 7, 16, 16], 'wmma': [16, 16, 16], 'use_cutlass': False, 'rstep': [32, 1], 'block_order': <NoRasterization>, 'use_tc': '80', 'strides': {2: <Stride, 2, 16>}}}
8.560026168823242
{<Node, ladder_matmul>: {'block': [2, 4, 16, 16], 'warp': [1, 2, 16, 16], 'wmma': [16, 16, 16], 'use_cutlass': False, 'rstep': [32, 1], 'block_order': <NoRasterization>, 'use_tc': '80', 'strides': {2: <Stride, 2, 16>}}}
18.627378463745117
{<Node, ladder_matmul>: {'block': [4, 2, 16, 16], 'warp': [2, 1, 16, 16], 'wmma': [16, 16, 16], 'use_cutlass': False, 'rstep': [32, 1], 'block_order': <NoRasterization>, 'use_tc': '80', 'strides': {2: <Stride, 2, 16>}}}
18.169857025146484
{<Node, ladder_matmul>: {'block': [2, 14, 16, 16], 'warp': [1, 7, 16, 16], 'wmma': [16, 16, 16], 'use_cutlass': False, 'rstep': [32, 1], 'block_order': <NoRasterization>, 'use_tc': '80', 'strides': {2: <Stride, 2, 16>}}}
14.72389030456543
{<Node, ladder_matmul>: {'block': [2, 2, 16, 16], 'warp': [1, 1, 16, 16], 'wmma': [16, 16, 16], 'use_cutlass': False, 'rstep': [32, 1], 'block_order': <NoRasterization>, 'use_tc': '80', 'strides': {2: <Stride, 2, 16>}}}
24.07423973083496
top1: 7.294156551361084 	top10: 7.294156551361084
--------------------------------------------------------------------------------
best config: {<Node, ladder_matmul>: {'block': [8, 8, 16, 16], 'warp': [4, 4, 16, 16], 'wmma': [16, 16, 16], 'use_cutlass': False, 'rstep': [32, 1], 'block_order': <NoRasterization>, 'use_tc': '80', 'strides': {2: <Stride, 2, 16>}}}
best latency: 7.294156551361084
{<Node, ladder_matmul>: {'block': [8, 8, 16, 16], 'warp': [4, 4, 16, 16], 'wmma': [16, 16, 16], 'use_cutlass': False, 'rstep': [32, 1], 'block_order': <NoRasterization>, 'use_tc': '80', 'strides': {2: <Stride, 2, 16>}}}
7.215923309326172
{<Node, ladder_matmul>: {'block': [4, 8, 16, 16], 'warp': [2, 4, 16, 16], 'wmma': [16, 16, 16], 'use_cutlass': False, 'rstep': [32, 1], 'block_order': <NoRasterization>, 'use_tc': '80', 'strides': {2: <Stride, 2, 16>}}}
10.759782791137695
{<Node, ladder_matmul>: {'block': [8, 4, 16, 16], 'warp': [4, 2, 16, 16], 'wmma': [16, 16, 16], 'use_cutlass': False, 'rstep': [32, 1], 'block_order': <NoRasterization>, 'use_tc': '80', 'strides': {2: <Stride, 2, 16>}}}
12.380365371704102
{<Node, ladder_matmul>: {'block': [8, 16, 16, 16], 'warp': [4, 8, 16, 16], 'wmma': [16, 16, 16], 'use_cutlass': False, 'rstep': [32, 1], 'block_order': <NoRasterization>, 'use_tc': '80', 'strides': {2: <Stride, 2, 16>}}}
7.946444511413574
{<Node, ladder_matmul>: {'block': [16, 8, 16, 16], 'warp': [8, 4, 16, 16], 'wmma': [16, 16, 16], 'use_cutlass': False, 'rstep': [32, 1], 'block_order': <NoRasterization>, 'use_tc': '80', 'strides': {2: <Stride, 2, 16>}}}
7.639654636383057
{<Node, ladder_matmul>: {'block': [4, 4, 16, 16], 'warp': [2, 2, 16, 16], 'wmma': [16, 16, 16], 'use_cutlass': False, 'rstep': [32, 1], 'block_order': <NoRasterization>, 'use_tc': '80', 'strides': {2: <Stride, 2, 16>}}}
14.598553657531738
{<Node, ladder_matmul>: {'block': [2, 8, 16, 16], 'warp': [1, 4, 16, 16], 'wmma': [16, 16, 16], 'use_cutlass': False, 'rstep': [32, 1], 'block_order': <NoRasterization>, 'use_tc': '80', 'strides': {2: <Stride, 2, 16>}}}
17.57388687133789
{<Node, ladder_matmul>: {'block': [8, 2, 16, 16], 'warp': [4, 1, 16, 16], 'wmma': [16, 16, 16], 'use_cutlass': False, 'rstep': [32, 1], 'block_order': <NoRasterization>, 'use_tc': '80', 'strides': {2: <Stride, 2, 16>}}}
22.96258544921875
{<Node, ladder_matmul>: {'block': [4, 16, 16, 16], 'warp': [2, 8, 16, 16], 'wmma': [16, 16, 16], 'use_cutlass': False, 'rstep': [32, 1], 'block_order': <NoRasterization>, 'use_tc': '80', 'strides': {2: <Stride, 2, 16>}}}
8.654643058776855
{<Node, ladder_matmul>: {'block': [16, 4, 16, 16], 'warp': [8, 2, 16, 16], 'wmma': [16, 16, 16], 'use_cutlass': False, 'rstep': [32, 1], 'block_order': <NoRasterization>, 'use_tc': '80', 'strides': {2: <Stride, 2, 16>}}}
9.64055061340332
{<Node, ladder_matmul>: {'block': [2, 4, 16, 16], 'warp': [1, 2, 16, 16], 'wmma': [16, 16, 16], 'use_cutlass': False, 'rstep': [32, 1], 'block_order': <NoRasterization>, 'use_tc': '80', 'strides': {2: <Stride, 2, 16>}}}
20.830411911010742
{<Node, ladder_matmul>: {'block': [4, 2, 16, 16], 'warp': [2, 1, 16, 16], 'wmma': [16, 16, 16], 'use_cutlass': False, 'rstep': [32, 1], 'block_order': <NoRasterization>, 'use_tc': '80', 'strides': {2: <Stride, 2, 16>}}}
22.612991333007812
{<Node, ladder_matmul>: {'block': [2, 2, 16, 16], 'warp': [1, 1, 16, 16], 'wmma': [16, 16, 16], 'use_cutlass': False, 'rstep': [32, 1], 'block_order': <NoRasterization>, 'use_tc': '80', 'strides': {2: <Stride, 2, 16>}}}
26.289562225341797
{<Node, ladder_matmul>: {'block': [1, 8, 16, 16], 'warp': [1, 2, 16, 16], 'wmma': [16, 16, 16], 'use_cutlass': False, 'rstep': [32, 1], 'block_order': <NoRasterization>, 'use_tc': '80', 'strides': {2: <Stride, 2, 16>}}}
30.2225399017334
{<Node, ladder_matmul>: {'block': [8, 1, 16, 16], 'warp': [2, 1, 16, 16], 'wmma': [16, 16, 16], 'use_cutlass': False, 'rstep': [32, 1], 'block_order': <NoRasterization>, 'use_tc': '80', 'strides': {2: <Stride, 2, 16>}}}
44.609127044677734
{<Node, ladder_matmul>: {'block': [2, 16, 16, 16], 'warp': [1, 8, 16, 16], 'wmma': [16, 16, 16], 'use_cutlass': False, 'rstep': [32, 1], 'block_order': <NoRasterization>, 'use_tc': '80', 'strides': {2: <Stride, 2, 16>}}}
15.416318893432617
{<Node, ladder_matmul>: {'block': [16, 2, 16, 16], 'warp': [8, 1, 16, 16], 'wmma': [16, 16, 16], 'use_cutlass': False, 'rstep': [32, 1], 'block_order': <NoRasterization>, 'use_tc': '80', 'strides': {2: <Stride, 2, 16>}}}
23.598285675048828
{<Node, ladder_matmul>: {'block': [1, 4, 16, 16], 'warp': [1, 1, 16, 16], 'wmma': [16, 16, 16], 'use_cutlass': False, 'rstep': [32, 1], 'block_order': <NoRasterization>, 'use_tc': '80', 'strides': {2: <Stride, 2, 16>}}}
33.95440673828125
{<Node, ladder_matmul>: {'block': [4, 1, 16, 16], 'warp': [1, 1, 16, 16], 'wmma': [16, 16, 16], 'use_cutlass': False, 'rstep': [32, 1], 'block_order': <NoRasterization>, 'use_tc': '80', 'strides': {2: <Stride, 2, 16>}}}
34.912052154541016
{<Node, ladder_matmul>: {'block': [1, 2, 16, 16], 'warp': [1, 1, 16, 16], 'wmma': [16, 16, 16], 'use_cutlass': False, 'rstep': [32, 1], 'block_order': <NoRasterization>, 'use_tc': '80', 'strides': {2: <Stride, 2, 16>}}}
38.46656036376953
top1: 7.215923309326172 	top10: 7.215923309326172
--------------------------------------------------------------------------------
best config: {<Node, ladder_matmul>: {'block': [8, 8, 16, 16], 'warp': [4, 4, 16, 16], 'wmma': [16, 16, 16], 'use_cutlass': False, 'rstep': [32, 1], 'block_order': <NoRasterization>, 'use_tc': '80', 'strides': {2: <Stride, 2, 16>}}}
best latency: 7.215923309326172
4096_1024_8192	0.33300480246543884
4096_8192_8192	2.0125696659088135
4096_28672_8192	7.294156551361084
4096_8192_28672	7.215923309326172
