{<Node, ladder_matmul>: {'block': [4, 8, 16, 16], 'warp': [2, 4, 16, 16], 'wmma': [16, 16, 16], 'use_cutlass': False, 'rstep': [32, 1], 'block_order': <NoRasterization>, 'use_tc': '70', 'strides': {2: <Stride, 2, 16>}}}
1.3797376155853271
{<Node, ladder_matmul>: {'block': [8, 4, 16, 16], 'warp': [4, 2, 16, 16], 'wmma': [16, 16, 16], 'use_cutlass': False, 'rstep': [32, 1], 'block_order': <NoRasterization>, 'use_tc': '70', 'strides': {2: <Stride, 2, 16>}}}
1.499955177307129
{<Node, ladder_matmul>: {'block': [8, 16, 16, 16], 'warp': [4, 8, 16, 16], 'wmma': [16, 16, 16], 'use_cutlass': False, 'rstep': [32, 1], 'block_order': <NoRasterization>, 'use_tc': '70', 'strides': {2: <Stride, 2, 16>}}}
100000000.0
{<Node, ladder_matmul>: {'block': [16, 8, 16, 16], 'warp': [8, 4, 16, 16], 'wmma': [16, 16, 16], 'use_cutlass': False, 'rstep': [32, 1], 'block_order': <NoRasterization>, 'use_tc': '70', 'strides': {2: <Stride, 2, 16>}}}
100000000.0
{<Node, ladder_matmul>: {'block': [4, 4, 16, 16], 'warp': [2, 2, 16, 16], 'wmma': [16, 16, 16], 'use_cutlass': False, 'rstep': [32, 1], 'block_order': <NoRasterization>, 'use_tc': '70', 'strides': {2: <Stride, 2, 16>}}}
1.6297982931137085
{<Node, ladder_matmul>: {'block': [8, 8, 16, 16], 'warp': [4, 4, 16, 16], 'wmma': [16, 16, 16], 'use_cutlass': False, 'rstep': [32, 1], 'block_order': <NoRasterization>, 'use_tc': '70', 'strides': {2: <Stride, 2, 16>}}}
1.125369668006897
{<Node, ladder_matmul>: {'block': [2, 8, 16, 16], 'warp': [1, 4, 16, 16], 'wmma': [16, 16, 16], 'use_cutlass': False, 'rstep': [32, 1], 'block_order': <NoRasterization>, 'use_tc': '70', 'strides': {2: <Stride, 2, 16>}}}
1.9263551235198975
{<Node, ladder_matmul>: {'block': [8, 2, 16, 16], 'warp': [4, 1, 16, 16], 'wmma': [16, 16, 16], 'use_cutlass': False, 'rstep': [32, 1], 'block_order': <NoRasterization>, 'use_tc': '70', 'strides': {2: <Stride, 2, 16>}}}
2.460671901702881
{<Node, ladder_matmul>: {'block': [4, 16, 16, 16], 'warp': [2, 8, 16, 16], 'wmma': [16, 16, 16], 'use_cutlass': False, 'rstep': [32, 1], 'block_order': <NoRasterization>, 'use_tc': '70', 'strides': {2: <Stride, 2, 16>}}}
100000000.0
{<Node, ladder_matmul>: {'block': [16, 4, 16, 16], 'warp': [8, 2, 16, 16], 'wmma': [16, 16, 16], 'use_cutlass': False, 'rstep': [32, 1], 'block_order': <NoRasterization>, 'use_tc': '70', 'strides': {2: <Stride, 2, 16>}}}
100000000.0
{<Node, ladder_matmul>: {'block': [2, 4, 16, 16], 'warp': [1, 2, 16, 16], 'wmma': [16, 16, 16], 'use_cutlass': False, 'rstep': [32, 1], 'block_order': <NoRasterization>, 'use_tc': '70', 'strides': {2: <Stride, 2, 16>}}}
2.2034430503845215
{<Node, ladder_matmul>: {'block': [4, 2, 16, 16], 'warp': [2, 1, 16, 16], 'wmma': [16, 16, 16], 'use_cutlass': False, 'rstep': [32, 1], 'block_order': <NoRasterization>, 'use_tc': '70', 'strides': {2: <Stride, 2, 16>}}}
2.492006540298462
{<Node, ladder_matmul>: {'block': [2, 2, 16, 16], 'warp': [1, 1, 16, 16], 'wmma': [16, 16, 16], 'use_cutlass': False, 'rstep': [32, 1], 'block_order': <NoRasterization>, 'use_tc': '70', 'strides': {2: <Stride, 2, 16>}}}
3.0623743534088135
{<Node, ladder_matmul>: {'block': [1, 8, 16, 16], 'warp': [1, 2, 16, 16], 'wmma': [16, 16, 16], 'use_cutlass': False, 'rstep': [32, 1], 'block_order': <NoRasterization>, 'use_tc': '70', 'strides': {2: <Stride, 2, 16>}}}
2.6994752883911133
{<Node, ladder_matmul>: {'block': [8, 1, 16, 16], 'warp': [2, 1, 16, 16], 'wmma': [16, 16, 16], 'use_cutlass': False, 'rstep': [32, 1], 'block_order': <NoRasterization>, 'use_tc': '70', 'strides': {2: <Stride, 2, 16>}}}
3.0031936168670654
{<Node, ladder_matmul>: {'block': [1, 4, 16, 16], 'warp': [1, 1, 16, 16], 'wmma': [16, 16, 16], 'use_cutlass': False, 'rstep': [32, 1], 'block_order': <NoRasterization>, 'use_tc': '70', 'strides': {2: <Stride, 2, 16>}}}
3.3454079627990723
{<Node, ladder_matmul>: {'block': [4, 1, 16, 16], 'warp': [1, 1, 16, 16], 'wmma': [16, 16, 16], 'use_cutlass': False, 'rstep': [32, 1], 'block_order': <NoRasterization>, 'use_tc': '70', 'strides': {2: <Stride, 2, 16>}}}
3.3720240592956543
{<Node, ladder_matmul>: {'block': [2, 16, 16, 16], 'warp': [1, 8, 16, 16], 'wmma': [16, 16, 16], 'use_cutlass': False, 'rstep': [32, 1], 'block_order': <NoRasterization>, 'use_tc': '70', 'strides': {2: <Stride, 2, 16>}}}
2.0508673191070557
{<Node, ladder_matmul>: {'block': [16, 2, 16, 16], 'warp': [8, 1, 16, 16], 'wmma': [16, 16, 16], 'use_cutlass': False, 'rstep': [32, 1], 'block_order': <NoRasterization>, 'use_tc': '70', 'strides': {2: <Stride, 2, 16>}}}
2.4539198875427246
{<Node, ladder_matmul>: {'block': [1, 2, 16, 16], 'warp': [1, 1, 16, 16], 'wmma': [16, 16, 16], 'use_cutlass': False, 'rstep': [32, 1], 'block_order': <NoRasterization>, 'use_tc': '70', 'strides': {2: <Stride, 2, 16>}}}
3.938508987426758
top1: 1.3797376155853271 	top10: 1.125369668006897
--------------------------------------------------------------------------------
best config: {<Node, ladder_matmul>: {'block': [8, 8, 16, 16], 'warp': [4, 4, 16, 16], 'wmma': [16, 16, 16], 'use_cutlass': False, 'rstep': [32, 1], 'block_order': <NoRasterization>, 'use_tc': '70', 'strides': {2: <Stride, 2, 16>}}}
best latency: 1.125369668006897
{<Node, ladder_matmul>: {'block': [8, 8, 16, 16], 'warp': [4, 4, 16, 16], 'wmma': [16, 16, 16], 'use_cutlass': False, 'rstep': [32, 1], 'block_order': <NoRasterization>, 'use_tc': '70', 'strides': {2: <Stride, 2, 16>}}}
7.5616254806518555
{<Node, ladder_matmul>: {'block': [4, 8, 16, 16], 'warp': [2, 4, 16, 16], 'wmma': [16, 16, 16], 'use_cutlass': False, 'rstep': [32, 1], 'block_order': <NoRasterization>, 'use_tc': '70', 'strides': {2: <Stride, 2, 16>}}}
10.096435546875
{<Node, ladder_matmul>: {'block': [8, 4, 16, 16], 'warp': [4, 2, 16, 16], 'wmma': [16, 16, 16], 'use_cutlass': False, 'rstep': [32, 1], 'block_order': <NoRasterization>, 'use_tc': '70', 'strides': {2: <Stride, 2, 16>}}}
9.115034103393555
{<Node, ladder_matmul>: {'block': [8, 16, 16, 16], 'warp': [4, 8, 16, 16], 'wmma': [16, 16, 16], 'use_cutlass': False, 'rstep': [32, 1], 'block_order': <NoRasterization>, 'use_tc': '70', 'strides': {2: <Stride, 2, 16>}}}
100000000.0
{<Node, ladder_matmul>: {'block': [16, 8, 16, 16], 'warp': [8, 4, 16, 16], 'wmma': [16, 16, 16], 'use_cutlass': False, 'rstep': [32, 1], 'block_order': <NoRasterization>, 'use_tc': '70', 'strides': {2: <Stride, 2, 16>}}}
100000000.0
{<Node, ladder_matmul>: {'block': [4, 4, 16, 16], 'warp': [2, 2, 16, 16], 'wmma': [16, 16, 16], 'use_cutlass': False, 'rstep': [32, 1], 'block_order': <NoRasterization>, 'use_tc': '70', 'strides': {2: <Stride, 2, 16>}}}
11.050394058227539
{<Node, ladder_matmul>: {'block': [2, 8, 16, 16], 'warp': [1, 4, 16, 16], 'wmma': [16, 16, 16], 'use_cutlass': False, 'rstep': [32, 1], 'block_order': <NoRasterization>, 'use_tc': '70', 'strides': {2: <Stride, 2, 16>}}}
19.216588973999023
{<Node, ladder_matmul>: {'block': [8, 2, 16, 16], 'warp': [4, 1, 16, 16], 'wmma': [16, 16, 16], 'use_cutlass': False, 'rstep': [32, 1], 'block_order': <NoRasterization>, 'use_tc': '70', 'strides': {2: <Stride, 2, 16>}}}
15.684198379516602
{<Node, ladder_matmul>: {'block': [4, 16, 16, 16], 'warp': [2, 8, 16, 16], 'wmma': [16, 16, 16], 'use_cutlass': False, 'rstep': [32, 1], 'block_order': <NoRasterization>, 'use_tc': '70', 'strides': {2: <Stride, 2, 16>}}}
100000000.0
{<Node, ladder_matmul>: {'block': [16, 4, 16, 16], 'warp': [8, 2, 16, 16], 'wmma': [16, 16, 16], 'use_cutlass': False, 'rstep': [32, 1], 'block_order': <NoRasterization>, 'use_tc': '70', 'strides': {2: <Stride, 2, 16>}}}
100000000.0
{<Node, ladder_matmul>: {'block': [2, 4, 16, 16], 'warp': [1, 2, 16, 16], 'wmma': [16, 16, 16], 'use_cutlass': False, 'rstep': [32, 1], 'block_order': <NoRasterization>, 'use_tc': '70', 'strides': {2: <Stride, 2, 16>}}}
19.511295318603516
{<Node, ladder_matmul>: {'block': [4, 2, 16, 16], 'warp': [2, 1, 16, 16], 'wmma': [16, 16, 16], 'use_cutlass': False, 'rstep': [32, 1], 'block_order': <NoRasterization>, 'use_tc': '70', 'strides': {2: <Stride, 2, 16>}}}
17.720319747924805
{<Node, ladder_matmul>: {'block': [2, 2, 16, 16], 'warp': [1, 1, 16, 16], 'wmma': [16, 16, 16], 'use_cutlass': False, 'rstep': [32, 1], 'block_order': <NoRasterization>, 'use_tc': '70', 'strides': {2: <Stride, 2, 16>}}}
24.670207977294922
{<Node, ladder_matmul>: {'block': [1, 8, 16, 16], 'warp': [1, 2, 16, 16], 'wmma': [16, 16, 16], 'use_cutlass': False, 'rstep': [32, 1], 'block_order': <NoRasterization>, 'use_tc': '70', 'strides': {2: <Stride, 2, 16>}}}
37.916465759277344
{<Node, ladder_matmul>: {'block': [8, 1, 16, 16], 'warp': [2, 1, 16, 16], 'wmma': [16, 16, 16], 'use_cutlass': False, 'rstep': [32, 1], 'block_order': <NoRasterization>, 'use_tc': '70', 'strides': {2: <Stride, 2, 16>}}}
20.160717010498047
{<Node, ladder_matmul>: {'block': [2, 16, 16, 16], 'warp': [1, 8, 16, 16], 'wmma': [16, 16, 16], 'use_cutlass': False, 'rstep': [32, 1], 'block_order': <NoRasterization>, 'use_tc': '70', 'strides': {2: <Stride, 2, 16>}}}
18.45555305480957
{<Node, ladder_matmul>: {'block': [16, 2, 16, 16], 'warp': [8, 1, 16, 16], 'wmma': [16, 16, 16], 'use_cutlass': False, 'rstep': [32, 1], 'block_order': <NoRasterization>, 'use_tc': '70', 'strides': {2: <Stride, 2, 16>}}}
14.693784713745117
{<Node, ladder_matmul>: {'block': [1, 4, 16, 16], 'warp': [1, 1, 16, 16], 'wmma': [16, 16, 16], 'use_cutlass': False, 'rstep': [32, 1], 'block_order': <NoRasterization>, 'use_tc': '70', 'strides': {2: <Stride, 2, 16>}}}
38.043235778808594
{<Node, ladder_matmul>: {'block': [4, 1, 16, 16], 'warp': [1, 1, 16, 16], 'wmma': [16, 16, 16], 'use_cutlass': False, 'rstep': [32, 1], 'block_order': <NoRasterization>, 'use_tc': '70', 'strides': {2: <Stride, 2, 16>}}}
23.137893676757812
{<Node, ladder_matmul>: {'block': [1, 2, 16, 16], 'warp': [1, 1, 16, 16], 'wmma': [16, 16, 16], 'use_cutlass': False, 'rstep': [32, 1], 'block_order': <NoRasterization>, 'use_tc': '70', 'strides': {2: <Stride, 2, 16>}}}
39.286170959472656
top1: 7.5616254806518555 	top10: 7.5616254806518555
--------------------------------------------------------------------------------
best config: {<Node, ladder_matmul>: {'block': [8, 8, 16, 16], 'warp': [4, 4, 16, 16], 'wmma': [16, 16, 16], 'use_cutlass': False, 'rstep': [32, 1], 'block_order': <NoRasterization>, 'use_tc': '70', 'strides': {2: <Stride, 2, 16>}}}
best latency: 7.5616254806518555
{<Node, ladder_matmul>: {'block': [8, 8, 16, 16], 'warp': [4, 4, 16, 16], 'wmma': [16, 16, 16], 'use_cutlass': False, 'rstep': [32, 1], 'block_order': <NoRasterization>, 'use_tc': '70', 'strides': {2: <Stride, 2, 16>}}}
25.657958984375
{<Node, ladder_matmul>: {'block': [8, 7, 16, 16], 'warp': [2, 7, 16, 16], 'wmma': [16, 16, 16], 'use_cutlass': False, 'rstep': [32, 1], 'block_order': <NoRasterization>, 'use_tc': '70', 'strides': {2: <Stride, 2, 16>}}}
26.042367935180664
{<Node, ladder_matmul>: {'block': [8, 4, 16, 16], 'warp': [4, 2, 16, 16], 'wmma': [16, 16, 16], 'use_cutlass': False, 'rstep': [32, 1], 'block_order': <NoRasterization>, 'use_tc': '70', 'strides': {2: <Stride, 2, 16>}}}
31.217050552368164
{<Node, ladder_matmul>: {'block': [4, 8, 16, 16], 'warp': [2, 4, 16, 16], 'wmma': [16, 16, 16], 'use_cutlass': False, 'rstep': [32, 1], 'block_order': <NoRasterization>, 'use_tc': '70', 'strides': {2: <Stride, 2, 16>}}}
36.18815994262695
{<Node, ladder_matmul>: {'block': [16, 8, 16, 16], 'warp': [8, 4, 16, 16], 'wmma': [16, 16, 16], 'use_cutlass': False, 'rstep': [32, 1], 'block_order': <NoRasterization>, 'use_tc': '70', 'strides': {2: <Stride, 2, 16>}}}
100000000.0
{<Node, ladder_matmul>: {'block': [8, 16, 16, 16], 'warp': [4, 8, 16, 16], 'wmma': [16, 16, 16], 'use_cutlass': False, 'rstep': [32, 1], 'block_order': <NoRasterization>, 'use_tc': '70', 'strides': {2: <Stride, 2, 16>}}}
100000000.0
{<Node, ladder_matmul>: {'block': [4, 7, 16, 16], 'warp': [1, 7, 16, 16], 'wmma': [16, 16, 16], 'use_cutlass': False, 'rstep': [32, 1], 'block_order': <NoRasterization>, 'use_tc': '70', 'strides': {2: <Stride, 2, 16>}}}
36.86133575439453
{<Node, ladder_matmul>: {'block': [8, 14, 16, 16], 'warp': [4, 7, 16, 16], 'wmma': [16, 16, 16], 'use_cutlass': False, 'rstep': [32, 1], 'block_order': <NoRasterization>, 'use_tc': '70', 'strides': {2: <Stride, 2, 16>}}}
100000000.0
{<Node, ladder_matmul>: {'block': [16, 7, 16, 16], 'warp': [4, 7, 16, 16], 'wmma': [16, 16, 16], 'use_cutlass': False, 'rstep': [32, 1], 'block_order': <NoRasterization>, 'use_tc': '70', 'strides': {2: <Stride, 2, 16>}}}
100000000.0
{<Node, ladder_matmul>: {'block': [4, 4, 16, 16], 'warp': [2, 2, 16, 16], 'wmma': [16, 16, 16], 'use_cutlass': False, 'rstep': [32, 1], 'block_order': <NoRasterization>, 'use_tc': '70', 'strides': {2: <Stride, 2, 16>}}}
39.48278045654297
{<Node, ladder_matmul>: {'block': [2, 8, 16, 16], 'warp': [1, 4, 16, 16], 'wmma': [16, 16, 16], 'use_cutlass': False, 'rstep': [32, 1], 'block_order': <NoRasterization>, 'use_tc': '70', 'strides': {2: <Stride, 2, 16>}}}
69.61479187011719
{<Node, ladder_matmul>: {'block': [8, 2, 16, 16], 'warp': [4, 1, 16, 16], 'wmma': [16, 16, 16], 'use_cutlass': False, 'rstep': [32, 1], 'block_order': <NoRasterization>, 'use_tc': '70', 'strides': {2: <Stride, 2, 16>}}}
53.90643310546875
{<Node, ladder_matmul>: {'block': [16, 4, 16, 16], 'warp': [8, 2, 16, 16], 'wmma': [16, 16, 16], 'use_cutlass': False, 'rstep': [32, 1], 'block_order': <NoRasterization>, 'use_tc': '70', 'strides': {2: <Stride, 2, 16>}}}
100000000.0
{<Node, ladder_matmul>: {'block': [4, 16, 16, 16], 'warp': [2, 8, 16, 16], 'wmma': [16, 16, 16], 'use_cutlass': False, 'rstep': [32, 1], 'block_order': <NoRasterization>, 'use_tc': '70', 'strides': {2: <Stride, 2, 16>}}}
100000000.0
{<Node, ladder_matmul>: {'block': [2, 7, 16, 16], 'warp': [2, 1, 16, 16], 'wmma': [16, 16, 16], 'use_cutlass': False, 'rstep': [32, 1], 'block_order': <NoRasterization>, 'use_tc': '70', 'strides': {2: <Stride, 2, 16>}}}
70.58616638183594
{<Node, ladder_matmul>: {'block': [4, 14, 16, 16], 'warp': [2, 7, 16, 16], 'wmma': [16, 16, 16], 'use_cutlass': False, 'rstep': [32, 1], 'block_order': <NoRasterization>, 'use_tc': '70', 'strides': {2: <Stride, 2, 16>}}}
35.859867095947266
{<Node, ladder_matmul>: {'block': [2, 4, 16, 16], 'warp': [1, 2, 16, 16], 'wmma': [16, 16, 16], 'use_cutlass': False, 'rstep': [32, 1], 'block_order': <NoRasterization>, 'use_tc': '70', 'strides': {2: <Stride, 2, 16>}}}
69.98589324951172
{<Node, ladder_matmul>: {'block': [4, 2, 16, 16], 'warp': [2, 1, 16, 16], 'wmma': [16, 16, 16], 'use_cutlass': False, 'rstep': [32, 1], 'block_order': <NoRasterization>, 'use_tc': '70', 'strides': {2: <Stride, 2, 16>}}}
59.26051712036133
{<Node, ladder_matmul>: {'block': [2, 14, 16, 16], 'warp': [1, 7, 16, 16], 'wmma': [16, 16, 16], 'use_cutlass': False, 'rstep': [32, 1], 'block_order': <NoRasterization>, 'use_tc': '70', 'strides': {2: <Stride, 2, 16>}}}
69.78273010253906
{<Node, ladder_matmul>: {'block': [2, 2, 16, 16], 'warp': [1, 1, 16, 16], 'wmma': [16, 16, 16], 'use_cutlass': False, 'rstep': [32, 1], 'block_order': <NoRasterization>, 'use_tc': '70', 'strides': {2: <Stride, 2, 16>}}}
75.65721130371094
top1: 25.657958984375 	top10: 25.657958984375
--------------------------------------------------------------------------------
best config: {<Node, ladder_matmul>: {'block': [8, 8, 16, 16], 'warp': [4, 4, 16, 16], 'wmma': [16, 16, 16], 'use_cutlass': False, 'rstep': [32, 1], 'block_order': <NoRasterization>, 'use_tc': '70', 'strides': {2: <Stride, 2, 16>}}}
best latency: 25.657958984375
{<Node, ladder_matmul>: {'block': [8, 8, 16, 16], 'warp': [4, 4, 16, 16], 'wmma': [16, 16, 16], 'use_cutlass': False, 'rstep': [32, 1], 'block_order': <NoRasterization>, 'use_tc': '70', 'strides': {2: <Stride, 2, 16>}}}
24.60733413696289
{<Node, ladder_matmul>: {'block': [4, 8, 16, 16], 'warp': [2, 4, 16, 16], 'wmma': [16, 16, 16], 'use_cutlass': False, 'rstep': [32, 1], 'block_order': <NoRasterization>, 'use_tc': '70', 'strides': {2: <Stride, 2, 16>}}}
37.326438903808594
{<Node, ladder_matmul>: {'block': [8, 4, 16, 16], 'warp': [4, 2, 16, 16], 'wmma': [16, 16, 16], 'use_cutlass': False, 'rstep': [32, 1], 'block_order': <NoRasterization>, 'use_tc': '70', 'strides': {2: <Stride, 2, 16>}}}
32.14479446411133
{<Node, ladder_matmul>: {'block': [8, 16, 16, 16], 'warp': [4, 8, 16, 16], 'wmma': [16, 16, 16], 'use_cutlass': False, 'rstep': [32, 1], 'block_order': <NoRasterization>, 'use_tc': '70', 'strides': {2: <Stride, 2, 16>}}}
100000000.0
{<Node, ladder_matmul>: {'block': [16, 8, 16, 16], 'warp': [8, 4, 16, 16], 'wmma': [16, 16, 16], 'use_cutlass': False, 'rstep': [32, 1], 'block_order': <NoRasterization>, 'use_tc': '70', 'strides': {2: <Stride, 2, 16>}}}
100000000.0
{<Node, ladder_matmul>: {'block': [4, 4, 16, 16], 'warp': [2, 2, 16, 16], 'wmma': [16, 16, 16], 'use_cutlass': False, 'rstep': [32, 1], 'block_order': <NoRasterization>, 'use_tc': '70', 'strides': {2: <Stride, 2, 16>}}}
40.099021911621094
{<Node, ladder_matmul>: {'block': [2, 8, 16, 16], 'warp': [1, 4, 16, 16], 'wmma': [16, 16, 16], 'use_cutlass': False, 'rstep': [32, 1], 'block_order': <NoRasterization>, 'use_tc': '70', 'strides': {2: <Stride, 2, 16>}}}
71.43199157714844
{<Node, ladder_matmul>: {'block': [8, 2, 16, 16], 'warp': [4, 1, 16, 16], 'wmma': [16, 16, 16], 'use_cutlass': False, 'rstep': [32, 1], 'block_order': <NoRasterization>, 'use_tc': '70', 'strides': {2: <Stride, 2, 16>}}}
54.81267166137695
{<Node, ladder_matmul>: {'block': [4, 16, 16, 16], 'warp': [2, 8, 16, 16], 'wmma': [16, 16, 16], 'use_cutlass': False, 'rstep': [32, 1], 'block_order': <NoRasterization>, 'use_tc': '70', 'strides': {2: <Stride, 2, 16>}}}
100000000.0
{<Node, ladder_matmul>: {'block': [16, 4, 16, 16], 'warp': [8, 2, 16, 16], 'wmma': [16, 16, 16], 'use_cutlass': False, 'rstep': [32, 1], 'block_order': <NoRasterization>, 'use_tc': '70', 'strides': {2: <Stride, 2, 16>}}}
100000000.0
{<Node, ladder_matmul>: {'block': [2, 4, 16, 16], 'warp': [1, 2, 16, 16], 'wmma': [16, 16, 16], 'use_cutlass': False, 'rstep': [32, 1], 'block_order': <NoRasterization>, 'use_tc': '70', 'strides': {2: <Stride, 2, 16>}}}
73.52709197998047
{<Node, ladder_matmul>: {'block': [4, 2, 16, 16], 'warp': [2, 1, 16, 16], 'wmma': [16, 16, 16], 'use_cutlass': False, 'rstep': [32, 1], 'block_order': <NoRasterization>, 'use_tc': '70', 'strides': {2: <Stride, 2, 16>}}}
60.23229217529297
{<Node, ladder_matmul>: {'block': [2, 2, 16, 16], 'warp': [1, 1, 16, 16], 'wmma': [16, 16, 16], 'use_cutlass': False, 'rstep': [32, 1], 'block_order': <NoRasterization>, 'use_tc': '70', 'strides': {2: <Stride, 2, 16>}}}
78.95121765136719
{<Node, ladder_matmul>: {'block': [1, 8, 16, 16], 'warp': [1, 2, 16, 16], 'wmma': [16, 16, 16], 'use_cutlass': False, 'rstep': [32, 1], 'block_order': <NoRasterization>, 'use_tc': '70', 'strides': {2: <Stride, 2, 16>}}}
139.24740600585938
{<Node, ladder_matmul>: {'block': [8, 1, 16, 16], 'warp': [2, 1, 16, 16], 'wmma': [16, 16, 16], 'use_cutlass': False, 'rstep': [32, 1], 'block_order': <NoRasterization>, 'use_tc': '70', 'strides': {2: <Stride, 2, 16>}}}
70.93165588378906
{<Node, ladder_matmul>: {'block': [2, 16, 16, 16], 'warp': [1, 8, 16, 16], 'wmma': [16, 16, 16], 'use_cutlass': False, 'rstep': [32, 1], 'block_order': <NoRasterization>, 'use_tc': '70', 'strides': {2: <Stride, 2, 16>}}}
68.28626251220703
{<Node, ladder_matmul>: {'block': [16, 2, 16, 16], 'warp': [8, 1, 16, 16], 'wmma': [16, 16, 16], 'use_cutlass': False, 'rstep': [32, 1], 'block_order': <NoRasterization>, 'use_tc': '70', 'strides': {2: <Stride, 2, 16>}}}
51.785728454589844
{<Node, ladder_matmul>: {'block': [1, 4, 16, 16], 'warp': [1, 1, 16, 16], 'wmma': [16, 16, 16], 'use_cutlass': False, 'rstep': [32, 1], 'block_order': <NoRasterization>, 'use_tc': '70', 'strides': {2: <Stride, 2, 16>}}}
138.76675415039062
{<Node, ladder_matmul>: {'block': [4, 1, 16, 16], 'warp': [1, 1, 16, 16], 'wmma': [16, 16, 16], 'use_cutlass': False, 'rstep': [32, 1], 'block_order': <NoRasterization>, 'use_tc': '70', 'strides': {2: <Stride, 2, 16>}}}
80.96665954589844
{<Node, ladder_matmul>: {'block': [1, 2, 16, 16], 'warp': [1, 1, 16, 16], 'wmma': [16, 16, 16], 'use_cutlass': False, 'rstep': [32, 1], 'block_order': <NoRasterization>, 'use_tc': '70', 'strides': {2: <Stride, 2, 16>}}}
146.63946533203125
top1: 24.60733413696289 	top10: 24.60733413696289
--------------------------------------------------------------------------------
best config: {<Node, ladder_matmul>: {'block': [8, 8, 16, 16], 'warp': [4, 4, 16, 16], 'wmma': [16, 16, 16], 'use_cutlass': False, 'rstep': [32, 1], 'block_order': <NoRasterization>, 'use_tc': '70', 'strides': {2: <Stride, 2, 16>}}}
best latency: 24.60733413696289
4096_1024_8192	1.125369668006897
4096_8192_8192	7.5616254806518555
4096_28672_8192	25.657958984375
4096_8192_28672	24.60733413696289
