{<Node, ladder_matmul>: {'block': [1, 4], 'thread': [1, 4], 'rstep': [2048], 'reduce_thread': [32], 'block_order': <NoRasterization>, 'vectorize': {'A': 8, 'B': 8}}}
0.009216000325977802
{<Node, ladder_matmul>: {'block': [1, 2], 'thread': [1, 2], 'rstep': [4096], 'reduce_thread': [64], 'block_order': <NoRasterization>, 'vectorize': {'A': 8, 'B': 8}}}
0.008923428133130074
{<Node, ladder_matmul>: {'block': [1, 1], 'thread': [1, 1], 'rstep': [4096], 'reduce_thread': [128], 'block_order': <NoRasterization>, 'vectorize': {'A': 8, 'B': 8}}}
0.008191999979317188
{<Node, ladder_matmul>: {'block': [1, 8], 'thread': [1, 8], 'rstep': [1024], 'reduce_thread': [16], 'block_order': <NoRasterization>, 'vectorize': {'A': 8, 'B': 8}}}
0.01187840010970831
{<Node, ladder_matmul>: {'block': [1, 16], 'thread': [1, 16], 'rstep': [512], 'reduce_thread': [8], 'block_order': <NoRasterization>, 'vectorize': {'A': 4, 'B': 8}}}
0.01621333323419094
{<Node, ladder_matmul>: {'block': [1, 32], 'thread': [1, 32], 'rstep': [256], 'reduce_thread': [4], 'block_order': <NoRasterization>, 'vectorize': {'A': 2, 'B': 8}}}
0.02908160164952278
{<Node, ladder_matmul>: {'block': [1, 64], 'thread': [1, 64], 'rstep': [128], 'reduce_thread': [2], 'block_order': <NoRasterization>, 'vectorize': {'B': 8}}}
0.05632000043988228
{<Node, ladder_matmul>: {'block': [1, 128], 'thread': [1, 128], 'rstep': [64], 'block_order': <NoRasterization>, 'vectorize': {'B': 8}}}
0.26099199056625366
{<Node, ladder_matmul>: {'block': [1, 256], 'thread': [1, 128], 'rstep': [64], 'block_order': <NoRasterization>, 'step': [1, 2], 'vectorize': {'B': 8}}}
0.4864000082015991
top1: 0.009216000325977802 	top10: 0.008191999979317188
--------------------------------------------------------------------------------
best config: {<Node, ladder_matmul>: {'block': [1, 1], 'thread': [1, 1], 'rstep': [4096], 'reduce_thread': [128], 'block_order': <NoRasterization>, 'vectorize': {'A': 8, 'B': 8}}}
best latency: 0.008191999979317188
{<Node, ladder_matmul>: {'block': [1, 4], 'thread': [1, 4], 'rstep': [2048], 'reduce_thread': [32], 'block_order': <NoRasterization>, 'vectorize': {'A': 8, 'B': 8}}}
0.0841728001832962
{<Node, ladder_matmul>: {'block': [1, 8], 'thread': [1, 8], 'rstep': [1024], 'reduce_thread': [16], 'block_order': <NoRasterization>, 'vectorize': {'A': 8, 'B': 8}}}
0.08540160208940506
{<Node, ladder_matmul>: {'block': [1, 2], 'thread': [1, 2], 'rstep': [4096], 'reduce_thread': [64], 'block_order': <NoRasterization>, 'vectorize': {'A': 8, 'B': 8}}}
0.08243200182914734
{<Node, ladder_matmul>: {'block': [1, 32], 'thread': [1, 32], 'rstep': [256], 'reduce_thread': [4], 'block_order': <NoRasterization>, 'vectorize': {'A': 2, 'B': 8}}}
0.10792960226535797
{<Node, ladder_matmul>: {'block': [1, 16], 'thread': [1, 16], 'rstep': [512], 'reduce_thread': [8], 'block_order': <NoRasterization>, 'vectorize': {'A': 4, 'B': 8}}}
0.08663039654493332
{<Node, ladder_matmul>: {'block': [1, 1], 'thread': [1, 1], 'rstep': [4096], 'reduce_thread': [128], 'block_order': <NoRasterization>, 'vectorize': {'A': 8, 'B': 8}}}
0.08055466413497925
{<Node, ladder_matmul>: {'block': [1, 64], 'thread': [1, 64], 'rstep': [128], 'reduce_thread': [2], 'block_order': <NoRasterization>, 'vectorize': {'B': 8}}}
0.16947199404239655
{<Node, ladder_matmul>: {'block': [1, 128], 'thread': [1, 128], 'rstep': [64], 'block_order': <NoRasterization>, 'vectorize': {'B': 8}}}
0.31564798951148987
{<Node, ladder_matmul>: {'block': [1, 256], 'thread': [1, 128], 'rstep': [64], 'block_order': <NoRasterization>, 'step': [1, 2], 'vectorize': {'B': 8}}}
0.5780479907989502
top1: 0.0841728001832962 	top10: 0.08055466413497925
--------------------------------------------------------------------------------
best config: {<Node, ladder_matmul>: {'block': [1, 1], 'thread': [1, 1], 'rstep': [4096], 'reduce_thread': [128], 'block_order': <NoRasterization>, 'vectorize': {'A': 8, 'B': 8}}}
best latency: 0.08055466413497925
{<Node, ladder_matmul>: {'block': [1, 14], 'thread': [1, 14], 'rstep': [512], 'reduce_thread': [8], 'block_order': <NoRasterization>, 'vectorize': {'B': 8}}}
0.29470720887184143
{<Node, ladder_matmul>: {'block': [1, 7], 'thread': [1, 7], 'rstep': [1024], 'reduce_thread': [16], 'block_order': <NoRasterization>, 'vectorize': {'B': 8}}}
0.2793472111225128
{<Node, ladder_matmul>: {'block': [1, 8], 'thread': [1, 8], 'rstep': [1024], 'reduce_thread': [16], 'block_order': <NoRasterization>, 'vectorize': {'A': 8, 'B': 8}}}
0.28426238894462585
{<Node, ladder_matmul>: {'block': [1, 16], 'thread': [1, 16], 'rstep': [512], 'reduce_thread': [8], 'block_order': <NoRasterization>, 'vectorize': {'A': 4, 'B': 8}}}
0.30617600679397583
{<Node, ladder_matmul>: {'block': [1, 4], 'thread': [1, 4], 'rstep': [2048], 'reduce_thread': [32], 'block_order': <NoRasterization>, 'vectorize': {'A': 8, 'B': 8}}}
0.2725887894630432
{<Node, ladder_matmul>: {'block': [1, 28], 'thread': [1, 28], 'rstep': [256], 'reduce_thread': [4], 'block_order': <NoRasterization>, 'vectorize': {'B': 8}}}
0.29818880558013916
{<Node, ladder_matmul>: {'block': [1, 32], 'thread': [1, 32], 'rstep': [256], 'reduce_thread': [4], 'block_order': <NoRasterization>, 'vectorize': {'A': 2, 'B': 8}}}
0.2994175851345062
{<Node, ladder_matmul>: {'block': [1, 2], 'thread': [1, 2], 'rstep': [4096], 'reduce_thread': [64], 'block_order': <NoRasterization>, 'vectorize': {'A': 8, 'B': 8}}}
0.2687999904155731
{<Node, ladder_matmul>: {'block': [1, 112], 'thread': [1, 112], 'rstep': [64], 'block_order': <NoRasterization>, 'vectorize': {'B': 8}}}
0.6569691300392151
{<Node, ladder_matmul>: {'block': [1, 56], 'thread': [1, 56], 'rstep': [128], 'reduce_thread': [2], 'block_order': <NoRasterization>, 'vectorize': {'B': 8}}}
0.4319232106208801
{<Node, ladder_matmul>: {'block': [1, 128], 'thread': [1, 128], 'rstep': [64], 'block_order': <NoRasterization>, 'vectorize': {'B': 8}}}
0.7154834866523743
{<Node, ladder_matmul>: {'block': [1, 64], 'thread': [1, 64], 'rstep': [128], 'reduce_thread': [2], 'block_order': <NoRasterization>, 'vectorize': {'B': 8}}}
0.43438082933425903
{<Node, ladder_matmul>: {'block': [1, 1], 'thread': [1, 1], 'rstep': [4096], 'reduce_thread': [128], 'block_order': <NoRasterization>, 'vectorize': {'A': 8, 'B': 8}}}
0.2647608816623688
{<Node, ladder_matmul>: {'block': [1, 224], 'thread': [1, 112], 'rstep': [64], 'block_order': <NoRasterization>, 'step': [1, 2], 'vectorize': {'B': 8}}}
0.8727893233299255
{<Node, ladder_matmul>: {'block': [1, 256], 'thread': [1, 128], 'rstep': [64], 'block_order': <NoRasterization>, 'step': [1, 2], 'vectorize': {'B': 8}}}
0.999082624912262
{<Node, ladder_matmul>: {'block': [1, 448], 'thread': [1, 112], 'rstep': [64], 'block_order': <NoRasterization>, 'step': [1, 2], 'vectorize': {'B': 8}}}
100000000.0
top1: 0.29470720887184143 	top10: 0.2647608816623688
--------------------------------------------------------------------------------
best config: {<Node, ladder_matmul>: {'block': [1, 1], 'thread': [1, 1], 'rstep': [4096], 'reduce_thread': [128], 'block_order': <NoRasterization>, 'vectorize': {'A': 8, 'B': 8}}}
best latency: 0.2647608816623688
{<Node, ladder_matmul>: {'block': [1, 4], 'thread': [1, 4], 'rstep': [2048], 'reduce_thread': [32], 'block_order': <NoRasterization>, 'vectorize': {'A': 8, 'B': 8}}}
0.28897279500961304
{<Node, ladder_matmul>: {'block': [1, 8], 'thread': [1, 8], 'rstep': [1024], 'reduce_thread': [16], 'block_order': <NoRasterization>, 'vectorize': {'A': 8, 'B': 8}}}
0.2791424095630646
{<Node, ladder_matmul>: {'block': [1, 2], 'thread': [1, 2], 'rstep': [4096], 'reduce_thread': [64], 'block_order': <NoRasterization>, 'vectorize': {'A': 8, 'B': 8}}}
0.27430400252342224
{<Node, ladder_matmul>: {'block': [1, 32], 'thread': [1, 32], 'rstep': [256], 'reduce_thread': [4], 'block_order': <NoRasterization>, 'vectorize': {'A': 2, 'B': 8}}}
0.36597758531570435
{<Node, ladder_matmul>: {'block': [1, 16], 'thread': [1, 16], 'rstep': [512], 'reduce_thread': [8], 'block_order': <NoRasterization>, 'vectorize': {'A': 4, 'B': 8}}}
0.28856319189071655
{<Node, ladder_matmul>: {'block': [1, 1], 'thread': [1, 1], 'rstep': [4096], 'reduce_thread': [128], 'block_order': <NoRasterization>, 'vectorize': {'A': 8, 'B': 8}}}
0.27084800601005554
{<Node, ladder_matmul>: {'block': [1, 64], 'thread': [1, 64], 'rstep': [128], 'reduce_thread': [2], 'block_order': <NoRasterization>, 'vectorize': {'B': 8}}}
0.6150144338607788
{<Node, ladder_matmul>: {'block': [1, 128], 'thread': [1, 128], 'rstep': [64], 'block_order': <NoRasterization>, 'vectorize': {'B': 8}}}
1.102116584777832
{<Node, ladder_matmul>: {'block': [1, 256], 'thread': [1, 128], 'rstep': [64], 'block_order': <NoRasterization>, 'step': [1, 2], 'vectorize': {'B': 8}}}
2.034278392791748
top1: 0.28897279500961304 	top10: 0.27084800601005554
--------------------------------------------------------------------------------
best config: {<Node, ladder_matmul>: {'block': [1, 1], 'thread': [1, 1], 'rstep': [4096], 'reduce_thread': [128], 'block_order': <NoRasterization>, 'vectorize': {'A': 8, 'B': 8}}}
best latency: 0.27084800601005554
1_1024_8192	0.008191999979317188
1_8192_8192	0.08055466413497925
1_28672_8192	0.2647608816623688
1_8192_28672	0.27084800601005554
