{<Node, ladder_matmul>: {'block': [16, 4, 16, 16], 'warp': [8, 2, 16, 16], 'wmma': [16, 16, 16], 'use_cutlass': False, 'rstep': [32, 1], 'block_order': <NoRasterization>, 'use_tc': '80', 'strides': {2: <Stride, 2, 16>}}}
0.5191680192947388
{<Node, ladder_matmul>: {'block': [8, 8, 16, 16], 'warp': [4, 4, 16, 16], 'wmma': [16, 16, 16], 'use_cutlass': False, 'rstep': [32, 1], 'block_order': <NoRasterization>, 'use_tc': '80', 'strides': {2: <Stride, 2, 16>}}}
0.4280320107936859
{<Node, ladder_matmul>: {'block': [8, 2, 16, 16], 'warp': [4, 1, 16, 16], 'wmma': [16, 16, 16], 'use_cutlass': False, 'rstep': [32, 1], 'block_order': <NoRasterization>, 'use_tc': '80', 'strides': {2: <Stride, 2, 16>}}}
0.7734613418579102
{<Node, ladder_matmul>: {'block': [8, 4, 16, 16], 'warp': [4, 2, 16, 16], 'wmma': [16, 16, 16], 'use_cutlass': False, 'rstep': [32, 1], 'block_order': <NoRasterization>, 'use_tc': '80', 'strides': {2: <Stride, 2, 16>}}}
0.5537279844284058
{<Node, ladder_matmul>: {'block': [16, 2, 16, 16], 'warp': [8, 1, 16, 16], 'wmma': [16, 16, 16], 'use_cutlass': False, 'rstep': [32, 1], 'block_order': <NoRasterization>, 'use_tc': '80', 'strides': {2: <Stride, 2, 16>}}}
0.7528960108757019
{<Node, ladder_matmul>: {'block': [16, 8, 16, 16], 'warp': [8, 4, 16, 16], 'wmma': [16, 16, 16], 'use_cutlass': False, 'rstep': [32, 1], 'block_order': <NoRasterization>, 'use_tc': '80', 'strides': {2: <Stride, 2, 16>}}}
0.6273024082183838
{<Node, ladder_matmul>: {'block': [32, 4, 16, 16], 'warp': [16, 2, 16, 16], 'wmma': [16, 16, 16], 'use_cutlass': False, 'rstep': [32, 1], 'block_order': <NoRasterization>, 'use_tc': '80', 'strides': {2: <Stride, 2, 16>}}}
100000000.0
{<Node, ladder_matmul>: {'block': [4, 2, 16, 16], 'warp': [2, 1, 16, 16], 'wmma': [16, 16, 16], 'use_cutlass': False, 'rstep': [32, 1], 'block_order': <NoRasterization>, 'use_tc': '80', 'strides': {2: <Stride, 2, 16>}}}
0.8389973640441895
{<Node, ladder_matmul>: {'block': [8, 1, 16, 16], 'warp': [2, 1, 16, 16], 'wmma': [16, 16, 16], 'use_cutlass': False, 'rstep': [32, 1], 'block_order': <NoRasterization>, 'use_tc': '80', 'strides': {2: <Stride, 2, 16>}}}
1.2718079090118408
{<Node, ladder_matmul>: {'block': [4, 4, 16, 16], 'warp': [2, 2, 16, 16], 'wmma': [16, 16, 16], 'use_cutlass': False, 'rstep': [32, 1], 'block_order': <NoRasterization>, 'use_tc': '80', 'strides': {2: <Stride, 2, 16>}}}
0.5754879713058472
{<Node, ladder_matmul>: {'block': [16, 1, 16, 16], 'warp': [4, 1, 16, 16], 'wmma': [16, 16, 16], 'use_cutlass': False, 'rstep': [32, 1], 'block_order': <NoRasterization>, 'use_tc': '80', 'strides': {2: <Stride, 2, 16>}}}
1.3003093004226685
{<Node, ladder_matmul>: {'block': [32, 8, 16, 16], 'warp': [16, 4, 16, 16], 'wmma': [16, 16, 16], 'use_cutlass': False, 'rstep': [32, 1], 'block_order': <NoRasterization>, 'use_tc': '80', 'strides': {2: <Stride, 2, 16>}}}
100000000.0
{<Node, ladder_matmul>: {'block': [4, 16, 16, 16], 'warp': [2, 8, 16, 16], 'wmma': [16, 16, 16], 'use_cutlass': False, 'rstep': [32, 1], 'block_order': <NoRasterization>, 'use_tc': '80', 'strides': {2: <Stride, 2, 16>}}}
0.5656576156616211
{<Node, ladder_matmul>: {'block': [4, 8, 16, 16], 'warp': [2, 4, 16, 16], 'wmma': [16, 16, 16], 'use_cutlass': False, 'rstep': [32, 1], 'block_order': <NoRasterization>, 'use_tc': '80', 'strides': {2: <Stride, 2, 16>}}}
0.4636160135269165
{<Node, ladder_matmul>: {'block': [8, 16, 16, 16], 'warp': [4, 8, 16, 16], 'wmma': [16, 16, 16], 'use_cutlass': False, 'rstep': [32, 1], 'block_order': <NoRasterization>, 'use_tc': '80', 'strides': {2: <Stride, 2, 16>}}}
0.682803213596344
{<Node, ladder_matmul>: {'block': [4, 1, 16, 16], 'warp': [1, 1, 16, 16], 'wmma': [16, 16, 16], 'use_cutlass': False, 'rstep': [32, 1], 'block_order': <NoRasterization>, 'use_tc': '80', 'strides': {2: <Stride, 2, 16>}}}
1.3975893259048462
{<Node, ladder_matmul>: {'block': [32, 2, 16, 16], 'warp': [16, 1, 16, 16], 'wmma': [16, 16, 16], 'use_cutlass': False, 'rstep': [32, 1], 'block_order': <NoRasterization>, 'use_tc': '80', 'strides': {2: <Stride, 2, 16>}}}
100000000.0
{<Node, ladder_matmul>: {'block': [16, 16, 16, 16], 'warp': [8, 8, 16, 16], 'wmma': [16, 16, 16], 'use_cutlass': False, 'rstep': [32, 1], 'block_order': <NoRasterization>, 'use_tc': '80', 'strides': {2: <Stride, 2, 16>}}}
100000000.0
{<Node, ladder_matmul>: {'block': [2, 4, 16, 16], 'warp': [1, 2, 16, 16], 'wmma': [16, 16, 16], 'use_cutlass': False, 'rstep': [32, 1], 'block_order': <NoRasterization>, 'use_tc': '80', 'strides': {2: <Stride, 2, 16>}}}
0.7456768155097961
{<Node, ladder_matmul>: {'block': [2, 2, 16, 16], 'warp': [1, 1, 16, 16], 'wmma': [16, 16, 16], 'use_cutlass': False, 'rstep': [32, 1], 'block_order': <NoRasterization>, 'use_tc': '80', 'strides': {2: <Stride, 2, 16>}}}
1.0194944143295288
top1: 0.5191680192947388 	top10: 0.4280320107936859
--------------------------------------------------------------------------------
best config: {<Node, ladder_matmul>: {'block': [8, 8, 16, 16], 'warp': [4, 4, 16, 16], 'wmma': [16, 16, 16], 'use_cutlass': False, 'rstep': [32, 1], 'block_order': <NoRasterization>, 'use_tc': '80', 'strides': {2: <Stride, 2, 16>}}}
best latency: 0.4280320107936859
{<Node, ladder_matmul>: {'block': [16, 4, 16, 16], 'warp': [8, 2, 16, 16], 'wmma': [16, 16, 16], 'use_cutlass': False, 'rstep': [32, 1], 'block_order': <NoRasterization>, 'use_tc': '80', 'strides': {2: <Stride, 2, 16>}}}
3.1694846153259277
{<Node, ladder_matmul>: {'block': [8, 8, 16, 16], 'warp': [4, 4, 16, 16], 'wmma': [16, 16, 16], 'use_cutlass': False, 'rstep': [32, 1], 'block_order': <NoRasterization>, 'use_tc': '80', 'strides': {2: <Stride, 2, 16>}}}
2.4410111904144287
{<Node, ladder_matmul>: {'block': [8, 4, 16, 16], 'warp': [4, 2, 16, 16], 'wmma': [16, 16, 16], 'use_cutlass': False, 'rstep': [32, 1], 'block_order': <NoRasterization>, 'use_tc': '80', 'strides': {2: <Stride, 2, 16>}}}
3.432960033416748
{<Node, ladder_matmul>: {'block': [16, 2, 16, 16], 'warp': [8, 1, 16, 16], 'wmma': [16, 16, 16], 'use_cutlass': False, 'rstep': [32, 1], 'block_order': <NoRasterization>, 'use_tc': '80', 'strides': {2: <Stride, 2, 16>}}}
5.521664142608643
{<Node, ladder_matmul>: {'block': [16, 8, 16, 16], 'warp': [8, 4, 16, 16], 'wmma': [16, 16, 16], 'use_cutlass': False, 'rstep': [32, 1], 'block_order': <NoRasterization>, 'use_tc': '80', 'strides': {2: <Stride, 2, 16>}}}
2.859212875366211
{<Node, ladder_matmul>: {'block': [32, 4, 16, 16], 'warp': [16, 2, 16, 16], 'wmma': [16, 16, 16], 'use_cutlass': False, 'rstep': [32, 1], 'block_order': <NoRasterization>, 'use_tc': '80', 'strides': {2: <Stride, 2, 16>}}}
100000000.0
{<Node, ladder_matmul>: {'block': [8, 2, 16, 16], 'warp': [4, 1, 16, 16], 'wmma': [16, 16, 16], 'use_cutlass': False, 'rstep': [32, 1], 'block_order': <NoRasterization>, 'use_tc': '80', 'strides': {2: <Stride, 2, 16>}}}
5.804236888885498
{<Node, ladder_matmul>: {'block': [32, 8, 16, 16], 'warp': [16, 4, 16, 16], 'wmma': [16, 16, 16], 'use_cutlass': False, 'rstep': [32, 1], 'block_order': <NoRasterization>, 'use_tc': '80', 'strides': {2: <Stride, 2, 16>}}}
100000000.0
{<Node, ladder_matmul>: {'block': [4, 16, 16, 16], 'warp': [2, 8, 16, 16], 'wmma': [16, 16, 16], 'use_cutlass': False, 'rstep': [32, 1], 'block_order': <NoRasterization>, 'use_tc': '80', 'strides': {2: <Stride, 2, 16>}}}
2.944000005722046
{<Node, ladder_matmul>: {'block': [4, 8, 16, 16], 'warp': [2, 4, 16, 16], 'wmma': [16, 16, 16], 'use_cutlass': False, 'rstep': [32, 1], 'block_order': <NoRasterization>, 'use_tc': '80', 'strides': {2: <Stride, 2, 16>}}}
3.0453760623931885
{<Node, ladder_matmul>: {'block': [8, 16, 16, 16], 'warp': [4, 8, 16, 16], 'wmma': [16, 16, 16], 'use_cutlass': False, 'rstep': [32, 1], 'block_order': <NoRasterization>, 'use_tc': '80', 'strides': {2: <Stride, 2, 16>}}}
2.8768255710601807
{<Node, ladder_matmul>: {'block': [4, 4, 16, 16], 'warp': [2, 2, 16, 16], 'wmma': [16, 16, 16], 'use_cutlass': False, 'rstep': [32, 1], 'block_order': <NoRasterization>, 'use_tc': '80', 'strides': {2: <Stride, 2, 16>}}}
4.129382133483887
{<Node, ladder_matmul>: {'block': [16, 1, 16, 16], 'warp': [4, 1, 16, 16], 'wmma': [16, 16, 16], 'use_cutlass': False, 'rstep': [32, 1], 'block_order': <NoRasterization>, 'use_tc': '80', 'strides': {2: <Stride, 2, 16>}}}
9.696255683898926
{<Node, ladder_matmul>: {'block': [32, 2, 16, 16], 'warp': [16, 1, 16, 16], 'wmma': [16, 16, 16], 'use_cutlass': False, 'rstep': [32, 1], 'block_order': <NoRasterization>, 'use_tc': '80', 'strides': {2: <Stride, 2, 16>}}}
100000000.0
{<Node, ladder_matmul>: {'block': [16, 16, 16, 16], 'warp': [8, 8, 16, 16], 'wmma': [16, 16, 16], 'use_cutlass': False, 'rstep': [32, 1], 'block_order': <NoRasterization>, 'use_tc': '80', 'strides': {2: <Stride, 2, 16>}}}
100000000.0
{<Node, ladder_matmul>: {'block': [4, 2, 16, 16], 'warp': [2, 1, 16, 16], 'wmma': [16, 16, 16], 'use_cutlass': False, 'rstep': [32, 1], 'block_order': <NoRasterization>, 'use_tc': '80', 'strides': {2: <Stride, 2, 16>}}}
6.463744163513184
{<Node, ladder_matmul>: {'block': [8, 1, 16, 16], 'warp': [2, 1, 16, 16], 'wmma': [16, 16, 16], 'use_cutlass': False, 'rstep': [32, 1], 'block_order': <NoRasterization>, 'use_tc': '80', 'strides': {2: <Stride, 2, 16>}}}
9.611878395080566
{<Node, ladder_matmul>: {'block': [4, 1, 16, 16], 'warp': [1, 1, 16, 16], 'wmma': [16, 16, 16], 'use_cutlass': False, 'rstep': [32, 1], 'block_order': <NoRasterization>, 'use_tc': '80', 'strides': {2: <Stride, 2, 16>}}}
10.673407554626465
{<Node, ladder_matmul>: {'block': [2, 8, 16, 16], 'warp': [1, 4, 16, 16], 'wmma': [16, 16, 16], 'use_cutlass': False, 'rstep': [32, 1], 'block_order': <NoRasterization>, 'use_tc': '80', 'strides': {2: <Stride, 2, 16>}}}
4.605132579803467
{<Node, ladder_matmul>: {'block': [2, 16, 16, 16], 'warp': [1, 8, 16, 16], 'wmma': [16, 16, 16], 'use_cutlass': False, 'rstep': [32, 1], 'block_order': <NoRasterization>, 'use_tc': '80', 'strides': {2: <Stride, 2, 16>}}}
4.70753288269043
top1: 3.1694846153259277 	top10: 2.4410111904144287
--------------------------------------------------------------------------------
best config: {<Node, ladder_matmul>: {'block': [8, 8, 16, 16], 'warp': [4, 4, 16, 16], 'wmma': [16, 16, 16], 'use_cutlass': False, 'rstep': [32, 1], 'block_order': <NoRasterization>, 'use_tc': '80', 'strides': {2: <Stride, 2, 16>}}}
best latency: 2.4410111904144287
{<Node, ladder_matmul>: {'block': [16, 4, 16, 16], 'warp': [8, 2, 16, 16], 'wmma': [16, 16, 16], 'use_cutlass': False, 'rstep': [32, 1], 'block_order': <NoRasterization>, 'use_tc': '80', 'strides': {2: <Stride, 2, 16>}}}
11.046503067016602
{<Node, ladder_matmul>: {'block': [8, 8, 16, 16], 'warp': [4, 4, 16, 16], 'wmma': [16, 16, 16], 'use_cutlass': False, 'rstep': [32, 1], 'block_order': <NoRasterization>, 'use_tc': '80', 'strides': {2: <Stride, 2, 16>}}}
8.352563858032227
{<Node, ladder_matmul>: {'block': [8, 7, 16, 16], 'warp': [2, 7, 16, 16], 'wmma': [16, 16, 16], 'use_cutlass': False, 'rstep': [32, 1], 'block_order': <NoRasterization>, 'use_tc': '80', 'strides': {2: <Stride, 2, 16>}}}
14.740684509277344
{<Node, ladder_matmul>: {'block': [8, 4, 16, 16], 'warp': [4, 2, 16, 16], 'wmma': [16, 16, 16], 'use_cutlass': False, 'rstep': [32, 1], 'block_order': <NoRasterization>, 'use_tc': '80', 'strides': {2: <Stride, 2, 16>}}}
11.813887596130371
{<Node, ladder_matmul>: {'block': [16, 2, 16, 16], 'warp': [8, 1, 16, 16], 'wmma': [16, 16, 16], 'use_cutlass': False, 'rstep': [32, 1], 'block_order': <NoRasterization>, 'use_tc': '80', 'strides': {2: <Stride, 2, 16>}}}
19.22559928894043
{<Node, ladder_matmul>: {'block': [32, 4, 16, 16], 'warp': [16, 2, 16, 16], 'wmma': [16, 16, 16], 'use_cutlass': False, 'rstep': [32, 1], 'block_order': <NoRasterization>, 'use_tc': '80', 'strides': {2: <Stride, 2, 16>}}}
100000000.0
{<Node, ladder_matmul>: {'block': [16, 8, 16, 16], 'warp': [8, 4, 16, 16], 'wmma': [16, 16, 16], 'use_cutlass': False, 'rstep': [32, 1], 'block_order': <NoRasterization>, 'use_tc': '80', 'strides': {2: <Stride, 2, 16>}}}
8.977407455444336
{<Node, ladder_matmul>: {'block': [16, 7, 16, 16], 'warp': [4, 7, 16, 16], 'wmma': [16, 16, 16], 'use_cutlass': False, 'rstep': [32, 1], 'block_order': <NoRasterization>, 'use_tc': '80', 'strides': {2: <Stride, 2, 16>}}}
17.008230209350586
{<Node, ladder_matmul>: {'block': [8, 2, 16, 16], 'warp': [4, 1, 16, 16], 'wmma': [16, 16, 16], 'use_cutlass': False, 'rstep': [32, 1], 'block_order': <NoRasterization>, 'use_tc': '80', 'strides': {2: <Stride, 2, 16>}}}
20.197582244873047
{<Node, ladder_matmul>: {'block': [32, 8, 16, 16], 'warp': [16, 4, 16, 16], 'wmma': [16, 16, 16], 'use_cutlass': False, 'rstep': [32, 1], 'block_order': <NoRasterization>, 'use_tc': '80', 'strides': {2: <Stride, 2, 16>}}}
100000000.0
{<Node, ladder_matmul>: {'block': [4, 14, 16, 16], 'warp': [2, 7, 16, 16], 'wmma': [16, 16, 16], 'use_cutlass': False, 'rstep': [32, 1], 'block_order': <NoRasterization>, 'use_tc': '80', 'strides': {2: <Stride, 2, 16>}}}
9.543680191040039
{<Node, ladder_matmul>: {'block': [32, 7, 16, 16], 'warp': [8, 7, 16, 16], 'wmma': [16, 16, 16], 'use_cutlass': False, 'rstep': [32, 1], 'block_order': <NoRasterization>, 'use_tc': '80', 'strides': {2: <Stride, 2, 16>}}}
100000000.0
{<Node, ladder_matmul>: {'block': [4, 16, 16, 16], 'warp': [2, 8, 16, 16], 'wmma': [16, 16, 16], 'use_cutlass': False, 'rstep': [32, 1], 'block_order': <NoRasterization>, 'use_tc': '80', 'strides': {2: <Stride, 2, 16>}}}
10.105650901794434
{<Node, ladder_matmul>: {'block': [4, 7, 16, 16], 'warp': [1, 7, 16, 16], 'wmma': [16, 16, 16], 'use_cutlass': False, 'rstep': [32, 1], 'block_order': <NoRasterization>, 'use_tc': '80', 'strides': {2: <Stride, 2, 16>}}}
14.7623929977417
{<Node, ladder_matmul>: {'block': [8, 14, 16, 16], 'warp': [4, 7, 16, 16], 'wmma': [16, 16, 16], 'use_cutlass': False, 'rstep': [32, 1], 'block_order': <NoRasterization>, 'use_tc': '80', 'strides': {2: <Stride, 2, 16>}}}
9.576448440551758
{<Node, ladder_matmul>: {'block': [4, 8, 16, 16], 'warp': [2, 4, 16, 16], 'wmma': [16, 16, 16], 'use_cutlass': False, 'rstep': [32, 1], 'block_order': <NoRasterization>, 'use_tc': '80', 'strides': {2: <Stride, 2, 16>}}}
10.34465217590332
{<Node, ladder_matmul>: {'block': [8, 16, 16, 16], 'warp': [4, 8, 16, 16], 'wmma': [16, 16, 16], 'use_cutlass': False, 'rstep': [32, 1], 'block_order': <NoRasterization>, 'use_tc': '80', 'strides': {2: <Stride, 2, 16>}}}
9.193062782287598
{<Node, ladder_matmul>: {'block': [4, 4, 16, 16], 'warp': [2, 2, 16, 16], 'wmma': [16, 16, 16], 'use_cutlass': False, 'rstep': [32, 1], 'block_order': <NoRasterization>, 'use_tc': '80', 'strides': {2: <Stride, 2, 16>}}}
14.2772216796875
{<Node, ladder_matmul>: {'block': [16, 1, 16, 16], 'warp': [4, 1, 16, 16], 'wmma': [16, 16, 16], 'use_cutlass': False, 'rstep': [32, 1], 'block_order': <NoRasterization>, 'use_tc': '80', 'strides': {2: <Stride, 2, 16>}}}
33.80101013183594
{<Node, ladder_matmul>: {'block': [32, 2, 16, 16], 'warp': [16, 1, 16, 16], 'wmma': [16, 16, 16], 'use_cutlass': False, 'rstep': [32, 1], 'block_order': <NoRasterization>, 'use_tc': '80', 'strides': {2: <Stride, 2, 16>}}}
100000000.0
top1: 11.046503067016602 	top10: 8.352563858032227
--------------------------------------------------------------------------------
best config: {<Node, ladder_matmul>: {'block': [8, 8, 16, 16], 'warp': [4, 4, 16, 16], 'wmma': [16, 16, 16], 'use_cutlass': False, 'rstep': [32, 1], 'block_order': <NoRasterization>, 'use_tc': '80', 'strides': {2: <Stride, 2, 16>}}}
best latency: 8.352563858032227
{<Node, ladder_matmul>: {'block': [16, 4, 16, 16], 'warp': [8, 2, 16, 16], 'wmma': [16, 16, 16], 'use_cutlass': False, 'rstep': [32, 1], 'block_order': <NoRasterization>, 'use_tc': '80', 'strides': {2: <Stride, 2, 16>}}}
11.309670448303223
{<Node, ladder_matmul>: {'block': [8, 8, 16, 16], 'warp': [4, 4, 16, 16], 'wmma': [16, 16, 16], 'use_cutlass': False, 'rstep': [32, 1], 'block_order': <NoRasterization>, 'use_tc': '80', 'strides': {2: <Stride, 2, 16>}}}
8.688844680786133
{<Node, ladder_matmul>: {'block': [8, 4, 16, 16], 'warp': [4, 2, 16, 16], 'wmma': [16, 16, 16], 'use_cutlass': False, 'rstep': [32, 1], 'block_order': <NoRasterization>, 'use_tc': '80', 'strides': {2: <Stride, 2, 16>}}}
12.356403350830078
{<Node, ladder_matmul>: {'block': [16, 2, 16, 16], 'warp': [8, 1, 16, 16], 'wmma': [16, 16, 16], 'use_cutlass': False, 'rstep': [32, 1], 'block_order': <NoRasterization>, 'use_tc': '80', 'strides': {2: <Stride, 2, 16>}}}
20.797439575195312
{<Node, ladder_matmul>: {'block': [16, 8, 16, 16], 'warp': [8, 4, 16, 16], 'wmma': [16, 16, 16], 'use_cutlass': False, 'rstep': [32, 1], 'block_order': <NoRasterization>, 'use_tc': '80', 'strides': {2: <Stride, 2, 16>}}}
10.087833404541016
{<Node, ladder_matmul>: {'block': [32, 4, 16, 16], 'warp': [16, 2, 16, 16], 'wmma': [16, 16, 16], 'use_cutlass': False, 'rstep': [32, 1], 'block_order': <NoRasterization>, 'use_tc': '80', 'strides': {2: <Stride, 2, 16>}}}
100000000.0
{<Node, ladder_matmul>: {'block': [8, 2, 16, 16], 'warp': [4, 1, 16, 16], 'wmma': [16, 16, 16], 'use_cutlass': False, 'rstep': [32, 1], 'block_order': <NoRasterization>, 'use_tc': '80', 'strides': {2: <Stride, 2, 16>}}}
21.704090118408203
{<Node, ladder_matmul>: {'block': [32, 8, 16, 16], 'warp': [16, 4, 16, 16], 'wmma': [16, 16, 16], 'use_cutlass': False, 'rstep': [32, 1], 'block_order': <NoRasterization>, 'use_tc': '80', 'strides': {2: <Stride, 2, 16>}}}
100000000.0
{<Node, ladder_matmul>: {'block': [4, 16, 16, 16], 'warp': [2, 8, 16, 16], 'wmma': [16, 16, 16], 'use_cutlass': False, 'rstep': [32, 1], 'block_order': <NoRasterization>, 'use_tc': '80', 'strides': {2: <Stride, 2, 16>}}}
10.398924827575684
{<Node, ladder_matmul>: {'block': [4, 8, 16, 16], 'warp': [2, 4, 16, 16], 'wmma': [16, 16, 16], 'use_cutlass': False, 'rstep': [32, 1], 'block_order': <NoRasterization>, 'use_tc': '80', 'strides': {2: <Stride, 2, 16>}}}
10.621132850646973
{<Node, ladder_matmul>: {'block': [8, 16, 16, 16], 'warp': [4, 8, 16, 16], 'wmma': [16, 16, 16], 'use_cutlass': False, 'rstep': [32, 1], 'block_order': <NoRasterization>, 'use_tc': '80', 'strides': {2: <Stride, 2, 16>}}}
10.075750350952148
{<Node, ladder_matmul>: {'block': [4, 4, 16, 16], 'warp': [2, 2, 16, 16], 'wmma': [16, 16, 16], 'use_cutlass': False, 'rstep': [32, 1], 'block_order': <NoRasterization>, 'use_tc': '80', 'strides': {2: <Stride, 2, 16>}}}
14.571929931640625
{<Node, ladder_matmul>: {'block': [16, 1, 16, 16], 'warp': [4, 1, 16, 16], 'wmma': [16, 16, 16], 'use_cutlass': False, 'rstep': [32, 1], 'block_order': <NoRasterization>, 'use_tc': '80', 'strides': {2: <Stride, 2, 16>}}}
35.66550827026367
{<Node, ladder_matmul>: {'block': [32, 2, 16, 16], 'warp': [16, 1, 16, 16], 'wmma': [16, 16, 16], 'use_cutlass': False, 'rstep': [32, 1], 'block_order': <NoRasterization>, 'use_tc': '80', 'strides': {2: <Stride, 2, 16>}}}
100000000.0
{<Node, ladder_matmul>: {'block': [16, 16, 16, 16], 'warp': [8, 8, 16, 16], 'wmma': [16, 16, 16], 'use_cutlass': False, 'rstep': [32, 1], 'block_order': <NoRasterization>, 'use_tc': '80', 'strides': {2: <Stride, 2, 16>}}}
100000000.0
{<Node, ladder_matmul>: {'block': [4, 2, 16, 16], 'warp': [2, 1, 16, 16], 'wmma': [16, 16, 16], 'use_cutlass': False, 'rstep': [32, 1], 'block_order': <NoRasterization>, 'use_tc': '80', 'strides': {2: <Stride, 2, 16>}}}
22.808574676513672
{<Node, ladder_matmul>: {'block': [8, 1, 16, 16], 'warp': [2, 1, 16, 16], 'wmma': [16, 16, 16], 'use_cutlass': False, 'rstep': [32, 1], 'block_order': <NoRasterization>, 'use_tc': '80', 'strides': {2: <Stride, 2, 16>}}}
42.208255767822266
{<Node, ladder_matmul>: {'block': [4, 1, 16, 16], 'warp': [1, 1, 16, 16], 'wmma': [16, 16, 16], 'use_cutlass': False, 'rstep': [32, 1], 'block_order': <NoRasterization>, 'use_tc': '80', 'strides': {2: <Stride, 2, 16>}}}
39.333885192871094
{<Node, ladder_matmul>: {'block': [2, 8, 16, 16], 'warp': [1, 4, 16, 16], 'wmma': [16, 16, 16], 'use_cutlass': False, 'rstep': [32, 1], 'block_order': <NoRasterization>, 'use_tc': '80', 'strides': {2: <Stride, 2, 16>}}}
16.24166488647461
{<Node, ladder_matmul>: {'block': [2, 16, 16, 16], 'warp': [1, 8, 16, 16], 'wmma': [16, 16, 16], 'use_cutlass': False, 'rstep': [32, 1], 'block_order': <NoRasterization>, 'use_tc': '80', 'strides': {2: <Stride, 2, 16>}}}
16.557260513305664
top1: 11.309670448303223 	top10: 8.688844680786133
--------------------------------------------------------------------------------
best config: {<Node, ladder_matmul>: {'block': [8, 8, 16, 16], 'warp': [4, 4, 16, 16], 'wmma': [16, 16, 16], 'use_cutlass': False, 'rstep': [32, 1], 'block_order': <NoRasterization>, 'use_tc': '80', 'strides': {2: <Stride, 2, 16>}}}
best latency: 8.688844680786133
4096_1024_8192	0.4280320107936859
4096_8192_8192	2.4410111904144287
4096_28672_8192	8.352563858032227
4096_8192_28672	8.688844680786133
