{<Node, ladder_matmul>: {'block': [1, 4], 'thread': [1, 4], 'rstep': [2048], 'reduce_thread': [32], 'block_order': <NoRasterization>, 'vectorize': {'A': 8, 'B_rescale': 8}}}
0.008396799676120281
{<Node, ladder_matmul>: {'block': [1, 2], 'thread': [1, 2], 'rstep': [4096], 'reduce_thread': [64], 'block_order': <NoRasterization>, 'vectorize': {'A': 8, 'B_rescale': 8}}}
0.008362666703760624
{<Node, ladder_matmul>: {'block': [1, 1], 'thread': [1, 1], 'rstep': [4096], 'reduce_thread': [128], 'block_order': <NoRasterization>, 'vectorize': {'A': 8, 'B_rescale': 8}}}
0.008045714348554611
{<Node, ladder_matmul>: {'block': [1, 8], 'thread': [1, 8], 'rstep': [1024], 'reduce_thread': [16], 'block_order': <NoRasterization>, 'vectorize': {'A': 8, 'B_rescale': 8}}}
0.008338285610079765
{<Node, ladder_matmul>: {'block': [1, 16], 'thread': [1, 16], 'rstep': [512], 'reduce_thread': [8], 'block_order': <NoRasterization>, 'vectorize': {'A': 4, 'B_rescale': 8}}}
0.008045714348554611
{<Node, ladder_matmul>: {'block': [1, 32], 'thread': [1, 32], 'rstep': [256], 'reduce_thread': [4], 'block_order': <NoRasterization>, 'vectorize': {'A': 2, 'B_rescale': 8}}}
0.008191999979317188
{<Node, ladder_matmul>: {'block': [1, 64], 'thread': [1, 64], 'rstep': [128], 'reduce_thread': [2], 'block_order': <NoRasterization>, 'vectorize': {'B_rescale': 8}}}
0.008191999979317188
{<Node, ladder_matmul>: {'block': [1, 128], 'thread': [1, 128], 'rstep': [64], 'block_order': <NoRasterization>, 'vectorize': {'B_rescale': 8}}}
0.008191999979317188
{<Node, ladder_matmul>: {'block': [1, 256], 'thread': [1, 128], 'rstep': [64], 'block_order': <NoRasterization>, 'step': [1, 2], 'vectorize': {'B_rescale': 8}}}
0.008338285610079765
top1: 0.008396799676120281 	top10: 0.008045714348554611
--------------------------------------------------------------------------------
best config: {<Node, ladder_matmul>: {'block': [1, 1], 'thread': [1, 1], 'rstep': [4096], 'reduce_thread': [128], 'block_order': <NoRasterization>, 'vectorize': {'A': 8, 'B_rescale': 8}}}
best latency: 0.008045714348554611
best code: __global__ void __launch_bounds__(128) Fused(half* __restrict__ A, int8_t* __restrict__ B, half* __restrict__ C) {
  
  half in_thread_C_local[1];
  half A_local[8];
  signed char B_local[4];
  half B_decode_local[8];
  __shared__ half red_buf0[128];
  in_thread_C_local[0] = __float2half_rn(0.000000e+00f);
  for (int k_0 = 0; k_0 < 8; ++k_0) {
    *(uint4*)(A_local + 0) = *(uint4*)(A + ((k_0 * 1024) + (((int)threadIdx.x) * 8)));
    *(int*)(B_local + 0) = *(int*)(B + (((((int)blockIdx.x) * 4096) + (k_0 * 512)) + (((int)threadIdx.x) * 4)));
    for (int ax1 = 0; ax1 < 8; ++ax1) {
      B_decode_local[ax1] = ((half)((B_local[(ax1 >> 1)] >> ((signed char)((ax1 & 1) * 4))) & (signed char)15));
    }
    for (int k_2 = 0; k_2 < 8; ++k_2) {
      in_thread_C_local[0] = (in_thread_C_local[0] + (A_local[k_2] * B_decode_local[k_2]));
    }
  }
  __syncthreads();
  ((volatile half*)red_buf0)[((int)threadIdx.x)] = in_thread_C_local[0];
  __syncthreads();
  if (((int)threadIdx.x) < 64) {
    ((volatile half*)red_buf0)[((int)threadIdx.x)] = ((half)(((volatile half*)red_buf0)[((int)threadIdx.x)]) + (half)(((volatile half*)red_buf0)[(((int)threadIdx.x) + 64)]));
  }
  __syncthreads();
  if (((int)threadIdx.x) < 32) {
    ((volatile half*)red_buf0)[((int)threadIdx.x)] = ((half)(((volatile half*)red_buf0)[((int)threadIdx.x)]) + (half)(((volatile half*)red_buf0)[(((int)threadIdx.x) + 32)]));
  }
  __syncthreads();
  if (((int)threadIdx.x) < 16) {
    half w_16_0 = ((half)(((volatile half*)red_buf0)[((int)threadIdx.x)]) + (half)(((volatile half*)red_buf0)[(((int)threadIdx.x) + 16)]));
    ((volatile half*)red_buf0)[((int)threadIdx.x)] = w_16_0;
    half w_8_0 = ((half)(((volatile half*)red_buf0)[((int)threadIdx.x)]) + (half)(((volatile half*)red_buf0)[(((int)threadIdx.x) + 8)]));
    ((volatile half*)red_buf0)[((int)threadIdx.x)] = w_8_0;
    half w_4_0 = ((half)(((volatile half*)red_buf0)[((int)threadIdx.x)]) + (half)(((volatile half*)red_buf0)[(((int)threadIdx.x) + 4)]));
    ((volatile half*)red_buf0)[((int)threadIdx.x)] = w_4_0;
    half w_2_0 = ((half)(((volatile half*)red_buf0)[((int)threadIdx.x)]) + (half)(((volatile half*)red_buf0)[(((int)threadIdx.x) + 2)]));
    ((volatile half*)red_buf0)[((int)threadIdx.x)] = w_2_0;
    half w_1_0 = ((half)(((volatile half*)red_buf0)[((int)threadIdx.x)]) + (half)(((volatile half*)red_buf0)[(((int)threadIdx.x) + 1)]));
    ((volatile half*)red_buf0)[((int)threadIdx.x)] = w_1_0;
  }
  __syncthreads();
  C[((int)blockIdx.x)] = (half)(((volatile half*)red_buf0)[0]);
}


{<Node, ladder_matmul>: {'block': [1, 8], 'thread': [1, 8], 'rstep': [1024], 'reduce_thread': [16], 'block_order': <NoRasterization>, 'vectorize': {'A': 8, 'B_rescale': 8}}}
0.034304000437259674
{<Node, ladder_matmul>: {'block': [1, 4], 'thread': [1, 4], 'rstep': [2048], 'reduce_thread': [32], 'block_order': <NoRasterization>, 'vectorize': {'A': 8, 'B_rescale': 8}}}
0.0339626669883728
{<Node, ladder_matmul>: {'block': [1, 32], 'thread': [1, 32], 'rstep': [256], 'reduce_thread': [4], 'block_order': <NoRasterization>, 'vectorize': {'A': 2, 'B_rescale': 8}}}
0.03413333371281624
{<Node, ladder_matmul>: {'block': [1, 16], 'thread': [1, 16], 'rstep': [512], 'reduce_thread': [8], 'block_order': <NoRasterization>, 'vectorize': {'A': 4, 'B_rescale': 8}}}
0.03413333371281624
{<Node, ladder_matmul>: {'block': [1, 2], 'thread': [1, 2], 'rstep': [4096], 'reduce_thread': [64], 'block_order': <NoRasterization>, 'vectorize': {'A': 8, 'B_rescale': 8}}}
0.034304000437259674
{<Node, ladder_matmul>: {'block': [1, 1], 'thread': [1, 1], 'rstep': [4096], 'reduce_thread': [128], 'block_order': <NoRasterization>, 'vectorize': {'A': 8, 'B_rescale': 8}}}
0.03413333371281624
{<Node, ladder_matmul>: {'block': [1, 64], 'thread': [1, 64], 'rstep': [128], 'reduce_thread': [2], 'block_order': <NoRasterization>, 'vectorize': {'B_rescale': 8}}}
0.03413333371281624
{<Node, ladder_matmul>: {'block': [1, 128], 'thread': [1, 128], 'rstep': [64], 'block_order': <NoRasterization>, 'vectorize': {'B_rescale': 8}}}
0.0339626669883728
{<Node, ladder_matmul>: {'block': [1, 256], 'thread': [1, 128], 'rstep': [64], 'block_order': <NoRasterization>, 'step': [1, 2], 'vectorize': {'B_rescale': 8}}}
0.034645333886146545
top1: 0.034304000437259674 	top10: 0.0339626669883728
--------------------------------------------------------------------------------
best config: {<Node, ladder_matmul>: {'block': [1, 4], 'thread': [1, 4], 'rstep': [2048], 'reduce_thread': [32], 'block_order': <NoRasterization>, 'vectorize': {'A': 8, 'B_rescale': 8}}}
best latency: 0.0339626669883728
best code: __global__ void __launch_bounds__(128) Fused(half* __restrict__ A, int8_t* __restrict__ B, half* __restrict__ C) {
  
  half in_thread_C_local[1];
  half A_local[8];
  signed char B_local[4];
  half B_decode_local[8];
  __shared__ half red_buf0[128];
  in_thread_C_local[0] = __float2half_rn(0.000000e+00f);
  for (int k_0 = 0; k_0 < 8; ++k_0) {
    *(uint4*)(A_local + 0) = *(uint4*)(A + ((k_0 * 1024) + (((int)threadIdx.x) * 8)));
    *(int*)(B_local + 0) = *(int*)(B + (((((int)blockIdx.x) * 4096) + (k_0 * 512)) + (((int)threadIdx.x) * 4)));
    for (int ax1 = 0; ax1 < 8; ++ax1) {
      B_decode_local[ax1] = ((half)((B_local[(ax1 >> 1)] >> ((signed char)((ax1 & 1) * 4))) & (signed char)15));
    }
    for (int k_2 = 0; k_2 < 8; ++k_2) {
      in_thread_C_local[0] = (in_thread_C_local[0] + (A_local[k_2] * B_decode_local[k_2]));
    }
  }
  __syncthreads();
  ((volatile half*)red_buf0)[((int)threadIdx.x)] = in_thread_C_local[0];
  __syncthreads();
  if (((int)threadIdx.x) < 64) {
    ((volatile half*)red_buf0)[((int)threadIdx.x)] = ((half)(((volatile half*)red_buf0)[((int)threadIdx.x)]) + (half)(((volatile half*)red_buf0)[(((int)threadIdx.x) + 64)]));
  }
  __syncthreads();
  if (((int)threadIdx.x) < 32) {
    ((volatile half*)red_buf0)[((int)threadIdx.x)] = ((half)(((volatile half*)red_buf0)[((int)threadIdx.x)]) + (half)(((volatile half*)red_buf0)[(((int)threadIdx.x) + 32)]));
  }
  __syncthreads();
  if (((int)threadIdx.x) < 16) {
    half w_16_0 = ((half)(((volatile half*)red_buf0)[((int)threadIdx.x)]) + (half)(((volatile half*)red_buf0)[(((int)threadIdx.x) + 16)]));
    ((volatile half*)red_buf0)[((int)threadIdx.x)] = w_16_0;
    half w_8_0 = ((half)(((volatile half*)red_buf0)[((int)threadIdx.x)]) + (half)(((volatile half*)red_buf0)[(((int)threadIdx.x) + 8)]));
    ((volatile half*)red_buf0)[((int)threadIdx.x)] = w_8_0;
    half w_4_0 = ((half)(((volatile half*)red_buf0)[((int)threadIdx.x)]) + (half)(((volatile half*)red_buf0)[(((int)threadIdx.x) + 4)]));
    ((volatile half*)red_buf0)[((int)threadIdx.x)] = w_4_0;
    half w_2_0 = ((half)(((volatile half*)red_buf0)[((int)threadIdx.x)]) + (half)(((volatile half*)red_buf0)[(((int)threadIdx.x) + 2)]));
    ((volatile half*)red_buf0)[((int)threadIdx.x)] = w_2_0;
    half w_1_0 = ((half)(((volatile half*)red_buf0)[((int)threadIdx.x)]) + (half)(((volatile half*)red_buf0)[(((int)threadIdx.x) + 1)]));
    ((volatile half*)red_buf0)[((int)threadIdx.x)] = w_1_0;
  }
  __syncthreads();
  C[((int)blockIdx.x)] = (half)(((volatile half*)red_buf0)[0]);
}


{<Node, ladder_matmul>: {'block': [1, 14], 'thread': [1, 14], 'rstep': [512], 'reduce_thread': [8], 'block_order': <NoRasterization>, 'vectorize': {'B_rescale': 8}}}
0.2581617832183838
{<Node, ladder_matmul>: {'block': [1, 16], 'thread': [1, 16], 'rstep': [512], 'reduce_thread': [8], 'block_order': <NoRasterization>, 'vectorize': {'A': 4, 'B_rescale': 8}}}
0.10530132800340652
{<Node, ladder_matmul>: {'block': [1, 28], 'thread': [1, 28], 'rstep': [256], 'reduce_thread': [4], 'block_order': <NoRasterization>, 'vectorize': {'B_rescale': 8}}}
0.25794559717178345
{<Node, ladder_matmul>: {'block': [1, 8], 'thread': [1, 8], 'rstep': [1024], 'reduce_thread': [16], 'block_order': <NoRasterization>, 'vectorize': {'A': 8, 'B_rescale': 8}}}
0.10530132800340652
{<Node, ladder_matmul>: {'block': [1, 7], 'thread': [1, 7], 'rstep': [1024], 'reduce_thread': [16], 'block_order': <NoRasterization>, 'vectorize': {'B_rescale': 8}}}
0.2577407956123352
{<Node, ladder_matmul>: {'block': [1, 32], 'thread': [1, 32], 'rstep': [256], 'reduce_thread': [4], 'block_order': <NoRasterization>, 'vectorize': {'A': 2, 'B_rescale': 8}}}
0.10530132800340652
{<Node, ladder_matmul>: {'block': [1, 4], 'thread': [1, 4], 'rstep': [2048], 'reduce_thread': [32], 'block_order': <NoRasterization>, 'vectorize': {'A': 8, 'B_rescale': 8}}}
0.10530132800340652
{<Node, ladder_matmul>: {'block': [1, 112], 'thread': [1, 112], 'rstep': [64], 'block_order': <NoRasterization>, 'vectorize': {'B_rescale': 8}}}
0.2577687203884125
{<Node, ladder_matmul>: {'block': [1, 56], 'thread': [1, 56], 'rstep': [128], 'reduce_thread': [2], 'block_order': <NoRasterization>, 'vectorize': {'B_rescale': 8}}}
0.2576756179332733
{<Node, ladder_matmul>: {'block': [1, 128], 'thread': [1, 128], 'rstep': [64], 'block_order': <NoRasterization>, 'vectorize': {'B_rescale': 8}}}
0.10517942905426025
{<Node, ladder_matmul>: {'block': [1, 64], 'thread': [1, 64], 'rstep': [128], 'reduce_thread': [2], 'block_order': <NoRasterization>, 'vectorize': {'B_rescale': 8}}}
0.10517942905426025
{<Node, ladder_matmul>: {'block': [1, 2], 'thread': [1, 2], 'rstep': [4096], 'reduce_thread': [64], 'block_order': <NoRasterization>, 'vectorize': {'A': 8, 'B_rescale': 8}}}
0.10517942905426025
{<Node, ladder_matmul>: {'block': [1, 1], 'thread': [1, 1], 'rstep': [4096], 'reduce_thread': [128], 'block_order': <NoRasterization>, 'vectorize': {'A': 8, 'B_rescale': 8}}}
0.10503314435482025
{<Node, ladder_matmul>: {'block': [1, 224], 'thread': [1, 112], 'rstep': [64], 'block_order': <NoRasterization>, 'step': [1, 2], 'vectorize': {'B_rescale': 8}}}
0.26530909538269043
{<Node, ladder_matmul>: {'block': [1, 256], 'thread': [1, 128], 'rstep': [64], 'block_order': <NoRasterization>, 'step': [1, 2], 'vectorize': {'B_rescale': 8}}}
0.10664229094982147
{<Node, ladder_matmul>: {'block': [1, 448], 'thread': [1, 112], 'rstep': [64], 'block_order': <NoRasterization>, 'step': [1, 2], 'vectorize': {'B_rescale': 8}}}
0.27061527967453003
top1: 0.2581617832183838 	top10: 0.10503314435482025
--------------------------------------------------------------------------------
best config: {<Node, ladder_matmul>: {'block': [1, 1], 'thread': [1, 1], 'rstep': [4096], 'reduce_thread': [128], 'block_order': <NoRasterization>, 'vectorize': {'A': 8, 'B_rescale': 8}}}
best latency: 0.10503314435482025
best code: __global__ void __launch_bounds__(128) Fused(half* __restrict__ A, int8_t* __restrict__ B, half* __restrict__ C) {
  
  half in_thread_C_local[1];
  half A_local[8];
  signed char B_local[4];
  half B_decode_local[8];
  __shared__ half red_buf0[128];
  in_thread_C_local[0] = __float2half_rn(0.000000e+00f);
  for (int k_0 = 0; k_0 < 8; ++k_0) {
    *(uint4*)(A_local + 0) = *(uint4*)(A + ((k_0 * 1024) + (((int)threadIdx.x) * 8)));
    *(int*)(B_local + 0) = *(int*)(B + (((((int)blockIdx.x) * 4096) + (k_0 * 512)) + (((int)threadIdx.x) * 4)));
    for (int ax1 = 0; ax1 < 8; ++ax1) {
      B_decode_local[ax1] = ((half)((B_local[(ax1 >> 1)] >> ((signed char)((ax1 & 1) * 4))) & (signed char)15));
    }
    for (int k_2 = 0; k_2 < 8; ++k_2) {
      in_thread_C_local[0] = (in_thread_C_local[0] + (A_local[k_2] * B_decode_local[k_2]));
    }
  }
  __syncthreads();
  ((volatile half*)red_buf0)[((int)threadIdx.x)] = in_thread_C_local[0];
  __syncthreads();
  if (((int)threadIdx.x) < 64) {
    ((volatile half*)red_buf0)[((int)threadIdx.x)] = ((half)(((volatile half*)red_buf0)[((int)threadIdx.x)]) + (half)(((volatile half*)red_buf0)[(((int)threadIdx.x) + 64)]));
  }
  __syncthreads();
  if (((int)threadIdx.x) < 32) {
    ((volatile half*)red_buf0)[((int)threadIdx.x)] = ((half)(((volatile half*)red_buf0)[((int)threadIdx.x)]) + (half)(((volatile half*)red_buf0)[(((int)threadIdx.x) + 32)]));
  }
  __syncthreads();
  if (((int)threadIdx.x) < 16) {
    half w_16_0 = ((half)(((volatile half*)red_buf0)[((int)threadIdx.x)]) + (half)(((volatile half*)red_buf0)[(((int)threadIdx.x) + 16)]));
    ((volatile half*)red_buf0)[((int)threadIdx.x)] = w_16_0;
    half w_8_0 = ((half)(((volatile half*)red_buf0)[((int)threadIdx.x)]) + (half)(((volatile half*)red_buf0)[(((int)threadIdx.x) + 8)]));
    ((volatile half*)red_buf0)[((int)threadIdx.x)] = w_8_0;
    half w_4_0 = ((half)(((volatile half*)red_buf0)[((int)threadIdx.x)]) + (half)(((volatile half*)red_buf0)[(((int)threadIdx.x) + 4)]));
    ((volatile half*)red_buf0)[((int)threadIdx.x)] = w_4_0;
    half w_2_0 = ((half)(((volatile half*)red_buf0)[((int)threadIdx.x)]) + (half)(((volatile half*)red_buf0)[(((int)threadIdx.x) + 2)]));
    ((volatile half*)red_buf0)[((int)threadIdx.x)] = w_2_0;
    half w_1_0 = ((half)(((volatile half*)red_buf0)[((int)threadIdx.x)]) + (half)(((volatile half*)red_buf0)[(((int)threadIdx.x) + 1)]));
    ((volatile half*)red_buf0)[((int)threadIdx.x)] = w_1_0;
  }
  __syncthreads();
  C[((int)blockIdx.x)] = (half)(((volatile half*)red_buf0)[0]);
}


{<Node, ladder_matmul>: {'block': [1, 8], 'thread': [1, 8], 'rstep': [896], 'reduce_thread': [16], 'block_order': <NoRasterization>, 'vectorize': {'B_rescale': 8}}}
0.10803200304508209
{<Node, ladder_matmul>: {'block': [1, 4], 'thread': [1, 4], 'rstep': [1792], 'reduce_thread': [32], 'block_order': <NoRasterization>, 'vectorize': {'A': 2, 'B_rescale': 8}}}
0.10815999656915665
{<Node, ladder_matmul>: {'block': [1, 32], 'thread': [1, 32], 'rstep': [224], 'reduce_thread': [4], 'block_order': <NoRasterization>, 'vectorize': {'B_rescale': 8}}}
0.10803200304508209
{<Node, ladder_matmul>: {'block': [1, 16], 'thread': [1, 16], 'rstep': [448], 'reduce_thread': [8], 'block_order': <NoRasterization>, 'vectorize': {'B_rescale': 8}}}
0.10803200304508209
{<Node, ladder_matmul>: {'block': [1, 2], 'thread': [1, 2], 'rstep': [3584], 'reduce_thread': [64], 'block_order': <NoRasterization>, 'vectorize': {'A': 4, 'B_rescale': 8}}}
0.10803200304508209
{<Node, ladder_matmul>: {'block': [1, 1], 'thread': [1, 1], 'rstep': [3584], 'reduce_thread': [128], 'block_order': <NoRasterization>, 'vectorize': {'A': 4, 'B_rescale': 4}}}
0.1117440015077591
{<Node, ladder_matmul>: {'block': [1, 64], 'thread': [1, 64], 'rstep': [112], 'reduce_thread': [2], 'block_order': <NoRasterization>, 'vectorize': {'B_rescale': 8}}}
0.10803200304508209
{<Node, ladder_matmul>: {'block': [1, 128], 'thread': [1, 128], 'rstep': [112], 'block_order': <NoRasterization>, 'vectorize': {'B_rescale': 8}}}
0.10803200304508209
{<Node, ladder_matmul>: {'block': [1, 256], 'thread': [1, 128], 'rstep': [112], 'block_order': <NoRasterization>, 'step': [1, 2], 'vectorize': {'B_rescale': 8}}}
0.10815999656915665
top1: 0.10803200304508209 	top10: 0.10803200304508209
--------------------------------------------------------------------------------
best config: {<Node, ladder_matmul>: {'block': [1, 8], 'thread': [1, 8], 'rstep': [896], 'reduce_thread': [16], 'block_order': <NoRasterization>, 'vectorize': {'B_rescale': 8}}}
best latency: 0.10803200304508209
best code: __global__ void __launch_bounds__(128) Fused(half* __restrict__ A, int8_t* __restrict__ B, half* __restrict__ C) {
  
  half in_thread_C_local[1];
  half A_local[8];
  signed char B_local[4];
  half B_decode_local[8];
  __shared__ half red_buf0[128];
  in_thread_C_local[0] = __float2half_rn(0.000000e+00f);
  for (int k_0 = 0; k_0 < 28; ++k_0) {
    *(uint4*)(A_local + 0) = *(uint4*)(A + ((k_0 * 1024) + (((int)threadIdx.x) * 8)));
    *(int*)(B_local + 0) = *(int*)(B + (((((int)blockIdx.x) * 14336) + (k_0 * 512)) + (((int)threadIdx.x) * 4)));
    for (int ax1 = 0; ax1 < 8; ++ax1) {
      B_decode_local[ax1] = ((half)((B_local[(ax1 >> 1)] >> ((signed char)((ax1 & 1) * 4))) & (signed char)15));
    }
    for (int k_2 = 0; k_2 < 8; ++k_2) {
      in_thread_C_local[0] = (in_thread_C_local[0] + (A_local[k_2] * B_decode_local[k_2]));
    }
  }
  __syncthreads();
  ((volatile half*)red_buf0)[((int)threadIdx.x)] = in_thread_C_local[0];
  __syncthreads();
  if (((int)threadIdx.x) < 64) {
    ((volatile half*)red_buf0)[((int)threadIdx.x)] = ((half)(((volatile half*)red_buf0)[((int)threadIdx.x)]) + (half)(((volatile half*)red_buf0)[(((int)threadIdx.x) + 64)]));
  }
  __syncthreads();
  if (((int)threadIdx.x) < 32) {
    ((volatile half*)red_buf0)[((int)threadIdx.x)] = ((half)(((volatile half*)red_buf0)[((int)threadIdx.x)]) + (half)(((volatile half*)red_buf0)[(((int)threadIdx.x) + 32)]));
  }
  __syncthreads();
  if (((int)threadIdx.x) < 16) {
    half w_16_0 = ((half)(((volatile half*)red_buf0)[((int)threadIdx.x)]) + (half)(((volatile half*)red_buf0)[(((int)threadIdx.x) + 16)]));
    ((volatile half*)red_buf0)[((int)threadIdx.x)] = w_16_0;
    half w_8_0 = ((half)(((volatile half*)red_buf0)[((int)threadIdx.x)]) + (half)(((volatile half*)red_buf0)[(((int)threadIdx.x) + 8)]));
    ((volatile half*)red_buf0)[((int)threadIdx.x)] = w_8_0;
    half w_4_0 = ((half)(((volatile half*)red_buf0)[((int)threadIdx.x)]) + (half)(((volatile half*)red_buf0)[(((int)threadIdx.x) + 4)]));
    ((volatile half*)red_buf0)[((int)threadIdx.x)] = w_4_0;
    half w_2_0 = ((half)(((volatile half*)red_buf0)[((int)threadIdx.x)]) + (half)(((volatile half*)red_buf0)[(((int)threadIdx.x) + 2)]));
    ((volatile half*)red_buf0)[((int)threadIdx.x)] = w_2_0;
    half w_1_0 = ((half)(((volatile half*)red_buf0)[((int)threadIdx.x)]) + (half)(((volatile half*)red_buf0)[(((int)threadIdx.x) + 1)]));
    ((volatile half*)red_buf0)[((int)threadIdx.x)] = w_1_0;
  }
  __syncthreads();
  C[((int)blockIdx.x)] = (half)(((volatile half*)red_buf0)[0]);
}


{<Node, ladder_matmul>: {'block': [1, 21], 'thread': [1, 21], 'rstep': [448], 'reduce_thread': [7], 'block_order': <NoRasterization>, 'vectorize': {'B_rescale': 8}}}
0.6820977330207825
{<Node, ladder_matmul>: {'block': [1, 56], 'thread': [1, 56], 'rstep': [112], 'reduce_thread': [2], 'block_order': <NoRasterization>, 'vectorize': {'B_rescale': 8}}}
0.30617600679397583
{<Node, ladder_matmul>: {'block': [1, 28], 'thread': [1, 28], 'rstep': [224], 'reduce_thread': [4], 'block_order': <NoRasterization>, 'vectorize': {'A': 2, 'B_rescale': 8}}}
0.30617600679397583
{<Node, ladder_matmul>: {'block': [1, 16], 'thread': [1, 16], 'rstep': [448], 'reduce_thread': [8], 'block_order': <NoRasterization>, 'vectorize': {'B_rescale': 8}}}
0.2691071927547455
{<Node, ladder_matmul>: {'block': [1, 12], 'thread': [1, 12], 'rstep': [896], 'reduce_thread': [8], 'block_order': <NoRasterization>, 'vectorize': {'B_rescale': 8}}}
0.613478422164917
{<Node, ladder_matmul>: {'block': [1, 14], 'thread': [1, 14], 'rstep': [448], 'reduce_thread': [8], 'block_order': <NoRasterization>, 'vectorize': {'A': 4, 'B_rescale': 8}}}
0.30617600679397583
{<Node, ladder_matmul>: {'block': [1, 24], 'thread': [1, 24], 'rstep': [448], 'reduce_thread': [4], 'block_order': <NoRasterization>, 'vectorize': {'B_rescale': 8}}}
0.6139904260635376
{<Node, ladder_matmul>: {'block': [1, 8], 'thread': [1, 8], 'rstep': [896], 'reduce_thread': [16], 'block_order': <NoRasterization>, 'vectorize': {'B_rescale': 8}}}
0.26992639899253845
{<Node, ladder_matmul>: {'block': [1, 42], 'thread': [1, 42], 'rstep': [224], 'reduce_thread': [2], 'block_order': <NoRasterization>, 'vectorize': {'B_rescale': 8}}}
0.6729541420936584
{<Node, ladder_matmul>: {'block': [1, 64], 'thread': [1, 64], 'rstep': [112], 'reduce_thread': [2], 'block_order': <NoRasterization>, 'vectorize': {'B_rescale': 8}}}
0.26992639899253845
{<Node, ladder_matmul>: {'block': [1, 7], 'thread': [1, 7], 'rstep': [896], 'reduce_thread': [16], 'block_order': <NoRasterization>, 'vectorize': {'A': 8, 'B_rescale': 8}}}
0.30628979206085205
{<Node, ladder_matmul>: {'block': [1, 32], 'thread': [1, 32], 'rstep': [224], 'reduce_thread': [4], 'block_order': <NoRasterization>, 'vectorize': {'B_rescale': 8}}}
0.2691258192062378
{<Node, ladder_matmul>: {'block': [1, 6], 'thread': [1, 6], 'rstep': [896], 'reduce_thread': [16], 'block_order': <NoRasterization>, 'vectorize': {'B_rescale': 8}}}
0.6139448881149292
{<Node, ladder_matmul>: {'block': [1, 48], 'thread': [1, 48], 'rstep': [224], 'reduce_thread': [2], 'block_order': <NoRasterization>, 'vectorize': {'B_rescale': 8}}}
0.6136832237243652
{<Node, ladder_matmul>: {'block': [1, 4], 'thread': [1, 4], 'rstep': [1792], 'reduce_thread': [32], 'block_order': <NoRasterization>, 'vectorize': {'A': 2, 'B_rescale': 8}}}
0.2691071927547455
{<Node, ladder_matmul>: {'block': [1, 3], 'thread': [1, 3], 'rstep': [1792], 'reduce_thread': [32], 'block_order': <NoRasterization>, 'vectorize': {'B_rescale': 8}}}
0.6139904260635376
{<Node, ladder_matmul>: {'block': [1, 84], 'thread': [1, 84], 'rstep': [112], 'block_order': <NoRasterization>, 'vectorize': {'B_rescale': 8}}}
0.6724607944488525
{<Node, ladder_matmul>: {'block': [1, 96], 'thread': [1, 96], 'rstep': [112], 'block_order': <NoRasterization>, 'vectorize': {'B_rescale': 8}}}
0.613478422164917
{<Node, ladder_matmul>: {'block': [1, 2], 'thread': [1, 2], 'rstep': [3584], 'reduce_thread': [64], 'block_order': <NoRasterization>, 'vectorize': {'A': 4, 'B_rescale': 8}}}
0.2692095935344696
{<Node, ladder_matmul>: {'block': [1, 112], 'thread': [1, 112], 'rstep': [112], 'block_order': <NoRasterization>, 'vectorize': {'B_rescale': 8}}}
0.30617600679397583
top1: 0.6820977330207825 	top10: 0.2691071927547455
--------------------------------------------------------------------------------
best config: {<Node, ladder_matmul>: {'block': [1, 16], 'thread': [1, 16], 'rstep': [448], 'reduce_thread': [8], 'block_order': <NoRasterization>, 'vectorize': {'B_rescale': 8}}}
best latency: 0.2691071927547455
best code: __global__ void __launch_bounds__(128) Fused(half* __restrict__ A, int8_t* __restrict__ B, half* __restrict__ C) {
  
  half in_thread_C_local[1];
  half A_local[8];
  signed char B_local[4];
  half B_decode_local[8];
  __shared__ half red_buf0[128];
  in_thread_C_local[0] = __float2half_rn(0.000000e+00f);
  for (int k_0 = 0; k_0 < 14; ++k_0) {
    *(uint4*)(A_local + 0) = *(uint4*)(A + ((k_0 * 1024) + (((int)threadIdx.x) * 8)));
    *(int*)(B_local + 0) = *(int*)(B + (((((int)blockIdx.x) * 7168) + (k_0 * 512)) + (((int)threadIdx.x) * 4)));
    for (int ax1 = 0; ax1 < 8; ++ax1) {
      B_decode_local[ax1] = ((half)((B_local[(ax1 >> 1)] >> ((signed char)((ax1 & 1) * 4))) & (signed char)15));
    }
    for (int k_2 = 0; k_2 < 8; ++k_2) {
      in_thread_C_local[0] = (in_thread_C_local[0] + (A_local[k_2] * B_decode_local[k_2]));
    }
  }
  __syncthreads();
  ((volatile half*)red_buf0)[((int)threadIdx.x)] = in_thread_C_local[0];
  __syncthreads();
  if (((int)threadIdx.x) < 64) {
    ((volatile half*)red_buf0)[((int)threadIdx.x)] = ((half)(((volatile half*)red_buf0)[((int)threadIdx.x)]) + (half)(((volatile half*)red_buf0)[(((int)threadIdx.x) + 64)]));
  }
  __syncthreads();
  if (((int)threadIdx.x) < 32) {
    ((volatile half*)red_buf0)[((int)threadIdx.x)] = ((half)(((volatile half*)red_buf0)[((int)threadIdx.x)]) + (half)(((volatile half*)red_buf0)[(((int)threadIdx.x) + 32)]));
  }
  __syncthreads();
  if (((int)threadIdx.x) < 16) {
    half w_16_0 = ((half)(((volatile half*)red_buf0)[((int)threadIdx.x)]) + (half)(((volatile half*)red_buf0)[(((int)threadIdx.x) + 16)]));
    ((volatile half*)red_buf0)[((int)threadIdx.x)] = w_16_0;
    half w_8_0 = ((half)(((volatile half*)red_buf0)[((int)threadIdx.x)]) + (half)(((volatile half*)red_buf0)[(((int)threadIdx.x) + 8)]));
    ((volatile half*)red_buf0)[((int)threadIdx.x)] = w_8_0;
    half w_4_0 = ((half)(((volatile half*)red_buf0)[((int)threadIdx.x)]) + (half)(((volatile half*)red_buf0)[(((int)threadIdx.x) + 4)]));
    ((volatile half*)red_buf0)[((int)threadIdx.x)] = w_4_0;
    half w_2_0 = ((half)(((volatile half*)red_buf0)[((int)threadIdx.x)]) + (half)(((volatile half*)red_buf0)[(((int)threadIdx.x) + 2)]));
    ((volatile half*)red_buf0)[((int)threadIdx.x)] = w_2_0;
    half w_1_0 = ((half)(((volatile half*)red_buf0)[((int)threadIdx.x)]) + (half)(((volatile half*)red_buf0)[(((int)threadIdx.x) + 1)]));
    ((volatile half*)red_buf0)[((int)threadIdx.x)] = w_1_0;
  }
  __syncthreads();
  C[((int)blockIdx.x)] = (half)(((volatile half*)red_buf0)[0]);
}


{<Node, ladder_matmul>: {'block': [1, 7], 'thread': [1, 7], 'rstep': [896], 'reduce_thread': [16], 'block_order': <NoRasterization>, 'vectorize': {'A': 8, 'B_rescale': 8}}}
0.10675200074911118
{<Node, ladder_matmul>: {'block': [1, 14], 'thread': [1, 14], 'rstep': [448], 'reduce_thread': [8], 'block_order': <NoRasterization>, 'vectorize': {'A': 4, 'B_rescale': 8}}}
0.10675200074911118
{<Node, ladder_matmul>: {'block': [1, 8], 'thread': [1, 8], 'rstep': [896], 'reduce_thread': [16], 'block_order': <NoRasterization>, 'vectorize': {'B_rescale': 8}}}
0.09482239931821823
{<Node, ladder_matmul>: {'block': [1, 16], 'thread': [1, 16], 'rstep': [448], 'reduce_thread': [8], 'block_order': <NoRasterization>, 'vectorize': {'B_rescale': 8}}}
0.09492480009794235
{<Node, ladder_matmul>: {'block': [1, 4], 'thread': [1, 4], 'rstep': [1792], 'reduce_thread': [32], 'block_order': <NoRasterization>, 'vectorize': {'A': 2, 'B_rescale': 8}}}
0.09461759775876999
{<Node, ladder_matmul>: {'block': [1, 56], 'thread': [1, 56], 'rstep': [112], 'reduce_thread': [2], 'block_order': <NoRasterization>, 'vectorize': {'B_rescale': 8}}}
0.10675200074911118
{<Node, ladder_matmul>: {'block': [1, 28], 'thread': [1, 28], 'rstep': [224], 'reduce_thread': [4], 'block_order': <NoRasterization>, 'vectorize': {'A': 2, 'B_rescale': 8}}}
0.10675200074911118
{<Node, ladder_matmul>: {'block': [1, 64], 'thread': [1, 64], 'rstep': [112], 'reduce_thread': [2], 'block_order': <NoRasterization>, 'vectorize': {'B_rescale': 8}}}
0.09471999853849411
{<Node, ladder_matmul>: {'block': [1, 32], 'thread': [1, 32], 'rstep': [224], 'reduce_thread': [4], 'block_order': <NoRasterization>, 'vectorize': {'B_rescale': 8}}}
0.09471999853849411
{<Node, ladder_matmul>: {'block': [1, 2], 'thread': [1, 2], 'rstep': [3584], 'reduce_thread': [64], 'block_order': <NoRasterization>, 'vectorize': {'A': 4, 'B_rescale': 8}}}
0.09458036720752716
{<Node, ladder_matmul>: {'block': [1, 1], 'thread': [1, 1], 'rstep': [3584], 'reduce_thread': [128], 'block_order': <NoRasterization>, 'vectorize': {'A': 4, 'B_rescale': 4}}}
0.09605120122432709
{<Node, ladder_matmul>: {'block': [1, 112], 'thread': [1, 112], 'rstep': [112], 'block_order': <NoRasterization>, 'vectorize': {'B_rescale': 8}}}
0.10688000172376633
{<Node, ladder_matmul>: {'block': [1, 128], 'thread': [1, 128], 'rstep': [112], 'block_order': <NoRasterization>, 'vectorize': {'B_rescale': 8}}}
0.09482239931821823
{<Node, ladder_matmul>: {'block': [1, 224], 'thread': [1, 112], 'rstep': [112], 'block_order': <NoRasterization>, 'step': [1, 2], 'vectorize': {'B_rescale': 8}}}
0.09587199985980988
{<Node, ladder_matmul>: {'block': [1, 256], 'thread': [1, 128], 'rstep': [112], 'block_order': <NoRasterization>, 'step': [1, 2], 'vectorize': {'B_rescale': 8}}}
0.0956415981054306
top1: 0.10675200074911118 	top10: 0.09458036720752716
--------------------------------------------------------------------------------
best config: {<Node, ladder_matmul>: {'block': [1, 2], 'thread': [1, 2], 'rstep': [3584], 'reduce_thread': [64], 'block_order': <NoRasterization>, 'vectorize': {'A': 4, 'B_rescale': 8}}}
best latency: 0.09458036720752716
best code: __global__ void __launch_bounds__(128) Fused(half* __restrict__ A, int8_t* __restrict__ B, half* __restrict__ C) {
  
  half in_thread_C_local[1];
  half A_local[8];
  signed char B_local[4];
  half B_decode_local[8];
  __shared__ half red_buf0[128];
  in_thread_C_local[0] = __float2half_rn(0.000000e+00f);
  for (int k_0 = 0; k_0 < 14; ++k_0) {
    *(uint4*)(A_local + 0) = *(uint4*)(A + ((k_0 * 1024) + (((int)threadIdx.x) * 8)));
    *(int*)(B_local + 0) = *(int*)(B + (((((int)blockIdx.x) * 7168) + (k_0 * 512)) + (((int)threadIdx.x) * 4)));
    for (int ax1 = 0; ax1 < 8; ++ax1) {
      B_decode_local[ax1] = ((half)((B_local[(ax1 >> 1)] >> ((signed char)((ax1 & 1) * 4))) & (signed char)15));
    }
    for (int k_2 = 0; k_2 < 8; ++k_2) {
      in_thread_C_local[0] = (in_thread_C_local[0] + (A_local[k_2] * B_decode_local[k_2]));
    }
  }
  __syncthreads();
  ((volatile half*)red_buf0)[((int)threadIdx.x)] = in_thread_C_local[0];
  __syncthreads();
  if (((int)threadIdx.x) < 64) {
    ((volatile half*)red_buf0)[((int)threadIdx.x)] = ((half)(((volatile half*)red_buf0)[((int)threadIdx.x)]) + (half)(((volatile half*)red_buf0)[(((int)threadIdx.x) + 64)]));
  }
  __syncthreads();
  if (((int)threadIdx.x) < 32) {
    ((volatile half*)red_buf0)[((int)threadIdx.x)] = ((half)(((volatile half*)red_buf0)[((int)threadIdx.x)]) + (half)(((volatile half*)red_buf0)[(((int)threadIdx.x) + 32)]));
  }
  __syncthreads();
  if (((int)threadIdx.x) < 16) {
    half w_16_0 = ((half)(((volatile half*)red_buf0)[((int)threadIdx.x)]) + (half)(((volatile half*)red_buf0)[(((int)threadIdx.x) + 16)]));
    ((volatile half*)red_buf0)[((int)threadIdx.x)] = w_16_0;
    half w_8_0 = ((half)(((volatile half*)red_buf0)[((int)threadIdx.x)]) + (half)(((volatile half*)red_buf0)[(((int)threadIdx.x) + 8)]));
    ((volatile half*)red_buf0)[((int)threadIdx.x)] = w_8_0;
    half w_4_0 = ((half)(((volatile half*)red_buf0)[((int)threadIdx.x)]) + (half)(((volatile half*)red_buf0)[(((int)threadIdx.x) + 4)]));
    ((volatile half*)red_buf0)[((int)threadIdx.x)] = w_4_0;
    half w_2_0 = ((half)(((volatile half*)red_buf0)[((int)threadIdx.x)]) + (half)(((volatile half*)red_buf0)[(((int)threadIdx.x) + 2)]));
    ((volatile half*)red_buf0)[((int)threadIdx.x)] = w_2_0;
    half w_1_0 = ((half)(((volatile half*)red_buf0)[((int)threadIdx.x)]) + (half)(((volatile half*)red_buf0)[(((int)threadIdx.x) + 1)]));
    ((volatile half*)red_buf0)[((int)threadIdx.x)] = w_1_0;
  }
  __syncthreads();
  C[((int)blockIdx.x)] = (half)(((volatile half*)red_buf0)[0]);
}


{<Node, ladder_matmul>: {'block': [1, 28], 'thread': [1, 28], 'rstep': [224], 'reduce_thread': [4], 'block_order': <NoRasterization>, 'vectorize': {'A': 2, 'B_rescale': 8}}}
0.4059428572654724
{<Node, ladder_matmul>: {'block': [1, 14], 'thread': [1, 14], 'rstep': [448], 'reduce_thread': [8], 'block_order': <NoRasterization>, 'vectorize': {'A': 4, 'B_rescale': 8}}}
0.4060159921646118
{<Node, ladder_matmul>: {'block': [1, 16], 'thread': [1, 16], 'rstep': [448], 'reduce_thread': [8], 'block_order': <NoRasterization>, 'vectorize': {'B_rescale': 8}}}
0.35655680298805237
{<Node, ladder_matmul>: {'block': [1, 32], 'thread': [1, 32], 'rstep': [224], 'reduce_thread': [4], 'block_order': <NoRasterization>, 'vectorize': {'B_rescale': 8}}}
0.3563520014286041
{<Node, ladder_matmul>: {'block': [1, 8], 'thread': [1, 8], 'rstep': [896], 'reduce_thread': [16], 'block_order': <NoRasterization>, 'vectorize': {'B_rescale': 8}}}
0.3563520014286041
{<Node, ladder_matmul>: {'block': [1, 7], 'thread': [1, 7], 'rstep': [896], 'reduce_thread': [16], 'block_order': <NoRasterization>, 'vectorize': {'A': 8, 'B_rescale': 8}}}
0.4057599902153015
{<Node, ladder_matmul>: {'block': [1, 56], 'thread': [1, 56], 'rstep': [112], 'reduce_thread': [2], 'block_order': <NoRasterization>, 'vectorize': {'B_rescale': 8}}}
0.4057599902153015
{<Node, ladder_matmul>: {'block': [1, 64], 'thread': [1, 64], 'rstep': [112], 'reduce_thread': [2], 'block_order': <NoRasterization>, 'vectorize': {'B_rescale': 8}}}
0.3563520014286041
{<Node, ladder_matmul>: {'block': [1, 4], 'thread': [1, 4], 'rstep': [1792], 'reduce_thread': [32], 'block_order': <NoRasterization>, 'vectorize': {'A': 2, 'B_rescale': 8}}}
0.3563520014286041
{<Node, ladder_matmul>: {'block': [1, 112], 'thread': [1, 112], 'rstep': [112], 'block_order': <NoRasterization>, 'vectorize': {'B_rescale': 8}}}
0.40563198924064636
{<Node, ladder_matmul>: {'block': [1, 128], 'thread': [1, 128], 'rstep': [112], 'block_order': <NoRasterization>, 'vectorize': {'B_rescale': 8}}}
0.35624960064888
{<Node, ladder_matmul>: {'block': [1, 2], 'thread': [1, 2], 'rstep': [3584], 'reduce_thread': [64], 'block_order': <NoRasterization>, 'vectorize': {'A': 4, 'B_rescale': 8}}}
0.35624960064888
{<Node, ladder_matmul>: {'block': [1, 1], 'thread': [1, 1], 'rstep': [3584], 'reduce_thread': [128], 'block_order': <NoRasterization>, 'vectorize': {'A': 4, 'B_rescale': 4}}}
0.3605504035949707
{<Node, ladder_matmul>: {'block': [1, 224], 'thread': [1, 112], 'rstep': [112], 'block_order': <NoRasterization>, 'step': [1, 2], 'vectorize': {'B_rescale': 8}}}
0.3592959940433502
{<Node, ladder_matmul>: {'block': [1, 256], 'thread': [1, 128], 'rstep': [112], 'block_order': <NoRasterization>, 'step': [1, 2], 'vectorize': {'B_rescale': 8}}}
0.3583069145679474
top1: 0.4059428572654724 	top10: 0.35624960064888
--------------------------------------------------------------------------------
best config: {<Node, ladder_matmul>: {'block': [1, 128], 'thread': [1, 128], 'rstep': [112], 'block_order': <NoRasterization>, 'vectorize': {'B_rescale': 8}}}
best latency: 0.35624960064888
best code: __global__ void __launch_bounds__(128) Fused(half* __restrict__ A, int8_t* __restrict__ B, half* __restrict__ C) {
  
  half in_thread_C_local[1];
  half A_local[8];
  signed char B_local[4];
  half B_decode_local[8];
  __shared__ half red_buf0[128];
  in_thread_C_local[0] = __float2half_rn(0.000000e+00f);
  for (int k_0 = 0; k_0 < 14; ++k_0) {
    *(uint4*)(A_local + 0) = *(uint4*)(A + ((k_0 * 1024) + (((int)threadIdx.x) * 8)));
    *(int*)(B_local + 0) = *(int*)(B + (((((int)blockIdx.x) * 7168) + (k_0 * 512)) + (((int)threadIdx.x) * 4)));
    for (int ax1 = 0; ax1 < 8; ++ax1) {
      B_decode_local[ax1] = ((half)((B_local[(ax1 >> 1)] >> ((signed char)((ax1 & 1) * 4))) & (signed char)15));
    }
    for (int k_2 = 0; k_2 < 8; ++k_2) {
      in_thread_C_local[0] = (in_thread_C_local[0] + (A_local[k_2] * B_decode_local[k_2]));
    }
  }
  __syncthreads();
  ((volatile half*)red_buf0)[((int)threadIdx.x)] = in_thread_C_local[0];
  __syncthreads();
  if (((int)threadIdx.x) < 64) {
    ((volatile half*)red_buf0)[((int)threadIdx.x)] = ((half)(((volatile half*)red_buf0)[((int)threadIdx.x)]) + (half)(((volatile half*)red_buf0)[(((int)threadIdx.x) + 64)]));
  }
  __syncthreads();
  if (((int)threadIdx.x) < 32) {
    ((volatile half*)red_buf0)[((int)threadIdx.x)] = ((half)(((volatile half*)red_buf0)[((int)threadIdx.x)]) + (half)(((volatile half*)red_buf0)[(((int)threadIdx.x) + 32)]));
  }
  __syncthreads();
  if (((int)threadIdx.x) < 16) {
    half w_16_0 = ((half)(((volatile half*)red_buf0)[((int)threadIdx.x)]) + (half)(((volatile half*)red_buf0)[(((int)threadIdx.x) + 16)]));
    ((volatile half*)red_buf0)[((int)threadIdx.x)] = w_16_0;
    half w_8_0 = ((half)(((volatile half*)red_buf0)[((int)threadIdx.x)]) + (half)(((volatile half*)red_buf0)[(((int)threadIdx.x) + 8)]));
    ((volatile half*)red_buf0)[((int)threadIdx.x)] = w_8_0;
    half w_4_0 = ((half)(((volatile half*)red_buf0)[((int)threadIdx.x)]) + (half)(((volatile half*)red_buf0)[(((int)threadIdx.x) + 4)]));
    ((volatile half*)red_buf0)[((int)threadIdx.x)] = w_4_0;
    half w_2_0 = ((half)(((volatile half*)red_buf0)[((int)threadIdx.x)]) + (half)(((volatile half*)red_buf0)[(((int)threadIdx.x) + 2)]));
    ((volatile half*)red_buf0)[((int)threadIdx.x)] = w_2_0;
    half w_1_0 = ((half)(((volatile half*)red_buf0)[((int)threadIdx.x)]) + (half)(((volatile half*)red_buf0)[(((int)threadIdx.x) + 1)]));
    ((volatile half*)red_buf0)[((int)threadIdx.x)] = w_1_0;
  }
  __syncthreads();
  C[((int)blockIdx.x)] = (half)(((volatile half*)red_buf0)[0]);
}


{<Node, ladder_matmul>: {'block': [1, 7], 'thread': [1, 7], 'rstep': [896], 'reduce_thread': [16], 'block_order': <NoRasterization>, 'vectorize': {'A': 8, 'B_rescale': 8}}}
0.4116480052471161
{<Node, ladder_matmul>: {'block': [1, 14], 'thread': [1, 14], 'rstep': [448], 'reduce_thread': [8], 'block_order': <NoRasterization>, 'vectorize': {'A': 4, 'B_rescale': 8}}}
0.41177600622177124
{<Node, ladder_matmul>: {'block': [1, 8], 'thread': [1, 8], 'rstep': [896], 'reduce_thread': [16], 'block_order': <NoRasterization>, 'vectorize': {'B_rescale': 8}}}
0.36160001158714294
{<Node, ladder_matmul>: {'block': [1, 16], 'thread': [1, 16], 'rstep': [448], 'reduce_thread': [8], 'block_order': <NoRasterization>, 'vectorize': {'B_rescale': 8}}}
0.3612160086631775
{<Node, ladder_matmul>: {'block': [1, 4], 'thread': [1, 4], 'rstep': [1792], 'reduce_thread': [32], 'block_order': <NoRasterization>, 'vectorize': {'A': 2, 'B_rescale': 8}}}
0.3614720106124878
{<Node, ladder_matmul>: {'block': [1, 56], 'thread': [1, 56], 'rstep': [112], 'reduce_thread': [2], 'block_order': <NoRasterization>, 'vectorize': {'B_rescale': 8}}}
0.4116480052471161
{<Node, ladder_matmul>: {'block': [1, 28], 'thread': [1, 28], 'rstep': [224], 'reduce_thread': [4], 'block_order': <NoRasterization>, 'vectorize': {'A': 2, 'B_rescale': 8}}}
0.41177600622177124
{<Node, ladder_matmul>: {'block': [1, 64], 'thread': [1, 64], 'rstep': [112], 'reduce_thread': [2], 'block_order': <NoRasterization>, 'vectorize': {'B_rescale': 8}}}
0.3614720106124878
{<Node, ladder_matmul>: {'block': [1, 32], 'thread': [1, 32], 'rstep': [224], 'reduce_thread': [4], 'block_order': <NoRasterization>, 'vectorize': {'B_rescale': 8}}}
0.36113065481185913
{<Node, ladder_matmul>: {'block': [1, 2], 'thread': [1, 2], 'rstep': [3584], 'reduce_thread': [64], 'block_order': <NoRasterization>, 'vectorize': {'A': 4, 'B_rescale': 8}}}
0.3619840145111084
{<Node, ladder_matmul>: {'block': [1, 1], 'thread': [1, 1], 'rstep': [3584], 'reduce_thread': [128], 'block_order': <NoRasterization>, 'vectorize': {'A': 4, 'B_rescale': 4}}}
0.37258973717689514
{<Node, ladder_matmul>: {'block': [1, 112], 'thread': [1, 112], 'rstep': [112], 'block_order': <NoRasterization>, 'vectorize': {'B_rescale': 8}}}
0.41152000427246094
{<Node, ladder_matmul>: {'block': [1, 128], 'thread': [1, 128], 'rstep': [112], 'block_order': <NoRasterization>, 'vectorize': {'B_rescale': 8}}}
0.36083200573921204
{<Node, ladder_matmul>: {'block': [1, 224], 'thread': [1, 112], 'rstep': [112], 'block_order': <NoRasterization>, 'step': [1, 2], 'vectorize': {'B_rescale': 8}}}
0.36556801199913025
{<Node, ladder_matmul>: {'block': [1, 256], 'thread': [1, 128], 'rstep': [112], 'block_order': <NoRasterization>, 'step': [1, 2], 'vectorize': {'B_rescale': 8}}}
0.3623822331428528
top1: 0.4116480052471161 	top10: 0.36083200573921204
--------------------------------------------------------------------------------
best config: {<Node, ladder_matmul>: {'block': [1, 128], 'thread': [1, 128], 'rstep': [112], 'block_order': <NoRasterization>, 'vectorize': {'B_rescale': 8}}}
best latency: 0.36083200573921204
best code: __global__ void __launch_bounds__(128) Fused(half* __restrict__ A, int8_t* __restrict__ B, half* __restrict__ C) {
  
  half in_thread_C_local[1];
  half A_local[8];
  signed char B_local[4];
  half B_decode_local[8];
  __shared__ half red_buf0[128];
  in_thread_C_local[0] = __float2half_rn(0.000000e+00f);
  for (int k_0 = 0; k_0 < 56; ++k_0) {
    *(uint4*)(A_local + 0) = *(uint4*)(A + ((k_0 * 1024) + (((int)threadIdx.x) * 8)));
    *(int*)(B_local + 0) = *(int*)(B + (((((int)blockIdx.x) * 28672) + (k_0 * 512)) + (((int)threadIdx.x) * 4)));
    for (int ax1 = 0; ax1 < 8; ++ax1) {
      B_decode_local[ax1] = ((half)((B_local[(ax1 >> 1)] >> ((signed char)((ax1 & 1) * 4))) & (signed char)15));
    }
    for (int k_2 = 0; k_2 < 8; ++k_2) {
      in_thread_C_local[0] = (in_thread_C_local[0] + (A_local[k_2] * B_decode_local[k_2]));
    }
  }
  __syncthreads();
  ((volatile half*)red_buf0)[((int)threadIdx.x)] = in_thread_C_local[0];
  __syncthreads();
  if (((int)threadIdx.x) < 64) {
    ((volatile half*)red_buf0)[((int)threadIdx.x)] = ((half)(((volatile half*)red_buf0)[((int)threadIdx.x)]) + (half)(((volatile half*)red_buf0)[(((int)threadIdx.x) + 64)]));
  }
  __syncthreads();
  if (((int)threadIdx.x) < 32) {
    ((volatile half*)red_buf0)[((int)threadIdx.x)] = ((half)(((volatile half*)red_buf0)[((int)threadIdx.x)]) + (half)(((volatile half*)red_buf0)[(((int)threadIdx.x) + 32)]));
  }
  __syncthreads();
  if (((int)threadIdx.x) < 16) {
    half w_16_0 = ((half)(((volatile half*)red_buf0)[((int)threadIdx.x)]) + (half)(((volatile half*)red_buf0)[(((int)threadIdx.x) + 16)]));
    ((volatile half*)red_buf0)[((int)threadIdx.x)] = w_16_0;
    half w_8_0 = ((half)(((volatile half*)red_buf0)[((int)threadIdx.x)]) + (half)(((volatile half*)red_buf0)[(((int)threadIdx.x) + 8)]));
    ((volatile half*)red_buf0)[((int)threadIdx.x)] = w_8_0;
    half w_4_0 = ((half)(((volatile half*)red_buf0)[((int)threadIdx.x)]) + (half)(((volatile half*)red_buf0)[(((int)threadIdx.x) + 4)]));
    ((volatile half*)red_buf0)[((int)threadIdx.x)] = w_4_0;
    half w_2_0 = ((half)(((volatile half*)red_buf0)[((int)threadIdx.x)]) + (half)(((volatile half*)red_buf0)[(((int)threadIdx.x) + 2)]));
    ((volatile half*)red_buf0)[((int)threadIdx.x)] = w_2_0;
    half w_1_0 = ((half)(((volatile half*)red_buf0)[((int)threadIdx.x)]) + (half)(((volatile half*)red_buf0)[(((int)threadIdx.x) + 1)]));
    ((volatile half*)red_buf0)[((int)threadIdx.x)] = w_1_0;
  }
  __syncthreads();
  C[((int)blockIdx.x)] = (half)(((volatile half*)red_buf0)[0]);
}


1_1024_8192	0.008045714348554611
1_8192_8192	0.0339626669883728
1_28672_8192	0.10503314435482025
1_8192_28672	0.10803200304508209
1_43008_14336	0.2691071927547455
1_14336_14336	0.09458036720752716
1_57344_14336	0.35624960064888
1_14336_57344	0.36083200573921204
