2024-05-09 20:19:28 [ladder:DEBUG]: Using template: <class 'ladder.schedule.tir_reduce_interthread.TIRReduceInterThreadScheduler'> config: {'block': [1, 4], 'thread': [1, 4], 'rstep': [4096], 'reduce_thread': [32], 'block_order': <NoRasterization>, 'vectorize': {'B_decode': 16, 'A': 16}}
2024-05-09 20:19:28 [ladder:DEBUG]: the computation is inconsistent, is_a_consistent: True, is_b_consistent: False
2024-05-09 20:19:29 [ladder:DEBUG]: Using template: <class 'ladder.schedule.tir_reduce_interthread.TIRReduceInterThreadScheduler'> config: {'block': [1, 8], 'thread': [1, 8], 'rstep': [2048], 'reduce_thread': [16], 'block_order': <NoRasterization>, 'vectorize': {'B_decode': 16, 'A': 16}}
2024-05-09 20:19:29 [ladder:DEBUG]: the computation is inconsistent, is_a_consistent: True, is_b_consistent: False
2024-05-09 20:19:29 [ladder:DEBUG]: Using template: <class 'ladder.schedule.tir_reduce_interthread.TIRReduceInterThreadScheduler'> config: {'block': [1, 16], 'thread': [1, 16], 'rstep': [1024], 'reduce_thread': [8], 'block_order': <NoRasterization>, 'vectorize': {'B_decode': 16, 'A': 8}}
2024-05-09 20:19:29 [ladder:DEBUG]: the computation is inconsistent, is_a_consistent: True, is_b_consistent: False
2024-05-09 20:19:29 [ladder:DEBUG]: Using template: <class 'ladder.schedule.tir_reduce_interthread.TIRReduceInterThreadScheduler'> config: {'block': [1, 32], 'thread': [1, 32], 'rstep': [512], 'reduce_thread': [4], 'block_order': <NoRasterization>, 'vectorize': {'B_decode': 16, 'A': 4}}
2024-05-09 20:19:29 [ladder:DEBUG]: the computation is inconsistent, is_a_consistent: True, is_b_consistent: False
2024-05-09 20:19:29 [ladder:DEBUG]: Using template: <class 'ladder.schedule.tir_reduce_interthread.TIRReduceInterThreadScheduler'> config: {'block': [1, 64], 'thread': [1, 64], 'rstep': [256], 'reduce_thread': [2], 'block_order': <NoRasterization>, 'vectorize': {'A': 2}}
2024-05-09 20:19:29 [ladder:DEBUG]: the computation is inconsistent, is_a_consistent: True, is_b_consistent: False
2024-05-09 20:19:29 [ladder:DEBUG]: Using template: <class 'ladder.schedule.tir_reduce_interthread.TIRReduceInterThreadScheduler'> config: {'block': [1, 2], 'thread': [1, 2], 'rstep': [8192], 'reduce_thread': [64], 'block_order': <NoRasterization>, 'vectorize': {'B_decode': 16, 'A': 16}}
2024-05-09 20:19:29 [ladder:DEBUG]: the computation is inconsistent, is_a_consistent: True, is_b_consistent: False
2024-05-09 20:19:29 [ladder:DEBUG]: Using template: <class 'ladder.schedule.tir_reduce_interthread.TIRReduceInterThreadScheduler'> config: {'block': [1, 1], 'thread': [1, 1], 'rstep': [8192], 'reduce_thread': [128], 'block_order': <NoRasterization>, 'vectorize': {'B_decode': 16, 'A': 16}}
2024-05-09 20:19:29 [ladder:DEBUG]: the computation is inconsistent, is_a_consistent: True, is_b_consistent: False
{<Node, ladder_matmul>: {'block': [1, 4], 'thread': [1, 4], 'rstep': [4096], 'reduce_thread': [32], 'block_order': <NoRasterization>, 'vectorize': {'B_decode': 16, 'A': 16}}}
0.007314285729080439
{<Node, ladder_matmul>: {'block': [1, 8], 'thread': [1, 8], 'rstep': [2048], 'reduce_thread': [16], 'block_order': <NoRasterization>, 'vectorize': {'B_decode': 16, 'A': 16}}}
0.007884799502789974
{<Node, ladder_matmul>: {'block': [1, 16], 'thread': [1, 16], 'rstep': [1024], 'reduce_thread': [8], 'block_order': <NoRasterization>, 'vectorize': {'B_decode': 16, 'A': 8}}}
0.012185599654912949
{<Node, ladder_matmul>: {'block': [1, 32], 'thread': [1, 32], 'rstep': [512], 'reduce_thread': [4], 'block_order': <NoRasterization>, 'vectorize': {'B_decode': 16, 'A': 4}}}
0.041332364082336426
{<Node, ladder_matmul>: {'block': [1, 64], 'thread': [1, 64], 'rstep': [256], 'reduce_thread': [2], 'block_order': <NoRasterization>, 'vectorize': {'A': 2}}}
0.09176615625619888
{<Node, ladder_matmul>: {'block': [1, 2], 'thread': [1, 2], 'rstep': [8192], 'reduce_thread': [64], 'block_order': <NoRasterization>, 'vectorize': {'B_decode': 16, 'A': 16}}}
0.0059977141208946705
{<Node, ladder_matmul>: {'block': [1, 1], 'thread': [1, 1], 'rstep': [8192], 'reduce_thread': [128], 'block_order': <NoRasterization>, 'vectorize': {'B_decode': 16, 'A': 16}}}
0.006246400065720081
top1: 0.007314285729080439 	top10: 0.0059977141208946705
--------------------------------------------------------------------------------
best config: {<Node, ladder_matmul>: {'block': [1, 2], 'thread': [1, 2], 'rstep': [8192], 'reduce_thread': [64], 'block_order': <NoRasterization>, 'vectorize': {'B_decode': 16, 'A': 16}}}
best latency: 0.0059977141208946705
best code: __global__ void __launch_bounds__(128) Fused(int8_t* __restrict__ A, int8_t* __restrict__ B, int8_t* __restrict__ dtype_transform) {
  
  int in_thread_B_local[1];
  signed char A_local[16];
  signed char B_local[2];
  signed char B_decode_local[16];
  __shared__ int red_buf0[128];
  in_thread_B_local[0] = 0;
  for (int k_0 = 0; k_0 < 8; ++k_0) {
    *(int4*)(A_local + 0) = *(int4*)(A + ((k_0 * 1024) + (((int)threadIdx.x) * 16)));
    *(char2*)(B_local + 0) = *(char2*)(B + ((((((int)blockIdx.x) * 2048) + (((int)threadIdx.y) * 1024)) + (k_0 * 128)) + (((int)threadIdx.x) * 2)));
    for (int ax1 = 0; ax1 < 16; ++ax1) {
      B_decode_local[ax1] = ((B_local[(ax1 >> 3)] >> ((signed char)(ax1 & 7))) & (signed char)1);
    }
    for (int k_2_0 = 0; k_2_0 < 4; ++k_2_0) {
      in_thread_B_local[0] = __dp4a(*(int *)&A_local[((k_2_0 * 4))],*(int *)&B_decode_local[((k_2_0 * 4))], in_thread_B_local[0]);
    }
  }
  __syncthreads();
  ((volatile int*)red_buf0)[((((int)threadIdx.y) * 64) + ((int)threadIdx.x))] = in_thread_B_local[0];
  __syncthreads();
  if (((int)threadIdx.x) < 32) {
    ((volatile int*)red_buf0)[((((int)threadIdx.y) * 64) + ((int)threadIdx.x))] = (((volatile int*)red_buf0)[((((int)threadIdx.y) * 64) + ((int)threadIdx.x))] + ((volatile int*)red_buf0)[(((((int)threadIdx.y) * 64) + ((int)threadIdx.x)) + 32)]);
  }
  __syncthreads();
  if (((int)threadIdx.x) < 16) {
    int w_16_0 = (((volatile int*)red_buf0)[((((int)threadIdx.y) * 64) + ((int)threadIdx.x))] + ((volatile int*)red_buf0)[(((((int)threadIdx.y) * 64) + ((int)threadIdx.x)) + 16)]);
    ((volatile int*)red_buf0)[((((int)threadIdx.y) * 64) + ((int)threadIdx.x))] = w_16_0;
    int w_8_0 = (((volatile int*)red_buf0)[((((int)threadIdx.y) * 64) + ((int)threadIdx.x))] + ((volatile int*)red_buf0)[(((((int)threadIdx.y) * 64) + ((int)threadIdx.x)) + 8)]);
    ((volatile int*)red_buf0)[((((int)threadIdx.y) * 64) + ((int)threadIdx.x))] = w_8_0;
    int w_4_0 = (((volatile int*)red_buf0)[((((int)threadIdx.y) * 64) + ((int)threadIdx.x))] + ((volatile int*)red_buf0)[(((((int)threadIdx.y) * 64) + ((int)threadIdx.x)) + 4)]);
    ((volatile int*)red_buf0)[((((int)threadIdx.y) * 64) + ((int)threadIdx.x))] = w_4_0;
    int w_2_0 = (((volatile int*)red_buf0)[((((int)threadIdx.y) * 64) + ((int)threadIdx.x))] + ((volatile int*)red_buf0)[(((((int)threadIdx.y) * 64) + ((int)threadIdx.x)) + 2)]);
    ((volatile int*)red_buf0)[((((int)threadIdx.y) * 64) + ((int)threadIdx.x))] = w_2_0;
    int w_1_0 = (((volatile int*)red_buf0)[((((int)threadIdx.y) * 64) + ((int)threadIdx.x))] + ((volatile int*)red_buf0)[(((((int)threadIdx.y) * 64) + ((int)threadIdx.x)) + 1)]);
    ((volatile int*)red_buf0)[((((int)threadIdx.y) * 64) + ((int)threadIdx.x))] = w_1_0;
  }
  __syncthreads();
  dtype_transform[((((int)blockIdx.x) * 2) + ((int)threadIdx.y))] = ((signed char)((volatile int*)red_buf0)[(((int)threadIdx.y) * 64)]);
}


2024-05-09 20:19:33 [ladder:DEBUG]: Using template: <class 'ladder.schedule.tir_reduce_interthread.TIRReduceInterThreadScheduler'> config: {'block': [1, 32], 'thread': [1, 32], 'rstep': [512], 'reduce_thread': [4], 'block_order': <NoRasterization>, 'vectorize': {'B_decode': 16, 'A': 4}}
2024-05-09 20:19:33 [ladder:DEBUG]: the computation is inconsistent, is_a_consistent: True, is_b_consistent: False
2024-05-09 20:19:33 [ladder:DEBUG]: Using template: <class 'ladder.schedule.tir_reduce_interthread.TIRReduceInterThreadScheduler'> config: {'block': [1, 64], 'thread': [1, 64], 'rstep': [256], 'reduce_thread': [2], 'block_order': <NoRasterization>, 'vectorize': {'A': 2}}
2024-05-09 20:19:33 [ladder:DEBUG]: the computation is inconsistent, is_a_consistent: True, is_b_consistent: False
2024-05-09 20:19:33 [ladder:DEBUG]: Using template: <class 'ladder.schedule.tir_reduce_interthread.TIRReduceInterThreadScheduler'> config: {'block': [1, 16], 'thread': [1, 16], 'rstep': [1024], 'reduce_thread': [8], 'block_order': <NoRasterization>, 'vectorize': {'B_decode': 16, 'A': 8}}
2024-05-09 20:19:33 [ladder:DEBUG]: the computation is inconsistent, is_a_consistent: True, is_b_consistent: False
2024-05-09 20:19:33 [ladder:DEBUG]: Using template: <class 'ladder.schedule.tir_reduce_interthread.TIRReduceInterThreadScheduler'> config: {'block': [1, 8], 'thread': [1, 8], 'rstep': [2048], 'reduce_thread': [16], 'block_order': <NoRasterization>, 'vectorize': {'B_decode': 16, 'A': 16}}
2024-05-09 20:19:33 [ladder:DEBUG]: the computation is inconsistent, is_a_consistent: True, is_b_consistent: False
2024-05-09 20:19:33 [ladder:DEBUG]: Using template: <class 'ladder.schedule.tir_reduce_interthread.TIRReduceInterThreadScheduler'> config: {'block': [1, 4], 'thread': [1, 4], 'rstep': [4096], 'reduce_thread': [32], 'block_order': <NoRasterization>, 'vectorize': {'B_decode': 16, 'A': 16}}
2024-05-09 20:19:33 [ladder:DEBUG]: the computation is inconsistent, is_a_consistent: True, is_b_consistent: False
2024-05-09 20:19:33 [ladder:DEBUG]: Using template: <class 'ladder.schedule.tir_reduce_interthread.TIRReduceInterThreadScheduler'> config: {'block': [1, 2], 'thread': [1, 2], 'rstep': [8192], 'reduce_thread': [64], 'block_order': <NoRasterization>, 'vectorize': {'B_decode': 16, 'A': 16}}
2024-05-09 20:19:33 [ladder:DEBUG]: the computation is inconsistent, is_a_consistent: True, is_b_consistent: False
2024-05-09 20:19:33 [ladder:DEBUG]: Using template: <class 'ladder.schedule.tir_reduce_interthread.TIRReduceInterThreadScheduler'> config: {'block': [1, 1], 'thread': [1, 1], 'rstep': [8192], 'reduce_thread': [128], 'block_order': <NoRasterization>, 'vectorize': {'B_decode': 16, 'A': 16}}
2024-05-09 20:19:33 [ladder:DEBUG]: the computation is inconsistent, is_a_consistent: True, is_b_consistent: False
{<Node, ladder_matmul>: {'block': [1, 32], 'thread': [1, 32], 'rstep': [512], 'reduce_thread': [4], 'block_order': <NoRasterization>, 'vectorize': {'B_decode': 16, 'A': 4}}}
0.048469334840774536
{<Node, ladder_matmul>: {'block': [1, 64], 'thread': [1, 64], 'rstep': [256], 'reduce_thread': [2], 'block_order': <NoRasterization>, 'vectorize': {'A': 2}}}
0.12800000607967377
{<Node, ladder_matmul>: {'block': [1, 16], 'thread': [1, 16], 'rstep': [1024], 'reduce_thread': [8], 'block_order': <NoRasterization>, 'vectorize': {'B_decode': 16, 'A': 8}}}
0.022732799872756004
{<Node, ladder_matmul>: {'block': [1, 8], 'thread': [1, 8], 'rstep': [2048], 'reduce_thread': [16], 'block_order': <NoRasterization>, 'vectorize': {'B_decode': 16, 'A': 16}}}
0.02218666672706604
{<Node, ladder_matmul>: {'block': [1, 4], 'thread': [1, 4], 'rstep': [4096], 'reduce_thread': [32], 'block_order': <NoRasterization>, 'vectorize': {'B_decode': 16, 'A': 16}}}
0.02075927145779133
{<Node, ladder_matmul>: {'block': [1, 2], 'thread': [1, 2], 'rstep': [8192], 'reduce_thread': [64], 'block_order': <NoRasterization>, 'vectorize': {'B_decode': 16, 'A': 16}}}
0.019894856959581375
{<Node, ladder_matmul>: {'block': [1, 1], 'thread': [1, 1], 'rstep': [8192], 'reduce_thread': [128], 'block_order': <NoRasterization>, 'vectorize': {'B_decode': 16, 'A': 16}}}
0.020593777298927307
top1: 0.048469334840774536 	top10: 0.019894856959581375
--------------------------------------------------------------------------------
best config: {<Node, ladder_matmul>: {'block': [1, 2], 'thread': [1, 2], 'rstep': [8192], 'reduce_thread': [64], 'block_order': <NoRasterization>, 'vectorize': {'B_decode': 16, 'A': 16}}}
best latency: 0.019894856959581375
best code: __global__ void __launch_bounds__(128) Fused(int8_t* __restrict__ A, int8_t* __restrict__ B, int8_t* __restrict__ dtype_transform) {
  
  int in_thread_B_local[1];
  signed char A_local[16];
  signed char B_local[2];
  signed char B_decode_local[16];
  __shared__ int red_buf0[128];
  in_thread_B_local[0] = 0;
  for (int k_0 = 0; k_0 < 8; ++k_0) {
    *(int4*)(A_local + 0) = *(int4*)(A + ((k_0 * 1024) + (((int)threadIdx.x) * 16)));
    *(char2*)(B_local + 0) = *(char2*)(B + ((((((int)blockIdx.x) * 2048) + (((int)threadIdx.y) * 1024)) + (k_0 * 128)) + (((int)threadIdx.x) * 2)));
    for (int ax1 = 0; ax1 < 16; ++ax1) {
      B_decode_local[ax1] = ((B_local[(ax1 >> 3)] >> ((signed char)(ax1 & 7))) & (signed char)1);
    }
    for (int k_2_0 = 0; k_2_0 < 4; ++k_2_0) {
      in_thread_B_local[0] = __dp4a(*(int *)&A_local[((k_2_0 * 4))],*(int *)&B_decode_local[((k_2_0 * 4))], in_thread_B_local[0]);
    }
  }
  __syncthreads();
  ((volatile int*)red_buf0)[((((int)threadIdx.y) * 64) + ((int)threadIdx.x))] = in_thread_B_local[0];
  __syncthreads();
  if (((int)threadIdx.x) < 32) {
    ((volatile int*)red_buf0)[((((int)threadIdx.y) * 64) + ((int)threadIdx.x))] = (((volatile int*)red_buf0)[((((int)threadIdx.y) * 64) + ((int)threadIdx.x))] + ((volatile int*)red_buf0)[(((((int)threadIdx.y) * 64) + ((int)threadIdx.x)) + 32)]);
  }
  __syncthreads();
  if (((int)threadIdx.x) < 16) {
    int w_16_0 = (((volatile int*)red_buf0)[((((int)threadIdx.y) * 64) + ((int)threadIdx.x))] + ((volatile int*)red_buf0)[(((((int)threadIdx.y) * 64) + ((int)threadIdx.x)) + 16)]);
    ((volatile int*)red_buf0)[((((int)threadIdx.y) * 64) + ((int)threadIdx.x))] = w_16_0;
    int w_8_0 = (((volatile int*)red_buf0)[((((int)threadIdx.y) * 64) + ((int)threadIdx.x))] + ((volatile int*)red_buf0)[(((((int)threadIdx.y) * 64) + ((int)threadIdx.x)) + 8)]);
    ((volatile int*)red_buf0)[((((int)threadIdx.y) * 64) + ((int)threadIdx.x))] = w_8_0;
    int w_4_0 = (((volatile int*)red_buf0)[((((int)threadIdx.y) * 64) + ((int)threadIdx.x))] + ((volatile int*)red_buf0)[(((((int)threadIdx.y) * 64) + ((int)threadIdx.x)) + 4)]);
    ((volatile int*)red_buf0)[((((int)threadIdx.y) * 64) + ((int)threadIdx.x))] = w_4_0;
    int w_2_0 = (((volatile int*)red_buf0)[((((int)threadIdx.y) * 64) + ((int)threadIdx.x))] + ((volatile int*)red_buf0)[(((((int)threadIdx.y) * 64) + ((int)threadIdx.x)) + 2)]);
    ((volatile int*)red_buf0)[((((int)threadIdx.y) * 64) + ((int)threadIdx.x))] = w_2_0;
    int w_1_0 = (((volatile int*)red_buf0)[((((int)threadIdx.y) * 64) + ((int)threadIdx.x))] + ((volatile int*)red_buf0)[(((((int)threadIdx.y) * 64) + ((int)threadIdx.x)) + 1)]);
    ((volatile int*)red_buf0)[((((int)threadIdx.y) * 64) + ((int)threadIdx.x))] = w_1_0;
  }
  __syncthreads();
  dtype_transform[((((int)blockIdx.x) * 2) + ((int)threadIdx.y))] = ((signed char)((volatile int*)red_buf0)[(((int)threadIdx.y) * 64)]);
}


2024-05-09 20:19:37 [ladder:DEBUG]: Using template: <class 'ladder.schedule.tir_reduce_interthread.TIRReduceInterThreadScheduler'> config: {'block': [1, 56], 'thread': [1, 56], 'rstep': [512], 'reduce_thread': [2], 'block_order': <NoRasterization>, 'vectorize': {'B_decode': 16}}
2024-05-09 20:19:37 [ladder:DEBUG]: the computation is inconsistent, is_a_consistent: True, is_b_consistent: False
2024-05-09 20:19:37 [ladder:DEBUG]: Using template: <class 'ladder.schedule.tir_reduce_interthread.TIRReduceInterThreadScheduler'> config: {'block': [1, 64], 'thread': [1, 64], 'rstep': [256], 'reduce_thread': [2], 'block_order': <NoRasterization>, 'vectorize': {'A': 2}}
2024-05-09 20:19:37 [ladder:DEBUG]: the computation is inconsistent, is_a_consistent: True, is_b_consistent: False
2024-05-09 20:19:37 [ladder:DEBUG]: Using template: <class 'ladder.schedule.tir_reduce_interthread.TIRReduceInterThreadScheduler'> config: {'block': [1, 28], 'thread': [1, 28], 'rstep': [512], 'reduce_thread': [4], 'block_order': <NoRasterization>, 'vectorize': {'B_decode': 16}}
2024-05-09 20:19:37 [ladder:DEBUG]: the computation is inconsistent, is_a_consistent: True, is_b_consistent: False
2024-05-09 20:19:37 [ladder:DEBUG]: Using template: <class 'ladder.schedule.tir_reduce_interthread.TIRReduceInterThreadScheduler'> config: {'block': [1, 32], 'thread': [1, 32], 'rstep': [512], 'reduce_thread': [4], 'block_order': <NoRasterization>, 'vectorize': {'B_decode': 16, 'A': 4}}
2024-05-09 20:19:37 [ladder:DEBUG]: the computation is inconsistent, is_a_consistent: True, is_b_consistent: False
2024-05-09 20:19:37 [ladder:DEBUG]: Using template: <class 'ladder.schedule.tir_reduce_interthread.TIRReduceInterThreadScheduler'> config: {'block': [1, 14], 'thread': [1, 14], 'rstep': [1024], 'reduce_thread': [8], 'block_order': <NoRasterization>, 'vectorize': {'B_decode': 16}}
2024-05-09 20:19:37 [ladder:DEBUG]: the computation is inconsistent, is_a_consistent: True, is_b_consistent: False
2024-05-09 20:19:37 [ladder:DEBUG]: Using template: <class 'ladder.schedule.tir_reduce_interthread.TIRReduceInterThreadScheduler'> config: {'block': [1, 16], 'thread': [1, 16], 'rstep': [1024], 'reduce_thread': [8], 'block_order': <NoRasterization>, 'vectorize': {'B_decode': 16, 'A': 8}}
2024-05-09 20:19:37 [ladder:DEBUG]: the computation is inconsistent, is_a_consistent: True, is_b_consistent: False
2024-05-09 20:19:37 [ladder:DEBUG]: Using template: <class 'ladder.schedule.tir_reduce_interthread.TIRReduceInterThreadScheduler'> config: {'block': [1, 8], 'thread': [1, 8], 'rstep': [2048], 'reduce_thread': [16], 'block_order': <NoRasterization>, 'vectorize': {'B_decode': 16, 'A': 16}}
2024-05-09 20:19:37 [ladder:DEBUG]: the computation is inconsistent, is_a_consistent: True, is_b_consistent: False
2024-05-09 20:19:37 [ladder:DEBUG]: Using template: <class 'ladder.schedule.tir_reduce_interthread.TIRReduceInterThreadScheduler'> config: {'block': [1, 7], 'thread': [1, 7], 'rstep': [2048], 'reduce_thread': [16], 'block_order': <NoRasterization>, 'vectorize': {'B_decode': 16}}
2024-05-09 20:19:37 [ladder:DEBUG]: the computation is inconsistent, is_a_consistent: True, is_b_consistent: False
2024-05-09 20:19:37 [ladder:DEBUG]: Using template: <class 'ladder.schedule.tir_reduce_interthread.TIRReduceInterThreadScheduler'> config: {'block': [1, 4], 'thread': [1, 4], 'rstep': [4096], 'reduce_thread': [32], 'block_order': <NoRasterization>, 'vectorize': {'B_decode': 16, 'A': 16}}
2024-05-09 20:19:37 [ladder:DEBUG]: the computation is inconsistent, is_a_consistent: True, is_b_consistent: False
2024-05-09 20:19:37 [ladder:DEBUG]: Using template: <class 'ladder.schedule.tir_reduce_interthread.TIRReduceInterThreadScheduler'> config: {'block': [1, 2], 'thread': [1, 2], 'rstep': [8192], 'reduce_thread': [64], 'block_order': <NoRasterization>, 'vectorize': {'B_decode': 16, 'A': 16}}
2024-05-09 20:19:37 [ladder:DEBUG]: the computation is inconsistent, is_a_consistent: True, is_b_consistent: False
2024-05-09 20:19:37 [ladder:DEBUG]: Using template: <class 'ladder.schedule.tir_reduce_interthread.TIRReduceInterThreadScheduler'> config: {'block': [1, 1], 'thread': [1, 1], 'rstep': [8192], 'reduce_thread': [128], 'block_order': <NoRasterization>, 'vectorize': {'B_decode': 16, 'A': 16}}
2024-05-09 20:19:37 [ladder:DEBUG]: the computation is inconsistent, is_a_consistent: True, is_b_consistent: False
{<Node, ladder_matmul>: {'block': [1, 56], 'thread': [1, 56], 'rstep': [512], 'reduce_thread': [2], 'block_order': <NoRasterization>, 'vectorize': {'B_decode': 16}}}
0.08169244229793549
{<Node, ladder_matmul>: {'block': [1, 64], 'thread': [1, 64], 'rstep': [256], 'reduce_thread': [2], 'block_order': <NoRasterization>, 'vectorize': {'A': 2}}}
0.288209468126297
{<Node, ladder_matmul>: {'block': [1, 28], 'thread': [1, 28], 'rstep': [512], 'reduce_thread': [4], 'block_order': <NoRasterization>, 'vectorize': {'B_decode': 16}}}
0.07930311560630798
{<Node, ladder_matmul>: {'block': [1, 32], 'thread': [1, 32], 'rstep': [512], 'reduce_thread': [4], 'block_order': <NoRasterization>, 'vectorize': {'B_decode': 16, 'A': 4}}}
0.1338368058204651
{<Node, ladder_matmul>: {'block': [1, 14], 'thread': [1, 14], 'rstep': [1024], 'reduce_thread': [8], 'block_order': <NoRasterization>, 'vectorize': {'B_decode': 16}}}
0.07896177470684052
{<Node, ladder_matmul>: {'block': [1, 16], 'thread': [1, 16], 'rstep': [1024], 'reduce_thread': [8], 'block_order': <NoRasterization>, 'vectorize': {'B_decode': 16, 'A': 8}}}
0.06997333467006683
{<Node, ladder_matmul>: {'block': [1, 8], 'thread': [1, 8], 'rstep': [2048], 'reduce_thread': [16], 'block_order': <NoRasterization>, 'vectorize': {'B_decode': 16, 'A': 16}}}
0.06667377799749374
{<Node, ladder_matmul>: {'block': [1, 7], 'thread': [1, 7], 'rstep': [2048], 'reduce_thread': [16], 'block_order': <NoRasterization>, 'vectorize': {'B_decode': 16}}}
0.07463821768760681
{<Node, ladder_matmul>: {'block': [1, 4], 'thread': [1, 4], 'rstep': [4096], 'reduce_thread': [32], 'block_order': <NoRasterization>, 'vectorize': {'B_decode': 16, 'A': 16}}}
0.06287360191345215
{<Node, ladder_matmul>: {'block': [1, 2], 'thread': [1, 2], 'rstep': [8192], 'reduce_thread': [64], 'block_order': <NoRasterization>, 'vectorize': {'B_decode': 16, 'A': 16}}}
0.058880001306533813
{<Node, ladder_matmul>: {'block': [1, 1], 'thread': [1, 1], 'rstep': [8192], 'reduce_thread': [128], 'block_order': <NoRasterization>, 'vectorize': {'B_decode': 16, 'A': 16}}}
0.06382933259010315
top1: 0.08169244229793549 	top10: 0.058880001306533813
--------------------------------------------------------------------------------
best config: {<Node, ladder_matmul>: {'block': [1, 2], 'thread': [1, 2], 'rstep': [8192], 'reduce_thread': [64], 'block_order': <NoRasterization>, 'vectorize': {'B_decode': 16, 'A': 16}}}
best latency: 0.058880001306533813
best code: __global__ void __launch_bounds__(128) Fused(int8_t* __restrict__ A, int8_t* __restrict__ B, int8_t* __restrict__ dtype_transform) {
  
  int in_thread_B_local[1];
  signed char A_local[16];
  signed char B_local[2];
  signed char B_decode_local[16];
  __shared__ int red_buf0[128];
  in_thread_B_local[0] = 0;
  for (int k_0 = 0; k_0 < 8; ++k_0) {
    *(int4*)(A_local + 0) = *(int4*)(A + ((k_0 * 1024) + (((int)threadIdx.x) * 16)));
    *(char2*)(B_local + 0) = *(char2*)(B + ((((((int)blockIdx.x) * 2048) + (((int)threadIdx.y) * 1024)) + (k_0 * 128)) + (((int)threadIdx.x) * 2)));
    for (int ax1 = 0; ax1 < 16; ++ax1) {
      B_decode_local[ax1] = ((B_local[(ax1 >> 3)] >> ((signed char)(ax1 & 7))) & (signed char)1);
    }
    for (int k_2_0 = 0; k_2_0 < 4; ++k_2_0) {
      in_thread_B_local[0] = __dp4a(*(int *)&A_local[((k_2_0 * 4))],*(int *)&B_decode_local[((k_2_0 * 4))], in_thread_B_local[0]);
    }
  }
  __syncthreads();
  ((volatile int*)red_buf0)[((((int)threadIdx.y) * 64) + ((int)threadIdx.x))] = in_thread_B_local[0];
  __syncthreads();
  if (((int)threadIdx.x) < 32) {
    ((volatile int*)red_buf0)[((((int)threadIdx.y) * 64) + ((int)threadIdx.x))] = (((volatile int*)red_buf0)[((((int)threadIdx.y) * 64) + ((int)threadIdx.x))] + ((volatile int*)red_buf0)[(((((int)threadIdx.y) * 64) + ((int)threadIdx.x)) + 32)]);
  }
  __syncthreads();
  if (((int)threadIdx.x) < 16) {
    int w_16_0 = (((volatile int*)red_buf0)[((((int)threadIdx.y) * 64) + ((int)threadIdx.x))] + ((volatile int*)red_buf0)[(((((int)threadIdx.y) * 64) + ((int)threadIdx.x)) + 16)]);
    ((volatile int*)red_buf0)[((((int)threadIdx.y) * 64) + ((int)threadIdx.x))] = w_16_0;
    int w_8_0 = (((volatile int*)red_buf0)[((((int)threadIdx.y) * 64) + ((int)threadIdx.x))] + ((volatile int*)red_buf0)[(((((int)threadIdx.y) * 64) + ((int)threadIdx.x)) + 8)]);
    ((volatile int*)red_buf0)[((((int)threadIdx.y) * 64) + ((int)threadIdx.x))] = w_8_0;
    int w_4_0 = (((volatile int*)red_buf0)[((((int)threadIdx.y) * 64) + ((int)threadIdx.x))] + ((volatile int*)red_buf0)[(((((int)threadIdx.y) * 64) + ((int)threadIdx.x)) + 4)]);
    ((volatile int*)red_buf0)[((((int)threadIdx.y) * 64) + ((int)threadIdx.x))] = w_4_0;
    int w_2_0 = (((volatile int*)red_buf0)[((((int)threadIdx.y) * 64) + ((int)threadIdx.x))] + ((volatile int*)red_buf0)[(((((int)threadIdx.y) * 64) + ((int)threadIdx.x)) + 2)]);
    ((volatile int*)red_buf0)[((((int)threadIdx.y) * 64) + ((int)threadIdx.x))] = w_2_0;
    int w_1_0 = (((volatile int*)red_buf0)[((((int)threadIdx.y) * 64) + ((int)threadIdx.x))] + ((volatile int*)red_buf0)[(((((int)threadIdx.y) * 64) + ((int)threadIdx.x)) + 1)]);
    ((volatile int*)red_buf0)[((((int)threadIdx.y) * 64) + ((int)threadIdx.x))] = w_1_0;
  }
  __syncthreads();
  dtype_transform[((((int)blockIdx.x) * 2) + ((int)threadIdx.y))] = ((signed char)((volatile int*)red_buf0)[(((int)threadIdx.y) * 64)]);
}


2024-05-09 20:19:41 [ladder:DEBUG]: Using template: <class 'ladder.schedule.tir_reduce_interthread.TIRReduceInterThreadScheduler'> config: {'block': [1, 32], 'thread': [1, 32], 'rstep': [512], 'reduce_thread': [4], 'block_order': <NoRasterization>, 'vectorize': {'B_decode': 16, 'A': 4}}
2024-05-09 20:19:41 [ladder:DEBUG]: the computation is inconsistent, is_a_consistent: True, is_b_consistent: False
2024-05-09 20:19:41 [ladder:DEBUG]: Using template: <class 'ladder.schedule.tir_reduce_interthread.TIRReduceInterThreadScheduler'> config: {'block': [1, 64], 'thread': [1, 64], 'rstep': [256], 'reduce_thread': [2], 'block_order': <NoRasterization>, 'vectorize': {'A': 2}}
2024-05-09 20:19:41 [ladder:DEBUG]: the computation is inconsistent, is_a_consistent: True, is_b_consistent: False
2024-05-09 20:19:41 [ladder:DEBUG]: Using template: <class 'ladder.schedule.tir_reduce_interthread.TIRReduceInterThreadScheduler'> config: {'block': [1, 16], 'thread': [1, 16], 'rstep': [1024], 'reduce_thread': [8], 'block_order': <NoRasterization>, 'vectorize': {'B_decode': 16, 'A': 8}}
2024-05-09 20:19:41 [ladder:DEBUG]: the computation is inconsistent, is_a_consistent: True, is_b_consistent: False
2024-05-09 20:19:41 [ladder:DEBUG]: Using template: <class 'ladder.schedule.tir_reduce_interthread.TIRReduceInterThreadScheduler'> config: {'block': [1, 8], 'thread': [1, 8], 'rstep': [2048], 'reduce_thread': [16], 'block_order': <NoRasterization>, 'vectorize': {'B_decode': 16, 'A': 16}}
2024-05-09 20:19:41 [ladder:DEBUG]: the computation is inconsistent, is_a_consistent: True, is_b_consistent: False
2024-05-09 20:19:41 [ladder:DEBUG]: Using template: <class 'ladder.schedule.tir_reduce_interthread.TIRReduceInterThreadScheduler'> config: {'block': [1, 4], 'thread': [1, 4], 'rstep': [4096], 'reduce_thread': [32], 'block_order': <NoRasterization>, 'vectorize': {'B_decode': 16, 'A': 16}}
2024-05-09 20:19:41 [ladder:DEBUG]: the computation is inconsistent, is_a_consistent: True, is_b_consistent: False
2024-05-09 20:19:41 [ladder:DEBUG]: Using template: <class 'ladder.schedule.tir_reduce_interthread.TIRReduceInterThreadScheduler'> config: {'block': [1, 2], 'thread': [1, 2], 'rstep': [7168], 'reduce_thread': [64], 'block_order': <NoRasterization>, 'vectorize': {'B_decode': 16, 'A': 8}}
2024-05-09 20:19:41 [ladder:DEBUG]: the computation is inconsistent, is_a_consistent: True, is_b_consistent: False
2024-05-09 20:19:41 [ladder:DEBUG]: Using template: <class 'ladder.schedule.tir_reduce_interthread.TIRReduceInterThreadScheduler'> config: {'block': [1, 1], 'thread': [1, 1], 'rstep': [7168], 'reduce_thread': [128], 'block_order': <NoRasterization>, 'vectorize': {'B_decode': 8, 'A': 8}}
2024-05-09 20:19:41 [ladder:DEBUG]: the computation is inconsistent, is_a_consistent: True, is_b_consistent: False
{<Node, ladder_matmul>: {'block': [1, 32], 'thread': [1, 32], 'rstep': [512], 'reduce_thread': [4], 'block_order': <NoRasterization>, 'vectorize': {'B_decode': 16, 'A': 4}}}
0.1759004443883896
{<Node, ladder_matmul>: {'block': [1, 64], 'thread': [1, 64], 'rstep': [256], 'reduce_thread': [2], 'block_order': <NoRasterization>, 'vectorize': {'A': 2}}}
0.46610620617866516
{<Node, ladder_matmul>: {'block': [1, 16], 'thread': [1, 16], 'rstep': [1024], 'reduce_thread': [8], 'block_order': <NoRasterization>, 'vectorize': {'B_decode': 16, 'A': 8}}}
0.08214756101369858
{<Node, ladder_matmul>: {'block': [1, 8], 'thread': [1, 8], 'rstep': [2048], 'reduce_thread': [16], 'block_order': <NoRasterization>, 'vectorize': {'B_decode': 16, 'A': 16}}}
0.07941689342260361
{<Node, ladder_matmul>: {'block': [1, 4], 'thread': [1, 4], 'rstep': [4096], 'reduce_thread': [32], 'block_order': <NoRasterization>, 'vectorize': {'B_decode': 16, 'A': 16}}}
0.07045120000839233
{<Node, ladder_matmul>: {'block': [1, 2], 'thread': [1, 2], 'rstep': [7168], 'reduce_thread': [64], 'block_order': <NoRasterization>, 'vectorize': {'B_decode': 16, 'A': 8}}}
0.06256639957427979
{<Node, ladder_matmul>: {'block': [1, 1], 'thread': [1, 1], 'rstep': [7168], 'reduce_thread': [128], 'block_order': <NoRasterization>, 'vectorize': {'B_decode': 8, 'A': 8}}}
0.06021120026707649
top1: 0.1759004443883896 	top10: 0.06021120026707649
--------------------------------------------------------------------------------
best config: {<Node, ladder_matmul>: {'block': [1, 1], 'thread': [1, 1], 'rstep': [7168], 'reduce_thread': [128], 'block_order': <NoRasterization>, 'vectorize': {'B_decode': 8, 'A': 8}}}
best latency: 0.06021120026707649
best code: __global__ void __launch_bounds__(128) Fused(int8_t* __restrict__ A, int8_t* __restrict__ B, int8_t* __restrict__ dtype_transform) {
  
  int in_thread_B_local[1];
  signed char A_local[8];
  signed char B_local[1];
  signed char B_decode_local[8];
  __shared__ int red_buf0[128];
  in_thread_B_local[0] = 0;
  for (int k_0 = 0; k_0 < 28; ++k_0) {
    *(int2*)(A_local + 0) = *(int2*)(A + ((k_0 * 1024) + (((int)threadIdx.x) * 8)));
    B_local[0] = B[(((((int)blockIdx.x) * 3584) + (k_0 * 128)) + ((int)threadIdx.x))];
    for (int ax1 = 0; ax1 < 8; ++ax1) {
      B_decode_local[ax1] = ((B_local[0] >> ((signed char)ax1)) & (signed char)1);
    }
    for (int k_2_0 = 0; k_2_0 < 2; ++k_2_0) {
      in_thread_B_local[0] = __dp4a(*(int *)&A_local[((k_2_0 * 4))],*(int *)&B_decode_local[((k_2_0 * 4))], in_thread_B_local[0]);
    }
  }
  __syncthreads();
  ((volatile int*)red_buf0)[((int)threadIdx.x)] = in_thread_B_local[0];
  __syncthreads();
  if (((int)threadIdx.x) < 64) {
    ((volatile int*)red_buf0)[((int)threadIdx.x)] = (((volatile int*)red_buf0)[((int)threadIdx.x)] + ((volatile int*)red_buf0)[(((int)threadIdx.x) + 64)]);
  }
  __syncthreads();
  if (((int)threadIdx.x) < 32) {
    ((volatile int*)red_buf0)[((int)threadIdx.x)] = (((volatile int*)red_buf0)[((int)threadIdx.x)] + ((volatile int*)red_buf0)[(((int)threadIdx.x) + 32)]);
  }
  __syncthreads();
  if (((int)threadIdx.x) < 16) {
    int w_16_0 = (((volatile int*)red_buf0)[((int)threadIdx.x)] + ((volatile int*)red_buf0)[(((int)threadIdx.x) + 16)]);
    ((volatile int*)red_buf0)[((int)threadIdx.x)] = w_16_0;
    int w_8_0 = (((volatile int*)red_buf0)[((int)threadIdx.x)] + ((volatile int*)red_buf0)[(((int)threadIdx.x) + 8)]);
    ((volatile int*)red_buf0)[((int)threadIdx.x)] = w_8_0;
    int w_4_0 = (((volatile int*)red_buf0)[((int)threadIdx.x)] + ((volatile int*)red_buf0)[(((int)threadIdx.x) + 4)]);
    ((volatile int*)red_buf0)[((int)threadIdx.x)] = w_4_0;
    int w_2_0 = (((volatile int*)red_buf0)[((int)threadIdx.x)] + ((volatile int*)red_buf0)[(((int)threadIdx.x) + 2)]);
    ((volatile int*)red_buf0)[((int)threadIdx.x)] = w_2_0;
    int w_1_0 = (((volatile int*)red_buf0)[((int)threadIdx.x)] + ((volatile int*)red_buf0)[(((int)threadIdx.x) + 1)]);
    ((volatile int*)red_buf0)[((int)threadIdx.x)] = w_1_0;
  }
  __syncthreads();
  dtype_transform[((int)blockIdx.x)] = ((signed char)((volatile int*)red_buf0)[0]);
}


1_1024_8192	0.0059977141208946705
1_8192_8192	0.019894856959581375
1_28672_8192	0.058880001306533813
1_8192_28672	0.06021120026707649
