Result_108_0_0: 
-8.671875e+00 8.442383e-01 -2.037109e+00 -1.068750e+01 -8.960938e+00 3.558594e+00 2.822266e+00 -1.117188e+00 1.672852e+00 -1.187500e+01  .. (size = 33554432, ends with 4.882812e-03);
Result_108_0_0: 
-8.671875e+00 8.442383e-01 -2.037109e+00 -1.068750e+01 -8.960938e+00 3.558594e+00 2.822266e+00 -1.117188e+00 1.672852e+00 -1.187500e+01  .. (size = 33554432, ends with 4.882812e-03);
Result_108_0_0: 
-8.671875e+00 8.442383e-01 -2.037109e+00 -1.068750e+01 -8.960938e+00 3.558594e+00 2.822266e+00 -1.117188e+00 1.672852e+00 -1.187500e+01  .. (size = 33554432, ends with 4.882812e-03);
Result_108_0_0: 
-8.671875e+00 8.442383e-01 -2.037109e+00 -1.068750e+01 -8.960938e+00 3.558594e+00 2.822266e+00 -1.117188e+00 1.672852e+00 -1.187500e+01  .. (size = 33554432, ends with 4.882812e-03);
Result_108_0_0: 
-8.671875e+00 8.442383e-01 -2.037109e+00 -1.068750e+01 -8.960938e+00 3.558594e+00 2.822266e+00 -1.117188e+00 1.672852e+00 -1.187500e+01  .. (size = 33554432, ends with 4.882812e-03);
Iteration time 253.868164 ms
Iteration time 253.854721 ms
Iteration time 253.868027 ms
Iteration time 256.579590 ms
Iteration time 254.299133 ms
Iteration time 254.177277 ms
Iteration time 254.207993 ms
Iteration time 254.492676 ms
Iteration time 254.579712 ms
Iteration time 254.305283 ms
Summary: [min, max, mean] = [253.854721, 256.579590, 254.423248] ms
