Result_108_0_0: 
-1.381250e+01 5.914062e+00 3.880859e+00 -3.966797e+00 7.265625e-01 -6.789062e+00 3.390625e+00 -3.828125e-01 7.136719e+00 -6.867188e+00  .. (size = 33554432, ends with -9.195312e+00);
Result_108_0_0: 
-1.381250e+01 5.914062e+00 3.880859e+00 -3.966797e+00 7.265625e-01 -6.789062e+00 3.390625e+00 -3.828125e-01 7.136719e+00 -6.867188e+00  .. (size = 33554432, ends with -9.195312e+00);
Result_108_0_0: 
-1.381250e+01 5.914062e+00 3.880859e+00 -3.966797e+00 7.265625e-01 -6.789062e+00 3.390625e+00 -3.828125e-01 7.136719e+00 -6.867188e+00  .. (size = 33554432, ends with -9.195312e+00);
Result_108_0_0: 
-1.381250e+01 5.914062e+00 3.880859e+00 -3.966797e+00 7.265625e-01 -6.789062e+00 3.390625e+00 -3.828125e-01 7.136719e+00 -6.867188e+00  .. (size = 33554432, ends with -9.195312e+00);
Result_108_0_0: 
-1.381250e+01 5.914062e+00 3.880859e+00 -3.966797e+00 7.265625e-01 -6.789062e+00 3.390625e+00 -3.828125e-01 7.136719e+00 -6.867188e+00  .. (size = 33554432, ends with -9.195312e+00);
Iteration time 121.828575 ms
Iteration time 123.235329 ms
Iteration time 123.131905 ms
Iteration time 123.278336 ms
Iteration time 123.932671 ms
Iteration time 131.189758 ms
Iteration time 123.233276 ms
Iteration time 123.565056 ms
Iteration time 123.074562 ms
Iteration time 122.601471 ms
Summary: [min, max, mean] = [121.828575, 131.189758, 123.907089] ms
