{<Node, ladder_matmul>: {'block': [1, 4], 'thread': [1, 4], 'rstep': [2048], 'reduce_thread': [32], 'block_order': <NoRasterization>, 'vectorize': {'A': 8, 'B': 8}}}
0.009216000325977802
{<Node, ladder_matmul>: {'block': [1, 2], 'thread': [1, 2], 'rstep': [4096], 'reduce_thread': [64], 'block_order': <NoRasterization>, 'vectorize': {'A': 8, 'B': 8}}}
0.009045333601534367
{<Node, ladder_matmul>: {'block': [1, 1], 'thread': [1, 1], 'rstep': [4096], 'reduce_thread': [128], 'block_order': <NoRasterization>, 'vectorize': {'A': 8, 'B': 8}}}
0.008191999979317188
{<Node, ladder_matmul>: {'block': [1, 8], 'thread': [1, 8], 'rstep': [1024], 'reduce_thread': [16], 'block_order': <NoRasterization>, 'vectorize': {'A': 8, 'B': 8}}}
0.011673600412905216
{<Node, ladder_matmul>: {'block': [1, 16], 'thread': [1, 16], 'rstep': [512], 'reduce_thread': [8], 'block_order': <NoRasterization>, 'vectorize': {'A': 4, 'B': 8}}}
0.016383999958634377
{<Node, ladder_matmul>: {'block': [1, 32], 'thread': [1, 32], 'rstep': [256], 'reduce_thread': [4], 'block_order': <NoRasterization>, 'vectorize': {'A': 2, 'B': 8}}}
0.02908160164952278
{<Node, ladder_matmul>: {'block': [1, 64], 'thread': [1, 64], 'rstep': [128], 'reduce_thread': [2], 'block_order': <NoRasterization>, 'vectorize': {'B': 8}}}
0.05632000043988228
{<Node, ladder_matmul>: {'block': [1, 128], 'thread': [1, 128], 'rstep': [64], 'block_order': <NoRasterization>, 'vectorize': {'B': 8}}}
0.2606811225414276
{<Node, ladder_matmul>: {'block': [1, 256], 'thread': [1, 128], 'rstep': [64], 'block_order': <NoRasterization>, 'step': [1, 2], 'vectorize': {'B': 8}}}
0.48605868220329285
top1: 0.009216000325977802 	top10: 0.008191999979317188
--------------------------------------------------------------------------------
best config: {<Node, ladder_matmul>: {'block': [1, 1], 'thread': [1, 1], 'rstep': [4096], 'reduce_thread': [128], 'block_order': <NoRasterization>, 'vectorize': {'A': 8, 'B': 8}}}
best latency: 0.008191999979317188
{<Node, ladder_matmul>: {'block': [1, 4], 'thread': [1, 4], 'rstep': [2048], 'reduce_thread': [32], 'block_order': <NoRasterization>, 'vectorize': {'A': 8, 'B': 8}}}
0.08458240330219269
{<Node, ladder_matmul>: {'block': [1, 8], 'thread': [1, 8], 'rstep': [1024], 'reduce_thread': [16], 'block_order': <NoRasterization>, 'vectorize': {'A': 8, 'B': 8}}}
0.08437760174274445
{<Node, ladder_matmul>: {'block': [1, 2], 'thread': [1, 2], 'rstep': [4096], 'reduce_thread': [64], 'block_order': <NoRasterization>, 'vectorize': {'A': 8, 'B': 8}}}
0.08311466872692108
{<Node, ladder_matmul>: {'block': [1, 32], 'thread': [1, 32], 'rstep': [256], 'reduce_thread': [4], 'block_order': <NoRasterization>, 'vectorize': {'A': 2, 'B': 8}}}
0.10813440382480621
{<Node, ladder_matmul>: {'block': [1, 16], 'thread': [1, 16], 'rstep': [512], 'reduce_thread': [8], 'block_order': <NoRasterization>, 'vectorize': {'A': 4, 'B': 8}}}
0.08663039654493332
{<Node, ladder_matmul>: {'block': [1, 1], 'thread': [1, 1], 'rstep': [4096], 'reduce_thread': [128], 'block_order': <NoRasterization>, 'vectorize': {'A': 8, 'B': 8}}}
0.08021333813667297
{<Node, ladder_matmul>: {'block': [1, 64], 'thread': [1, 64], 'rstep': [128], 'reduce_thread': [2], 'block_order': <NoRasterization>, 'vectorize': {'B': 8}}}
0.16998399794101715
{<Node, ladder_matmul>: {'block': [1, 128], 'thread': [1, 128], 'rstep': [64], 'block_order': <NoRasterization>, 'vectorize': {'B': 8}}}
0.31568455696105957
{<Node, ladder_matmul>: {'block': [1, 256], 'thread': [1, 128], 'rstep': [64], 'block_order': <NoRasterization>, 'step': [1, 2], 'vectorize': {'B': 8}}}
0.5778773427009583
top1: 0.08458240330219269 	top10: 0.08021333813667297
--------------------------------------------------------------------------------
best config: {<Node, ladder_matmul>: {'block': [1, 1], 'thread': [1, 1], 'rstep': [4096], 'reduce_thread': [128], 'block_order': <NoRasterization>, 'vectorize': {'A': 8, 'B': 8}}}
best latency: 0.08021333813667297
{<Node, ladder_matmul>: {'block': [1, 14], 'thread': [1, 14], 'rstep': [512], 'reduce_thread': [8], 'block_order': <NoRasterization>, 'vectorize': {'B': 8}}}
0.29429760575294495
{<Node, ladder_matmul>: {'block': [1, 7], 'thread': [1, 7], 'rstep': [1024], 'reduce_thread': [16], 'block_order': <NoRasterization>, 'vectorize': {'B': 8}}}
0.27893760800361633
{<Node, ladder_matmul>: {'block': [1, 8], 'thread': [1, 8], 'rstep': [1024], 'reduce_thread': [16], 'block_order': <NoRasterization>, 'vectorize': {'A': 8, 'B': 8}}}
0.28569599986076355
{<Node, ladder_matmul>: {'block': [1, 16], 'thread': [1, 16], 'rstep': [512], 'reduce_thread': [8], 'block_order': <NoRasterization>, 'vectorize': {'A': 4, 'B': 8}}}
0.30720001459121704
{<Node, ladder_matmul>: {'block': [1, 4], 'thread': [1, 4], 'rstep': [2048], 'reduce_thread': [32], 'block_order': <NoRasterization>, 'vectorize': {'A': 8, 'B': 8}}}
0.2719743847846985
{<Node, ladder_matmul>: {'block': [1, 28], 'thread': [1, 28], 'rstep': [256], 'reduce_thread': [4], 'block_order': <NoRasterization>, 'vectorize': {'B': 8}}}
0.2979840040206909
{<Node, ladder_matmul>: {'block': [1, 32], 'thread': [1, 32], 'rstep': [256], 'reduce_thread': [4], 'block_order': <NoRasterization>, 'vectorize': {'A': 2, 'B': 8}}}
0.29900798201560974
{<Node, ladder_matmul>: {'block': [1, 2], 'thread': [1, 2], 'rstep': [4096], 'reduce_thread': [64], 'block_order': <NoRasterization>, 'vectorize': {'A': 8, 'B': 8}}}
0.2685805857181549
{<Node, ladder_matmul>: {'block': [1, 112], 'thread': [1, 112], 'rstep': [64], 'block_order': <NoRasterization>, 'vectorize': {'B': 8}}}
0.6568228602409363
{<Node, ladder_matmul>: {'block': [1, 56], 'thread': [1, 56], 'rstep': [128], 'reduce_thread': [2], 'block_order': <NoRasterization>, 'vectorize': {'B': 8}}}
0.4326399862766266
{<Node, ladder_matmul>: {'block': [1, 128], 'thread': [1, 128], 'rstep': [64], 'block_order': <NoRasterization>, 'vectorize': {'B': 8}}}
0.7154834866523743
{<Node, ladder_matmul>: {'block': [1, 64], 'thread': [1, 64], 'rstep': [128], 'reduce_thread': [2], 'block_order': <NoRasterization>, 'vectorize': {'B': 8}}}
0.4357120096683502
{<Node, ladder_matmul>: {'block': [1, 1], 'thread': [1, 1], 'rstep': [4096], 'reduce_thread': [128], 'block_order': <NoRasterization>, 'vectorize': {'A': 8, 'B': 8}}}
0.26396444439888
{<Node, ladder_matmul>: {'block': [1, 224], 'thread': [1, 112], 'rstep': [64], 'block_order': <NoRasterization>, 'step': [1, 2], 'vectorize': {'B': 8}}}
0.8731306195259094
{<Node, ladder_matmul>: {'block': [1, 256], 'thread': [1, 128], 'rstep': [64], 'block_order': <NoRasterization>, 'step': [1, 2], 'vectorize': {'B': 8}}}
0.9994239807128906
{<Node, ladder_matmul>: {'block': [1, 448], 'thread': [1, 112], 'rstep': [64], 'block_order': <NoRasterization>, 'step': [1, 2], 'vectorize': {'B': 8}}}
100000000.0
top1: 0.29429760575294495 	top10: 0.26396444439888
--------------------------------------------------------------------------------
best config: {<Node, ladder_matmul>: {'block': [1, 1], 'thread': [1, 1], 'rstep': [4096], 'reduce_thread': [128], 'block_order': <NoRasterization>, 'vectorize': {'A': 8, 'B': 8}}}
best latency: 0.26396444439888
{<Node, ladder_matmul>: {'block': [1, 4], 'thread': [1, 4], 'rstep': [2048], 'reduce_thread': [32], 'block_order': <NoRasterization>, 'vectorize': {'A': 8, 'B': 8}}}
0.2891775965690613
{<Node, ladder_matmul>: {'block': [1, 8], 'thread': [1, 8], 'rstep': [1024], 'reduce_thread': [16], 'block_order': <NoRasterization>, 'vectorize': {'A': 8, 'B': 8}}}
0.2791424095630646
{<Node, ladder_matmul>: {'block': [1, 2], 'thread': [1, 2], 'rstep': [4096], 'reduce_thread': [64], 'block_order': <NoRasterization>, 'vectorize': {'A': 8, 'B': 8}}}
0.27353599667549133
{<Node, ladder_matmul>: {'block': [1, 32], 'thread': [1, 32], 'rstep': [256], 'reduce_thread': [4], 'block_order': <NoRasterization>, 'vectorize': {'A': 2, 'B': 8}}}
0.368230402469635
{<Node, ladder_matmul>: {'block': [1, 16], 'thread': [1, 16], 'rstep': [512], 'reduce_thread': [8], 'block_order': <NoRasterization>, 'vectorize': {'A': 4, 'B': 8}}}
0.2916352152824402
{<Node, ladder_matmul>: {'block': [1, 1], 'thread': [1, 1], 'rstep': [4096], 'reduce_thread': [128], 'block_order': <NoRasterization>, 'vectorize': {'A': 8, 'B': 8}}}
0.26982399821281433
{<Node, ladder_matmul>: {'block': [1, 64], 'thread': [1, 64], 'rstep': [128], 'reduce_thread': [2], 'block_order': <NoRasterization>, 'vectorize': {'B': 8}}}
0.6135466694831848
{<Node, ladder_matmul>: {'block': [1, 128], 'thread': [1, 128], 'rstep': [64], 'block_order': <NoRasterization>, 'vectorize': {'B': 8}}}
1.1031405925750732
{<Node, ladder_matmul>: {'block': [1, 256], 'thread': [1, 128], 'rstep': [64], 'block_order': <NoRasterization>, 'step': [1, 2], 'vectorize': {'B': 8}}}
2.035916805267334
top1: 0.2891775965690613 	top10: 0.26982399821281433
--------------------------------------------------------------------------------
best config: {<Node, ladder_matmul>: {'block': [1, 1], 'thread': [1, 1], 'rstep': [4096], 'reduce_thread': [128], 'block_order': <NoRasterization>, 'vectorize': {'A': 8, 'B': 8}}}
best latency: 0.26982399821281433
1_1024_8192	0.008191999979317188
1_8192_8192	0.08021333813667297
1_28672_8192	0.26396444439888
1_8192_28672	0.26982399821281433
