{<Node, ladder_matmul>: {'block': [8, 8, 16, 16], 'warp': [4, 4, 16, 16], 'wmma': [16, 16, 16], 'use_cutlass': False, 'rstep': [32, 1], 'block_order': <NoRasterization>, 'use_tc': '80', 'strides': {2: <Stride, 2, 16>}}}
0.3907583951950073
{<Node, ladder_matmul>: {'block': [8, 2, 16, 16], 'warp': [4, 1, 16, 16], 'wmma': [16, 16, 16], 'use_cutlass': False, 'rstep': [32, 1], 'block_order': <NoRasterization>, 'use_tc': '80', 'strides': {2: <Stride, 2, 16>}}}
0.5468159914016724
{<Node, ladder_matmul>: {'block': [8, 4, 16, 16], 'warp': [4, 2, 16, 16], 'wmma': [16, 16, 16], 'use_cutlass': False, 'rstep': [32, 1], 'block_order': <NoRasterization>, 'use_tc': '80', 'strides': {2: <Stride, 2, 16>}}}
0.350822389125824
{<Node, ladder_matmul>: {'block': [16, 8, 16, 16], 'warp': [8, 4, 16, 16], 'wmma': [16, 16, 16], 'use_cutlass': False, 'rstep': [32, 1], 'block_order': <NoRasterization>, 'use_tc': '80', 'strides': {2: <Stride, 2, 16>}}}
0.47493118047714233
{<Node, ladder_matmul>: {'block': [4, 2, 16, 16], 'warp': [2, 1, 16, 16], 'wmma': [16, 16, 16], 'use_cutlass': False, 'rstep': [32, 1], 'block_order': <NoRasterization>, 'use_tc': '80', 'strides': {2: <Stride, 2, 16>}}}
0.6219776272773743
{<Node, ladder_matmul>: {'block': [8, 1, 16, 16], 'warp': [2, 1, 16, 16], 'wmma': [16, 16, 16], 'use_cutlass': False, 'rstep': [32, 1], 'block_order': <NoRasterization>, 'use_tc': '80', 'strides': {2: <Stride, 2, 16>}}}
0.9405439496040344
{<Node, ladder_matmul>: {'block': [4, 4, 16, 16], 'warp': [2, 2, 16, 16], 'wmma': [16, 16, 16], 'use_cutlass': False, 'rstep': [32, 1], 'block_order': <NoRasterization>, 'use_tc': '80', 'strides': {2: <Stride, 2, 16>}}}
0.47636479139328003
{<Node, ladder_matmul>: {'block': [16, 4, 16, 16], 'warp': [8, 2, 16, 16], 'wmma': [16, 16, 16], 'use_cutlass': False, 'rstep': [32, 1], 'block_order': <NoRasterization>, 'use_tc': '80', 'strides': {2: <Stride, 2, 16>}}}
0.3848192095756531
{<Node, ladder_matmul>: {'block': [4, 8, 16, 16], 'warp': [2, 4, 16, 16], 'wmma': [16, 16, 16], 'use_cutlass': False, 'rstep': [32, 1], 'block_order': <NoRasterization>, 'use_tc': '80', 'strides': {2: <Stride, 2, 16>}}}
0.4341760277748108
{<Node, ladder_matmul>: {'block': [16, 2, 16, 16], 'warp': [8, 1, 16, 16], 'wmma': [16, 16, 16], 'use_cutlass': False, 'rstep': [32, 1], 'block_order': <NoRasterization>, 'use_tc': '80', 'strides': {2: <Stride, 2, 16>}}}
0.5619711875915527
{<Node, ladder_matmul>: {'block': [8, 16, 16, 16], 'warp': [4, 8, 16, 16], 'wmma': [16, 16, 16], 'use_cutlass': False, 'rstep': [32, 1], 'block_order': <NoRasterization>, 'use_tc': '80', 'strides': {2: <Stride, 2, 16>}}}
0.5199872255325317
{<Node, ladder_matmul>: {'block': [4, 1, 16, 16], 'warp': [1, 1, 16, 16], 'wmma': [16, 16, 16], 'use_cutlass': False, 'rstep': [32, 1], 'block_order': <NoRasterization>, 'use_tc': '80', 'strides': {2: <Stride, 2, 16>}}}
0.9767253398895264
{<Node, ladder_matmul>: {'block': [2, 4, 16, 16], 'warp': [1, 2, 16, 16], 'wmma': [16, 16, 16], 'use_cutlass': False, 'rstep': [32, 1], 'block_order': <NoRasterization>, 'use_tc': '80', 'strides': {2: <Stride, 2, 16>}}}
0.6979584097862244
{<Node, ladder_matmul>: {'block': [2, 2, 16, 16], 'warp': [1, 1, 16, 16], 'wmma': [16, 16, 16], 'use_cutlass': False, 'rstep': [32, 1], 'block_order': <NoRasterization>, 'use_tc': '80', 'strides': {2: <Stride, 2, 16>}}}
0.955187201499939
{<Node, ladder_matmul>: {'block': [16, 1, 16, 16], 'warp': [4, 1, 16, 16], 'wmma': [16, 16, 16], 'use_cutlass': False, 'rstep': [32, 1], 'block_order': <NoRasterization>, 'use_tc': '80', 'strides': {2: <Stride, 2, 16>}}}
1.0150400400161743
{<Node, ladder_matmul>: {'block': [2, 8, 16, 16], 'warp': [1, 4, 16, 16], 'wmma': [16, 16, 16], 'use_cutlass': False, 'rstep': [32, 1], 'block_order': <NoRasterization>, 'use_tc': '80', 'strides': {2: <Stride, 2, 16>}}}
0.6786559820175171
{<Node, ladder_matmul>: {'block': [2, 1, 16, 16], 'warp': [1, 1, 16, 16], 'wmma': [16, 16, 16], 'use_cutlass': False, 'rstep': [32, 1], 'block_order': <NoRasterization>, 'use_tc': '80', 'strides': {2: <Stride, 2, 16>}}}
1.1216895580291748
{<Node, ladder_matmul>: {'block': [4, 16, 16, 16], 'warp': [2, 8, 16, 16], 'wmma': [16, 16, 16], 'use_cutlass': False, 'rstep': [32, 1], 'block_order': <NoRasterization>, 'use_tc': '80', 'strides': {2: <Stride, 2, 16>}}}
0.561356782913208
{<Node, ladder_matmul>: {'block': [1, 8, 16, 16], 'warp': [1, 2, 16, 16], 'wmma': [16, 16, 16], 'use_cutlass': False, 'rstep': [32, 1], 'block_order': <NoRasterization>, 'use_tc': '80', 'strides': {2: <Stride, 2, 16>}}}
1.0969599485397339
{<Node, ladder_matmul>: {'block': [1, 4, 16, 16], 'warp': [1, 1, 16, 16], 'wmma': [16, 16, 16], 'use_cutlass': False, 'rstep': [32, 1], 'block_order': <NoRasterization>, 'use_tc': '80', 'strides': {2: <Stride, 2, 16>}}}
1.1689984798431396
top1: 0.3907583951950073 	top10: 0.350822389125824
--------------------------------------------------------------------------------
best config: {<Node, ladder_matmul>: {'block': [8, 4, 16, 16], 'warp': [4, 2, 16, 16], 'wmma': [16, 16, 16], 'use_cutlass': False, 'rstep': [32, 1], 'block_order': <NoRasterization>, 'use_tc': '80', 'strides': {2: <Stride, 2, 16>}}}
best latency: 0.350822389125824
{<Node, ladder_matmul>: {'block': [8, 4, 16, 16], 'warp': [4, 2, 16, 16], 'wmma': [16, 16, 16], 'use_cutlass': False, 'rstep': [32, 1], 'block_order': <NoRasterization>, 'use_tc': '80', 'strides': {2: <Stride, 2, 16>}}}
7.223091125488281
{<Node, ladder_matmul>: {'block': [16, 8, 16, 16], 'warp': [8, 4, 16, 16], 'wmma': [16, 16, 16], 'use_cutlass': False, 'rstep': [32, 1], 'block_order': <NoRasterization>, 'use_tc': '80', 'strides': {2: <Stride, 2, 16>}}}
7.1385087966918945
{<Node, ladder_matmul>: {'block': [8, 8, 16, 16], 'warp': [4, 4, 16, 16], 'wmma': [16, 16, 16], 'use_cutlass': False, 'rstep': [32, 1], 'block_order': <NoRasterization>, 'use_tc': '80', 'strides': {2: <Stride, 2, 16>}}}
2.476851224899292
{<Node, ladder_matmul>: {'block': [8, 2, 16, 16], 'warp': [4, 1, 16, 16], 'wmma': [16, 16, 16], 'use_cutlass': False, 'rstep': [32, 1], 'block_order': <NoRasterization>, 'use_tc': '80', 'strides': {2: <Stride, 2, 16>}}}
12.379136085510254
{<Node, ladder_matmul>: {'block': [16, 4, 16, 16], 'warp': [8, 2, 16, 16], 'wmma': [16, 16, 16], 'use_cutlass': False, 'rstep': [32, 1], 'block_order': <NoRasterization>, 'use_tc': '80', 'strides': {2: <Stride, 2, 16>}}}
5.697126388549805
{<Node, ladder_matmul>: {'block': [4, 8, 16, 16], 'warp': [2, 4, 16, 16], 'wmma': [16, 16, 16], 'use_cutlass': False, 'rstep': [32, 1], 'block_order': <NoRasterization>, 'use_tc': '80', 'strides': {2: <Stride, 2, 16>}}}
2.8020737171173096
{<Node, ladder_matmul>: {'block': [8, 16, 16, 16], 'warp': [4, 8, 16, 16], 'wmma': [16, 16, 16], 'use_cutlass': False, 'rstep': [32, 1], 'block_order': <NoRasterization>, 'use_tc': '80', 'strides': {2: <Stride, 2, 16>}}}
2.6306560039520264
{<Node, ladder_matmul>: {'block': [4, 4, 16, 16], 'warp': [2, 2, 16, 16], 'wmma': [16, 16, 16], 'use_cutlass': False, 'rstep': [32, 1], 'block_order': <NoRasterization>, 'use_tc': '80', 'strides': {2: <Stride, 2, 16>}}}
3.226624011993408
{<Node, ladder_matmul>: {'block': [4, 2, 16, 16], 'warp': [2, 1, 16, 16], 'wmma': [16, 16, 16], 'use_cutlass': False, 'rstep': [32, 1], 'block_order': <NoRasterization>, 'use_tc': '80', 'strides': {2: <Stride, 2, 16>}}}
4.737023830413818
{<Node, ladder_matmul>: {'block': [8, 1, 16, 16], 'warp': [2, 1, 16, 16], 'wmma': [16, 16, 16], 'use_cutlass': False, 'rstep': [32, 1], 'block_order': <NoRasterization>, 'use_tc': '80', 'strides': {2: <Stride, 2, 16>}}}
6.990079879760742
{<Node, ladder_matmul>: {'block': [16, 2, 16, 16], 'warp': [8, 1, 16, 16], 'wmma': [16, 16, 16], 'use_cutlass': False, 'rstep': [32, 1], 'block_order': <NoRasterization>, 'use_tc': '80', 'strides': {2: <Stride, 2, 16>}}}
3.585023880004883
{<Node, ladder_matmul>: {'block': [4, 1, 16, 16], 'warp': [1, 1, 16, 16], 'wmma': [16, 16, 16], 'use_cutlass': False, 'rstep': [32, 1], 'block_order': <NoRasterization>, 'use_tc': '80', 'strides': {2: <Stride, 2, 16>}}}
7.502438545227051
{<Node, ladder_matmul>: {'block': [2, 8, 16, 16], 'warp': [1, 4, 16, 16], 'wmma': [16, 16, 16], 'use_cutlass': False, 'rstep': [32, 1], 'block_order': <NoRasterization>, 'use_tc': '80', 'strides': {2: <Stride, 2, 16>}}}
4.557568073272705
{<Node, ladder_matmul>: {'block': [4, 16, 16, 16], 'warp': [2, 8, 16, 16], 'wmma': [16, 16, 16], 'use_cutlass': False, 'rstep': [32, 1], 'block_order': <NoRasterization>, 'use_tc': '80', 'strides': {2: <Stride, 2, 16>}}}
9.766502380371094
{<Node, ladder_matmul>: {'block': [2, 4, 16, 16], 'warp': [1, 2, 16, 16], 'wmma': [16, 16, 16], 'use_cutlass': False, 'rstep': [32, 1], 'block_order': <NoRasterization>, 'use_tc': '80', 'strides': {2: <Stride, 2, 16>}}}
14.909235000610352
{<Node, ladder_matmul>: {'block': [2, 2, 16, 16], 'warp': [1, 1, 16, 16], 'wmma': [16, 16, 16], 'use_cutlass': False, 'rstep': [32, 1], 'block_order': <NoRasterization>, 'use_tc': '80', 'strides': {2: <Stride, 2, 16>}}}
23.460044860839844
{<Node, ladder_matmul>: {'block': [16, 1, 16, 16], 'warp': [4, 1, 16, 16], 'wmma': [16, 16, 16], 'use_cutlass': False, 'rstep': [32, 1], 'block_order': <NoRasterization>, 'use_tc': '80', 'strides': {2: <Stride, 2, 16>}}}
6.864640235900879
{<Node, ladder_matmul>: {'block': [2, 1, 16, 16], 'warp': [1, 1, 16, 16], 'wmma': [16, 16, 16], 'use_cutlass': False, 'rstep': [32, 1], 'block_order': <NoRasterization>, 'use_tc': '80', 'strides': {2: <Stride, 2, 16>}}}
28.922470092773438
{<Node, ladder_matmul>: {'block': [1, 8, 16, 16], 'warp': [1, 2, 16, 16], 'wmma': [16, 16, 16], 'use_cutlass': False, 'rstep': [32, 1], 'block_order': <NoRasterization>, 'use_tc': '80', 'strides': {2: <Stride, 2, 16>}}}
27.666637420654297
{<Node, ladder_matmul>: {'block': [2, 16, 16, 16], 'warp': [1, 8, 16, 16], 'wmma': [16, 16, 16], 'use_cutlass': False, 'rstep': [32, 1], 'block_order': <NoRasterization>, 'use_tc': '80', 'strides': {2: <Stride, 2, 16>}}}
16.644710540771484
top1: 7.223091125488281 	top10: 2.476851224899292
--------------------------------------------------------------------------------
best config: {<Node, ladder_matmul>: {'block': [8, 8, 16, 16], 'warp': [4, 4, 16, 16], 'wmma': [16, 16, 16], 'use_cutlass': False, 'rstep': [32, 1], 'block_order': <NoRasterization>, 'use_tc': '80', 'strides': {2: <Stride, 2, 16>}}}
best latency: 2.476851224899292
{<Node, ladder_matmul>: {'block': [8, 4, 16, 16], 'warp': [4, 2, 16, 16], 'wmma': [16, 16, 16], 'use_cutlass': False, 'rstep': [32, 1], 'block_order': <NoRasterization>, 'use_tc': '80', 'strides': {2: <Stride, 2, 16>}}}
8.160256385803223
{<Node, ladder_matmul>: {'block': [16, 8, 16, 16], 'warp': [8, 4, 16, 16], 'wmma': [16, 16, 16], 'use_cutlass': False, 'rstep': [32, 1], 'block_order': <NoRasterization>, 'use_tc': '80', 'strides': {2: <Stride, 2, 16>}}}
8.066866874694824
{<Node, ladder_matmul>: {'block': [16, 7, 16, 16], 'warp': [4, 7, 16, 16], 'wmma': [16, 16, 16], 'use_cutlass': False, 'rstep': [32, 1], 'block_order': <NoRasterization>, 'use_tc': '80', 'strides': {2: <Stride, 2, 16>}}}
24.93050765991211
{<Node, ladder_matmul>: {'block': [8, 8, 16, 16], 'warp': [4, 4, 16, 16], 'wmma': [16, 16, 16], 'use_cutlass': False, 'rstep': [32, 1], 'block_order': <NoRasterization>, 'use_tc': '80', 'strides': {2: <Stride, 2, 16>}}}
22.432153701782227
{<Node, ladder_matmul>: {'block': [8, 7, 16, 16], 'warp': [2, 7, 16, 16], 'wmma': [16, 16, 16], 'use_cutlass': False, 'rstep': [32, 1], 'block_order': <NoRasterization>, 'use_tc': '80', 'strides': {2: <Stride, 2, 16>}}}
20.372684478759766
{<Node, ladder_matmul>: {'block': [8, 2, 16, 16], 'warp': [4, 1, 16, 16], 'wmma': [16, 16, 16], 'use_cutlass': False, 'rstep': [32, 1], 'block_order': <NoRasterization>, 'use_tc': '80', 'strides': {2: <Stride, 2, 16>}}}
20.513996124267578
{<Node, ladder_matmul>: {'block': [16, 4, 16, 16], 'warp': [8, 2, 16, 16], 'wmma': [16, 16, 16], 'use_cutlass': False, 'rstep': [32, 1], 'block_order': <NoRasterization>, 'use_tc': '80', 'strides': {2: <Stride, 2, 16>}}}
26.246963500976562
{<Node, ladder_matmul>: {'block': [4, 7, 16, 16], 'warp': [1, 7, 16, 16], 'wmma': [16, 16, 16], 'use_cutlass': False, 'rstep': [32, 1], 'block_order': <NoRasterization>, 'use_tc': '80', 'strides': {2: <Stride, 2, 16>}}}
11.393228530883789
{<Node, ladder_matmul>: {'block': [8, 14, 16, 16], 'warp': [4, 7, 16, 16], 'wmma': [16, 16, 16], 'use_cutlass': False, 'rstep': [32, 1], 'block_order': <NoRasterization>, 'use_tc': '80', 'strides': {2: <Stride, 2, 16>}}}
26.36820411682129
{<Node, ladder_matmul>: {'block': [4, 8, 16, 16], 'warp': [2, 4, 16, 16], 'wmma': [16, 16, 16], 'use_cutlass': False, 'rstep': [32, 1], 'block_order': <NoRasterization>, 'use_tc': '80', 'strides': {2: <Stride, 2, 16>}}}
31.82735252380371
{<Node, ladder_matmul>: {'block': [8, 16, 16, 16], 'warp': [4, 8, 16, 16], 'wmma': [16, 16, 16], 'use_cutlass': False, 'rstep': [32, 1], 'block_order': <NoRasterization>, 'use_tc': '80', 'strides': {2: <Stride, 2, 16>}}}
22.400203704833984
{<Node, ladder_matmul>: {'block': [4, 4, 16, 16], 'warp': [2, 2, 16, 16], 'wmma': [16, 16, 16], 'use_cutlass': False, 'rstep': [32, 1], 'block_order': <NoRasterization>, 'use_tc': '80', 'strides': {2: <Stride, 2, 16>}}}
33.348609924316406
{<Node, ladder_matmul>: {'block': [4, 2, 16, 16], 'warp': [2, 1, 16, 16], 'wmma': [16, 16, 16], 'use_cutlass': False, 'rstep': [32, 1], 'block_order': <NoRasterization>, 'use_tc': '80', 'strides': {2: <Stride, 2, 16>}}}
49.76742172241211
{<Node, ladder_matmul>: {'block': [8, 1, 16, 16], 'warp': [2, 1, 16, 16], 'wmma': [16, 16, 16], 'use_cutlass': False, 'rstep': [32, 1], 'block_order': <NoRasterization>, 'use_tc': '80', 'strides': {2: <Stride, 2, 16>}}}
76.98124694824219
{<Node, ladder_matmul>: {'block': [16, 2, 16, 16], 'warp': [8, 1, 16, 16], 'wmma': [16, 16, 16], 'use_cutlass': False, 'rstep': [32, 1], 'block_order': <NoRasterization>, 'use_tc': '80', 'strides': {2: <Stride, 2, 16>}}}
19.512935638427734
{<Node, ladder_matmul>: {'block': [4, 1, 16, 16], 'warp': [1, 1, 16, 16], 'wmma': [16, 16, 16], 'use_cutlass': False, 'rstep': [32, 1], 'block_order': <NoRasterization>, 'use_tc': '80', 'strides': {2: <Stride, 2, 16>}}}
67.06237030029297
{<Node, ladder_matmul>: {'block': [2, 8, 16, 16], 'warp': [1, 4, 16, 16], 'wmma': [16, 16, 16], 'use_cutlass': False, 'rstep': [32, 1], 'block_order': <NoRasterization>, 'use_tc': '80', 'strides': {2: <Stride, 2, 16>}}}
34.71851348876953
{<Node, ladder_matmul>: {'block': [2, 7, 16, 16], 'warp': [2, 1, 16, 16], 'wmma': [16, 16, 16], 'use_cutlass': False, 'rstep': [32, 1], 'block_order': <NoRasterization>, 'use_tc': '80', 'strides': {2: <Stride, 2, 16>}}}
83.13876342773438
{<Node, ladder_matmul>: {'block': [4, 14, 16, 16], 'warp': [2, 7, 16, 16], 'wmma': [16, 16, 16], 'use_cutlass': False, 'rstep': [32, 1], 'block_order': <NoRasterization>, 'use_tc': '80', 'strides': {2: <Stride, 2, 16>}}}
33.66358947753906
{<Node, ladder_matmul>: {'block': [4, 16, 16, 16], 'warp': [2, 8, 16, 16], 'wmma': [16, 16, 16], 'use_cutlass': False, 'rstep': [32, 1], 'block_order': <NoRasterization>, 'use_tc': '80', 'strides': {2: <Stride, 2, 16>}}}
26.561534881591797
top1: 8.160256385803223 	top10: 8.066866874694824
--------------------------------------------------------------------------------
best config: {<Node, ladder_matmul>: {'block': [16, 8, 16, 16], 'warp': [8, 4, 16, 16], 'wmma': [16, 16, 16], 'use_cutlass': False, 'rstep': [32, 1], 'block_order': <NoRasterization>, 'use_tc': '80', 'strides': {2: <Stride, 2, 16>}}}
best latency: 8.066866874694824
{<Node, ladder_matmul>: {'block': [8, 4, 16, 16], 'warp': [4, 2, 16, 16], 'wmma': [16, 16, 16], 'use_cutlass': False, 'rstep': [32, 1], 'block_order': <NoRasterization>, 'use_tc': '80', 'strides': {2: <Stride, 2, 16>}}}
8.339046478271484
{<Node, ladder_matmul>: {'block': [16, 8, 16, 16], 'warp': [8, 4, 16, 16], 'wmma': [16, 16, 16], 'use_cutlass': False, 'rstep': [32, 1], 'block_order': <NoRasterization>, 'use_tc': '80', 'strides': {2: <Stride, 2, 16>}}}
8.29378604888916
{<Node, ladder_matmul>: {'block': [8, 8, 16, 16], 'warp': [4, 4, 16, 16], 'wmma': [16, 16, 16], 'use_cutlass': False, 'rstep': [32, 1], 'block_order': <NoRasterization>, 'use_tc': '80', 'strides': {2: <Stride, 2, 16>}}}
7.734067440032959
{<Node, ladder_matmul>: {'block': [8, 2, 16, 16], 'warp': [4, 1, 16, 16], 'wmma': [16, 16, 16], 'use_cutlass': False, 'rstep': [32, 1], 'block_order': <NoRasterization>, 'use_tc': '80', 'strides': {2: <Stride, 2, 16>}}}
16.90992546081543
{<Node, ladder_matmul>: {'block': [16, 4, 16, 16], 'warp': [8, 2, 16, 16], 'wmma': [16, 16, 16], 'use_cutlass': False, 'rstep': [32, 1], 'block_order': <NoRasterization>, 'use_tc': '80', 'strides': {2: <Stride, 2, 16>}}}
8.271871566772461
{<Node, ladder_matmul>: {'block': [4, 8, 16, 16], 'warp': [2, 4, 16, 16], 'wmma': [16, 16, 16], 'use_cutlass': False, 'rstep': [32, 1], 'block_order': <NoRasterization>, 'use_tc': '80', 'strides': {2: <Stride, 2, 16>}}}
9.796607971191406
{<Node, ladder_matmul>: {'block': [8, 16, 16, 16], 'warp': [4, 8, 16, 16], 'wmma': [16, 16, 16], 'use_cutlass': False, 'rstep': [32, 1], 'block_order': <NoRasterization>, 'use_tc': '80', 'strides': {2: <Stride, 2, 16>}}}
9.09721565246582
{<Node, ladder_matmul>: {'block': [4, 4, 16, 16], 'warp': [2, 2, 16, 16], 'wmma': [16, 16, 16], 'use_cutlass': False, 'rstep': [32, 1], 'block_order': <NoRasterization>, 'use_tc': '80', 'strides': {2: <Stride, 2, 16>}}}
11.412480354309082
{<Node, ladder_matmul>: {'block': [4, 2, 16, 16], 'warp': [2, 1, 16, 16], 'wmma': [16, 16, 16], 'use_cutlass': False, 'rstep': [32, 1], 'block_order': <NoRasterization>, 'use_tc': '80', 'strides': {2: <Stride, 2, 16>}}}
17.131929397583008
{<Node, ladder_matmul>: {'block': [8, 1, 16, 16], 'warp': [2, 1, 16, 16], 'wmma': [16, 16, 16], 'use_cutlass': False, 'rstep': [32, 1], 'block_order': <NoRasterization>, 'use_tc': '80', 'strides': {2: <Stride, 2, 16>}}}
99.87236022949219
{<Node, ladder_matmul>: {'block': [16, 2, 16, 16], 'warp': [8, 1, 16, 16], 'wmma': [16, 16, 16], 'use_cutlass': False, 'rstep': [32, 1], 'block_order': <NoRasterization>, 'use_tc': '80', 'strides': {2: <Stride, 2, 16>}}}
57.113807678222656
{<Node, ladder_matmul>: {'block': [4, 1, 16, 16], 'warp': [1, 1, 16, 16], 'wmma': [16, 16, 16], 'use_cutlass': False, 'rstep': [32, 1], 'block_order': <NoRasterization>, 'use_tc': '80', 'strides': {2: <Stride, 2, 16>}}}
74.38827514648438
{<Node, ladder_matmul>: {'block': [2, 8, 16, 16], 'warp': [1, 4, 16, 16], 'wmma': [16, 16, 16], 'use_cutlass': False, 'rstep': [32, 1], 'block_order': <NoRasterization>, 'use_tc': '80', 'strides': {2: <Stride, 2, 16>}}}
40.03676223754883
{<Node, ladder_matmul>: {'block': [4, 16, 16, 16], 'warp': [2, 8, 16, 16], 'wmma': [16, 16, 16], 'use_cutlass': False, 'rstep': [32, 1], 'block_order': <NoRasterization>, 'use_tc': '80', 'strides': {2: <Stride, 2, 16>}}}
28.754125595092773
{<Node, ladder_matmul>: {'block': [2, 4, 16, 16], 'warp': [1, 2, 16, 16], 'wmma': [16, 16, 16], 'use_cutlass': False, 'rstep': [32, 1], 'block_order': <NoRasterization>, 'use_tc': '80', 'strides': {2: <Stride, 2, 16>}}}
56.675331115722656
{<Node, ladder_matmul>: {'block': [2, 2, 16, 16], 'warp': [1, 1, 16, 16], 'wmma': [16, 16, 16], 'use_cutlass': False, 'rstep': [32, 1], 'block_order': <NoRasterization>, 'use_tc': '80', 'strides': {2: <Stride, 2, 16>}}}
73.26207733154297
{<Node, ladder_matmul>: {'block': [16, 1, 16, 16], 'warp': [4, 1, 16, 16], 'wmma': [16, 16, 16], 'use_cutlass': False, 'rstep': [32, 1], 'block_order': <NoRasterization>, 'use_tc': '80', 'strides': {2: <Stride, 2, 16>}}}
114.5337905883789
{<Node, ladder_matmul>: {'block': [2, 1, 16, 16], 'warp': [1, 1, 16, 16], 'wmma': [16, 16, 16], 'use_cutlass': False, 'rstep': [32, 1], 'block_order': <NoRasterization>, 'use_tc': '80', 'strides': {2: <Stride, 2, 16>}}}
30.773656845092773
{<Node, ladder_matmul>: {'block': [1, 8, 16, 16], 'warp': [1, 2, 16, 16], 'wmma': [16, 16, 16], 'use_cutlass': False, 'rstep': [32, 1], 'block_order': <NoRasterization>, 'use_tc': '80', 'strides': {2: <Stride, 2, 16>}}}
28.8886775970459
{<Node, ladder_matmul>: {'block': [2, 16, 16, 16], 'warp': [1, 8, 16, 16], 'wmma': [16, 16, 16], 'use_cutlass': False, 'rstep': [32, 1], 'block_order': <NoRasterization>, 'use_tc': '80', 'strides': {2: <Stride, 2, 16>}}}
17.530061721801758
top1: 8.339046478271484 	top10: 7.734067440032959
--------------------------------------------------------------------------------
best config: {<Node, ladder_matmul>: {'block': [8, 8, 16, 16], 'warp': [4, 4, 16, 16], 'wmma': [16, 16, 16], 'use_cutlass': False, 'rstep': [32, 1], 'block_order': <NoRasterization>, 'use_tc': '80', 'strides': {2: <Stride, 2, 16>}}}
best latency: 7.734067440032959
4096_1024_8192	0.350822389125824
4096_8192_8192	2.476851224899292
4096_28672_8192	8.066866874694824
4096_8192_28672	7.734067440032959
