['ladder_quant_linear_8', 'reshape_reshape_transpose_9']
{'globals': {'Rasterization': <NoRasterization>}, <Node, ladder_quant_linear_8>: {'block': [1, 4], 'thread': [1, 4], 'rstep': [2048], 'vectorize': {'p0': 8, 'B_decode': 8}}, <Node, reshape_reshape_transpose_9>: {'block': [1, 1, 1, 4], 'thread': [1, 1, 1, 4], 'rstep': []}}
Traceback (most recent call last):
  File "/home/t-leiwang/ladder_workspace/Ladder/3rdparty/tvm/python/tvm/exec/popen_worker.py", line 87, in main
    result = fn(*args, **kwargs)
  File "/home/t-leiwang/ladder_workspace/Ladder/python/ladder/engine/multiproc_tunner.py", line 33, in call_build
    cpresult = cgen.compile(
  File "/home/t-leiwang/ladder_workspace/Ladder/python/ladder/code_generator.py", line 190, in compile
    assert (
AssertionError

['ladder_quant_linear_8', 'reshape_reshape_transpose_9']
{'globals': {'Rasterization': <NoRasterization>}, <Node, ladder_quant_linear_8>: {'block': [1, 2], 'thread': [1, 2], 'rstep': [4096], 'vectorize': {'p0': 8, 'B_decode': 8}}, <Node, reshape_reshape_transpose_9>: {'block': [1, 1, 1, 2], 'thread': [1, 1, 1, 2], 'rstep': []}}
Traceback (most recent call last):
  File "/home/t-leiwang/ladder_workspace/Ladder/3rdparty/tvm/python/tvm/exec/popen_worker.py", line 87, in main
    result = fn(*args, **kwargs)
  File "/home/t-leiwang/ladder_workspace/Ladder/python/ladder/engine/multiproc_tunner.py", line 33, in call_build
    cpresult = cgen.compile(
  File "/home/t-leiwang/ladder_workspace/Ladder/python/ladder/code_generator.py", line 190, in compile
    assert (
AssertionError

['ladder_quant_linear_8', 'reshape_reshape_transpose_9']
{'globals': {'Rasterization': <NoRasterization>}, <Node, ladder_quant_linear_8>: {'block': [1, 8], 'thread': [1, 8], 'rstep': [1024], 'vectorize': {'p0': 8, 'B_decode': 8}}, <Node, reshape_reshape_transpose_9>: {'block': [1, 1, 1, 8], 'thread': [1, 1, 1, 8], 'rstep': []}}
Traceback (most recent call last):
  File "/home/t-leiwang/ladder_workspace/Ladder/3rdparty/tvm/python/tvm/exec/popen_worker.py", line 87, in main
    result = fn(*args, **kwargs)
  File "/home/t-leiwang/ladder_workspace/Ladder/python/ladder/engine/multiproc_tunner.py", line 33, in call_build
    cpresult = cgen.compile(
  File "/home/t-leiwang/ladder_workspace/Ladder/python/ladder/code_generator.py", line 190, in compile
    assert (
AssertionError

['ladder_quant_linear_8', 'reshape_reshape_transpose_9']
{'globals': {'Rasterization': <NoRasterization>}, <Node, ladder_quant_linear_8>: {'block': [1, 16], 'thread': [1, 16], 'rstep': [512], 'vectorize': {'p0': 8, 'B_decode': 8}}, <Node, reshape_reshape_transpose_9>: {'block': [1, 1, 1, 16], 'thread': [1, 1, 1, 16], 'rstep': []}}
Traceback (most recent call last):
  File "/home/t-leiwang/ladder_workspace/Ladder/3rdparty/tvm/python/tvm/exec/popen_worker.py", line 87, in main
    result = fn(*args, **kwargs)
  File "/home/t-leiwang/ladder_workspace/Ladder/python/ladder/engine/multiproc_tunner.py", line 33, in call_build
    cpresult = cgen.compile(
  File "/home/t-leiwang/ladder_workspace/Ladder/python/ladder/code_generator.py", line 190, in compile
    assert (
AssertionError

['ladder_quant_linear_8', 'reshape_reshape_transpose_9']
{'globals': {'Rasterization': <NoRasterization>}, <Node, ladder_quant_linear_8>: {'block': [1, 32], 'thread': [1, 32], 'rstep': [256], 'vectorize': {'p0': 8, 'B_decode': 8}}, <Node, reshape_reshape_transpose_9>: {'block': [1, 1, 1, 32], 'thread': [1, 1, 1, 32], 'rstep': []}}
Traceback (most recent call last):
  File "/home/t-leiwang/ladder_workspace/Ladder/3rdparty/tvm/python/tvm/exec/popen_worker.py", line 87, in main
    result = fn(*args, **kwargs)
  File "/home/t-leiwang/ladder_workspace/Ladder/python/ladder/engine/multiproc_tunner.py", line 33, in call_build
    cpresult = cgen.compile(
  File "/home/t-leiwang/ladder_workspace/Ladder/python/ladder/code_generator.py", line 190, in compile
    assert (
AssertionError

['ladder_quant_linear_8', 'reshape_reshape_transpose_9']
{'globals': {'Rasterization': <NoRasterization>}, <Node, ladder_quant_linear_8>: {'block': [1, 64], 'thread': [1, 64], 'rstep': [128], 'vectorize': {'p0': 2, 'B_decode': 8}}, <Node, reshape_reshape_transpose_9>: {'block': [1, 1, 1, 64], 'thread': [1, 1, 1, 64], 'rstep': []}}
Traceback (most recent call last):
  File "/home/t-leiwang/ladder_workspace/Ladder/3rdparty/tvm/python/tvm/exec/popen_worker.py", line 87, in main
    result = fn(*args, **kwargs)
  File "/home/t-leiwang/ladder_workspace/Ladder/python/ladder/engine/multiproc_tunner.py", line 33, in call_build
    cpresult = cgen.compile(
  File "/home/t-leiwang/ladder_workspace/Ladder/python/ladder/code_generator.py", line 190, in compile
    assert (
AssertionError

['ladder_quant_linear_8', 'reshape_reshape_transpose_9']
{'globals': {'Rasterization': <NoRasterization>}, <Node, ladder_quant_linear_8>: {'block': [1, 128], 'thread': [1, 128], 'rstep': [64], 'vectorize': {'B_decode': 8}}, <Node, reshape_reshape_transpose_9>: {'block': [1, 1, 1, 128], 'thread': [1, 1, 1, 128], 'rstep': []}}
Traceback (most recent call last):
  File "/home/t-leiwang/ladder_workspace/Ladder/3rdparty/tvm/python/tvm/exec/popen_worker.py", line 87, in main
    result = fn(*args, **kwargs)
  File "/home/t-leiwang/ladder_workspace/Ladder/python/ladder/engine/multiproc_tunner.py", line 33, in call_build
    cpresult = cgen.compile(
  File "/home/t-leiwang/ladder_workspace/Ladder/python/ladder/code_generator.py", line 190, in compile
    assert (
AssertionError

['ladder_quant_linear_8', 'reshape_reshape_transpose_9']
{'globals': {'Rasterization': <NoRasterization>}, <Node, ladder_quant_linear_8>: {'block': [1, 256], 'thread': [1, 128], 'rstep': [64], 'step': [1, 2], 'vectorize': {'B_decode': 8}}, <Node, reshape_reshape_transpose_9>: {'block': [1, 2, 1, 128], 'thread': [1, 2, 1, 64], 'rstep': [], 'step': [1, 1, 1, 2]}}
Traceback (most recent call last):
  File "/home/t-leiwang/ladder_workspace/Ladder/3rdparty/tvm/python/tvm/exec/popen_worker.py", line 87, in main
    result = fn(*args, **kwargs)
  File "/home/t-leiwang/ladder_workspace/Ladder/python/ladder/engine/multiproc_tunner.py", line 33, in call_build
    cpresult = cgen.compile(
  File "/home/t-leiwang/ladder_workspace/Ladder/python/ladder/code_generator.py", line 190, in compile
    assert (
AssertionError

['ladder_quant_linear_8', 'reshape_reshape_transpose_9']
{'globals': {'Rasterization': <NoRasterization>}, <Node, ladder_quant_linear_8__reshape_reshape_transpose_9>: {'block': [1, 4], 'thread': [1, 4], 'rstep': [2048], 'reduce_thread': [32], 'vectorize': {'input0': 8, 'mediate0': 8}}}
Traceback (most recent call last):
  File "/home/t-leiwang/ladder_workspace/Ladder/3rdparty/tvm/python/tvm/exec/popen_worker.py", line 87, in main
    result = fn(*args, **kwargs)
  File "/home/t-leiwang/ladder_workspace/Ladder/python/ladder/engine/multiproc_tunner.py", line 37, in call_build
    cpresult.code,
AttributeError: 'NoneType' object has no attribute 'code'

['ladder_quant_linear_8', 'reshape_reshape_transpose_9']
{'globals': {'Rasterization': <NoRasterization>}, <Node, ladder_quant_linear_8__reshape_reshape_transpose_9>: {'block': [1, 1], 'thread': [1, 1], 'rstep': [4096], 'reduce_thread': [128], 'vectorize': {'input0': 8, 'mediate0': 8}}}
Traceback (most recent call last):
  File "/home/t-leiwang/ladder_workspace/Ladder/3rdparty/tvm/python/tvm/exec/popen_worker.py", line 87, in main
    result = fn(*args, **kwargs)
  File "/home/t-leiwang/ladder_workspace/Ladder/python/ladder/engine/multiproc_tunner.py", line 37, in call_build
    cpresult.code,
AttributeError: 'NoneType' object has no attribute 'code'

['ladder_quant_linear_8', 'reshape_reshape_transpose_9']
{'globals': {'Rasterization': <NoRasterization>}, <Node, ladder_quant_linear_8__reshape_reshape_transpose_9>: {'block': [1, 2], 'thread': [1, 2], 'rstep': [4096], 'reduce_thread': [64], 'vectorize': {'input0': 8, 'mediate0': 8}}}
Traceback (most recent call last):
  File "/home/t-leiwang/ladder_workspace/Ladder/3rdparty/tvm/python/tvm/exec/popen_worker.py", line 87, in main
    result = fn(*args, **kwargs)
  File "/home/t-leiwang/ladder_workspace/Ladder/python/ladder/engine/multiproc_tunner.py", line 37, in call_build
    cpresult.code,
AttributeError: 'NoneType' object has no attribute 'code'

['ladder_quant_linear_8', 'reshape_reshape_transpose_9']
{'globals': {'Rasterization': <NoRasterization>}, <Node, ladder_quant_linear_8__reshape_reshape_transpose_9>: {'block': [1, 8], 'thread': [1, 8], 'rstep': [1024], 'reduce_thread': [16], 'vectorize': {'input0': 8, 'mediate0': 8}}}
Traceback (most recent call last):
  File "/home/t-leiwang/ladder_workspace/Ladder/3rdparty/tvm/python/tvm/exec/popen_worker.py", line 87, in main
    result = fn(*args, **kwargs)
  File "/home/t-leiwang/ladder_workspace/Ladder/python/ladder/engine/multiproc_tunner.py", line 37, in call_build
    cpresult.code,
AttributeError: 'NoneType' object has no attribute 'code'

['ladder_quant_linear_8', 'reshape_reshape_transpose_9']
{'globals': {'Rasterization': <NoRasterization>}, <Node, ladder_quant_linear_8__reshape_reshape_transpose_9>: {'block': [1, 16], 'thread': [1, 16], 'rstep': [512], 'reduce_thread': [8], 'vectorize': {'input0': 4, 'mediate0': 8}}}
Traceback (most recent call last):
  File "/home/t-leiwang/ladder_workspace/Ladder/3rdparty/tvm/python/tvm/exec/popen_worker.py", line 87, in main
    result = fn(*args, **kwargs)
  File "/home/t-leiwang/ladder_workspace/Ladder/python/ladder/engine/multiproc_tunner.py", line 37, in call_build
    cpresult.code,
AttributeError: 'NoneType' object has no attribute 'code'

['ladder_quant_linear_8', 'reshape_reshape_transpose_9']
{'globals': {'Rasterization': <NoRasterization>}, <Node, ladder_quant_linear_8__reshape_reshape_transpose_9>: {'block': [1, 32], 'thread': [1, 32], 'rstep': [256], 'reduce_thread': [4], 'vectorize': {'input0': 2, 'mediate0': 8}}}
Traceback (most recent call last):
  File "/home/t-leiwang/ladder_workspace/Ladder/3rdparty/tvm/python/tvm/exec/popen_worker.py", line 87, in main
    result = fn(*args, **kwargs)
  File "/home/t-leiwang/ladder_workspace/Ladder/python/ladder/engine/multiproc_tunner.py", line 37, in call_build
    cpresult.code,
AttributeError: 'NoneType' object has no attribute 'code'

['ladder_quant_linear_8', 'reshape_reshape_transpose_9']
{'globals': {'Rasterization': <NoRasterization>}, <Node, ladder_quant_linear_8__reshape_reshape_transpose_9>: {'block': [1, 64], 'thread': [1, 64], 'rstep': [128], 'reduce_thread': [2], 'vectorize': {'mediate0': 8}}}
Traceback (most recent call last):
  File "/home/t-leiwang/ladder_workspace/Ladder/3rdparty/tvm/python/tvm/exec/popen_worker.py", line 87, in main
    result = fn(*args, **kwargs)
  File "/home/t-leiwang/ladder_workspace/Ladder/python/ladder/engine/multiproc_tunner.py", line 37, in call_build
    cpresult.code,
AttributeError: 'NoneType' object has no attribute 'code'

['ladder_quant_linear_8', 'reshape_reshape_transpose_9']
{'globals': {'Rasterization': <NoRasterization>}, <Node, ladder_quant_linear_8__reshape_reshape_transpose_9>: {'block': [1, 128], 'thread': [1, 128], 'rstep': [64], 'vectorize': {'mediate0': 8}}}
Traceback (most recent call last):
  File "/home/t-leiwang/ladder_workspace/Ladder/3rdparty/tvm/python/tvm/exec/popen_worker.py", line 87, in main
    result = fn(*args, **kwargs)
  File "/home/t-leiwang/ladder_workspace/Ladder/python/ladder/engine/multiproc_tunner.py", line 37, in call_build
    cpresult.code,
AttributeError: 'NoneType' object has no attribute 'code'

['ladder_quant_linear_8', 'reshape_reshape_transpose_9']
{'globals': {'Rasterization': <NoRasterization>}, <Node, ladder_quant_linear_8__reshape_reshape_transpose_9>: {'block': [1, 256], 'thread': [1, 128], 'rstep': [64], 'step': [1, 2], 'vectorize': {'mediate0': 8}}}
Traceback (most recent call last):
  File "/home/t-leiwang/ladder_workspace/Ladder/3rdparty/tvm/python/tvm/exec/popen_worker.py", line 87, in main
    result = fn(*args, **kwargs)
  File "/home/t-leiwang/ladder_workspace/Ladder/python/ladder/engine/multiproc_tunner.py", line 37, in call_build
    cpresult.code,
AttributeError: 'NoneType' object has no attribute 'code'

['reshape_reshape_transpose_9', 'multiply_strided_slice_negative_strided_slice_concatenate_multiply_add_10']
{'globals': {'Rasterization': <NoRasterization>}, <Node, reshape_reshape_transpose_9>: {'block': [1, 1, 1, 128], 'thread': [1, 1, 1, 128], 'rstep': [], 'block_order': int64(block_idx)}, <Node, multiply_strided_slice_negative_strided_slice_concatenate_multiply_add_10>: {'block': [1, 1, 1, 128], 'thread': [1, 1, 1, 128], 'rstep': []}}
Traceback (most recent call last):
  File "/home/t-leiwang/ladder_workspace/Ladder/3rdparty/tvm/python/tvm/exec/popen_worker.py", line 87, in main
    result = fn(*args, **kwargs)
  File "/home/t-leiwang/ladder_workspace/Ladder/python/ladder/engine/multiproc_tunner.py", line 33, in call_build
    cpresult = cgen.compile(
  File "/home/t-leiwang/ladder_workspace/Ladder/python/ladder/code_generator.py", line 199, in compile
    raise Exception(
Exception: ('Shared memory mismatched', <Node, multiply_strided_slice_negative_strided_slice_concatenate_multiply_add_10>, Tensor(shape=[1, 8, 1, 128], op.name=p0), 256, 512)

['reshape_reshape_transpose_9', 'multiply_strided_slice_negative_strided_slice_concatenate_multiply_add_10']
{'globals': {'Rasterization': <NoRasterization>}, <Node, reshape_reshape_transpose_9>: {'block': [1, 2, 1, 128], 'thread': [1, 2, 1, 64], 'rstep': [], 'block_order': int64(block_idx), 'step': [1, 1, 1, 2]}, <Node, multiply_strided_slice_negative_strided_slice_concatenate_multiply_add_10>: {'block': [1, 2, 1, 128], 'thread': [1, 2, 1, 64], 'rstep': [], 'step': [1, 1, 1, 2]}}
Traceback (most recent call last):
  File "/home/t-leiwang/ladder_workspace/Ladder/3rdparty/tvm/python/tvm/exec/popen_worker.py", line 87, in main
    result = fn(*args, **kwargs)
  File "/home/t-leiwang/ladder_workspace/Ladder/python/ladder/engine/multiproc_tunner.py", line 33, in call_build
    cpresult = cgen.compile(
  File "/home/t-leiwang/ladder_workspace/Ladder/python/ladder/code_generator.py", line 199, in compile
    raise Exception(
Exception: ('Shared memory mismatched', <Node, multiply_strided_slice_negative_strided_slice_concatenate_multiply_add_10>, Tensor(shape=[1, 8, 1, 128], op.name=p0), 512, 1024)

['reshape_reshape_transpose_9', 'multiply_strided_slice_negative_strided_slice_concatenate_multiply_add_10']
{'globals': {'Rasterization': <NoRasterization>}, <Node, reshape_reshape_transpose_9>: {'block': [1, 4, 1, 128], 'thread': [1, 4, 1, 32], 'rstep': [], 'block_order': int64(block_idx), 'step': [1, 1, 1, 2]}, <Node, multiply_strided_slice_negative_strided_slice_concatenate_multiply_add_10>: {'block': [1, 4, 1, 128], 'thread': [1, 4, 1, 32], 'rstep': [], 'step': [1, 1, 1, 2]}}
Traceback (most recent call last):
  File "/home/t-leiwang/ladder_workspace/Ladder/3rdparty/tvm/python/tvm/exec/popen_worker.py", line 87, in main
    result = fn(*args, **kwargs)
  File "/home/t-leiwang/ladder_workspace/Ladder/python/ladder/engine/multiproc_tunner.py", line 33, in call_build
    cpresult = cgen.compile(
  File "/home/t-leiwang/ladder_workspace/Ladder/python/ladder/code_generator.py", line 199, in compile
    raise Exception(
Exception: ('Shared memory mismatched', <Node, multiply_strided_slice_negative_strided_slice_concatenate_multiply_add_10>, Tensor(shape=[1, 8, 1, 128], op.name=p0), 1024, 2048)

['reshape_reshape_transpose_9', 'multiply_strided_slice_negative_strided_slice_concatenate_multiply_add_10']
{'globals': {'Rasterization': <NoRasterization>}, <Node, reshape_reshape_transpose_9>: {'block': [1, 8, 1, 128], 'thread': [1, 8, 1, 16], 'rstep': [], 'step': [1, 1, 1, 2]}, <Node, multiply_strided_slice_negative_strided_slice_concatenate_multiply_add_10>: {'block': [1, 8, 1, 128], 'thread': [1, 8, 1, 16], 'rstep': [], 'step': [1, 1, 1, 2]}}
Traceback (most recent call last):
  File "/home/t-leiwang/ladder_workspace/Ladder/3rdparty/tvm/python/tvm/exec/popen_worker.py", line 87, in main
    result = fn(*args, **kwargs)
  File "/home/t-leiwang/ladder_workspace/Ladder/python/ladder/engine/multiproc_tunner.py", line 33, in call_build
    cpresult = cgen.compile(
  File "/home/t-leiwang/ladder_workspace/Ladder/python/ladder/code_generator.py", line 199, in compile
    raise Exception(
Exception: ('Shared memory mismatched', <Node, multiply_strided_slice_negative_strided_slice_concatenate_multiply_add_10>, Tensor(shape=[1, 8, 1, 128], op.name=p0), 2048, 4096)

['expand_dims_broadcast_to_reshape_transpose_reshape_transpose_11', 'ladder_quant_linear_5', 'reshape_reshape_transpose_6', 'multiply_strided_slice_negative_strided_slice_concatenate_multiply_add_reshape_7', 'nn_batch_matmul_12']
{'globals': {'Rasterization': <NoRasterization>}, <Node, ladder_quant_linear_5>: {'block': [1, 128], 'thread': [1, 128], 'rstep': [64], 'block_order': int32(int64(block_idx)), 'vectorize': {'B_decode': 8}}, <Node, reshape_reshape_transpose_6>: {'block': [1, 1, 1, 128], 'thread': [1, 1, 1, 128], 'rstep': [], 'block_order': int64(block_idx)}, <Node, multiply_strided_slice_negative_strided_slice_concatenate_multiply_add_reshape_7>: {'block': [1, 1, 128], 'thread': [1, 1, 128], 'rstep': []}, <Node, expand_dims_broadcast_to_reshape_transpose_reshape_transpose_11>: {'block': [1, 1, 128], 'thread': [1, 1, 128], 'rstep': []}, <Node, nn_batch_matmul_12>: {'block': [1, 1, 1], 'thread': [1, 1, 1], 'rstep': [128], 'reduce_thread': [128]}}
Traceback (most recent call last):
  File "/home/t-leiwang/ladder_workspace/Ladder/3rdparty/tvm/python/tvm/exec/popen_worker.py", line 87, in main
    result = fn(*args, **kwargs)
  File "/home/t-leiwang/ladder_workspace/Ladder/python/ladder/engine/multiproc_tunner.py", line 33, in call_build
    cpresult = cgen.compile(
  File "/home/t-leiwang/ladder_workspace/Ladder/python/ladder/code_generator.py", line 190, in compile
    assert (
AssertionError

['expand_dims_broadcast_to_reshape_transpose_reshape_transpose_11', 'ladder_quant_linear_5', 'reshape_reshape_transpose_6', 'multiply_strided_slice_negative_strided_slice_concatenate_multiply_add_reshape_7', 'nn_batch_matmul_12']
{'globals': {'Rasterization': <NoRasterization>}, <Node, ladder_quant_linear_5>: {'block': [1, 256], 'thread': [1, 128], 'rstep': [64], 'block_order': int32(int64(block_idx)), 'step': [1, 2], 'vectorize': {'B_decode': 8}}, <Node, reshape_reshape_transpose_6>: {'block': [1, 2, 1, 128], 'thread': [1, 2, 1, 64], 'rstep': [], 'block_order': int64(block_idx), 'step': [1, 1, 1, 2]}, <Node, multiply_strided_slice_negative_strided_slice_concatenate_multiply_add_reshape_7>: {'block': [2, 1, 128], 'thread': [2, 1, 64], 'rstep': [], 'step': [1, 1, 2]}, <Node, expand_dims_broadcast_to_reshape_transpose_reshape_transpose_11>: {'block': [2, 1, 128], 'thread': [1, 1, 128], 'rstep': [], 'step': [2, 1, 1]}, <Node, nn_batch_matmul_12>: {'block': [2, 1, 1], 'thread': [2, 1, 1], 'rstep': [128], 'reduce_thread': [64], 'vectorize': {'p0': 2, 'p1': 2}}}
Traceback (most recent call last):
  File "/home/t-leiwang/ladder_workspace/Ladder/3rdparty/tvm/python/tvm/exec/popen_worker.py", line 87, in main
    result = fn(*args, **kwargs)
  File "/home/t-leiwang/ladder_workspace/Ladder/python/ladder/engine/multiproc_tunner.py", line 33, in call_build
    cpresult = cgen.compile(
  File "/home/t-leiwang/ladder_workspace/Ladder/python/ladder/code_generator.py", line 190, in compile
    assert (
AssertionError

['ladder_quant_linear_5', 'reshape_reshape_transpose_6']
{'globals': {'Rasterization': <NoRasterization>}, <Node, ladder_quant_linear_5>: {'block': [1, 4], 'thread': [1, 4], 'rstep': [2048], 'vectorize': {'p0': 8, 'B_decode': 8}}, <Node, reshape_reshape_transpose_6>: {'block': [1, 1, 1, 4], 'thread': [1, 1, 1, 4], 'rstep': []}}
Traceback (most recent call last):
  File "/home/t-leiwang/ladder_workspace/Ladder/3rdparty/tvm/python/tvm/exec/popen_worker.py", line 87, in main
    result = fn(*args, **kwargs)
  File "/home/t-leiwang/ladder_workspace/Ladder/python/ladder/engine/multiproc_tunner.py", line 33, in call_build
    cpresult = cgen.compile(
  File "/home/t-leiwang/ladder_workspace/Ladder/python/ladder/code_generator.py", line 190, in compile
    assert (
AssertionError

['ladder_quant_linear_5', 'reshape_reshape_transpose_6']
{'globals': {'Rasterization': <NoRasterization>}, <Node, ladder_quant_linear_5>: {'block': [1, 8], 'thread': [1, 8], 'rstep': [1024], 'vectorize': {'p0': 8, 'B_decode': 8}}, <Node, reshape_reshape_transpose_6>: {'block': [1, 1, 1, 8], 'thread': [1, 1, 1, 8], 'rstep': []}}
Traceback (most recent call last):
  File "/home/t-leiwang/ladder_workspace/Ladder/3rdparty/tvm/python/tvm/exec/popen_worker.py", line 87, in main
    result = fn(*args, **kwargs)
  File "/home/t-leiwang/ladder_workspace/Ladder/python/ladder/engine/multiproc_tunner.py", line 33, in call_build
    cpresult = cgen.compile(
  File "/home/t-leiwang/ladder_workspace/Ladder/python/ladder/code_generator.py", line 190, in compile
    assert (
AssertionError

['ladder_quant_linear_5', 'reshape_reshape_transpose_6']
{'globals': {'Rasterization': <NoRasterization>}, <Node, ladder_quant_linear_5>: {'block': [1, 2], 'thread': [1, 2], 'rstep': [4096], 'vectorize': {'p0': 8, 'B_decode': 8}}, <Node, reshape_reshape_transpose_6>: {'block': [1, 1, 1, 2], 'thread': [1, 1, 1, 2], 'rstep': []}}
Traceback (most recent call last):
  File "/home/t-leiwang/ladder_workspace/Ladder/3rdparty/tvm/python/tvm/exec/popen_worker.py", line 87, in main
    result = fn(*args, **kwargs)
  File "/home/t-leiwang/ladder_workspace/Ladder/python/ladder/engine/multiproc_tunner.py", line 33, in call_build
    cpresult = cgen.compile(
  File "/home/t-leiwang/ladder_workspace/Ladder/python/ladder/code_generator.py", line 190, in compile
    assert (
AssertionError

['ladder_quant_linear_5', 'reshape_reshape_transpose_6']
{'globals': {'Rasterization': <NoRasterization>}, <Node, ladder_quant_linear_5>: {'block': [1, 32], 'thread': [1, 32], 'rstep': [256], 'vectorize': {'p0': 8, 'B_decode': 8}}, <Node, reshape_reshape_transpose_6>: {'block': [1, 1, 1, 32], 'thread': [1, 1, 1, 32], 'rstep': []}}
Traceback (most recent call last):
  File "/home/t-leiwang/ladder_workspace/Ladder/3rdparty/tvm/python/tvm/exec/popen_worker.py", line 87, in main
    result = fn(*args, **kwargs)
  File "/home/t-leiwang/ladder_workspace/Ladder/python/ladder/engine/multiproc_tunner.py", line 33, in call_build
    cpresult = cgen.compile(
  File "/home/t-leiwang/ladder_workspace/Ladder/python/ladder/code_generator.py", line 190, in compile
    assert (
AssertionError

['ladder_quant_linear_5', 'reshape_reshape_transpose_6']
{'globals': {'Rasterization': <NoRasterization>}, <Node, ladder_quant_linear_5>: {'block': [1, 16], 'thread': [1, 16], 'rstep': [512], 'vectorize': {'p0': 8, 'B_decode': 8}}, <Node, reshape_reshape_transpose_6>: {'block': [1, 1, 1, 16], 'thread': [1, 1, 1, 16], 'rstep': []}}
Traceback (most recent call last):
  File "/home/t-leiwang/ladder_workspace/Ladder/3rdparty/tvm/python/tvm/exec/popen_worker.py", line 87, in main
    result = fn(*args, **kwargs)
  File "/home/t-leiwang/ladder_workspace/Ladder/python/ladder/engine/multiproc_tunner.py", line 33, in call_build
    cpresult = cgen.compile(
  File "/home/t-leiwang/ladder_workspace/Ladder/python/ladder/code_generator.py", line 190, in compile
    assert (
AssertionError

['ladder_quant_linear_5', 'reshape_reshape_transpose_6']
{'globals': {'Rasterization': <NoRasterization>}, <Node, ladder_quant_linear_5>: {'block': [1, 64], 'thread': [1, 64], 'rstep': [128], 'vectorize': {'p0': 2, 'B_decode': 8}}, <Node, reshape_reshape_transpose_6>: {'block': [1, 1, 1, 64], 'thread': [1, 1, 1, 64], 'rstep': []}}
Traceback (most recent call last):
  File "/home/t-leiwang/ladder_workspace/Ladder/3rdparty/tvm/python/tvm/exec/popen_worker.py", line 87, in main
    result = fn(*args, **kwargs)
  File "/home/t-leiwang/ladder_workspace/Ladder/python/ladder/engine/multiproc_tunner.py", line 33, in call_build
    cpresult = cgen.compile(
  File "/home/t-leiwang/ladder_workspace/Ladder/python/ladder/code_generator.py", line 190, in compile
    assert (
AssertionError

['ladder_quant_linear_5', 'reshape_reshape_transpose_6']
{'globals': {'Rasterization': <NoRasterization>}, <Node, ladder_quant_linear_5>: {'block': [1, 128], 'thread': [1, 128], 'rstep': [64], 'vectorize': {'B_decode': 8}}, <Node, reshape_reshape_transpose_6>: {'block': [1, 1, 1, 128], 'thread': [1, 1, 1, 128], 'rstep': []}}
Traceback (most recent call last):
  File "/home/t-leiwang/ladder_workspace/Ladder/3rdparty/tvm/python/tvm/exec/popen_worker.py", line 87, in main
    result = fn(*args, **kwargs)
  File "/home/t-leiwang/ladder_workspace/Ladder/python/ladder/engine/multiproc_tunner.py", line 33, in call_build
    cpresult = cgen.compile(
  File "/home/t-leiwang/ladder_workspace/Ladder/python/ladder/code_generator.py", line 190, in compile
    assert (
AssertionError

['ladder_quant_linear_5', 'reshape_reshape_transpose_6']
{'globals': {'Rasterization': <NoRasterization>}, <Node, ladder_quant_linear_5>: {'block': [1, 256], 'thread': [1, 128], 'rstep': [64], 'step': [1, 2], 'vectorize': {'B_decode': 8}}, <Node, reshape_reshape_transpose_6>: {'block': [1, 2, 1, 128], 'thread': [1, 2, 1, 64], 'rstep': [], 'step': [1, 1, 1, 2]}}
Traceback (most recent call last):
  File "/home/t-leiwang/ladder_workspace/Ladder/3rdparty/tvm/python/tvm/exec/popen_worker.py", line 87, in main
    result = fn(*args, **kwargs)
  File "/home/t-leiwang/ladder_workspace/Ladder/python/ladder/engine/multiproc_tunner.py", line 33, in call_build
    cpresult = cgen.compile(
  File "/home/t-leiwang/ladder_workspace/Ladder/python/ladder/code_generator.py", line 190, in compile
    assert (
AssertionError

['ladder_quant_linear_5', 'reshape_reshape_transpose_6']
{'globals': {'Rasterization': <NoRasterization>}, <Node, ladder_quant_linear_5__reshape_reshape_transpose_6>: {'block': [1, 4], 'thread': [1, 4], 'rstep': [2048], 'reduce_thread': [32], 'vectorize': {'input0': 8, 'mediate0': 8}}}
Traceback (most recent call last):
  File "/home/t-leiwang/ladder_workspace/Ladder/3rdparty/tvm/python/tvm/exec/popen_worker.py", line 87, in main
    result = fn(*args, **kwargs)
  File "/home/t-leiwang/ladder_workspace/Ladder/python/ladder/engine/multiproc_tunner.py", line 37, in call_build
    cpresult.code,
AttributeError: 'NoneType' object has no attribute 'code'

['ladder_quant_linear_5', 'reshape_reshape_transpose_6']
{'globals': {'Rasterization': <NoRasterization>}, <Node, ladder_quant_linear_5__reshape_reshape_transpose_6>: {'block': [1, 8], 'thread': [1, 8], 'rstep': [1024], 'reduce_thread': [16], 'vectorize': {'input0': 8, 'mediate0': 8}}}
Traceback (most recent call last):
  File "/home/t-leiwang/ladder_workspace/Ladder/3rdparty/tvm/python/tvm/exec/popen_worker.py", line 87, in main
    result = fn(*args, **kwargs)
  File "/home/t-leiwang/ladder_workspace/Ladder/python/ladder/engine/multiproc_tunner.py", line 37, in call_build
    cpresult.code,
AttributeError: 'NoneType' object has no attribute 'code'

['ladder_quant_linear_5', 'reshape_reshape_transpose_6']
{'globals': {'Rasterization': <NoRasterization>}, <Node, ladder_quant_linear_5__reshape_reshape_transpose_6>: {'block': [1, 2], 'thread': [1, 2], 'rstep': [4096], 'reduce_thread': [64], 'vectorize': {'input0': 8, 'mediate0': 8}}}
Traceback (most recent call last):
  File "/home/t-leiwang/ladder_workspace/Ladder/3rdparty/tvm/python/tvm/exec/popen_worker.py", line 87, in main
    result = fn(*args, **kwargs)
  File "/home/t-leiwang/ladder_workspace/Ladder/python/ladder/engine/multiproc_tunner.py", line 37, in call_build
    cpresult.code,
AttributeError: 'NoneType' object has no attribute 'code'

['ladder_quant_linear_5', 'reshape_reshape_transpose_6']
{'globals': {'Rasterization': <NoRasterization>}, <Node, ladder_quant_linear_5__reshape_reshape_transpose_6>: {'block': [1, 1], 'thread': [1, 1], 'rstep': [4096], 'reduce_thread': [128], 'vectorize': {'input0': 8, 'mediate0': 8}}}
Traceback (most recent call last):
  File "/home/t-leiwang/ladder_workspace/Ladder/3rdparty/tvm/python/tvm/exec/popen_worker.py", line 87, in main
    result = fn(*args, **kwargs)
  File "/home/t-leiwang/ladder_workspace/Ladder/python/ladder/engine/multiproc_tunner.py", line 37, in call_build
    cpresult.code,
AttributeError: 'NoneType' object has no attribute 'code'

['ladder_quant_linear_5', 'reshape_reshape_transpose_6']
{'globals': {'Rasterization': <NoRasterization>}, <Node, ladder_quant_linear_5__reshape_reshape_transpose_6>: {'block': [1, 32], 'thread': [1, 32], 'rstep': [256], 'reduce_thread': [4], 'vectorize': {'input0': 2, 'mediate0': 8}}}
Traceback (most recent call last):
  File "/home/t-leiwang/ladder_workspace/Ladder/3rdparty/tvm/python/tvm/exec/popen_worker.py", line 87, in main
    result = fn(*args, **kwargs)
  File "/home/t-leiwang/ladder_workspace/Ladder/python/ladder/engine/multiproc_tunner.py", line 37, in call_build
    cpresult.code,
AttributeError: 'NoneType' object has no attribute 'code'

['ladder_quant_linear_5', 'reshape_reshape_transpose_6']
{'globals': {'Rasterization': <NoRasterization>}, <Node, ladder_quant_linear_5__reshape_reshape_transpose_6>: {'block': [1, 16], 'thread': [1, 16], 'rstep': [512], 'reduce_thread': [8], 'vectorize': {'input0': 4, 'mediate0': 8}}}
Traceback (most recent call last):
  File "/home/t-leiwang/ladder_workspace/Ladder/3rdparty/tvm/python/tvm/exec/popen_worker.py", line 87, in main
    result = fn(*args, **kwargs)
  File "/home/t-leiwang/ladder_workspace/Ladder/python/ladder/engine/multiproc_tunner.py", line 37, in call_build
    cpresult.code,
AttributeError: 'NoneType' object has no attribute 'code'

['ladder_quant_linear_5', 'reshape_reshape_transpose_6']
{'globals': {'Rasterization': <NoRasterization>}, <Node, ladder_quant_linear_5__reshape_reshape_transpose_6>: {'block': [1, 64], 'thread': [1, 64], 'rstep': [128], 'reduce_thread': [2], 'vectorize': {'mediate0': 8}}}
Traceback (most recent call last):
  File "/home/t-leiwang/ladder_workspace/Ladder/3rdparty/tvm/python/tvm/exec/popen_worker.py", line 87, in main
    result = fn(*args, **kwargs)
  File "/home/t-leiwang/ladder_workspace/Ladder/python/ladder/engine/multiproc_tunner.py", line 37, in call_build
    cpresult.code,
AttributeError: 'NoneType' object has no attribute 'code'

['ladder_quant_linear_5', 'reshape_reshape_transpose_6']
{'globals': {'Rasterization': <NoRasterization>}, <Node, ladder_quant_linear_5__reshape_reshape_transpose_6>: {'block': [1, 128], 'thread': [1, 128], 'rstep': [64], 'vectorize': {'mediate0': 8}}}
Traceback (most recent call last):
  File "/home/t-leiwang/ladder_workspace/Ladder/3rdparty/tvm/python/tvm/exec/popen_worker.py", line 87, in main
    result = fn(*args, **kwargs)
  File "/home/t-leiwang/ladder_workspace/Ladder/python/ladder/engine/multiproc_tunner.py", line 37, in call_build
    cpresult.code,
AttributeError: 'NoneType' object has no attribute 'code'

['ladder_quant_linear_5', 'reshape_reshape_transpose_6']
{'globals': {'Rasterization': <NoRasterization>}, <Node, ladder_quant_linear_5__reshape_reshape_transpose_6>: {'block': [1, 256], 'thread': [1, 128], 'rstep': [64], 'step': [1, 2], 'vectorize': {'mediate0': 8}}}
Traceback (most recent call last):
  File "/home/t-leiwang/ladder_workspace/Ladder/3rdparty/tvm/python/tvm/exec/popen_worker.py", line 87, in main
    result = fn(*args, **kwargs)
  File "/home/t-leiwang/ladder_workspace/Ladder/python/ladder/engine/multiproc_tunner.py", line 37, in call_build
    cpresult.code,
AttributeError: 'NoneType' object has no attribute 'code'

