Result_102_0_0: 
3.970703e+00 3.535156e+00 9.351562e+00 -7.699219e+00 2.744141e-01 -6.062500e+00 -1.289062e-01 1.817188e+01 4.714844e+00 1.082031e+00  .. (size = 8192, ends with -3.177734e+00);
Result_102_0_0: 
3.970703e+00 3.535156e+00 9.351562e+00 -7.699219e+00 2.744141e-01 -6.062500e+00 -1.289062e-01 1.817188e+01 4.714844e+00 1.082031e+00  .. (size = 8192, ends with -3.177734e+00);
Result_102_0_0: 
3.970703e+00 3.535156e+00 9.351562e+00 -7.699219e+00 2.744141e-01 -6.062500e+00 -1.289062e-01 1.817188e+01 4.714844e+00 1.082031e+00  .. (size = 8192, ends with -3.177734e+00);
Result_102_0_0: 
3.970703e+00 3.535156e+00 9.351562e+00 -7.699219e+00 2.744141e-01 -6.062500e+00 -1.289062e-01 1.817188e+01 4.714844e+00 1.082031e+00  .. (size = 8192, ends with -3.177734e+00);
Result_102_0_0: 
3.970703e+00 3.535156e+00 9.351562e+00 -7.699219e+00 2.744141e-01 -6.062500e+00 -1.289062e-01 1.817188e+01 4.714844e+00 1.082031e+00  .. (size = 8192, ends with -3.177734e+00);
Iteration time 2.172288 ms
Iteration time 2.165760 ms
Iteration time 2.172928 ms
Iteration time 2.169856 ms
Iteration time 2.184192 ms
Iteration time 2.168864 ms
Iteration time 2.180096 ms
Iteration time 2.173952 ms
Iteration time 2.182112 ms
Iteration time 2.161664 ms
Summary: [min, max, mean] = [2.161664, 2.184192, 2.173171] ms
