{<Node, ladder_matmul>: {'block': [16, 4, 16, 16], 'warp': [8, 2, 16, 16], 'wmma': [16, 16, 16], 'use_cutlass': False, 'rstep': [32, 1], 'block_order': <NoRasterization>, 'use_tc': '70', 'strides': {2: <Stride, 2, 16>}}}
2.7742209434509277
{<Node, ladder_matmul>: {'block': [8, 8, 16, 16], 'warp': [4, 4, 16, 16], 'wmma': [16, 16, 16], 'use_cutlass': False, 'rstep': [32, 1], 'block_order': <NoRasterization>, 'use_tc': '70', 'strides': {2: <Stride, 2, 16>}}}
2.7604992389678955
{<Node, ladder_matmul>: {'block': [8, 4, 16, 16], 'warp': [4, 2, 16, 16], 'wmma': [16, 16, 16], 'use_cutlass': False, 'rstep': [32, 1], 'block_order': <NoRasterization>, 'use_tc': '70', 'strides': {2: <Stride, 2, 16>}}}
2.2398974895477295
{<Node, ladder_matmul>: {'block': [16, 2, 16, 16], 'warp': [8, 1, 16, 16], 'wmma': [16, 16, 16], 'use_cutlass': False, 'rstep': [32, 1], 'block_order': <NoRasterization>, 'use_tc': '70', 'strides': {2: <Stride, 2, 16>}}}
4.585267066955566
{<Node, ladder_matmul>: {'block': [16, 8, 16, 16], 'warp': [8, 4, 16, 16], 'wmma': [16, 16, 16], 'use_cutlass': False, 'rstep': [32, 1], 'block_order': <NoRasterization>, 'use_tc': '70', 'strides': {2: <Stride, 2, 16>}}}
2.015641689300537
{<Node, ladder_matmul>: {'block': [32, 4, 16, 16], 'warp': [16, 2, 16, 16], 'wmma': [16, 16, 16], 'use_cutlass': False, 'rstep': [32, 1], 'block_order': <NoRasterization>, 'use_tc': '70', 'strides': {2: <Stride, 2, 16>}}}
100000000.0
{<Node, ladder_matmul>: {'block': [8, 2, 16, 16], 'warp': [4, 1, 16, 16], 'wmma': [16, 16, 16], 'use_cutlass': False, 'rstep': [32, 1], 'block_order': <NoRasterization>, 'use_tc': '70', 'strides': {2: <Stride, 2, 16>}}}
4.799283027648926
{<Node, ladder_matmul>: {'block': [32, 8, 16, 16], 'warp': [16, 4, 16, 16], 'wmma': [16, 16, 16], 'use_cutlass': False, 'rstep': [32, 1], 'block_order': <NoRasterization>, 'use_tc': '70', 'strides': {2: <Stride, 2, 16>}}}
100000000.0
{<Node, ladder_matmul>: {'block': [4, 16, 16, 16], 'warp': [2, 8, 16, 16], 'wmma': [16, 16, 16], 'use_cutlass': False, 'rstep': [32, 1], 'block_order': <NoRasterization>, 'use_tc': '70', 'strides': {2: <Stride, 2, 16>}}}
2.237644672393799
{<Node, ladder_matmul>: {'block': [4, 8, 16, 16], 'warp': [2, 4, 16, 16], 'wmma': [16, 16, 16], 'use_cutlass': False, 'rstep': [32, 1], 'block_order': <NoRasterization>, 'use_tc': '70', 'strides': {2: <Stride, 2, 16>}}}
2.1940224170684814
{<Node, ladder_matmul>: {'block': [8, 16, 16, 16], 'warp': [4, 8, 16, 16], 'wmma': [16, 16, 16], 'use_cutlass': False, 'rstep': [32, 1], 'block_order': <NoRasterization>, 'use_tc': '70', 'strides': {2: <Stride, 2, 16>}}}
2.0652031898498535
{<Node, ladder_matmul>: {'block': [4, 4, 16, 16], 'warp': [2, 2, 16, 16], 'wmma': [16, 16, 16], 'use_cutlass': False, 'rstep': [32, 1], 'block_order': <NoRasterization>, 'use_tc': '70', 'strides': {2: <Stride, 2, 16>}}}
2.97041916847229
{<Node, ladder_matmul>: {'block': [16, 1, 16, 16], 'warp': [4, 1, 16, 16], 'wmma': [16, 16, 16], 'use_cutlass': False, 'rstep': [32, 1], 'block_order': <NoRasterization>, 'use_tc': '70', 'strides': {2: <Stride, 2, 16>}}}
6.617088317871094
{<Node, ladder_matmul>: {'block': [32, 2, 16, 16], 'warp': [16, 1, 16, 16], 'wmma': [16, 16, 16], 'use_cutlass': False, 'rstep': [32, 1], 'block_order': <NoRasterization>, 'use_tc': '70', 'strides': {2: <Stride, 2, 16>}}}
100000000.0
{<Node, ladder_matmul>: {'block': [16, 16, 16, 16], 'warp': [8, 8, 16, 16], 'wmma': [16, 16, 16], 'use_cutlass': False, 'rstep': [32, 1], 'block_order': <NoRasterization>, 'use_tc': '70', 'strides': {2: <Stride, 2, 16>}}}
100000000.0
{<Node, ladder_matmul>: {'block': [4, 2, 16, 16], 'warp': [2, 1, 16, 16], 'wmma': [16, 16, 16], 'use_cutlass': False, 'rstep': [32, 1], 'block_order': <NoRasterization>, 'use_tc': '70', 'strides': {2: <Stride, 2, 16>}}}
4.849663734436035
{<Node, ladder_matmul>: {'block': [8, 1, 16, 16], 'warp': [2, 1, 16, 16], 'wmma': [16, 16, 16], 'use_cutlass': False, 'rstep': [32, 1], 'block_order': <NoRasterization>, 'use_tc': '70', 'strides': {2: <Stride, 2, 16>}}}
5.983744144439697
{<Node, ladder_matmul>: {'block': [4, 1, 16, 16], 'warp': [1, 1, 16, 16], 'wmma': [16, 16, 16], 'use_cutlass': False, 'rstep': [32, 1], 'block_order': <NoRasterization>, 'use_tc': '70', 'strides': {2: <Stride, 2, 16>}}}
7.04204797744751
{<Node, ladder_matmul>: {'block': [2, 4, 16, 16], 'warp': [1, 2, 16, 16], 'wmma': [16, 16, 16], 'use_cutlass': False, 'rstep': [32, 1], 'block_order': <NoRasterization>, 'use_tc': '70', 'strides': {2: <Stride, 2, 16>}}}
3.9686145782470703
{<Node, ladder_matmul>: {'block': [2, 2, 16, 16], 'warp': [1, 1, 16, 16], 'wmma': [16, 16, 16], 'use_cutlass': False, 'rstep': [32, 1], 'block_order': <NoRasterization>, 'use_tc': '70', 'strides': {2: <Stride, 2, 16>}}}
5.858713626861572
top1: 2.7742209434509277 	top10: 2.015641689300537
--------------------------------------------------------------------------------
best config: {<Node, ladder_matmul>: {'block': [16, 8, 16, 16], 'warp': [8, 4, 16, 16], 'wmma': [16, 16, 16], 'use_cutlass': False, 'rstep': [32, 1], 'block_order': <NoRasterization>, 'use_tc': '70', 'strides': {2: <Stride, 2, 16>}}}
best latency: 2.015641689300537
{<Node, ladder_matmul>: {'block': [16, 4, 16, 16], 'warp': [8, 2, 16, 16], 'wmma': [16, 16, 16], 'use_cutlass': False, 'rstep': [32, 1], 'block_order': <NoRasterization>, 'use_tc': '70', 'strides': {2: <Stride, 2, 16>}}}
18.506547927856445
{<Node, ladder_matmul>: {'block': [8, 8, 16, 16], 'warp': [4, 4, 16, 16], 'wmma': [16, 16, 16], 'use_cutlass': False, 'rstep': [32, 1], 'block_order': <NoRasterization>, 'use_tc': '70', 'strides': {2: <Stride, 2, 16>}}}
14.952653884887695
{<Node, ladder_matmul>: {'block': [8, 4, 16, 16], 'warp': [4, 2, 16, 16], 'wmma': [16, 16, 16], 'use_cutlass': False, 'rstep': [32, 1], 'block_order': <NoRasterization>, 'use_tc': '70', 'strides': {2: <Stride, 2, 16>}}}
18.973491668701172
{<Node, ladder_matmul>: {'block': [16, 2, 16, 16], 'warp': [8, 1, 16, 16], 'wmma': [16, 16, 16], 'use_cutlass': False, 'rstep': [32, 1], 'block_order': <NoRasterization>, 'use_tc': '70', 'strides': {2: <Stride, 2, 16>}}}
33.349220275878906
{<Node, ladder_matmul>: {'block': [16, 8, 16, 16], 'warp': [8, 4, 16, 16], 'wmma': [16, 16, 16], 'use_cutlass': False, 'rstep': [32, 1], 'block_order': <NoRasterization>, 'use_tc': '70', 'strides': {2: <Stride, 2, 16>}}}
15.0763521194458
{<Node, ladder_matmul>: {'block': [32, 4, 16, 16], 'warp': [16, 2, 16, 16], 'wmma': [16, 16, 16], 'use_cutlass': False, 'rstep': [32, 1], 'block_order': <NoRasterization>, 'use_tc': '70', 'strides': {2: <Stride, 2, 16>}}}
100000000.0
{<Node, ladder_matmul>: {'block': [8, 2, 16, 16], 'warp': [4, 1, 16, 16], 'wmma': [16, 16, 16], 'use_cutlass': False, 'rstep': [32, 1], 'block_order': <NoRasterization>, 'use_tc': '70', 'strides': {2: <Stride, 2, 16>}}}
35.03984832763672
{<Node, ladder_matmul>: {'block': [32, 8, 16, 16], 'warp': [16, 4, 16, 16], 'wmma': [16, 16, 16], 'use_cutlass': False, 'rstep': [32, 1], 'block_order': <NoRasterization>, 'use_tc': '70', 'strides': {2: <Stride, 2, 16>}}}
100000000.0
{<Node, ladder_matmul>: {'block': [4, 8, 16, 16], 'warp': [2, 4, 16, 16], 'wmma': [16, 16, 16], 'use_cutlass': False, 'rstep': [32, 1], 'block_order': <NoRasterization>, 'use_tc': '70', 'strides': {2: <Stride, 2, 16>}}}
17.120052337646484
{<Node, ladder_matmul>: {'block': [4, 16, 16, 16], 'warp': [2, 8, 16, 16], 'wmma': [16, 16, 16], 'use_cutlass': False, 'rstep': [32, 1], 'block_order': <NoRasterization>, 'use_tc': '70', 'strides': {2: <Stride, 2, 16>}}}
17.582489013671875
{<Node, ladder_matmul>: {'block': [8, 16, 16, 16], 'warp': [4, 8, 16, 16], 'wmma': [16, 16, 16], 'use_cutlass': False, 'rstep': [32, 1], 'block_order': <NoRasterization>, 'use_tc': '70', 'strides': {2: <Stride, 2, 16>}}}
16.676250457763672
{<Node, ladder_matmul>: {'block': [4, 4, 16, 16], 'warp': [2, 2, 16, 16], 'wmma': [16, 16, 16], 'use_cutlass': False, 'rstep': [32, 1], 'block_order': <NoRasterization>, 'use_tc': '70', 'strides': {2: <Stride, 2, 16>}}}
23.696178436279297
{<Node, ladder_matmul>: {'block': [16, 1, 16, 16], 'warp': [4, 1, 16, 16], 'wmma': [16, 16, 16], 'use_cutlass': False, 'rstep': [32, 1], 'block_order': <NoRasterization>, 'use_tc': '70', 'strides': {2: <Stride, 2, 16>}}}
44.75166702270508
{<Node, ladder_matmul>: {'block': [32, 2, 16, 16], 'warp': [16, 1, 16, 16], 'wmma': [16, 16, 16], 'use_cutlass': False, 'rstep': [32, 1], 'block_order': <NoRasterization>, 'use_tc': '70', 'strides': {2: <Stride, 2, 16>}}}
100000000.0
{<Node, ladder_matmul>: {'block': [16, 16, 16, 16], 'warp': [8, 8, 16, 16], 'wmma': [16, 16, 16], 'use_cutlass': False, 'rstep': [32, 1], 'block_order': <NoRasterization>, 'use_tc': '70', 'strides': {2: <Stride, 2, 16>}}}
100000000.0
{<Node, ladder_matmul>: {'block': [4, 2, 16, 16], 'warp': [2, 1, 16, 16], 'wmma': [16, 16, 16], 'use_cutlass': False, 'rstep': [32, 1], 'block_order': <NoRasterization>, 'use_tc': '70', 'strides': {2: <Stride, 2, 16>}}}
39.69146728515625
{<Node, ladder_matmul>: {'block': [8, 1, 16, 16], 'warp': [2, 1, 16, 16], 'wmma': [16, 16, 16], 'use_cutlass': False, 'rstep': [32, 1], 'block_order': <NoRasterization>, 'use_tc': '70', 'strides': {2: <Stride, 2, 16>}}}
46.512332916259766
{<Node, ladder_matmul>: {'block': [4, 1, 16, 16], 'warp': [1, 1, 16, 16], 'wmma': [16, 16, 16], 'use_cutlass': False, 'rstep': [32, 1], 'block_order': <NoRasterization>, 'use_tc': '70', 'strides': {2: <Stride, 2, 16>}}}
51.18218231201172
{<Node, ladder_matmul>: {'block': [2, 16, 16, 16], 'warp': [1, 8, 16, 16], 'wmma': [16, 16, 16], 'use_cutlass': False, 'rstep': [32, 1], 'block_order': <NoRasterization>, 'use_tc': '70', 'strides': {2: <Stride, 2, 16>}}}
22.060646057128906
{<Node, ladder_matmul>: {'block': [2, 8, 16, 16], 'warp': [1, 4, 16, 16], 'wmma': [16, 16, 16], 'use_cutlass': False, 'rstep': [32, 1], 'block_order': <NoRasterization>, 'use_tc': '70', 'strides': {2: <Stride, 2, 16>}}}
24.628429412841797
top1: 18.506547927856445 	top10: 14.952653884887695
--------------------------------------------------------------------------------
best config: {<Node, ladder_matmul>: {'block': [8, 8, 16, 16], 'warp': [4, 4, 16, 16], 'wmma': [16, 16, 16], 'use_cutlass': False, 'rstep': [32, 1], 'block_order': <NoRasterization>, 'use_tc': '70', 'strides': {2: <Stride, 2, 16>}}}
best latency: 14.952653884887695
{<Node, ladder_matmul>: {'block': [16, 4, 16, 16], 'warp': [8, 2, 16, 16], 'wmma': [16, 16, 16], 'use_cutlass': False, 'rstep': [32, 1], 'block_order': <NoRasterization>, 'use_tc': '70', 'strides': {2: <Stride, 2, 16>}}}
64.11611938476562
{<Node, ladder_matmul>: {'block': [8, 8, 16, 16], 'warp': [4, 4, 16, 16], 'wmma': [16, 16, 16], 'use_cutlass': False, 'rstep': [32, 1], 'block_order': <NoRasterization>, 'use_tc': '70', 'strides': {2: <Stride, 2, 16>}}}
50.37649917602539
{<Node, ladder_matmul>: {'block': [8, 7, 16, 16], 'warp': [2, 7, 16, 16], 'wmma': [16, 16, 16], 'use_cutlass': False, 'rstep': [32, 1], 'block_order': <NoRasterization>, 'use_tc': '70', 'strides': {2: <Stride, 2, 16>}}}
71.36583709716797
{<Node, ladder_matmul>: {'block': [8, 4, 16, 16], 'warp': [4, 2, 16, 16], 'wmma': [16, 16, 16], 'use_cutlass': False, 'rstep': [32, 1], 'block_order': <NoRasterization>, 'use_tc': '70', 'strides': {2: <Stride, 2, 16>}}}
67.79043579101562
{<Node, ladder_matmul>: {'block': [16, 2, 16, 16], 'warp': [8, 1, 16, 16], 'wmma': [16, 16, 16], 'use_cutlass': False, 'rstep': [32, 1], 'block_order': <NoRasterization>, 'use_tc': '70', 'strides': {2: <Stride, 2, 16>}}}
113.94395446777344
{<Node, ladder_matmul>: {'block': [32, 4, 16, 16], 'warp': [16, 2, 16, 16], 'wmma': [16, 16, 16], 'use_cutlass': False, 'rstep': [32, 1], 'block_order': <NoRasterization>, 'use_tc': '70', 'strides': {2: <Stride, 2, 16>}}}
100000000.0
{<Node, ladder_matmul>: {'block': [16, 8, 16, 16], 'warp': [8, 4, 16, 16], 'wmma': [16, 16, 16], 'use_cutlass': False, 'rstep': [32, 1], 'block_order': <NoRasterization>, 'use_tc': '70', 'strides': {2: <Stride, 2, 16>}}}
51.24259567260742
{<Node, ladder_matmul>: {'block': [16, 7, 16, 16], 'warp': [4, 7, 16, 16], 'wmma': [16, 16, 16], 'use_cutlass': False, 'rstep': [32, 1], 'block_order': <NoRasterization>, 'use_tc': '70', 'strides': {2: <Stride, 2, 16>}}}
64.04158020019531
{<Node, ladder_matmul>: {'block': [8, 2, 16, 16], 'warp': [4, 1, 16, 16], 'wmma': [16, 16, 16], 'use_cutlass': False, 'rstep': [32, 1], 'block_order': <NoRasterization>, 'use_tc': '70', 'strides': {2: <Stride, 2, 16>}}}
123.78153228759766
{<Node, ladder_matmul>: {'block': [32, 8, 16, 16], 'warp': [16, 4, 16, 16], 'wmma': [16, 16, 16], 'use_cutlass': False, 'rstep': [32, 1], 'block_order': <NoRasterization>, 'use_tc': '70', 'strides': {2: <Stride, 2, 16>}}}
100000000.0
{<Node, ladder_matmul>: {'block': [4, 14, 16, 16], 'warp': [2, 7, 16, 16], 'wmma': [16, 16, 16], 'use_cutlass': False, 'rstep': [32, 1], 'block_order': <NoRasterization>, 'use_tc': '70', 'strides': {2: <Stride, 2, 16>}}}
59.651275634765625
{<Node, ladder_matmul>: {'block': [4, 16, 16, 16], 'warp': [2, 8, 16, 16], 'wmma': [16, 16, 16], 'use_cutlass': False, 'rstep': [32, 1], 'block_order': <NoRasterization>, 'use_tc': '70', 'strides': {2: <Stride, 2, 16>}}}
63.95084762573242
{<Node, ladder_matmul>: {'block': [32, 7, 16, 16], 'warp': [8, 7, 16, 16], 'wmma': [16, 16, 16], 'use_cutlass': False, 'rstep': [32, 1], 'block_order': <NoRasterization>, 'use_tc': '70', 'strides': {2: <Stride, 2, 16>}}}
100000000.0
{<Node, ladder_matmul>: {'block': [4, 8, 16, 16], 'warp': [2, 4, 16, 16], 'wmma': [16, 16, 16], 'use_cutlass': False, 'rstep': [32, 1], 'block_order': <NoRasterization>, 'use_tc': '70', 'strides': {2: <Stride, 2, 16>}}}
61.51844024658203
{<Node, ladder_matmul>: {'block': [8, 16, 16, 16], 'warp': [4, 8, 16, 16], 'wmma': [16, 16, 16], 'use_cutlass': False, 'rstep': [32, 1], 'block_order': <NoRasterization>, 'use_tc': '70', 'strides': {2: <Stride, 2, 16>}}}
54.5523681640625
{<Node, ladder_matmul>: {'block': [4, 7, 16, 16], 'warp': [1, 7, 16, 16], 'wmma': [16, 16, 16], 'use_cutlass': False, 'rstep': [32, 1], 'block_order': <NoRasterization>, 'use_tc': '70', 'strides': {2: <Stride, 2, 16>}}}
79.05280303955078
{<Node, ladder_matmul>: {'block': [8, 14, 16, 16], 'warp': [4, 7, 16, 16], 'wmma': [16, 16, 16], 'use_cutlass': False, 'rstep': [32, 1], 'block_order': <NoRasterization>, 'use_tc': '70', 'strides': {2: <Stride, 2, 16>}}}
53.03582763671875
{<Node, ladder_matmul>: {'block': [4, 4, 16, 16], 'warp': [2, 2, 16, 16], 'wmma': [16, 16, 16], 'use_cutlass': False, 'rstep': [32, 1], 'block_order': <NoRasterization>, 'use_tc': '70', 'strides': {2: <Stride, 2, 16>}}}
83.30854797363281
{<Node, ladder_matmul>: {'block': [16, 1, 16, 16], 'warp': [4, 1, 16, 16], 'wmma': [16, 16, 16], 'use_cutlass': False, 'rstep': [32, 1], 'block_order': <NoRasterization>, 'use_tc': '70', 'strides': {2: <Stride, 2, 16>}}}
155.90011596679688
{<Node, ladder_matmul>: {'block': [32, 2, 16, 16], 'warp': [16, 1, 16, 16], 'wmma': [16, 16, 16], 'use_cutlass': False, 'rstep': [32, 1], 'block_order': <NoRasterization>, 'use_tc': '70', 'strides': {2: <Stride, 2, 16>}}}
100000000.0
top1: 64.11611938476562 	top10: 50.37649917602539
--------------------------------------------------------------------------------
best config: {<Node, ladder_matmul>: {'block': [8, 8, 16, 16], 'warp': [4, 4, 16, 16], 'wmma': [16, 16, 16], 'use_cutlass': False, 'rstep': [32, 1], 'block_order': <NoRasterization>, 'use_tc': '70', 'strides': {2: <Stride, 2, 16>}}}
best latency: 50.37649917602539
{<Node, ladder_matmul>: {'block': [16, 4, 16, 16], 'warp': [8, 2, 16, 16], 'wmma': [16, 16, 16], 'use_cutlass': False, 'rstep': [32, 1], 'block_order': <NoRasterization>, 'use_tc': '70', 'strides': {2: <Stride, 2, 16>}}}
63.8742561340332
{<Node, ladder_matmul>: {'block': [8, 8, 16, 16], 'warp': [4, 4, 16, 16], 'wmma': [16, 16, 16], 'use_cutlass': False, 'rstep': [32, 1], 'block_order': <NoRasterization>, 'use_tc': '70', 'strides': {2: <Stride, 2, 16>}}}
51.900413513183594
{<Node, ladder_matmul>: {'block': [8, 4, 16, 16], 'warp': [4, 2, 16, 16], 'wmma': [16, 16, 16], 'use_cutlass': False, 'rstep': [32, 1], 'block_order': <NoRasterization>, 'use_tc': '70', 'strides': {2: <Stride, 2, 16>}}}
67.79371643066406
{<Node, ladder_matmul>: {'block': [16, 2, 16, 16], 'warp': [8, 1, 16, 16], 'wmma': [16, 16, 16], 'use_cutlass': False, 'rstep': [32, 1], 'block_order': <NoRasterization>, 'use_tc': '70', 'strides': {2: <Stride, 2, 16>}}}
116.66493225097656
{<Node, ladder_matmul>: {'block': [16, 8, 16, 16], 'warp': [8, 4, 16, 16], 'wmma': [16, 16, 16], 'use_cutlass': False, 'rstep': [32, 1], 'block_order': <NoRasterization>, 'use_tc': '70', 'strides': {2: <Stride, 2, 16>}}}
53.70429611206055
{<Node, ladder_matmul>: {'block': [32, 4, 16, 16], 'warp': [16, 2, 16, 16], 'wmma': [16, 16, 16], 'use_cutlass': False, 'rstep': [32, 1], 'block_order': <NoRasterization>, 'use_tc': '70', 'strides': {2: <Stride, 2, 16>}}}
100000000.0
{<Node, ladder_matmul>: {'block': [8, 2, 16, 16], 'warp': [4, 1, 16, 16], 'wmma': [16, 16, 16], 'use_cutlass': False, 'rstep': [32, 1], 'block_order': <NoRasterization>, 'use_tc': '70', 'strides': {2: <Stride, 2, 16>}}}
76.44242095947266
{<Node, ladder_matmul>: {'block': [32, 8, 16, 16], 'warp': [16, 4, 16, 16], 'wmma': [16, 16, 16], 'use_cutlass': False, 'rstep': [32, 1], 'block_order': <NoRasterization>, 'use_tc': '70', 'strides': {2: <Stride, 2, 16>}}}
100000000.0
{<Node, ladder_matmul>: {'block': [4, 8, 16, 16], 'warp': [2, 4, 16, 16], 'wmma': [16, 16, 16], 'use_cutlass': False, 'rstep': [32, 1], 'block_order': <NoRasterization>, 'use_tc': '70', 'strides': {2: <Stride, 2, 16>}}}
59.578163146972656
{<Node, ladder_matmul>: {'block': [4, 16, 16, 16], 'warp': [2, 8, 16, 16], 'wmma': [16, 16, 16], 'use_cutlass': False, 'rstep': [32, 1], 'block_order': <NoRasterization>, 'use_tc': '70', 'strides': {2: <Stride, 2, 16>}}}
62.1705207824707
{<Node, ladder_matmul>: {'block': [8, 16, 16, 16], 'warp': [4, 8, 16, 16], 'wmma': [16, 16, 16], 'use_cutlass': False, 'rstep': [32, 1], 'block_order': <NoRasterization>, 'use_tc': '70', 'strides': {2: <Stride, 2, 16>}}}
55.5012092590332
{<Node, ladder_matmul>: {'block': [4, 4, 16, 16], 'warp': [2, 2, 16, 16], 'wmma': [16, 16, 16], 'use_cutlass': False, 'rstep': [32, 1], 'block_order': <NoRasterization>, 'use_tc': '70', 'strides': {2: <Stride, 2, 16>}}}
82.1802978515625
{<Node, ladder_matmul>: {'block': [16, 1, 16, 16], 'warp': [4, 1, 16, 16], 'wmma': [16, 16, 16], 'use_cutlass': False, 'rstep': [32, 1], 'block_order': <NoRasterization>, 'use_tc': '70', 'strides': {2: <Stride, 2, 16>}}}
154.4748992919922
{<Node, ladder_matmul>: {'block': [32, 2, 16, 16], 'warp': [16, 1, 16, 16], 'wmma': [16, 16, 16], 'use_cutlass': False, 'rstep': [32, 1], 'block_order': <NoRasterization>, 'use_tc': '70', 'strides': {2: <Stride, 2, 16>}}}
100000000.0
{<Node, ladder_matmul>: {'block': [16, 16, 16, 16], 'warp': [8, 8, 16, 16], 'wmma': [16, 16, 16], 'use_cutlass': False, 'rstep': [32, 1], 'block_order': <NoRasterization>, 'use_tc': '70', 'strides': {2: <Stride, 2, 16>}}}
100000000.0
{<Node, ladder_matmul>: {'block': [4, 2, 16, 16], 'warp': [2, 1, 16, 16], 'wmma': [16, 16, 16], 'use_cutlass': False, 'rstep': [32, 1], 'block_order': <NoRasterization>, 'use_tc': '70', 'strides': {2: <Stride, 2, 16>}}}
135.04574584960938
{<Node, ladder_matmul>: {'block': [8, 1, 16, 16], 'warp': [2, 1, 16, 16], 'wmma': [16, 16, 16], 'use_cutlass': False, 'rstep': [32, 1], 'block_order': <NoRasterization>, 'use_tc': '70', 'strides': {2: <Stride, 2, 16>}}}
158.4001007080078
{<Node, ladder_matmul>: {'block': [4, 1, 16, 16], 'warp': [1, 1, 16, 16], 'wmma': [16, 16, 16], 'use_cutlass': False, 'rstep': [32, 1], 'block_order': <NoRasterization>, 'use_tc': '70', 'strides': {2: <Stride, 2, 16>}}}
182.9529571533203
{<Node, ladder_matmul>: {'block': [2, 16, 16, 16], 'warp': [1, 8, 16, 16], 'wmma': [16, 16, 16], 'use_cutlass': False, 'rstep': [32, 1], 'block_order': <NoRasterization>, 'use_tc': '70', 'strides': {2: <Stride, 2, 16>}}}
78.49491882324219
{<Node, ladder_matmul>: {'block': [2, 8, 16, 16], 'warp': [1, 4, 16, 16], 'wmma': [16, 16, 16], 'use_cutlass': False, 'rstep': [32, 1], 'block_order': <NoRasterization>, 'use_tc': '70', 'strides': {2: <Stride, 2, 16>}}}
83.11951446533203
top1: 63.8742561340332 	top10: 51.900413513183594
--------------------------------------------------------------------------------
best config: {<Node, ladder_matmul>: {'block': [8, 8, 16, 16], 'warp': [4, 4, 16, 16], 'wmma': [16, 16, 16], 'use_cutlass': False, 'rstep': [32, 1], 'block_order': <NoRasterization>, 'use_tc': '70', 'strides': {2: <Stride, 2, 16>}}}
best latency: 51.900413513183594
4096_1024_8192	2.015641689300537
4096_8192_8192	14.952653884887695
4096_28672_8192	50.37649917602539
4096_8192_28672	51.900413513183594
