Measure the memory for bloom batch 1 seq 1 under ladder_mxfp8_mxfp8
[08:00:30] /root/Ladder/3rdparty/tvm/src/runtime/graph_executor/debug/graph_executor_debug.cc:95: Op #0 tvmgen_welder_mean_0:
[08:00:30] /root/Ladder/3rdparty/tvm/src/runtime/graph_executor/debug/graph_executor_debug.cc:98: Iteration: 0: 10.2063 us/iter
[08:00:30] /root/Ladder/3rdparty/tvm/src/runtime/graph_executor/debug/graph_executor_debug.cc:95: Op #1 tvmgen_welder_subtract_multiply_1_mean_add_sqrt_2:
[08:00:30] /root/Ladder/3rdparty/tvm/src/runtime/graph_executor/debug/graph_executor_debug.cc:98: Iteration: 0: 14.7532 us/iter
[08:00:30] /root/Ladder/3rdparty/tvm/src/runtime/graph_executor/debug/graph_executor_debug.cc:95: Op #2 tvmgen_welder_divide_multiply_add_reshape_3:
[08:00:30] /root/Ladder/3rdparty/tvm/src/runtime/graph_executor/debug/graph_executor_debug.cc:98: Iteration: 0: 8.37079 us/iter
[08:00:30] /root/Ladder/3rdparty/tvm/src/runtime/graph_executor/debug/graph_executor_debug.cc:95: Op #3 tvmgen_welder_ladder_quant_linear_cast_4:
[08:00:30] /root/Ladder/3rdparty/tvm/src/runtime/graph_executor/debug/graph_executor_debug.cc:98: Iteration: 0: 504.832 us/iter
[08:00:30] /root/Ladder/3rdparty/tvm/src/runtime/graph_executor/debug/graph_executor_debug.cc:95: Op #4 tvmgen_welder_reshape_add_reshape_5_take_transpose_reshape_6_take_transpose_reshape_transpose_7_nn_batch_matmul_8_take_transpose_reshape_transpose_14:
[08:00:30] /root/Ladder/3rdparty/tvm/src/runtime/graph_executor/debug/graph_executor_debug.cc:98: Iteration: 0: 8.40017 us/iter
[08:00:30] /root/Ladder/3rdparty/tvm/src/runtime/graph_executor/debug/graph_executor_debug.cc:95: Op #5 tvmgen_welder_cast_reshape_multiply_multiply_add_reshape_cast_where_9_max_10_subtract_exp_11_sum_12_divide_cast_cast_reshape_13_nn_batch_matmul_15:
[08:00:30] /root/Ladder/3rdparty/tvm/src/runtime/graph_executor/debug/graph_executor_debug.cc:98: Iteration: 0: 9.66758 us/iter
[08:00:30] /root/Ladder/3rdparty/tvm/src/runtime/graph_executor/debug/graph_executor_debug.cc:95: Op #6 tvmgen_welder_reshape_reshape_transpose_reshape_reshape_16:
[08:00:30] /root/Ladder/3rdparty/tvm/src/runtime/graph_executor/debug/graph_executor_debug.cc:98: Iteration: 0: 7.86944 us/iter
[08:00:30] /root/Ladder/3rdparty/tvm/src/runtime/graph_executor/debug/graph_executor_debug.cc:95: Op #7 tvmgen_welder_ladder_quant_linear_cast_17:
[08:00:30] /root/Ladder/3rdparty/tvm/src/runtime/graph_executor/debug/graph_executor_debug.cc:98: Iteration: 0: 179.917 us/iter
[08:00:30] /root/Ladder/3rdparty/tvm/src/runtime/graph_executor/debug/graph_executor_debug.cc:95: Op #8 tvmgen_welder_reshape_add_add_18:
[08:00:30] /root/Ladder/3rdparty/tvm/src/runtime/graph_executor/debug/graph_executor_debug.cc:98: Iteration: 0: 7.9977 us/iter
[08:00:30] /root/Ladder/3rdparty/tvm/src/runtime/graph_executor/debug/graph_executor_debug.cc:95: Op #9 tvmgen_welder_mean_19:
[08:00:30] /root/Ladder/3rdparty/tvm/src/runtime/graph_executor/debug/graph_executor_debug.cc:98: Iteration: 0: 9.92891 us/iter
[08:00:30] /root/Ladder/3rdparty/tvm/src/runtime/graph_executor/debug/graph_executor_debug.cc:95: Op #10 tvmgen_welder_subtract_multiply_20_mean_add_sqrt_21:
[08:00:30] /root/Ladder/3rdparty/tvm/src/runtime/graph_executor/debug/graph_executor_debug.cc:98: Iteration: 0: 14.5315 us/iter
[08:00:30] /root/Ladder/3rdparty/tvm/src/runtime/graph_executor/debug/graph_executor_debug.cc:95: Op #11 tvmgen_welder_divide_multiply_add_reshape_22:
[08:00:30] /root/Ladder/3rdparty/tvm/src/runtime/graph_executor/debug/graph_executor_debug.cc:98: Iteration: 0: 8.27645 us/iter
[08:00:30] /root/Ladder/3rdparty/tvm/src/runtime/graph_executor/debug/graph_executor_debug.cc:95: Op #12 tvmgen_welder_ladder_quant_linear_cast_23:
[08:00:30] /root/Ladder/3rdparty/tvm/src/runtime/graph_executor/debug/graph_executor_debug.cc:98: Iteration: 0: 636.109 us/iter
[08:00:30] /root/Ladder/3rdparty/tvm/src/runtime/graph_executor/debug/graph_executor_debug.cc:95: Op #13 tvmgen_welder_reshape_add_multiply_multiply_multiply_multiply_24_add_multiply_tanh_add_multiply_reshape_25:
[08:00:30] /root/Ladder/3rdparty/tvm/src/runtime/graph_executor/debug/graph_executor_debug.cc:98: Iteration: 0: 7.90318 us/iter
[08:00:30] /root/Ladder/3rdparty/tvm/src/runtime/graph_executor/debug/graph_executor_debug.cc:95: Op #14 tvmgen_welder_ladder_quant_linear_cast_26:
[08:00:30] /root/Ladder/3rdparty/tvm/src/runtime/graph_executor/debug/graph_executor_debug.cc:98: Iteration: 0: 666.317 us/iter
[08:00:30] /root/Ladder/3rdparty/tvm/src/runtime/graph_executor/debug/graph_executor_debug.cc:95: Op #15 tvmgen_welder_reshape_add_add_27:
[08:00:30] /root/Ladder/3rdparty/tvm/src/runtime/graph_executor/debug/graph_executor_debug.cc:98: Iteration: 0: 7.79239 us/iter
[08:00:35] /root/Ladder/3rdparty/tvm/src/runtime/graph_executor/debug/graph_executor_debug.cc:95: Op #0 tvmgen_welder_mean_0:
[08:00:35] /root/Ladder/3rdparty/tvm/src/runtime/graph_executor/debug/graph_executor_debug.cc:98: Iteration: 0: 9.48948 us/iter
[08:00:35] /root/Ladder/3rdparty/tvm/src/runtime/graph_executor/debug/graph_executor_debug.cc:95: Op #1 tvmgen_welder_subtract_multiply_1_mean_add_sqrt_2:
[08:00:35] /root/Ladder/3rdparty/tvm/src/runtime/graph_executor/debug/graph_executor_debug.cc:98: Iteration: 0: 13.6828 us/iter
[08:00:35] /root/Ladder/3rdparty/tvm/src/runtime/graph_executor/debug/graph_executor_debug.cc:95: Op #2 tvmgen_welder_divide_multiply_add_reshape_3:
[08:00:35] /root/Ladder/3rdparty/tvm/src/runtime/graph_executor/debug/graph_executor_debug.cc:98: Iteration: 0: 7.82376 us/iter
[08:00:35] /root/Ladder/3rdparty/tvm/src/runtime/graph_executor/debug/graph_executor_debug.cc:95: Op #3 tvmgen_welder_ladder_quant_linear_cast_4:
[08:00:35] /root/Ladder/3rdparty/tvm/src/runtime/graph_executor/debug/graph_executor_debug.cc:98: Iteration: 0: 471.45 us/iter
[08:00:35] /root/Ladder/3rdparty/tvm/src/runtime/graph_executor/debug/graph_executor_debug.cc:95: Op #4 tvmgen_welder_reshape_add_reshape_5_take_transpose_reshape_6_take_transpose_reshape_transpose_7_nn_batch_matmul_8_take_transpose_reshape_transpose_14:
[08:00:35] /root/Ladder/3rdparty/tvm/src/runtime/graph_executor/debug/graph_executor_debug.cc:98: Iteration: 0: 7.93985 us/iter
[08:00:35] /root/Ladder/3rdparty/tvm/src/runtime/graph_executor/debug/graph_executor_debug.cc:95: Op #5 tvmgen_welder_cast_reshape_multiply_multiply_add_reshape_cast_where_9_max_10_subtract_exp_11_sum_12_divide_cast_cast_reshape_13_nn_batch_matmul_15:
[08:00:35] /root/Ladder/3rdparty/tvm/src/runtime/graph_executor/debug/graph_executor_debug.cc:98: Iteration: 0: 9.10945 us/iter
[08:00:35] /root/Ladder/3rdparty/tvm/src/runtime/graph_executor/debug/graph_executor_debug.cc:95: Op #6 tvmgen_welder_reshape_reshape_transpose_reshape_reshape_16:
[08:00:35] /root/Ladder/3rdparty/tvm/src/runtime/graph_executor/debug/graph_executor_debug.cc:98: Iteration: 0: 7.46403 us/iter
[08:00:35] /root/Ladder/3rdparty/tvm/src/runtime/graph_executor/debug/graph_executor_debug.cc:95: Op #7 tvmgen_welder_ladder_quant_linear_cast_17:
[08:00:35] /root/Ladder/3rdparty/tvm/src/runtime/graph_executor/debug/graph_executor_debug.cc:98: Iteration: 0: 169.677 us/iter
[08:00:35] /root/Ladder/3rdparty/tvm/src/runtime/graph_executor/debug/graph_executor_debug.cc:95: Op #8 tvmgen_welder_reshape_add_add_18:
[08:00:35] /root/Ladder/3rdparty/tvm/src/runtime/graph_executor/debug/graph_executor_debug.cc:98: Iteration: 0: 7.68749 us/iter
[08:00:35] /root/Ladder/3rdparty/tvm/src/runtime/graph_executor/debug/graph_executor_debug.cc:95: Op #9 tvmgen_welder_mean_19:
[08:00:35] /root/Ladder/3rdparty/tvm/src/runtime/graph_executor/debug/graph_executor_debug.cc:98: Iteration: 0: 9.37447 us/iter
[08:00:35] /root/Ladder/3rdparty/tvm/src/runtime/graph_executor/debug/graph_executor_debug.cc:95: Op #10 tvmgen_welder_subtract_multiply_20_mean_add_sqrt_21:
[08:00:35] /root/Ladder/3rdparty/tvm/src/runtime/graph_executor/debug/graph_executor_debug.cc:98: Iteration: 0: 13.6828 us/iter
[08:00:35] /root/Ladder/3rdparty/tvm/src/runtime/graph_executor/debug/graph_executor_debug.cc:95: Op #11 tvmgen_welder_divide_multiply_add_reshape_22:
[08:00:35] /root/Ladder/3rdparty/tvm/src/runtime/graph_executor/debug/graph_executor_debug.cc:98: Iteration: 0: 7.82848 us/iter
[08:00:35] /root/Ladder/3rdparty/tvm/src/runtime/graph_executor/debug/graph_executor_debug.cc:95: Op #12 tvmgen_welder_ladder_quant_linear_cast_23:
[08:00:35] /root/Ladder/3rdparty/tvm/src/runtime/graph_executor/debug/graph_executor_debug.cc:98: Iteration: 0: 622.49 us/iter
[08:00:35] /root/Ladder/3rdparty/tvm/src/runtime/graph_executor/debug/graph_executor_debug.cc:95: Op #13 tvmgen_welder_reshape_add_multiply_multiply_multiply_multiply_24_add_multiply_tanh_add_multiply_reshape_25:
[08:00:35] /root/Ladder/3rdparty/tvm/src/runtime/graph_executor/debug/graph_executor_debug.cc:98: Iteration: 0: 7.84896 us/iter
[08:00:35] /root/Ladder/3rdparty/tvm/src/runtime/graph_executor/debug/graph_executor_debug.cc:95: Op #14 tvmgen_welder_ladder_quant_linear_cast_26:
[08:00:35] /root/Ladder/3rdparty/tvm/src/runtime/graph_executor/debug/graph_executor_debug.cc:98: Iteration: 0: 659.866 us/iter
[08:00:35] /root/Ladder/3rdparty/tvm/src/runtime/graph_executor/debug/graph_executor_debug.cc:95: Op #15 tvmgen_welder_reshape_add_add_27:
[08:00:35] /root/Ladder/3rdparty/tvm/src/runtime/graph_executor/debug/graph_executor_debug.cc:98: Iteration: 0: 7.73415 us/iter
{'bloom_ladder_mxfp8_mxfp8_1_1': 2860}
