Measure the memory for bloom batch 32 seq 1 under tensorrt
&&&& RUNNING TensorRT.trtexec [TensorRT v9001] # /root/Ladder/artifact/Figure11/../baseline_framework/TensorRT-9.0.1.4/bin/trtexec --loadEngine=/root/Ladder/artifact/Figure11/../models/bloom_176b/bloom-176b_layer1_seq1_bs32/model.trt --fp16 --workspace=8192 --iterations=10000
[05/14/2024-08:40:05] [W] --workspace flag has been deprecated by --memPoolSize flag.
[05/14/2024-08:40:05] [I] === Model Options ===
[05/14/2024-08:40:05] [I] Format: *
[05/14/2024-08:40:05] [I] Model: 
[05/14/2024-08:40:05] [I] Output:
[05/14/2024-08:40:05] [I] === Build Options ===
[05/14/2024-08:40:05] [I] Max batch: 1
[05/14/2024-08:40:05] [I] Memory Pools: workspace: 8192 MiB, dlaSRAM: default, dlaLocalDRAM: default, dlaGlobalDRAM: default
[05/14/2024-08:40:05] [I] minTiming: 1
[05/14/2024-08:40:05] [I] avgTiming: 8
[05/14/2024-08:40:05] [I] Precision: FP32+FP16
[05/14/2024-08:40:05] [I] LayerPrecisions: 
[05/14/2024-08:40:05] [I] Layer Device Types: 
[05/14/2024-08:40:05] [I] Calibration: 
[05/14/2024-08:40:05] [I] Refit: Disabled
[05/14/2024-08:40:05] [I] Version Compatible: Disabled
[05/14/2024-08:40:05] [I] ONNX Native InstanceNorm: Disabled
[05/14/2024-08:40:05] [I] TensorRT runtime: full
[05/14/2024-08:40:05] [I] Lean DLL Path: 
[05/14/2024-08:40:05] [I] Tempfile Controls: { in_memory: allow, temporary: allow }
[05/14/2024-08:40:05] [I] Exclude Lean Runtime: Disabled
[05/14/2024-08:40:05] [I] Sparsity: Disabled
[05/14/2024-08:40:05] [I] Safe mode: Disabled
[05/14/2024-08:40:05] [I] Build DLA standalone loadable: Disabled
[05/14/2024-08:40:05] [I] Allow GPU fallback for DLA: Disabled
[05/14/2024-08:40:05] [I] DirectIO mode: Disabled
[05/14/2024-08:40:05] [I] Restricted mode: Disabled
[05/14/2024-08:40:05] [I] Skip inference: Disabled
[05/14/2024-08:40:05] [I] Save engine: 
[05/14/2024-08:40:05] [I] Load engine: /root/Ladder/artifact/Figure11/../models/bloom_176b/bloom-176b_layer1_seq1_bs32/model.trt
[05/14/2024-08:40:05] [I] Profiling verbosity: 0
[05/14/2024-08:40:05] [I] Tactic sources: Using default tactic sources
[05/14/2024-08:40:05] [I] timingCacheMode: local
[05/14/2024-08:40:05] [I] timingCacheFile: 
[05/14/2024-08:40:05] [I] Enable Compilation Cache: Enabled
[05/14/2024-08:40:05] [I] errorOnTimingCacheMiss: Disabled
[05/14/2024-08:40:05] [I] Heuristic: Disabled
[05/14/2024-08:40:05] [I] Preview Features: Use default preview flags.
[05/14/2024-08:40:05] [I] MaxAuxStreams: -1
[05/14/2024-08:40:05] [I] BuilderOptimizationLevel: -1
[05/14/2024-08:40:05] [I] Calibration Profile Index: 0
[05/14/2024-08:40:05] [I] Input(s)s format: fp32:CHW
[05/14/2024-08:40:05] [I] Output(s)s format: fp32:CHW
[05/14/2024-08:40:05] [I] Input build shapes: model
[05/14/2024-08:40:05] [I] Input calibration shapes: model
[05/14/2024-08:40:05] [I] === System Options ===
[05/14/2024-08:40:05] [I] Device: 0
[05/14/2024-08:40:05] [I] DLACore: 
[05/14/2024-08:40:05] [I] Plugins:
[05/14/2024-08:40:05] [I] setPluginsToSerialize:
[05/14/2024-08:40:05] [I] dynamicPlugins:
[05/14/2024-08:40:05] [I] ignoreParsedPluginLibs: 0
[05/14/2024-08:40:05] [I] 
[05/14/2024-08:40:05] [I] === Inference Options ===
[05/14/2024-08:40:05] [I] Batch: 1
[05/14/2024-08:40:05] [I] Input inference shapes: model
[05/14/2024-08:40:05] [I] Iterations: 10000
[05/14/2024-08:40:05] [I] Duration: 3s (+ 200ms warm up)
[05/14/2024-08:40:05] [I] Sleep time: 0ms
[05/14/2024-08:40:05] [I] Idle time: 0ms
[05/14/2024-08:40:05] [I] Inference Streams: 1
[05/14/2024-08:40:05] [I] ExposeDMA: Disabled
[05/14/2024-08:40:05] [I] Data transfers: Enabled
[05/14/2024-08:40:05] [I] Spin-wait: Disabled
[05/14/2024-08:40:05] [I] Multithreading: Disabled
[05/14/2024-08:40:05] [I] CUDA Graph: Disabled
[05/14/2024-08:40:05] [I] Separate profiling: Disabled
[05/14/2024-08:40:05] [I] Time Deserialize: Disabled
[05/14/2024-08:40:05] [I] Time Refit: Disabled
[05/14/2024-08:40:05] [I] NVTX verbosity: 0
[05/14/2024-08:40:05] [I] Persistent Cache Ratio: 0
[05/14/2024-08:40:05] [I] Optimization Profile Index: 0
[05/14/2024-08:40:05] [I] Inputs:
[05/14/2024-08:40:05] [I] === Reporting Options ===
[05/14/2024-08:40:05] [I] Verbose: Disabled
[05/14/2024-08:40:05] [I] Averages: 10 inferences
[05/14/2024-08:40:05] [I] Percentiles: 90,95,99
[05/14/2024-08:40:05] [I] Dump refittable layers:Disabled
[05/14/2024-08:40:05] [I] Dump output: Disabled
[05/14/2024-08:40:05] [I] Profile: Disabled
[05/14/2024-08:40:05] [I] Export timing to JSON file: 
[05/14/2024-08:40:05] [I] Export output to JSON file: 
[05/14/2024-08:40:05] [I] Export profile to JSON file: 
[05/14/2024-08:40:05] [I] 
[05/14/2024-08:40:06] [I] === Device Information ===
[05/14/2024-08:40:06] [I] Selected Device: NVIDIA A100 80GB PCIe
[05/14/2024-08:40:06] [I] Compute Capability: 8.0
[05/14/2024-08:40:06] [I] SMs: 108
[05/14/2024-08:40:06] [I] Device Global Memory: 81037 MiB
[05/14/2024-08:40:06] [I] Shared Memory per SM: 164 KiB
[05/14/2024-08:40:06] [I] Memory Bus Width: 5120 bits (ECC enabled)
[05/14/2024-08:40:06] [I] Application Compute Clock Rate: 1.41 GHz
[05/14/2024-08:40:06] [I] Application Memory Clock Rate: 1.512 GHz
[05/14/2024-08:40:06] [I] 
[05/14/2024-08:40:06] [I] Note: The application clock rates do not reflect the actual clock rates that the GPU is currently running at.
[05/14/2024-08:40:06] [I] 
[05/14/2024-08:40:06] [I] TensorRT version: 9.0.1
[05/14/2024-08:40:06] [I] Loading standard plugins
{'bloom_tensorrt_32_1': 426}
