Measure the memory for bloom batch 1 seq 4096 under ladder_fp16_nf4
[08:49:48] /root/Ladder/3rdparty/tvm/src/runtime/graph_executor/debug/graph_executor_debug.cc:95: Op #0 tvmgen_welder_mean_0:
[08:49:48] /root/Ladder/3rdparty/tvm/src/runtime/graph_executor/debug/graph_executor_debug.cc:98: Iteration: 0: 81.664 us/iter
[08:49:48] /root/Ladder/3rdparty/tvm/src/runtime/graph_executor/debug/graph_executor_debug.cc:95: Op #1 tvmgen_welder_subtract_multiply_1_mean_add_sqrt_2:
[08:49:48] /root/Ladder/3rdparty/tvm/src/runtime/graph_executor/debug/graph_executor_debug.cc:98: Iteration: 0: 186.88 us/iter
[08:49:48] /root/Ladder/3rdparty/tvm/src/runtime/graph_executor/debug/graph_executor_debug.cc:95: Op #2 tvmgen_welder_divide_multiply_add_reshape_layout_transform_ladder_layout_transform_3:
[08:49:48] /root/Ladder/3rdparty/tvm/src/runtime/graph_executor/debug/graph_executor_debug.cc:98: Iteration: 0: 180.429 us/iter
[08:49:48] /root/Ladder/3rdparty/tvm/src/runtime/graph_executor/debug/graph_executor_debug.cc:95: Op #3 tvmgen_welder_ladder_perfect_quant_linear_4:
[08:49:48] /root/Ladder/3rdparty/tvm/src/runtime/graph_executor/debug/graph_executor_debug.cc:98: Iteration: 0: 21942.7 us/iter
[08:49:48] /root/Ladder/3rdparty/tvm/src/runtime/graph_executor/debug/graph_executor_debug.cc:95: Op #4 tvmgen_welder_layout_transform_reshape_reshape_add_reshape_5:
[08:49:48] /root/Ladder/3rdparty/tvm/src/runtime/graph_executor/debug/graph_executor_debug.cc:98: Iteration: 0: 446.874 us/iter
[08:49:48] /root/Ladder/3rdparty/tvm/src/runtime/graph_executor/debug/graph_executor_debug.cc:95: Op #5 tvmgen_welder_take_transpose_reshape_6:
[08:49:48] /root/Ladder/3rdparty/tvm/src/runtime/graph_executor/debug/graph_executor_debug.cc:98: Iteration: 0: 158.72 us/iter
[08:49:48] /root/Ladder/3rdparty/tvm/src/runtime/graph_executor/debug/graph_executor_debug.cc:95: Op #6 tvmgen_welder_take_transpose_reshape_transpose_7:
[08:49:48] /root/Ladder/3rdparty/tvm/src/runtime/graph_executor/debug/graph_executor_debug.cc:98: Iteration: 0: 161.69 us/iter
[08:49:48] /root/Ladder/3rdparty/tvm/src/runtime/graph_executor/debug/graph_executor_debug.cc:95: Op #7 tvmgen_welder_nn_batch_matmul_8:
[08:49:48] /root/Ladder/3rdparty/tvm/src/runtime/graph_executor/debug/graph_executor_debug.cc:98: Iteration: 0: 5246.46 us/iter
[08:49:48] /root/Ladder/3rdparty/tvm/src/runtime/graph_executor/debug/graph_executor_debug.cc:95: Op #8 tvmgen_welder_cast_reshape_multiply_multiply_add_reshape_cast_where_9:
[08:49:48] /root/Ladder/3rdparty/tvm/src/runtime/graph_executor/debug/graph_executor_debug.cc:98: Iteration: 0: 7958.94 us/iter
[08:49:49] /root/Ladder/3rdparty/tvm/src/runtime/graph_executor/debug/graph_executor_debug.cc:95: Op #9 tvmgen_welder_max_10_subtract_exp_11:
[08:49:49] /root/Ladder/3rdparty/tvm/src/runtime/graph_executor/debug/graph_executor_debug.cc:98: Iteration: 0: 4106.65 us/iter
[08:49:49] /root/Ladder/3rdparty/tvm/src/runtime/graph_executor/debug/graph_executor_debug.cc:95: Op #10 tvmgen_welder_sum_12_divide_cast_cast_reshape_13:
[08:49:49] /root/Ladder/3rdparty/tvm/src/runtime/graph_executor/debug/graph_executor_debug.cc:98: Iteration: 0: 147.763 us/iter
[08:49:49] /root/Ladder/3rdparty/tvm/src/runtime/graph_executor/debug/graph_executor_debug.cc:95: Op #11 tvmgen_welder_take_transpose_reshape_transpose_14:
[08:49:49] /root/Ladder/3rdparty/tvm/src/runtime/graph_executor/debug/graph_executor_debug.cc:98: Iteration: 0: 207.565 us/iter
[08:49:49] /root/Ladder/3rdparty/tvm/src/runtime/graph_executor/debug/graph_executor_debug.cc:95: Op #12 tvmgen_welder_nn_batch_matmul_15_reshape_reshape_transpose_reshape_reshape_layout_transform_ladder_layout_transform_16:
[08:49:49] /root/Ladder/3rdparty/tvm/src/runtime/graph_executor/debug/graph_executor_debug.cc:98: Iteration: 0: 2627.28 us/iter
[08:49:49] /root/Ladder/3rdparty/tvm/src/runtime/graph_executor/debug/graph_executor_debug.cc:95: Op #13 tvmgen_welder_ladder_perfect_quant_linear_17:
[08:49:49] /root/Ladder/3rdparty/tvm/src/runtime/graph_executor/debug/graph_executor_debug.cc:98: Iteration: 0: 7252.38 us/iter
[08:49:49] /root/Ladder/3rdparty/tvm/src/runtime/graph_executor/debug/graph_executor_debug.cc:95: Op #14 tvmgen_welder_layout_transform_reshape_reshape_add_add_18:
[08:49:49] /root/Ladder/3rdparty/tvm/src/runtime/graph_executor/debug/graph_executor_debug.cc:98: Iteration: 0: 236.646 us/iter
[08:49:49] /root/Ladder/3rdparty/tvm/src/runtime/graph_executor/debug/graph_executor_debug.cc:95: Op #15 tvmgen_welder_mean_19:
[08:49:49] /root/Ladder/3rdparty/tvm/src/runtime/graph_executor/debug/graph_executor_debug.cc:98: Iteration: 0: 81.664 us/iter
[08:49:49] /root/Ladder/3rdparty/tvm/src/runtime/graph_executor/debug/graph_executor_debug.cc:95: Op #16 tvmgen_welder_subtract_multiply_20_mean_add_sqrt_21:
[08:49:49] /root/Ladder/3rdparty/tvm/src/runtime/graph_executor/debug/graph_executor_debug.cc:98: Iteration: 0: 187.392 us/iter
[08:49:49] /root/Ladder/3rdparty/tvm/src/runtime/graph_executor/debug/graph_executor_debug.cc:95: Op #17 tvmgen_welder_divide_multiply_add_reshape_layout_transform_ladder_layout_transform_22:
[08:49:49] /root/Ladder/3rdparty/tvm/src/runtime/graph_executor/debug/graph_executor_debug.cc:98: Iteration: 0: 179.098 us/iter
[08:49:49] /root/Ladder/3rdparty/tvm/src/runtime/graph_executor/debug/graph_executor_debug.cc:95: Op #18 tvmgen_welder_ladder_perfect_quant_linear_23:
[08:49:49] /root/Ladder/3rdparty/tvm/src/runtime/graph_executor/debug/graph_executor_debug.cc:98: Iteration: 0: 27516.1 us/iter
[08:49:49] /root/Ladder/3rdparty/tvm/src/runtime/graph_executor/debug/graph_executor_debug.cc:95: Op #19 tvmgen_welder_layout_transform_reshape_reshape_add_multiply_multiply_multiply_multiply_24:
[08:49:49] /root/Ladder/3rdparty/tvm/src/runtime/graph_executor/debug/graph_executor_debug.cc:98: Iteration: 0: 1350.96 us/iter
[08:49:49] /root/Ladder/3rdparty/tvm/src/runtime/graph_executor/debug/graph_executor_debug.cc:95: Op #20 tvmgen_welder_add_multiply_tanh_add_multiply_reshape_layout_transform_ladder_layout_transform_25:
[08:49:49] /root/Ladder/3rdparty/tvm/src/runtime/graph_executor/debug/graph_executor_debug.cc:98: Iteration: 0: 1261.06 us/iter
[08:49:49] /root/Ladder/3rdparty/tvm/src/runtime/graph_executor/debug/graph_executor_debug.cc:95: Op #21 tvmgen_welder_ladder_perfect_quant_linear_26:
[08:49:49] /root/Ladder/3rdparty/tvm/src/runtime/graph_executor/debug/graph_executor_debug.cc:98: Iteration: 0: 28662.2 us/iter
[08:49:49] /root/Ladder/3rdparty/tvm/src/runtime/graph_executor/debug/graph_executor_debug.cc:95: Op #22 tvmgen_welder_layout_transform_reshape_reshape_add_add_27:
[08:49:49] /root/Ladder/3rdparty/tvm/src/runtime/graph_executor/debug/graph_executor_debug.cc:98: Iteration: 0: 236.339 us/iter
{'bloom_ladder_fp16_nf4_1_4096': 17928}
