Measure the memory for bloom batch 1 seq 4096 under ladder_int8_int1
[19:49:55] /root/Ladder/3rdparty/tvm/src/runtime/graph_executor/debug/graph_executor_debug.cc:95: Op #0 tvmgen_welder_mean_0:
[19:49:55] /root/Ladder/3rdparty/tvm/src/runtime/graph_executor/debug/graph_executor_debug.cc:98: Iteration: 0: 81.0879 us/iter
[19:49:55] /root/Ladder/3rdparty/tvm/src/runtime/graph_executor/debug/graph_executor_debug.cc:95: Op #1 tvmgen_welder_subtract_multiply_1_mean_add_sqrt_2:
[19:49:55] /root/Ladder/3rdparty/tvm/src/runtime/graph_executor/debug/graph_executor_debug.cc:98: Iteration: 0: 188.109 us/iter
[19:49:55] /root/Ladder/3rdparty/tvm/src/runtime/graph_executor/debug/graph_executor_debug.cc:95: Op #2 tvmgen_welder_divide_multiply_add_reshape_cast_cast_layout_transform_ladder_layout_transform_3:
[19:49:55] /root/Ladder/3rdparty/tvm/src/runtime/graph_executor/debug/graph_executor_debug.cc:98: Iteration: 0: 133.222 us/iter
[19:49:55] /root/Ladder/3rdparty/tvm/src/runtime/graph_executor/debug/graph_executor_debug.cc:95: Op #3 tvmgen_welder_ladder_perfect_quant_linear_4_layout_transform_reshape_cast_reshape_add_reshape_5:
[19:49:55] /root/Ladder/3rdparty/tvm/src/runtime/graph_executor/debug/graph_executor_debug.cc:98: Iteration: 0: 11254.1 us/iter
[19:49:55] /root/Ladder/3rdparty/tvm/src/runtime/graph_executor/debug/graph_executor_debug.cc:95: Op #4 tvmgen_welder_take_transpose_reshape_6:
[19:49:55] /root/Ladder/3rdparty/tvm/src/runtime/graph_executor/debug/graph_executor_debug.cc:98: Iteration: 0: 159.334 us/iter
[19:49:55] /root/Ladder/3rdparty/tvm/src/runtime/graph_executor/debug/graph_executor_debug.cc:95: Op #5 tvmgen_welder_take_transpose_reshape_transpose_7:
[19:49:55] /root/Ladder/3rdparty/tvm/src/runtime/graph_executor/debug/graph_executor_debug.cc:98: Iteration: 0: 161.792 us/iter
[19:49:55] /root/Ladder/3rdparty/tvm/src/runtime/graph_executor/debug/graph_executor_debug.cc:95: Op #6 tvmgen_welder_nn_batch_matmul_8:
[19:49:55] /root/Ladder/3rdparty/tvm/src/runtime/graph_executor/debug/graph_executor_debug.cc:98: Iteration: 0: 5397.4 us/iter
[19:49:55] /root/Ladder/3rdparty/tvm/src/runtime/graph_executor/debug/graph_executor_debug.cc:95: Op #7 tvmgen_welder_cast_reshape_multiply_multiply_add_reshape_cast_where_9:
[19:49:55] /root/Ladder/3rdparty/tvm/src/runtime/graph_executor/debug/graph_executor_debug.cc:98: Iteration: 0: 7884.9 us/iter
[19:49:55] /root/Ladder/3rdparty/tvm/src/runtime/graph_executor/debug/graph_executor_debug.cc:95: Op #8 tvmgen_welder_max_10_subtract_exp_11:
[19:49:55] /root/Ladder/3rdparty/tvm/src/runtime/graph_executor/debug/graph_executor_debug.cc:98: Iteration: 0: 4080.64 us/iter
[19:49:55] /root/Ladder/3rdparty/tvm/src/runtime/graph_executor/debug/graph_executor_debug.cc:95: Op #9 tvmgen_welder_sum_12_divide_cast_cast_reshape_13:
[19:49:55] /root/Ladder/3rdparty/tvm/src/runtime/graph_executor/debug/graph_executor_debug.cc:98: Iteration: 0: 146.227 us/iter
[19:49:55] /root/Ladder/3rdparty/tvm/src/runtime/graph_executor/debug/graph_executor_debug.cc:95: Op #10 tvmgen_welder_take_transpose_reshape_transpose_14:
[19:49:55] /root/Ladder/3rdparty/tvm/src/runtime/graph_executor/debug/graph_executor_debug.cc:98: Iteration: 0: 206.131 us/iter
[19:49:55] /root/Ladder/3rdparty/tvm/src/runtime/graph_executor/debug/graph_executor_debug.cc:95: Op #11 tvmgen_welder_nn_batch_matmul_15:
[19:49:55] /root/Ladder/3rdparty/tvm/src/runtime/graph_executor/debug/graph_executor_debug.cc:98: Iteration: 0: 2609.77 us/iter
[19:49:55] /root/Ladder/3rdparty/tvm/src/runtime/graph_executor/debug/graph_executor_debug.cc:95: Op #12 tvmgen_welder_reshape_reshape_transpose_reshape_reshape_cast_cast_layout_transform_ladder_layout_transform_16:
[19:49:55] /root/Ladder/3rdparty/tvm/src/runtime/graph_executor/debug/graph_executor_debug.cc:98: Iteration: 0: 142.848 us/iter
[19:49:55] /root/Ladder/3rdparty/tvm/src/runtime/graph_executor/debug/graph_executor_debug.cc:95: Op #13 tvmgen_welder_ladder_perfect_quant_linear_17_layout_transform_reshape_cast_reshape_add_add_18:
[19:49:55] /root/Ladder/3rdparty/tvm/src/runtime/graph_executor/debug/graph_executor_debug.cc:98: Iteration: 0: 4249.8 us/iter
[19:49:55] /root/Ladder/3rdparty/tvm/src/runtime/graph_executor/debug/graph_executor_debug.cc:95: Op #14 tvmgen_welder_mean_19:
[19:49:55] /root/Ladder/3rdparty/tvm/src/runtime/graph_executor/debug/graph_executor_debug.cc:98: Iteration: 0: 81.472 us/iter
[19:49:55] /root/Ladder/3rdparty/tvm/src/runtime/graph_executor/debug/graph_executor_debug.cc:95: Op #15 tvmgen_welder_subtract_multiply_20_mean_add_sqrt_21:
[19:49:55] /root/Ladder/3rdparty/tvm/src/runtime/graph_executor/debug/graph_executor_debug.cc:98: Iteration: 0: 187.597 us/iter
[19:49:55] /root/Ladder/3rdparty/tvm/src/runtime/graph_executor/debug/graph_executor_debug.cc:95: Op #16 tvmgen_welder_divide_multiply_add_reshape_cast_cast_layout_transform_ladder_layout_transform_22:
[19:49:55] /root/Ladder/3rdparty/tvm/src/runtime/graph_executor/debug/graph_executor_debug.cc:98: Iteration: 0: 134.451 us/iter
[19:49:56] /root/Ladder/3rdparty/tvm/src/runtime/graph_executor/debug/graph_executor_debug.cc:95: Op #17 tvmgen_welder_ladder_perfect_quant_linear_23:
[19:49:56] /root/Ladder/3rdparty/tvm/src/runtime/graph_executor/debug/graph_executor_debug.cc:98: Iteration: 0: 16518.5 us/iter
[19:49:56] /root/Ladder/3rdparty/tvm/src/runtime/graph_executor/debug/graph_executor_debug.cc:95: Op #18 tvmgen_welder_layout_transform_reshape_cast_reshape_add_multiply_multiply_multiply_multiply_24:
[19:49:56] /root/Ladder/3rdparty/tvm/src/runtime/graph_executor/debug/graph_executor_debug.cc:98: Iteration: 0: 1508.76 us/iter
[19:49:56] /root/Ladder/3rdparty/tvm/src/runtime/graph_executor/debug/graph_executor_debug.cc:95: Op #19 tvmgen_welder_add_multiply_tanh_add_multiply_reshape_cast_cast_layout_transform_ladder_layout_transform_25:
[19:49:56] /root/Ladder/3rdparty/tvm/src/runtime/graph_executor/debug/graph_executor_debug.cc:98: Iteration: 0: 1262.08 us/iter
[19:49:56] /root/Ladder/3rdparty/tvm/src/runtime/graph_executor/debug/graph_executor_debug.cc:95: Op #20 tvmgen_welder_ladder_perfect_quant_linear_26_layout_transform_reshape_cast_reshape_add_add_27:
[19:49:56] /root/Ladder/3rdparty/tvm/src/runtime/graph_executor/debug/graph_executor_debug.cc:98: Iteration: 0: 17403.5 us/iter
{'bloom_ladder_int8_int1_1_4096': 16404}
