[WARNING] 2024-05-13T09:00:17z src/contrib/custom_op/custom_op.h 27	$NNFUSION_HOME was not set, use /root/.nnfusion.
[WARNING] 2024-05-13T09:00:17z src/contrib/custom_op/custom_op.h 27	$NNFUSION_HOME was not set, use /root/.nnfusion.

============================================================================
---- Processing '/root/Ladder/artifact/Figure13_v100/welder_roller_end2end/../../models/llama_70b/llama2_70b_layer1_seq1_bs1/model.onnx'
============================================================================
[WARNING] 2024-05-13T09:00:17z src/nnfusion/common/util.cpp 47	$NNFUSION_HOME was not set, use /root/.nnfusion.
[WARNING] 2024-05-13T09:00:17z src/nnfusion/common/util.cpp 47	$NNFUSION_HOME was not set, use /root/.nnfusion.
[INFO] 2024-05-13T09:00:17z src/nnfusion/frontend/onnx_import/onnx.cpp 93	Optimizing ONNX Graph with External Tool (models/pytorch2onnx/ort_run_frozen.py)
ONNX model check passed!
Importing ONNX model into ONNX Runtime...
Execution Providers: ['CUDAExecutionProvider', 'CPUExecutionProvider']
240
[ 3.992    3.178    9.35    -7.668    0.2397  -5.977   -0.08203 18.58
  4.586    0.965  ] ...(size= 8192 end with -2.969 )
[INFO] 2024-05-13T09:01:01z src/nnfusion/frontend/onnx_import/onnx.cpp 48	Import ONNX Graph Size: [1711302517]
[INFO] 2024-05-13T09:01:01z src/nnfusion/frontend/onnx_import/util/graph_convert.cpp 320	Converting Onnx Graph
[INFO] 2024-05-13T09:01:36z src/nnfusion/frontend/onnx_import/util/graph_convert.cpp 485	Convert Node Type : Cast
[INFO] 2024-05-13T09:01:36z src/nnfusion/frontend/onnx_import/util/graph_convert.cpp 524	convert node: /input_layernorm/Cast
[INFO] 2024-05-13T09:01:36z src/nnfusion/frontend/onnx_import/util/graph_convert.cpp 526	op_type: Cast domain: 
[INFO] 2024-05-13T09:01:36z src/nnfusion/frontend/onnx_import/util/graph_convert.cpp 547	node /input_layernorm/Cast, output /input_layernorm/Cast_output_0, shape Shape{1, 1, 8192}0
[INFO] 2024-05-13T09:01:36z src/nnfusion/frontend/onnx_import/util/graph_convert.cpp 485	Convert Node Type : Pow
[INFO] 2024-05-13T09:01:36z src/nnfusion/frontend/onnx_import/util/graph_convert.cpp 524	convert node: /input_layernorm/Pow
[INFO] 2024-05-13T09:01:36z src/nnfusion/frontend/onnx_import/util/graph_convert.cpp 526	op_type: Pow domain: 
[INFO] 2024-05-13T09:01:36z src/nnfusion/frontend/onnx_import/op/binaryop.hpp 137	op name: /input_layernorm/Pow_output_0
[INFO] 2024-05-13T09:01:36z src/nnfusion/frontend/onnx_import/op/binaryop.hpp 140	lhs_index: /input_layernorm/Cast_output_0
[INFO] 2024-05-13T09:01:36z src/nnfusion/frontend/onnx_import/op/binaryop.hpp 141	rhs_index: Broadcast_3_0
[INFO] 2024-05-13T09:01:36z src/nnfusion/frontend/onnx_import/util/graph_convert.cpp 547	node /input_layernorm/Pow, output /input_layernorm/Pow_output_0, shape Shape{1, 1, 8192}0
[INFO] 2024-05-13T09:01:36z src/nnfusion/frontend/onnx_import/util/graph_convert.cpp 485	Convert Node Type : ReduceMean
[INFO] 2024-05-13T09:01:36z src/nnfusion/frontend/onnx_import/util/graph_convert.cpp 524	convert node: /input_layernorm/ReduceMean
[INFO] 2024-05-13T09:01:36z src/nnfusion/frontend/onnx_import/util/graph_convert.cpp 526	op_type: ReduceMean domain: 
[INFO] 2024-05-13T09:01:36z src/nnfusion/frontend/onnx_import/util/graph_convert.cpp 547	node /input_layernorm/ReduceMean, output /input_layernorm/ReduceMean_output_0, shape Shape{1, 1, 1}0
[INFO] 2024-05-13T09:01:36z src/nnfusion/frontend/onnx_import/util/graph_convert.cpp 485	Convert Node Type : Add
[INFO] 2024-05-13T09:01:36z src/nnfusion/frontend/onnx_import/util/graph_convert.cpp 524	convert node: /input_layernorm/Add
[INFO] 2024-05-13T09:01:36z src/nnfusion/frontend/onnx_import/util/graph_convert.cpp 526	op_type: Add domain: 
[INFO] 2024-05-13T09:01:36z src/nnfusion/frontend/onnx_import/op/binaryop.hpp 137	op name: /input_layernorm/Add_output_0
[INFO] 2024-05-13T09:01:36z src/nnfusion/frontend/onnx_import/op/binaryop.hpp 140	lhs_index: /input_layernorm/ReduceMean_output_0
[INFO] 2024-05-13T09:01:36z src/nnfusion/frontend/onnx_import/op/binaryop.hpp 141	rhs_index: Reshape_9_0
[INFO] 2024-05-13T09:01:36z src/nnfusion/frontend/onnx_import/util/graph_convert.cpp 547	node /input_layernorm/Add, output /input_layernorm/Add_output_0, shape Shape{1, 1, 1}0
[INFO] 2024-05-13T09:01:36z src/nnfusion/frontend/onnx_import/util/graph_convert.cpp 485	Convert Node Type : Sqrt
[INFO] 2024-05-13T09:01:36z src/nnfusion/frontend/onnx_import/util/graph_convert.cpp 524	convert node: /input_layernorm/Sqrt
[INFO] 2024-05-13T09:01:36z src/nnfusion/frontend/onnx_import/util/graph_convert.cpp 526	op_type: Sqrt domain: 
[INFO] 2024-05-13T09:01:36z src/nnfusion/frontend/onnx_import/util/graph_convert.cpp 547	node /input_layernorm/Sqrt, output /input_layernorm/Sqrt_output_0, shape Shape{1, 1, 1}0
[INFO] 2024-05-13T09:01:36z src/nnfusion/frontend/onnx_import/util/graph_convert.cpp 485	Convert Node Type : Div
[INFO] 2024-05-13T09:01:36z src/nnfusion/frontend/onnx_import/util/graph_convert.cpp 524	convert node: /input_layernorm/Div
[INFO] 2024-05-13T09:01:36z src/nnfusion/frontend/onnx_import/util/graph_convert.cpp 526	op_type: Div domain: 
[INFO] 2024-05-13T09:01:36z src/nnfusion/frontend/onnx_import/op/binaryop.hpp 137	op name: /input_layernorm/Mul_output_0
[INFO] 2024-05-13T09:01:36z src/nnfusion/frontend/onnx_import/op/binaryop.hpp 140	lhs_index: /input_layernorm/Cast_output_0
[INFO] 2024-05-13T09:01:36z src/nnfusion/frontend/onnx_import/op/binaryop.hpp 141	rhs_index: Broadcast_13_0
[INFO] 2024-05-13T09:01:36z src/nnfusion/frontend/onnx_import/util/graph_convert.cpp 547	node /input_layernorm/Div, output /input_layernorm/Mul_output_0, shape Shape{1, 1, 8192}0
[INFO] 2024-05-13T09:01:36z src/nnfusion/frontend/onnx_import/util/graph_convert.cpp 485	Convert Node Type : Cast
[INFO] 2024-05-13T09:01:36z src/nnfusion/frontend/onnx_import/util/graph_convert.cpp 524	convert node: /input_layernorm/Cast_1
[INFO] 2024-05-13T09:01:36z src/nnfusion/frontend/onnx_import/util/graph_convert.cpp 526	op_type: Cast domain: 
[INFO] 2024-05-13T09:01:36z src/nnfusion/frontend/onnx_import/util/graph_convert.cpp 547	node /input_layernorm/Cast_1, output /input_layernorm/Cast_1_output_0, shape Shape{1, 1, 8192}0
[INFO] 2024-05-13T09:01:36z src/nnfusion/frontend/onnx_import/util/graph_convert.cpp 485	Convert Node Type : Mul
[INFO] 2024-05-13T09:01:36z src/nnfusion/frontend/onnx_import/util/graph_convert.cpp 524	convert node: /input_layernorm/Mul_1
[INFO] 2024-05-13T09:01:36z src/nnfusion/frontend/onnx_import/util/graph_convert.cpp 526	op_type: Mul domain: 
[INFO] 2024-05-13T09:01:36z src/nnfusion/frontend/onnx_import/op/binaryop.hpp 137	op name: /input_layernorm/Mul_1_output_0
[INFO] 2024-05-13T09:01:36z src/nnfusion/frontend/onnx_import/op/binaryop.hpp 140	lhs_index: Reshape_16_0
[INFO] 2024-05-13T09:01:36z src/nnfusion/frontend/onnx_import/op/binaryop.hpp 141	rhs_index: /input_layernorm/Cast_1_output_0
[INFO] 2024-05-13T09:01:36z src/nnfusion/frontend/onnx_import/util/graph_convert.cpp 547	node /input_layernorm/Mul_1, output /input_layernorm/Mul_1_output_0, shape Shape{1, 1, 8192}0
[INFO] 2024-05-13T09:01:36z src/nnfusion/frontend/onnx_import/util/graph_convert.cpp 485	Convert Node Type : MatMul
[INFO] 2024-05-13T09:01:36z src/nnfusion/frontend/onnx_import/util/graph_convert.cpp 524	convert node: /self_attn/k_proj/MatMul
[INFO] 2024-05-13T09:01:36z src/nnfusion/frontend/onnx_import/util/graph_convert.cpp 526	op_type: MatMul domain: 
[INFO] 2024-05-13T09:01:36z src/nnfusion/frontend/onnx_import/util/graph_convert.cpp 547	node /self_attn/k_proj/MatMul, output /self_attn/k_proj/MatMul_output_0, shape Shape{1, 1, 1024}0
[INFO] 2024-05-13T09:01:36z src/nnfusion/frontend/onnx_import/util/graph_convert.cpp 485	Convert Node Type : Reshape
[INFO] 2024-05-13T09:01:36z src/nnfusion/frontend/onnx_import/util/graph_convert.cpp 524	convert node: /self_attn/Reshape_1
[INFO] 2024-05-13T09:01:36z src/nnfusion/frontend/onnx_import/util/graph_convert.cpp 526	op_type: Reshape domain: 
[INFO] 2024-05-13T09:01:36z src/nnfusion/frontend/onnx_import/op/reshape.cpp 48	Reshape Name /self_attn/Reshape_1/self_attn/Reshape_1_output_0 1, 1, 1024 -> 1, 1, 8, 128
[INFO] 2024-05-13T09:01:36z src/nnfusion/frontend/onnx_import/util/graph_convert.cpp 547	node /self_attn/Reshape_1, output /self_attn/Reshape_1_output_0, shape Shape{1, 1, 8, 128}0
[INFO] 2024-05-13T09:01:36z src/nnfusion/frontend/onnx_import/util/graph_convert.cpp 485	Convert Node Type : Transpose
[INFO] 2024-05-13T09:01:36z src/nnfusion/frontend/onnx_import/util/graph_convert.cpp 524	convert node: /self_attn/Transpose_1
[INFO] 2024-05-13T09:01:36z src/nnfusion/frontend/onnx_import/util/graph_convert.cpp 526	op_type: Transpose domain: 
[INFO] 2024-05-13T09:01:36z src/nnfusion/frontend/onnx_import/op/transpose.cpp 54	Transpose: /self_attn/Transpose_1_output_0
[INFO] 2024-05-13T09:01:36z src/nnfusion/frontend/onnx_import/op/transpose.cpp 55	Transpose: /self_attn/Transpose_1
[INFO] 2024-05-13T09:01:36z src/nnfusion/frontend/onnx_import/op/transpose.cpp 57	/self_attn/Reshape_1_output_0
[INFO] 2024-05-13T09:01:36z src/nnfusion/frontend/onnx_import/op/transpose.cpp 58	Shape{1, 1, 8, 128}
[INFO] 2024-05-13T09:01:36z src/nnfusion/frontend/onnx_import/util/graph_convert.cpp 547	node /self_attn/Transpose_1, output /self_attn/Transpose_1_output_0, shape Shape{1, 8, 1, 128}0
[INFO] 2024-05-13T09:01:36z src/nnfusion/frontend/onnx_import/util/graph_convert.cpp 485	Convert Node Type : Slice
[INFO] 2024-05-13T09:01:36z src/nnfusion/frontend/onnx_import/util/graph_convert.cpp 524	convert node: /self_attn/Slice_3
[INFO] 2024-05-13T09:01:36z src/nnfusion/frontend/onnx_import/util/graph_convert.cpp 526	op_type: Slice domain: 
[INFO] 2024-05-13T09:01:36z src/nnfusion/frontend/onnx_import/util/graph_convert.cpp 547	node /self_attn/Slice_3, output /self_attn/Slice_3_output_0, shape Shape{1, 8, 1, 64}0
[INFO] 2024-05-13T09:01:36z src/nnfusion/frontend/onnx_import/util/graph_convert.cpp 485	Convert Node Type : Neg
[INFO] 2024-05-13T09:01:36z src/nnfusion/frontend/onnx_import/util/graph_convert.cpp 524	convert node: /self_attn/Neg_1
[INFO] 2024-05-13T09:01:36z src/nnfusion/frontend/onnx_import/util/graph_convert.cpp 526	op_type: Neg domain: 
[INFO] 2024-05-13T09:01:36z src/nnfusion/frontend/onnx_import/util/graph_convert.cpp 547	node /self_attn/Neg_1, output /self_attn/Neg_1_output_0, shape Shape{1, 8, 1, 64}0
[INFO] 2024-05-13T09:01:36z src/nnfusion/frontend/onnx_import/util/graph_convert.cpp 485	Convert Node Type : Slice
[INFO] 2024-05-13T09:01:36z src/nnfusion/frontend/onnx_import/util/graph_convert.cpp 524	convert node: /self_attn/Slice_2
[INFO] 2024-05-13T09:01:36z src/nnfusion/frontend/onnx_import/util/graph_convert.cpp 526	op_type: Slice domain: 
[INFO] 2024-05-13T09:01:36z src/nnfusion/frontend/onnx_import/util/graph_convert.cpp 547	node /self_attn/Slice_2, output /self_attn/Slice_2_output_0, shape Shape{1, 8, 1, 64}0
[INFO] 2024-05-13T09:01:36z src/nnfusion/frontend/onnx_import/util/graph_convert.cpp 485	Convert Node Type : Concat
[INFO] 2024-05-13T09:01:36z src/nnfusion/frontend/onnx_import/util/graph_convert.cpp 524	convert node: /self_attn/Concat_1
[INFO] 2024-05-13T09:01:36z src/nnfusion/frontend/onnx_import/util/graph_convert.cpp 526	op_type: Concat domain: 
[INFO] 2024-05-13T09:01:36z src/nnfusion/frontend/onnx_import/util/graph_convert.cpp 547	node /self_attn/Concat_1, output /self_attn/Concat_1_output_0, shape Shape{1, 8, 1, 128}0
[INFO] 2024-05-13T09:01:36z src/nnfusion/frontend/onnx_import/util/graph_convert.cpp 485	Convert Node Type : Mul
[INFO] 2024-05-13T09:01:36z src/nnfusion/frontend/onnx_import/util/graph_convert.cpp 524	convert node: /self_attn/Mul_3
[INFO] 2024-05-13T09:01:36z src/nnfusion/frontend/onnx_import/util/graph_convert.cpp 526	op_type: Mul domain: 
[INFO] 2024-05-13T09:01:36z src/nnfusion/frontend/onnx_import/op/binaryop.hpp 137	op name: /self_attn/Mul_3_output_0
[INFO] 2024-05-13T09:01:36z src/nnfusion/frontend/onnx_import/op/binaryop.hpp 140	lhs_index: /self_attn/Concat_1_output_0
[INFO] 2024-05-13T09:01:36z src/nnfusion/frontend/onnx_import/op/binaryop.hpp 141	rhs_index: Broadcast_26_0
[INFO] 2024-05-13T09:01:36z src/nnfusion/frontend/onnx_import/util/graph_convert.cpp 547	node /self_attn/Mul_3, output /self_attn/Mul_3_output_0, shape Shape{1, 8, 1, 128}0
[INFO] 2024-05-13T09:01:36z src/nnfusion/frontend/onnx_import/util/graph_convert.cpp 485	Convert Node Type : Mul
[INFO] 2024-05-13T09:01:36z src/nnfusion/frontend/onnx_import/util/graph_convert.cpp 524	convert node: /self_attn/Mul_2
[INFO] 2024-05-13T09:01:36z src/nnfusion/frontend/onnx_import/util/graph_convert.cpp 526	op_type: Mul domain: 
[INFO] 2024-05-13T09:01:36z src/nnfusion/frontend/onnx_import/op/binaryop.hpp 137	op name: /self_attn/Mul_2_output_0
[INFO] 2024-05-13T09:01:36z src/nnfusion/frontend/onnx_import/op/binaryop.hpp 140	lhs_index: /self_attn/Transpose_1_output_0
[INFO] 2024-05-13T09:01:36z src/nnfusion/frontend/onnx_import/op/binaryop.hpp 141	rhs_index: Broadcast_29_0
[INFO] 2024-05-13T09:01:36z src/nnfusion/frontend/onnx_import/util/graph_convert.cpp 547	node /self_attn/Mul_2, output /self_attn/Mul_2_output_0, shape Shape{1, 8, 1, 128}0
[INFO] 2024-05-13T09:01:36z src/nnfusion/frontend/onnx_import/util/graph_convert.cpp 485	Convert Node Type : Add
[INFO] 2024-05-13T09:01:36z src/nnfusion/frontend/onnx_import/util/graph_convert.cpp 524	convert node: /self_attn/Add_1
[INFO] 2024-05-13T09:01:36z src/nnfusion/frontend/onnx_import/util/graph_convert.cpp 526	op_type: Add domain: 
[INFO] 2024-05-13T09:01:36z src/nnfusion/frontend/onnx_import/op/binaryop.hpp 137	op name: /self_attn/Add_1_output_0
[INFO] 2024-05-13T09:01:36z src/nnfusion/frontend/onnx_import/op/binaryop.hpp 140	lhs_index: /self_attn/Mul_2_output_0
[INFO] 2024-05-13T09:01:36z src/nnfusion/frontend/onnx_import/op/binaryop.hpp 141	rhs_index: /self_attn/Mul_3_output_0
[INFO] 2024-05-13T09:01:36z src/nnfusion/frontend/onnx_import/util/graph_convert.cpp 547	node /self_attn/Add_1, output /self_attn/Add_1_output_0, shape Shape{1, 8, 1, 128}0
[INFO] 2024-05-13T09:01:36z src/nnfusion/frontend/onnx_import/util/graph_convert.cpp 485	Convert Node Type : Unsqueeze
[INFO] 2024-05-13T09:01:36z src/nnfusion/frontend/onnx_import/util/graph_convert.cpp 524	convert node: /self_attn/Unsqueeze
[INFO] 2024-05-13T09:01:36z src/nnfusion/frontend/onnx_import/util/graph_convert.cpp 526	op_type: Unsqueeze domain: 
[INFO] 2024-05-13T09:01:36z src/nnfusion/frontend/onnx_import/util/graph_convert.cpp 547	node /self_attn/Unsqueeze, output /self_attn/Unsqueeze_output_0, shape Shape{1, 8, 1, 1, 128}0
[INFO] 2024-05-13T09:01:36z src/nnfusion/frontend/onnx_import/util/graph_convert.cpp 485	Convert Node Type : Expand
[INFO] 2024-05-13T09:01:36z src/nnfusion/frontend/onnx_import/util/graph_convert.cpp 524	convert node: /self_attn/Expand
[INFO] 2024-05-13T09:01:36z src/nnfusion/frontend/onnx_import/util/graph_convert.cpp 526	op_type: Expand domain: 
[INFO] 2024-05-13T09:01:36z src/nnfusion/frontend/onnx_import/util/graph_convert.cpp 547	node /self_attn/Expand, output /self_attn/Expand_output_0, shape Shape{1, 8, 8, 1, 128}0
[INFO] 2024-05-13T09:01:36z src/nnfusion/frontend/onnx_import/util/graph_convert.cpp 485	Convert Node Type : Reshape
[INFO] 2024-05-13T09:01:36z src/nnfusion/frontend/onnx_import/util/graph_convert.cpp 524	convert node: /self_attn/Reshape_3
[INFO] 2024-05-13T09:01:36z src/nnfusion/frontend/onnx_import/util/graph_convert.cpp 526	op_type: Reshape domain: 
[INFO] 2024-05-13T09:01:36z src/nnfusion/frontend/onnx_import/op/reshape.cpp 48	Reshape Name /self_attn/Reshape_3/self_attn/Reshape_3_output_0 1, 8, 8, 1, 128 -> 1, 64, 1, 128
[INFO] 2024-05-13T09:01:36z src/nnfusion/frontend/onnx_import/util/graph_convert.cpp 547	node /self_attn/Reshape_3, output /self_attn/Reshape_3_output_0, shape Shape{1, 64, 1, 128}0
[INFO] 2024-05-13T09:01:36z src/nnfusion/frontend/onnx_import/util/graph_convert.cpp 485	Convert Node Type : Transpose
[INFO] 2024-05-13T09:01:36z src/nnfusion/frontend/onnx_import/util/graph_convert.cpp 524	convert node: /self_attn/Transpose_3
[INFO] 2024-05-13T09:01:36z src/nnfusion/frontend/onnx_import/util/graph_convert.cpp 526	op_type: Transpose domain: 
[INFO] 2024-05-13T09:01:36z src/nnfusion/frontend/onnx_import/op/transpose.cpp 54	Transpose: /self_attn/Transpose_3_output_0
[INFO] 2024-05-13T09:01:36z src/nnfusion/frontend/onnx_import/op/transpose.cpp 55	Transpose: /self_attn/Transpose_3
[INFO] 2024-05-13T09:01:36z src/nnfusion/frontend/onnx_import/op/transpose.cpp 57	/self_attn/Reshape_3_output_0
[INFO] 2024-05-13T09:01:36z src/nnfusion/frontend/onnx_import/op/transpose.cpp 58	Shape{1, 64, 1, 128}
[INFO] 2024-05-13T09:01:36z src/nnfusion/frontend/onnx_import/util/graph_convert.cpp 547	node /self_attn/Transpose_3, output /self_attn/Transpose_3_output_0, shape Shape{1, 64, 128, 1}0
[INFO] 2024-05-13T09:01:36z src/nnfusion/frontend/onnx_import/util/graph_convert.cpp 485	Convert Node Type : MatMul
[INFO] 2024-05-13T09:01:36z src/nnfusion/frontend/onnx_import/util/graph_convert.cpp 524	convert node: /self_attn/q_proj/MatMul
[INFO] 2024-05-13T09:01:36z src/nnfusion/frontend/onnx_import/util/graph_convert.cpp 526	op_type: MatMul domain: 
[INFO] 2024-05-13T09:01:36z src/nnfusion/frontend/onnx_import/util/graph_convert.cpp 547	node /self_attn/q_proj/MatMul, output /self_attn/q_proj/MatMul_output_0, shape Shape{1, 1, 8192}0
[INFO] 2024-05-13T09:01:36z src/nnfusion/frontend/onnx_import/util/graph_convert.cpp 485	Convert Node Type : Reshape
[INFO] 2024-05-13T09:01:36z src/nnfusion/frontend/onnx_import/util/graph_convert.cpp 524	convert node: /self_attn/Reshape
[INFO] 2024-05-13T09:01:36z src/nnfusion/frontend/onnx_import/util/graph_convert.cpp 526	op_type: Reshape domain: 
[INFO] 2024-05-13T09:01:36z src/nnfusion/frontend/onnx_import/op/reshape.cpp 48	Reshape Name /self_attn/Reshape/self_attn/Reshape_output_0 1, 1, 8192 -> 1, 1, 64, 128
[INFO] 2024-05-13T09:01:36z src/nnfusion/frontend/onnx_import/util/graph_convert.cpp 547	node /self_attn/Reshape, output /self_attn/Reshape_output_0, shape Shape{1, 1, 64, 128}0
[INFO] 2024-05-13T09:01:36z src/nnfusion/frontend/onnx_import/util/graph_convert.cpp 485	Convert Node Type : Transpose
[INFO] 2024-05-13T09:01:36z src/nnfusion/frontend/onnx_import/util/graph_convert.cpp 524	convert node: /self_attn/Transpose
[INFO] 2024-05-13T09:01:36z src/nnfusion/frontend/onnx_import/util/graph_convert.cpp 526	op_type: Transpose domain: 
[INFO] 2024-05-13T09:01:36z src/nnfusion/frontend/onnx_import/op/transpose.cpp 54	Transpose: /self_attn/Transpose_output_0
[INFO] 2024-05-13T09:01:36z src/nnfusion/frontend/onnx_import/op/transpose.cpp 55	Transpose: /self_attn/Transpose
[INFO] 2024-05-13T09:01:36z src/nnfusion/frontend/onnx_import/op/transpose.cpp 57	/self_attn/Reshape_output_0
[INFO] 2024-05-13T09:01:36z src/nnfusion/frontend/onnx_import/op/transpose.cpp 58	Shape{1, 1, 64, 128}
[INFO] 2024-05-13T09:01:36z src/nnfusion/frontend/onnx_import/util/graph_convert.cpp 547	node /self_attn/Transpose, output /self_attn/Transpose_output_0, shape Shape{1, 64, 1, 128}0
[INFO] 2024-05-13T09:01:36z src/nnfusion/frontend/onnx_import/util/graph_convert.cpp 485	Convert Node Type : Slice
[INFO] 2024-05-13T09:01:36z src/nnfusion/frontend/onnx_import/util/graph_convert.cpp 524	convert node: /self_attn/Slice_1
[INFO] 2024-05-13T09:01:36z src/nnfusion/frontend/onnx_import/util/graph_convert.cpp 526	op_type: Slice domain: 
[INFO] 2024-05-13T09:01:36z src/nnfusion/frontend/onnx_import/util/graph_convert.cpp 547	node /self_attn/Slice_1, output /self_attn/Slice_1_output_0, shape Shape{1, 64, 1, 64}0
[INFO] 2024-05-13T09:01:36z src/nnfusion/frontend/onnx_import/util/graph_convert.cpp 485	Convert Node Type : Neg
[INFO] 2024-05-13T09:01:36z src/nnfusion/frontend/onnx_import/util/graph_convert.cpp 524	convert node: /self_attn/Neg
[INFO] 2024-05-13T09:01:36z src/nnfusion/frontend/onnx_import/util/graph_convert.cpp 526	op_type: Neg domain: 
[INFO] 2024-05-13T09:01:36z src/nnfusion/frontend/onnx_import/util/graph_convert.cpp 547	node /self_attn/Neg, output /self_attn/Neg_output_0, shape Shape{1, 64, 1, 64}0
[INFO] 2024-05-13T09:01:36z src/nnfusion/frontend/onnx_import/util/graph_convert.cpp 485	Convert Node Type : Slice
[INFO] 2024-05-13T09:01:36z src/nnfusion/frontend/onnx_import/util/graph_convert.cpp 524	convert node: /self_attn/Slice
[INFO] 2024-05-13T09:01:36z src/nnfusion/frontend/onnx_import/util/graph_convert.cpp 526	op_type: Slice domain: 
[INFO] 2024-05-13T09:01:36z src/nnfusion/frontend/onnx_import/util/graph_convert.cpp 547	node /self_attn/Slice, output /self_attn/Slice_output_0, shape Shape{1, 64, 1, 64}0
[INFO] 2024-05-13T09:01:36z src/nnfusion/frontend/onnx_import/util/graph_convert.cpp 485	Convert Node Type : Concat
[INFO] 2024-05-13T09:01:36z src/nnfusion/frontend/onnx_import/util/graph_convert.cpp 524	convert node: /self_attn/Concat
[INFO] 2024-05-13T09:01:36z src/nnfusion/frontend/onnx_import/util/graph_convert.cpp 526	op_type: Concat domain: 
[INFO] 2024-05-13T09:01:36z src/nnfusion/frontend/onnx_import/util/graph_convert.cpp 547	node /self_attn/Concat, output /self_attn/Concat_output_0, shape Shape{1, 64, 1, 128}0
[INFO] 2024-05-13T09:01:36z src/nnfusion/frontend/onnx_import/util/graph_convert.cpp 485	Convert Node Type : Mul
[INFO] 2024-05-13T09:01:36z src/nnfusion/frontend/onnx_import/util/graph_convert.cpp 524	convert node: /self_attn/Mul_1
[INFO] 2024-05-13T09:01:36z src/nnfusion/frontend/onnx_import/util/graph_convert.cpp 526	op_type: Mul domain: 
[INFO] 2024-05-13T09:01:36z src/nnfusion/frontend/onnx_import/op/binaryop.hpp 137	op name: /self_attn/Mul_1_output_0
[INFO] 2024-05-13T09:01:36z src/nnfusion/frontend/onnx_import/op/binaryop.hpp 140	lhs_index: /self_attn/Concat_output_0
[INFO] 2024-05-13T09:01:36z src/nnfusion/frontend/onnx_import/op/binaryop.hpp 141	rhs_index: Broadcast_45_0
[INFO] 2024-05-13T09:01:36z src/nnfusion/frontend/onnx_import/util/graph_convert.cpp 547	node /self_attn/Mul_1, output /self_attn/Mul_1_output_0, shape Shape{1, 64, 1, 128}0
[INFO] 2024-05-13T09:01:36z src/nnfusion/frontend/onnx_import/util/graph_convert.cpp 485	Convert Node Type : Mul
[INFO] 2024-05-13T09:01:36z src/nnfusion/frontend/onnx_import/util/graph_convert.cpp 524	convert node: /self_attn/Mul
[INFO] 2024-05-13T09:01:36z src/nnfusion/frontend/onnx_import/util/graph_convert.cpp 526	op_type: Mul domain: 
[INFO] 2024-05-13T09:01:36z src/nnfusion/frontend/onnx_import/op/binaryop.hpp 137	op name: /self_attn/Mul_output_0
[INFO] 2024-05-13T09:01:36z src/nnfusion/frontend/onnx_import/op/binaryop.hpp 140	lhs_index: /self_attn/Transpose_output_0
[INFO] 2024-05-13T09:01:36z src/nnfusion/frontend/onnx_import/op/binaryop.hpp 141	rhs_index: Broadcast_48_0
[INFO] 2024-05-13T09:01:36z src/nnfusion/frontend/onnx_import/util/graph_convert.cpp 547	node /self_attn/Mul, output /self_attn/Mul_output_0, shape Shape{1, 64, 1, 128}0
[INFO] 2024-05-13T09:01:36z src/nnfusion/frontend/onnx_import/util/graph_convert.cpp 485	Convert Node Type : Add
[INFO] 2024-05-13T09:01:36z src/nnfusion/frontend/onnx_import/util/graph_convert.cpp 524	convert node: /self_attn/Add
[INFO] 2024-05-13T09:01:36z src/nnfusion/frontend/onnx_import/util/graph_convert.cpp 526	op_type: Add domain: 
[INFO] 2024-05-13T09:01:36z src/nnfusion/frontend/onnx_import/op/binaryop.hpp 137	op name: /self_attn/Add_output_0
[INFO] 2024-05-13T09:01:36z src/nnfusion/frontend/onnx_import/op/binaryop.hpp 140	lhs_index: /self_attn/Mul_output_0
[INFO] 2024-05-13T09:01:36z src/nnfusion/frontend/onnx_import/op/binaryop.hpp 141	rhs_index: /self_attn/Mul_1_output_0
[INFO] 2024-05-13T09:01:36z src/nnfusion/frontend/onnx_import/util/graph_convert.cpp 547	node /self_attn/Add, output /self_attn/Add_output_0, shape Shape{1, 64, 1, 128}0
[INFO] 2024-05-13T09:01:36z src/nnfusion/frontend/onnx_import/util/graph_convert.cpp 485	Convert Node Type : MatMul
[INFO] 2024-05-13T09:01:36z src/nnfusion/frontend/onnx_import/util/graph_convert.cpp 524	convert node: /self_attn/MatMul
[INFO] 2024-05-13T09:01:36z src/nnfusion/frontend/onnx_import/util/graph_convert.cpp 526	op_type: MatMul domain: 
[INFO] 2024-05-13T09:01:36z src/nnfusion/frontend/onnx_import/util/graph_convert.cpp 547	node /self_attn/MatMul, output /self_attn/MatMul_output_0, shape Shape{1, 64, 1, 1}0
[INFO] 2024-05-13T09:01:36z src/nnfusion/frontend/onnx_import/util/graph_convert.cpp 485	Convert Node Type : Div
[INFO] 2024-05-13T09:01:36z src/nnfusion/frontend/onnx_import/util/graph_convert.cpp 524	convert node: /self_attn/Div
[INFO] 2024-05-13T09:01:36z src/nnfusion/frontend/onnx_import/util/graph_convert.cpp 526	op_type: Div domain: 
[INFO] 2024-05-13T09:01:36z src/nnfusion/frontend/onnx_import/op/binaryop.hpp 137	op name: /self_attn/Div_output_0
[INFO] 2024-05-13T09:01:36z src/nnfusion/frontend/onnx_import/op/binaryop.hpp 140	lhs_index: Reshape_56_0
[INFO] 2024-05-13T09:01:36z src/nnfusion/frontend/onnx_import/op/binaryop.hpp 141	rhs_index: Broadcast_58_0
[INFO] 2024-05-13T09:01:36z src/nnfusion/frontend/onnx_import/util/graph_convert.cpp 547	node /self_attn/Div, output /self_attn/Div_output_0, shape Shape{1, 64, 1, 1}0
[INFO] 2024-05-13T09:01:36z src/nnfusion/frontend/onnx_import/util/graph_convert.cpp 485	Convert Node Type : Softmax
[INFO] 2024-05-13T09:01:36z src/nnfusion/frontend/onnx_import/util/graph_convert.cpp 524	convert node: /self_attn/Softmax
[INFO] 2024-05-13T09:01:36z src/nnfusion/frontend/onnx_import/util/graph_convert.cpp 526	op_type: Softmax domain: 
[INFO] 2024-05-13T09:01:36z src/nnfusion/frontend/onnx_import/util/graph_convert.cpp 547	node /self_attn/Softmax, output /self_attn/Softmax_output_0, shape Shape{1, 64, 1, 1}0
[INFO] 2024-05-13T09:01:36z src/nnfusion/frontend/onnx_import/util/graph_convert.cpp 485	Convert Node Type : MatMul
[INFO] 2024-05-13T09:01:36z src/nnfusion/frontend/onnx_import/util/graph_convert.cpp 524	convert node: /self_attn/v_proj/MatMul
[INFO] 2024-05-13T09:01:36z src/nnfusion/frontend/onnx_import/util/graph_convert.cpp 526	op_type: MatMul domain: 
[INFO] 2024-05-13T09:01:36z src/nnfusion/frontend/onnx_import/util/graph_convert.cpp 547	node /self_attn/v_proj/MatMul, output /self_attn/v_proj/MatMul_output_0, shape Shape{1, 1, 1024}0
[INFO] 2024-05-13T09:01:36z src/nnfusion/frontend/onnx_import/util/graph_convert.cpp 485	Convert Node Type : Reshape
[INFO] 2024-05-13T09:01:36z src/nnfusion/frontend/onnx_import/util/graph_convert.cpp 524	convert node: /self_attn/Reshape_2
[INFO] 2024-05-13T09:01:36z src/nnfusion/frontend/onnx_import/util/graph_convert.cpp 526	op_type: Reshape domain: 
[INFO] 2024-05-13T09:01:36z src/nnfusion/frontend/onnx_import/op/reshape.cpp 48	Reshape Name /self_attn/Reshape_2/self_attn/Reshape_2_output_0 1, 1, 1024 -> 1, 1, 8, 128
[INFO] 2024-05-13T09:01:36z src/nnfusion/frontend/onnx_import/util/graph_convert.cpp 547	node /self_attn/Reshape_2, output /self_attn/Reshape_2_output_0, shape Shape{1, 1, 8, 128}0
[INFO] 2024-05-13T09:01:36z src/nnfusion/frontend/onnx_import/util/graph_convert.cpp 485	Convert Node Type : Transpose
[INFO] 2024-05-13T09:01:36z src/nnfusion/frontend/onnx_import/util/graph_convert.cpp 524	convert node: /self_attn/Transpose_2
[INFO] 2024-05-13T09:01:36z src/nnfusion/frontend/onnx_import/util/graph_convert.cpp 526	op_type: Transpose domain: 
[INFO] 2024-05-13T09:01:36z src/nnfusion/frontend/onnx_import/op/transpose.cpp 54	Transpose: /self_attn/Transpose_2_output_0
[INFO] 2024-05-13T09:01:36z src/nnfusion/frontend/onnx_import/op/transpose.cpp 55	Transpose: /self_attn/Transpose_2
[INFO] 2024-05-13T09:01:36z src/nnfusion/frontend/onnx_import/op/transpose.cpp 57	/self_attn/Reshape_2_output_0
[INFO] 2024-05-13T09:01:36z src/nnfusion/frontend/onnx_import/op/transpose.cpp 58	Shape{1, 1, 8, 128}
[INFO] 2024-05-13T09:01:36z src/nnfusion/frontend/onnx_import/util/graph_convert.cpp 547	node /self_attn/Transpose_2, output /self_attn/Transpose_2_output_0, shape Shape{1, 8, 1, 128}0
[INFO] 2024-05-13T09:01:36z src/nnfusion/frontend/onnx_import/util/graph_convert.cpp 485	Convert Node Type : Unsqueeze
[INFO] 2024-05-13T09:01:36z src/nnfusion/frontend/onnx_import/util/graph_convert.cpp 524	convert node: /self_attn/Unsqueeze_1
[INFO] 2024-05-13T09:01:36z src/nnfusion/frontend/onnx_import/util/graph_convert.cpp 526	op_type: Unsqueeze domain: 
[INFO] 2024-05-13T09:01:36z src/nnfusion/frontend/onnx_import/util/graph_convert.cpp 547	node /self_attn/Unsqueeze_1, output /self_attn/Unsqueeze_1_output_0, shape Shape{1, 8, 1, 1, 128}0
[INFO] 2024-05-13T09:01:36z src/nnfusion/frontend/onnx_import/util/graph_convert.cpp 485	Convert Node Type : Expand
[INFO] 2024-05-13T09:01:36z src/nnfusion/frontend/onnx_import/util/graph_convert.cpp 524	convert node: /self_attn/Expand_1
[INFO] 2024-05-13T09:01:36z src/nnfusion/frontend/onnx_import/util/graph_convert.cpp 526	op_type: Expand domain: 
[INFO] 2024-05-13T09:01:36z src/nnfusion/frontend/onnx_import/util/graph_convert.cpp 547	node /self_attn/Expand_1, output /self_attn/Expand_1_output_0, shape Shape{1, 8, 8, 1, 128}0
[INFO] 2024-05-13T09:01:36z src/nnfusion/frontend/onnx_import/util/graph_convert.cpp 485	Convert Node Type : Reshape
[INFO] 2024-05-13T09:01:36z src/nnfusion/frontend/onnx_import/util/graph_convert.cpp 524	convert node: /self_attn/Reshape_4
[INFO] 2024-05-13T09:01:36z src/nnfusion/frontend/onnx_import/util/graph_convert.cpp 526	op_type: Reshape domain: 
[INFO] 2024-05-13T09:01:36z src/nnfusion/frontend/onnx_import/op/reshape.cpp 48	Reshape Name /self_attn/Reshape_4/self_attn/Reshape_4_output_0 1, 8, 8, 1, 128 -> 1, 64, 1, 128
[INFO] 2024-05-13T09:01:36z src/nnfusion/frontend/onnx_import/util/graph_convert.cpp 547	node /self_attn/Reshape_4, output /self_attn/Reshape_4_output_0, shape Shape{1, 64, 1, 128}0
[INFO] 2024-05-13T09:01:36z src/nnfusion/frontend/onnx_import/util/graph_convert.cpp 485	Convert Node Type : MatMul
[INFO] 2024-05-13T09:01:36z src/nnfusion/frontend/onnx_import/util/graph_convert.cpp 524	convert node: /self_attn/MatMul_1
[INFO] 2024-05-13T09:01:36z src/nnfusion/frontend/onnx_import/util/graph_convert.cpp 526	op_type: MatMul domain: 
[INFO] 2024-05-13T09:01:36z src/nnfusion/frontend/onnx_import/util/graph_convert.cpp 547	node /self_attn/MatMul_1, output /self_attn/MatMul_1_output_0, shape Shape{1, 64, 1, 128}0
[INFO] 2024-05-13T09:01:36z src/nnfusion/frontend/onnx_import/util/graph_convert.cpp 485	Convert Node Type : Transpose
[INFO] 2024-05-13T09:01:36z src/nnfusion/frontend/onnx_import/util/graph_convert.cpp 524	convert node: /self_attn/Transpose_4
[INFO] 2024-05-13T09:01:36z src/nnfusion/frontend/onnx_import/util/graph_convert.cpp 526	op_type: Transpose domain: 
[INFO] 2024-05-13T09:01:36z src/nnfusion/frontend/onnx_import/op/transpose.cpp 54	Transpose: /self_attn/Transpose_4_output_0
[INFO] 2024-05-13T09:01:36z src/nnfusion/frontend/onnx_import/op/transpose.cpp 55	Transpose: /self_attn/Transpose_4
[INFO] 2024-05-13T09:01:36z src/nnfusion/frontend/onnx_import/op/transpose.cpp 57	Reshape_73_0
[INFO] 2024-05-13T09:01:36z src/nnfusion/frontend/onnx_import/op/transpose.cpp 58	Shape{1, 64, 1, 128}
[INFO] 2024-05-13T09:01:36z src/nnfusion/frontend/onnx_import/util/graph_convert.cpp 547	node /self_attn/Transpose_4, output /self_attn/Transpose_4_output_0, shape Shape{1, 1, 64, 128}0
[INFO] 2024-05-13T09:01:36z src/nnfusion/frontend/onnx_import/util/graph_convert.cpp 485	Convert Node Type : Reshape
[INFO] 2024-05-13T09:01:36z src/nnfusion/frontend/onnx_import/util/graph_convert.cpp 524	convert node: /self_attn/Reshape_5
[INFO] 2024-05-13T09:01:36z src/nnfusion/frontend/onnx_import/util/graph_convert.cpp 526	op_type: Reshape domain: 
[INFO] 2024-05-13T09:01:36z src/nnfusion/frontend/onnx_import/op/reshape.cpp 48	Reshape Name /self_attn/Reshape_5/self_attn/Reshape_5_output_0 1, 1, 64, 128 -> 1, 1, 8192
[INFO] 2024-05-13T09:01:36z src/nnfusion/frontend/onnx_import/util/graph_convert.cpp 547	node /self_attn/Reshape_5, output /self_attn/Reshape_5_output_0, shape Shape{1, 1, 8192}0
[INFO] 2024-05-13T09:01:36z src/nnfusion/frontend/onnx_import/util/graph_convert.cpp 485	Convert Node Type : MatMul
[INFO] 2024-05-13T09:01:36z src/nnfusion/frontend/onnx_import/util/graph_convert.cpp 524	convert node: /self_attn/o_proj/MatMul
[INFO] 2024-05-13T09:01:36z src/nnfusion/frontend/onnx_import/util/graph_convert.cpp 526	op_type: MatMul domain: 
[INFO] 2024-05-13T09:01:36z src/nnfusion/frontend/onnx_import/util/graph_convert.cpp 547	node /self_attn/o_proj/MatMul, output /self_attn/o_proj/MatMul_output_0, shape Shape{1, 1, 8192}0
[INFO] 2024-05-13T09:01:36z src/nnfusion/frontend/onnx_import/util/graph_convert.cpp 485	Convert Node Type : Add
[INFO] 2024-05-13T09:01:36z src/nnfusion/frontend/onnx_import/util/graph_convert.cpp 524	convert node: /Add
[INFO] 2024-05-13T09:01:36z src/nnfusion/frontend/onnx_import/util/graph_convert.cpp 526	op_type: Add domain: 
[INFO] 2024-05-13T09:01:36z src/nnfusion/frontend/onnx_import/op/binaryop.hpp 137	op name: /Add_output_0
[INFO] 2024-05-13T09:01:36z src/nnfusion/frontend/onnx_import/op/binaryop.hpp 140	lhs_index: onnx::Cast_0
[INFO] 2024-05-13T09:01:36z src/nnfusion/frontend/onnx_import/op/binaryop.hpp 141	rhs_index: /self_attn/o_proj/MatMul_output_0
[INFO] 2024-05-13T09:01:36z src/nnfusion/frontend/onnx_import/util/graph_convert.cpp 547	node /Add, output /Add_output_0, shape Shape{1, 1, 8192}0
[INFO] 2024-05-13T09:01:36z src/nnfusion/frontend/onnx_import/util/graph_convert.cpp 485	Convert Node Type : Cast
[INFO] 2024-05-13T09:01:36z src/nnfusion/frontend/onnx_import/util/graph_convert.cpp 524	convert node: /post_attention_layernorm/Cast
[INFO] 2024-05-13T09:01:36z src/nnfusion/frontend/onnx_import/util/graph_convert.cpp 526	op_type: Cast domain: 
[INFO] 2024-05-13T09:01:36z src/nnfusion/frontend/onnx_import/util/graph_convert.cpp 547	node /post_attention_layernorm/Cast, output /post_attention_layernorm/Cast_output_0, shape Shape{1, 1, 8192}0
[INFO] 2024-05-13T09:01:36z src/nnfusion/frontend/onnx_import/util/graph_convert.cpp 485	Convert Node Type : Pow
[INFO] 2024-05-13T09:01:36z src/nnfusion/frontend/onnx_import/util/graph_convert.cpp 524	convert node: /post_attention_layernorm/Pow
[INFO] 2024-05-13T09:01:36z src/nnfusion/frontend/onnx_import/util/graph_convert.cpp 526	op_type: Pow domain: 
[INFO] 2024-05-13T09:01:36z src/nnfusion/frontend/onnx_import/op/binaryop.hpp 137	op name: /post_attention_layernorm/Pow_output_0
[INFO] 2024-05-13T09:01:36z src/nnfusion/frontend/onnx_import/op/binaryop.hpp 140	lhs_index: /post_attention_layernorm/Cast_output_0
[INFO] 2024-05-13T09:01:36z src/nnfusion/frontend/onnx_import/op/binaryop.hpp 141	rhs_index: Broadcast_80_0
[INFO] 2024-05-13T09:01:36z src/nnfusion/frontend/onnx_import/util/graph_convert.cpp 547	node /post_attention_layernorm/Pow, output /post_attention_layernorm/Pow_output_0, shape Shape{1, 1, 8192}0
[INFO] 2024-05-13T09:01:36z src/nnfusion/frontend/onnx_import/util/graph_convert.cpp 485	Convert Node Type : ReduceMean
[INFO] 2024-05-13T09:01:36z src/nnfusion/frontend/onnx_import/util/graph_convert.cpp 524	convert node: /post_attention_layernorm/ReduceMean
[INFO] 2024-05-13T09:01:36z src/nnfusion/frontend/onnx_import/util/graph_convert.cpp 526	op_type: ReduceMean domain: 
[INFO] 2024-05-13T09:01:36z src/nnfusion/frontend/onnx_import/util/graph_convert.cpp 547	node /post_attention_layernorm/ReduceMean, output /post_attention_layernorm/ReduceMean_output_0, shape Shape{1, 1, 1}0
[INFO] 2024-05-13T09:01:36z src/nnfusion/frontend/onnx_import/util/graph_convert.cpp 485	Convert Node Type : Add
[INFO] 2024-05-13T09:01:36z src/nnfusion/frontend/onnx_import/util/graph_convert.cpp 524	convert node: /post_attention_layernorm/Add
[INFO] 2024-05-13T09:01:36z src/nnfusion/frontend/onnx_import/util/graph_convert.cpp 526	op_type: Add domain: 
[INFO] 2024-05-13T09:01:36z src/nnfusion/frontend/onnx_import/op/binaryop.hpp 137	op name: /post_attention_layernorm/Add_output_0
[INFO] 2024-05-13T09:01:36z src/nnfusion/frontend/onnx_import/op/binaryop.hpp 140	lhs_index: /post_attention_layernorm/ReduceMean_output_0
[INFO] 2024-05-13T09:01:36z src/nnfusion/frontend/onnx_import/op/binaryop.hpp 141	rhs_index: Reshape_86_0
[INFO] 2024-05-13T09:01:36z src/nnfusion/frontend/onnx_import/util/graph_convert.cpp 547	node /post_attention_layernorm/Add, output /post_attention_layernorm/Add_output_0, shape Shape{1, 1, 1}0
[INFO] 2024-05-13T09:01:36z src/nnfusion/frontend/onnx_import/util/graph_convert.cpp 485	Convert Node Type : Sqrt
[INFO] 2024-05-13T09:01:36z src/nnfusion/frontend/onnx_import/util/graph_convert.cpp 524	convert node: /post_attention_layernorm/Sqrt
[INFO] 2024-05-13T09:01:36z src/nnfusion/frontend/onnx_import/util/graph_convert.cpp 526	op_type: Sqrt domain: 
[INFO] 2024-05-13T09:01:36z src/nnfusion/frontend/onnx_import/util/graph_convert.cpp 547	node /post_attention_layernorm/Sqrt, output /post_attention_layernorm/Sqrt_output_0, shape Shape{1, 1, 1}0
[INFO] 2024-05-13T09:01:36z src/nnfusion/frontend/onnx_import/util/graph_convert.cpp 485	Convert Node Type : Div
[INFO] 2024-05-13T09:01:36z src/nnfusion/frontend/onnx_import/util/graph_convert.cpp 524	convert node: /post_attention_layernorm/Div
[INFO] 2024-05-13T09:01:36z src/nnfusion/frontend/onnx_import/util/graph_convert.cpp 526	op_type: Div domain: 
[INFO] 2024-05-13T09:01:36z src/nnfusion/frontend/onnx_import/op/binaryop.hpp 137	op name: /post_attention_layernorm/Mul_output_0
[INFO] 2024-05-13T09:01:36z src/nnfusion/frontend/onnx_import/op/binaryop.hpp 140	lhs_index: /post_attention_layernorm/Cast_output_0
[INFO] 2024-05-13T09:01:36z src/nnfusion/frontend/onnx_import/op/binaryop.hpp 141	rhs_index: Broadcast_90_0
[INFO] 2024-05-13T09:01:36z src/nnfusion/frontend/onnx_import/util/graph_convert.cpp 547	node /post_attention_layernorm/Div, output /post_attention_layernorm/Mul_output_0, shape Shape{1, 1, 8192}0
[INFO] 2024-05-13T09:01:36z src/nnfusion/frontend/onnx_import/util/graph_convert.cpp 485	Convert Node Type : Cast
[INFO] 2024-05-13T09:01:36z src/nnfusion/frontend/onnx_import/util/graph_convert.cpp 524	convert node: /post_attention_layernorm/Cast_1
[INFO] 2024-05-13T09:01:36z src/nnfusion/frontend/onnx_import/util/graph_convert.cpp 526	op_type: Cast domain: 
[INFO] 2024-05-13T09:01:36z src/nnfusion/frontend/onnx_import/util/graph_convert.cpp 547	node /post_attention_layernorm/Cast_1, output /post_attention_layernorm/Cast_1_output_0, shape Shape{1, 1, 8192}0
[INFO] 2024-05-13T09:01:36z src/nnfusion/frontend/onnx_import/util/graph_convert.cpp 485	Convert Node Type : Mul
[INFO] 2024-05-13T09:01:36z src/nnfusion/frontend/onnx_import/util/graph_convert.cpp 524	convert node: /post_attention_layernorm/Mul_1
[INFO] 2024-05-13T09:01:36z src/nnfusion/frontend/onnx_import/util/graph_convert.cpp 526	op_type: Mul domain: 
[INFO] 2024-05-13T09:01:36z src/nnfusion/frontend/onnx_import/op/binaryop.hpp 137	op name: /post_attention_layernorm/Mul_1_output_0
[INFO] 2024-05-13T09:01:36z src/nnfusion/frontend/onnx_import/op/binaryop.hpp 140	lhs_index: Reshape_93_0
[INFO] 2024-05-13T09:01:36z src/nnfusion/frontend/onnx_import/op/binaryop.hpp 141	rhs_index: /post_attention_layernorm/Cast_1_output_0
[INFO] 2024-05-13T09:01:36z src/nnfusion/frontend/onnx_import/util/graph_convert.cpp 547	node /post_attention_layernorm/Mul_1, output /post_attention_layernorm/Mul_1_output_0, shape Shape{1, 1, 8192}0
[INFO] 2024-05-13T09:01:36z src/nnfusion/frontend/onnx_import/util/graph_convert.cpp 485	Convert Node Type : MatMul
[INFO] 2024-05-13T09:01:36z src/nnfusion/frontend/onnx_import/util/graph_convert.cpp 524	convert node: /mlp/up_proj/MatMul
[INFO] 2024-05-13T09:01:36z src/nnfusion/frontend/onnx_import/util/graph_convert.cpp 526	op_type: MatMul domain: 
[INFO] 2024-05-13T09:01:36z src/nnfusion/frontend/onnx_import/util/graph_convert.cpp 547	node /mlp/up_proj/MatMul, output /mlp/up_proj/MatMul_output_0, shape Shape{1, 1, 28672}0
[INFO] 2024-05-13T09:01:36z src/nnfusion/frontend/onnx_import/util/graph_convert.cpp 485	Convert Node Type : MatMul
[INFO] 2024-05-13T09:01:36z src/nnfusion/frontend/onnx_import/util/graph_convert.cpp 524	convert node: /mlp/gate_proj/MatMul
[INFO] 2024-05-13T09:01:36z src/nnfusion/frontend/onnx_import/util/graph_convert.cpp 526	op_type: MatMul domain: 
[INFO] 2024-05-13T09:01:36z src/nnfusion/frontend/onnx_import/util/graph_convert.cpp 547	node /mlp/gate_proj/MatMul, output /mlp/gate_proj/MatMul_output_0, shape Shape{1, 1, 28672}0
[INFO] 2024-05-13T09:01:36z src/nnfusion/frontend/onnx_import/util/graph_convert.cpp 485	Convert Node Type : Sigmoid
[INFO] 2024-05-13T09:01:36z src/nnfusion/frontend/onnx_import/util/graph_convert.cpp 524	convert node: /mlp/act_fn/Sigmoid
[INFO] 2024-05-13T09:01:36z src/nnfusion/frontend/onnx_import/util/graph_convert.cpp 526	op_type: Sigmoid domain: 
[INFO] 2024-05-13T09:01:36z src/nnfusion/frontend/onnx_import/util/graph_convert.cpp 547	node /mlp/act_fn/Sigmoid, output /mlp/act_fn/Sigmoid_output_0, shape Shape{1, 1, 28672}0
[INFO] 2024-05-13T09:01:36z src/nnfusion/frontend/onnx_import/util/graph_convert.cpp 485	Convert Node Type : Mul
[INFO] 2024-05-13T09:01:36z src/nnfusion/frontend/onnx_import/util/graph_convert.cpp 524	convert node: /mlp/act_fn/Mul
[INFO] 2024-05-13T09:01:36z src/nnfusion/frontend/onnx_import/util/graph_convert.cpp 526	op_type: Mul domain: 
[INFO] 2024-05-13T09:01:36z src/nnfusion/frontend/onnx_import/op/binaryop.hpp 137	op name: /mlp/act_fn/Mul_output_0
[INFO] 2024-05-13T09:01:36z src/nnfusion/frontend/onnx_import/op/binaryop.hpp 140	lhs_index: /mlp/gate_proj/MatMul_output_0
[INFO] 2024-05-13T09:01:36z src/nnfusion/frontend/onnx_import/op/binaryop.hpp 141	rhs_index: /mlp/act_fn/Sigmoid_output_0
[INFO] 2024-05-13T09:01:36z src/nnfusion/frontend/onnx_import/util/graph_convert.cpp 547	node /mlp/act_fn/Mul, output /mlp/act_fn/Mul_output_0, shape Shape{1, 1, 28672}0
[INFO] 2024-05-13T09:01:36z src/nnfusion/frontend/onnx_import/util/graph_convert.cpp 485	Convert Node Type : Mul
[INFO] 2024-05-13T09:01:36z src/nnfusion/frontend/onnx_import/util/graph_convert.cpp 524	convert node: /mlp/Mul
[INFO] 2024-05-13T09:01:36z src/nnfusion/frontend/onnx_import/util/graph_convert.cpp 526	op_type: Mul domain: 
[INFO] 2024-05-13T09:01:36z src/nnfusion/frontend/onnx_import/op/binaryop.hpp 137	op name: /mlp/Mul_output_0
[INFO] 2024-05-13T09:01:36z src/nnfusion/frontend/onnx_import/op/binaryop.hpp 140	lhs_index: /mlp/act_fn/Mul_output_0
[INFO] 2024-05-13T09:01:36z src/nnfusion/frontend/onnx_import/op/binaryop.hpp 141	rhs_index: /mlp/up_proj/MatMul_output_0
[INFO] 2024-05-13T09:01:36z src/nnfusion/frontend/onnx_import/util/graph_convert.cpp 547	node /mlp/Mul, output /mlp/Mul_output_0, shape Shape{1, 1, 28672}0
[INFO] 2024-05-13T09:01:36z src/nnfusion/frontend/onnx_import/util/graph_convert.cpp 485	Convert Node Type : MatMul
[INFO] 2024-05-13T09:01:36z src/nnfusion/frontend/onnx_import/util/graph_convert.cpp 524	convert node: /mlp/down_proj/MatMul
[INFO] 2024-05-13T09:01:36z src/nnfusion/frontend/onnx_import/util/graph_convert.cpp 526	op_type: MatMul domain: 
[INFO] 2024-05-13T09:01:36z src/nnfusion/frontend/onnx_import/util/graph_convert.cpp 547	node /mlp/down_proj/MatMul, output /mlp/down_proj/MatMul_output_0, shape Shape{1, 1, 8192}0
[INFO] 2024-05-13T09:01:36z src/nnfusion/frontend/onnx_import/util/graph_convert.cpp 485	Convert Node Type : Add
[INFO] 2024-05-13T09:01:36z src/nnfusion/frontend/onnx_import/util/graph_convert.cpp 524	convert node: /Add_1
[INFO] 2024-05-13T09:01:36z src/nnfusion/frontend/onnx_import/util/graph_convert.cpp 526	op_type: Add domain: 
[INFO] 2024-05-13T09:01:36z src/nnfusion/frontend/onnx_import/op/binaryop.hpp 137	op name: 240
[INFO] 2024-05-13T09:01:36z src/nnfusion/frontend/onnx_import/op/binaryop.hpp 140	lhs_index: /Add_output_0
[INFO] 2024-05-13T09:01:36z src/nnfusion/frontend/onnx_import/op/binaryop.hpp 141	rhs_index: /mlp/down_proj/MatMul_output_0
[INFO] 2024-05-13T09:01:36z src/nnfusion/frontend/onnx_import/util/graph_convert.cpp 547	node /Add_1, output 240, shape Shape{1, 1, 8192}0
[INFO] 2024-05-13T09:01:36z src/nnfusion/frontend/onnx_import/util/graph_convert.cpp 519	convert graph done
[INFO] 2024-05-13T09:01:36z src/nnfusion/engine/engine.cpp 37	Graph Passes count:32
[INFO] 2024-05-13T09:01:36z src/nnfusion/engine/engine.cpp 38	Interpreter Passes count:6
[INFO] 2024-05-13T09:01:36z src/nnfusion/engine/pass/graph/batchnorm_inference_folding_pass.cpp 889	batchnorm inference folding Pass starts up for Graph: Graph_1
[INFO] 2024-05-13T09:01:36z src/nnfusion/engine/pass/graph/batchnorm_inference_folding_pass.cpp 901	batchnorm inference folding Pass ends for Graph: Graph_1
[INFO] 2024-05-13T09:01:36z src/nnfusion/engine/cache/manager.cpp 52	Open kernel cache from: /root/.cache/nnfusion/kernel_cache.db
[INFO] 2024-05-13T09:01:36z src/nnfusion/engine/pass/graph/tensor_core_rewrite_pass.cpp 64	TensorCoreRewritePass Start
[INFO] 2024-05-13T09:01:36z src/nnfusion/engine/pass/graph/tensor_core_rewrite_pass.cpp 154	TensorCoreRewritePass End
[INFO] 2024-05-13T09:01:36z src/nnfusion/engine/pass/graph/register_fusion_pass.cpp 488	RegisterFusionPass Start
[INFO] 2024-05-13T09:01:36z src/nnfusion/engine/pass/graph/register_fusion_pass.cpp 498	RegisterFusionPass Done
[INFO] 2024-05-13T09:01:36z src/nnfusion/engine/cache/manager.cpp 52	Open kernel cache from: /root/.cache/nnfusion/kernel_cache.db
[ERROR] 2024-05-13T09:01:36z src/nnfusion/engine/pass/graph/kernel_selection.cpp 270	No valid kernel found:onnx::Cast_0(op type: Parameter, dev type: CUDA_GPU, dtype: element::Type{16, 1, 1, 0, "half"})
[INFO] 2024-05-13T09:01:36z src/nnfusion/engine/cache/manager.cpp 52	Open kernel cache from: /root/.cache/nnfusion/kernel_cache.db
[INFO] 2024-05-13T09:01:36z src/nnfusion/engine/cache/manager.cpp 52	Open kernel cache from: /root/.cache/nnfusion/kernel_cache.db
[WARNING] 2024-05-13T09:01:36z src/nnfusion/engine/pass/graph/blockfusion/blockfusion_optimizer.cpp 153	Kernel should be emitted before this pass:onnx::Cast_0
[WARNING] 2024-05-13T09:01:36z src/nnfusion/engine/pass/graph/blockfusion/blockfusion_optimizer.cpp 177	Kernel should be emitted before this pass:Group0  Reshape
[WARNING] 2024-05-13T09:01:36z src/nnfusion/engine/pass/graph/blockfusion/blockfusion_optimizer.cpp 177	Kernel should be emitted before this pass:Group1  Convert
[WARNING] 2024-05-13T09:01:36z src/nnfusion/engine/pass/graph/blockfusion/blockfusion_optimizer.cpp 177	Kernel should be emitted before this pass:Group2  Broadcast_Power
[WARNING] 2024-05-13T09:01:36z src/nnfusion/engine/pass/graph/blockfusion/blockfusion_optimizer.cpp 177	Kernel should be emitted before this pass:Group3  Sum_Reshape_Divide
[WARNING] 2024-05-13T09:01:36z src/nnfusion/engine/pass/graph/blockfusion/blockfusion_optimizer.cpp 177	Kernel should be emitted before this pass:Group4  Reshape  Reshape  Reshape_Add_Sqrt_Reshape_Broadcast_Divide_Convert_Multiply
[WARNING] 2024-05-13T09:01:36z src/nnfusion/engine/pass/graph/blockfusion/blockfusion_optimizer.cpp 177	Kernel should be emitted before this pass:Group5  Dot  Reshape_Reshape_Reshape_Broadcast_Multiply
[WARNING] 2024-05-13T09:01:36z src/nnfusion/engine/pass/graph/blockfusion/blockfusion_optimizer.cpp 177	Kernel should be emitted before this pass:Group12  Dot
[WARNING] 2024-05-13T09:01:36z src/nnfusion/engine/pass/graph/blockfusion/blockfusion_optimizer.cpp 177	Kernel should be emitted before this pass:Group8  Dot
[WARNING] 2024-05-13T09:01:36z src/nnfusion/engine/pass/graph/blockfusion/blockfusion_optimizer.cpp 177	Kernel should be emitted before this pass:Group6  Slice_Negative  Slice  Concat_Reshape_Broadcast_Multiply
[WARNING] 2024-05-13T09:01:36z src/nnfusion/engine/pass/graph/blockfusion/blockfusion_optimizer.cpp 177	Kernel should be emitted before this pass:Group9  Reshape_Reshape_Reshape_Broadcast_Multiply
[WARNING] 2024-05-13T09:01:36z src/nnfusion/engine/pass/graph/blockfusion/blockfusion_optimizer.cpp 177	Kernel should be emitted before this pass:Group7  Add_Reshape_Broadcast
[WARNING] 2024-05-13T09:01:36z src/nnfusion/engine/pass/graph/blockfusion/blockfusion_optimizer.cpp 177	Kernel should be emitted before this pass:Group10  Slice_Negative  Slice  Concat_Reshape_Broadcast_Multiply
[WARNING] 2024-05-13T09:01:36z src/nnfusion/engine/pass/graph/blockfusion/blockfusion_optimizer.cpp 177	Kernel should be emitted before this pass:Group11  Add_Reshape_Reshape_Broadcast_Reshape_Reshape_Reshape_Broadcast  BatchMatMul_Reshape_Reshape_Broadcast_Divide  SoftmaxBasic  SoftmaxBasic  SoftmaxBasic  Reshape_Broadcast_SoftmaxBasic
[WARNING] 2024-05-13T09:01:36z src/nnfusion/engine/pass/graph/blockfusion/blockfusion_optimizer.cpp 177	Kernel should be emitted before this pass:Group13  Reshape_Reshape_Reshape_Reshape_Broadcast_Reshape_Reshape_Broadcast  BatchMatMul_Reshape  Reshape_Reshape
[WARNING] 2024-05-13T09:01:36z src/nnfusion/engine/pass/graph/blockfusion/blockfusion_optimizer.cpp 177	Kernel should be emitted before this pass:Group14  Dot_Add_Convert_Reshape_Broadcast_Power
[WARNING] 2024-05-13T09:01:36z src/nnfusion/engine/pass/graph/blockfusion/blockfusion_optimizer.cpp 177	Kernel should be emitted before this pass:Group15  Sum_Reshape_Divide
[WARNING] 2024-05-13T09:01:36z src/nnfusion/engine/pass/graph/blockfusion/blockfusion_optimizer.cpp 177	Kernel should be emitted before this pass:Group16  Reshape_Reshape_Add_Sqrt_Reshape_Broadcast_Divide_Convert_Reshape_Multiply
[WARNING] 2024-05-13T09:01:36z src/nnfusion/engine/pass/graph/blockfusion/blockfusion_optimizer.cpp 177	Kernel should be emitted before this pass:Group17  Dot_Sigmoid_Multiply  Dot  Multiply
[WARNING] 2024-05-13T09:01:36z src/nnfusion/engine/pass/graph/blockfusion/blockfusion_optimizer.cpp 177	Kernel should be emitted before this pass:Group18  Dot_Add
[INFO] 2024-05-13T09:01:36z src/nnfusion/engine/pass/graph/assign_async_info_pass.cpp 211	assign thread info-------------------------------
[WARNING] 2024-05-13T09:01:36z src/nnfusion/engine/pass/graph/assign_async_info_pass.cpp 932	Kernel should be emitted before this pass:GroupFusion
[WARNING] 2024-05-13T09:01:36z src/nnfusion/engine/pass/graph/assign_async_info_pass.cpp 932	Kernel should be emitted before this pass:GroupFusion
[WARNING] 2024-05-13T09:01:36z src/nnfusion/engine/pass/graph/assign_async_info_pass.cpp 932	Kernel should be emitted before this pass:GroupFusion
[WARNING] 2024-05-13T09:01:36z src/nnfusion/engine/pass/graph/assign_async_info_pass.cpp 932	Kernel should be emitted before this pass:GroupFusion
[WARNING] 2024-05-13T09:01:36z src/nnfusion/engine/pass/graph/assign_async_info_pass.cpp 932	Kernel should be emitted before this pass:GroupFusion
[WARNING] 2024-05-13T09:01:36z src/nnfusion/engine/pass/graph/assign_async_info_pass.cpp 932	Kernel should be emitted before this pass:GroupFusion
[WARNING] 2024-05-13T09:01:36z src/nnfusion/engine/pass/graph/assign_async_info_pass.cpp 932	Kernel should be emitted before this pass:GroupFusion
[WARNING] 2024-05-13T09:01:36z src/nnfusion/engine/pass/graph/assign_async_info_pass.cpp 932	Kernel should be emitted before this pass:GroupFusion
[WARNING] 2024-05-13T09:01:36z src/nnfusion/engine/pass/graph/assign_async_info_pass.cpp 932	Kernel should be emitted before this pass:GroupFusion
[WARNING] 2024-05-13T09:01:36z src/nnfusion/engine/pass/graph/assign_async_info_pass.cpp 932	Kernel should be emitted before this pass:GroupFusion
[WARNING] 2024-05-13T09:01:36z src/nnfusion/engine/pass/graph/assign_async_info_pass.cpp 932	Kernel should be emitted before this pass:GroupFusion
[WARNING] 2024-05-13T09:01:36z src/nnfusion/engine/pass/graph/assign_async_info_pass.cpp 932	Kernel should be emitted before this pass:GroupFusion
[WARNING] 2024-05-13T09:01:36z src/nnfusion/engine/pass/graph/assign_async_info_pass.cpp 932	Kernel should be emitted before this pass:GroupFusion
[WARNING] 2024-05-13T09:01:36z src/nnfusion/engine/pass/graph/assign_async_info_pass.cpp 932	Kernel should be emitted before this pass:GroupFusion
[WARNING] 2024-05-13T09:01:36z src/nnfusion/engine/pass/graph/assign_async_info_pass.cpp 932	Kernel should be emitted before this pass:GroupFusion
[WARNING] 2024-05-13T09:01:36z src/nnfusion/engine/pass/graph/assign_async_info_pass.cpp 932	Kernel should be emitted before this pass:GroupFusion
[WARNING] 2024-05-13T09:01:36z src/nnfusion/engine/pass/graph/assign_async_info_pass.cpp 932	Kernel should be emitted before this pass:GroupFusion
[WARNING] 2024-05-13T09:01:36z src/nnfusion/engine/pass/graph/assign_async_info_pass.cpp 932	Kernel should be emitted before this pass:GroupFusion
[WARNING] 2024-05-13T09:01:36z src/nnfusion/engine/pass/graph/assign_async_info_pass.cpp 932	Kernel should be emitted before this pass:GroupFusion
[WARNING] 2024-05-13T09:01:36z src/nnfusion/engine/pass/graph/assign_async_info_pass.cpp 932	Kernel should be emitted before this pass:GroupFusion
[WARNING] 2024-05-13T09:01:36z src/nnfusion/engine/pass/graph/assign_async_info_pass.cpp 932	Kernel should be emitted before this pass:GroupFusion
[WARNING] 2024-05-13T09:01:36z src/nnfusion/engine/pass/graph/assign_async_info_pass.cpp 932	Kernel should be emitted before this pass:GroupFusion
[WARNING] 2024-05-13T09:01:36z src/nnfusion/engine/pass/graph/assign_async_info_pass.cpp 932	Kernel should be emitted before this pass:GroupFusion
[WARNING] 2024-05-13T09:01:36z src/nnfusion/engine/pass/graph/assign_async_info_pass.cpp 932	Kernel should be emitted before this pass:GroupFusion
[WARNING] 2024-05-13T09:01:36z src/nnfusion/engine/pass/graph/assign_async_info_pass.cpp 932	Kernel should be emitted before this pass:GroupFusion
[WARNING] 2024-05-13T09:01:36z src/nnfusion/engine/pass/graph/assign_async_info_pass.cpp 932	Kernel should be emitted before this pass:GroupFusion
[WARNING] 2024-05-13T09:01:36z src/nnfusion/engine/pass/graph/assign_async_info_pass.cpp 932	Kernel should be emitted before this pass:GroupFusion
[WARNING] 2024-05-13T09:01:36z src/nnfusion/engine/pass/graph/assign_async_info_pass.cpp 932	Kernel should be emitted before this pass:GroupFusion
[WARNING] 2024-05-13T09:01:36z src/nnfusion/engine/pass/graph/assign_async_info_pass.cpp 932	Kernel should be emitted before this pass:GroupFusion
[WARNING] 2024-05-13T09:01:36z src/nnfusion/engine/pass/graph/assign_async_info_pass.cpp 932	Kernel should be emitted before this pass:GroupFusion
[WARNING] 2024-05-13T09:01:36z src/nnfusion/engine/pass/graph/assign_async_info_pass.cpp 932	Kernel should be emitted before this pass:GroupFusion
[WARNING] 2024-05-13T09:01:36z src/nnfusion/engine/pass/graph/assign_async_info_pass.cpp 932	Kernel should be emitted before this pass:GroupFusion
[WARNING] 2024-05-13T09:01:36z src/nnfusion/engine/pass/graph/assign_async_info_pass.cpp 932	Kernel should be emitted before this pass:GroupFusion
[WARNING] 2024-05-13T09:01:36z src/nnfusion/engine/pass/graph/assign_async_info_pass.cpp 932	Kernel should be emitted before this pass:GroupFusion
[WARNING] 2024-05-13T09:01:36z src/nnfusion/engine/pass/graph/assign_async_info_pass.cpp 932	Kernel should be emitted before this pass:GroupFusion
[WARNING] 2024-05-13T09:01:36z src/nnfusion/engine/pass/graph/assign_async_info_pass.cpp 932	Kernel should be emitted before this pass:GroupFusion
[WARNING] 2024-05-13T09:01:36z src/nnfusion/engine/pass/graph/assign_async_info_pass.cpp 932	Kernel should be emitted before this pass:GroupFusion
[WARNING] 2024-05-13T09:01:36z src/nnfusion/engine/pass/graph/assign_async_info_pass.cpp 932	Kernel should be emitted before this pass:GroupFusion
[INFO] 2024-05-13T09:01:36z src/nnfusion/engine/pass/graph/assign_async_info_pass.cpp 404	assign stream info-------------------------------
[INFO] 2024-05-13T09:01:36z src/nnfusion/engine/pass/graph/assign_async_info_pass.cpp 463	assign event info-------------------------------
[INFO] 2024-05-13T09:01:36z src/nnfusion/engine/pass/graph/assign_async_info_pass.cpp 67	run async-------------------------------
[INFO] 2024-05-13T09:01:36z src/nnfusion/engine/device/reversed_dfs_visitor.cpp 236	Translating graph:	Graph_1
[WARNING] 2024-05-13T09:01:36z src/nnfusion/core/IR/instruction.cpp 29	Kernel should be selected before translating:onnx::Cast_0
[INFO] 2024-05-13T09:01:36z src/nnfusion/engine/engine.hpp 62	Legacy graph used in interpreter;
[INFO] 2024-05-13T09:01:36z src/nnfusion/engine/pass/extract_graph_signature.cpp 158	Param Tensor:	Parameter_0_0_0	with id: ((float16*)(inputs[0]))
[INFO] 2024-05-13T09:01:36z src/nnfusion/engine/pass/tensor/liveness_analysis.cpp 238	------------------Liveness analysis pass done.
[INFO] 2024-05-13T09:01:36z src/nnfusion/engine/pass/tensor/inplace_tensor_analysis.cpp 331	Inpalce tensor analysis: annotated concat: 0, inlace_concat: 0
[INFO] 2024-05-13T09:01:36z src/nnfusion/engine/pass/tensor/tensor_memory_layout.cpp 219	---------------Tensor memory layout pass done.
[INFO] 2024-05-13T09:01:38z src/nnfusion/engine/pass/codegen/base_codegen_pass.cpp 29	Codegen for CUDA_GPU done.
